[ 2018-12-06T14:40:01+08:00 ] ::1 /Home/System/getSystemSetting/companyId//type/20/token/null
INFO: [ app_init ] --START--
INFO: Run Behavior\BuildLiteBehavior [ RunTime:0.000031s ]
INFO: [ app_init ] --END-- [ RunTime:0.000781s ]
INFO: [ url_dispatch ] --START--
INFO: Run Lib\Behavior\SignCheckBehavior [ RunTime:0.001840s ]
NOTIC: [8] Undefined index: token D:\wamp\www\wscloud\api\Application\Lib\Behavior\TokenCheckBehavior.class.php 第 35 行.

[ 2018-12-06T14:40:01+08:00 ] ::1 /Home/Admin/getAdminMsgCount/status/10/token/null
INFO: [ app_init ] --START--
INFO: Run Behavior\BuildLiteBehavior [ RunTime:0.000023s ]
INFO: [ app_init ] --END-- [ RunTime:0.000507s ]
INFO: [ url_dispatch ] --START--
INFO: Run Lib\Behavior\SignCheckBehavior [ RunTime:0.001190s ]

[ 2018-12-06T14:40:09+08:00 ] ::1 /Home/login/login/account/13161934946/password/123456/type/10/token/null
INFO: [ app_init ] --START--
INFO: Run Behavior\BuildLiteBehavior [ RunTime:0.000020s ]
INFO: [ app_init ] --END-- [ RunTime:0.000419s ]
INFO: [ url_dispatch ] --START--
INFO: Run Lib\Behavior\SignCheckBehavior [ RunTime:0.001090s ]
INFO: Run Lib\Behavior\TokenCheckBehavior [ RunTime:0.011699s ]
INFO: Run Lib\Behavior\MethodCheckBehavior [ RunTime:0.000729s ]
INFO: [ url_dispatch ] --END-- [ RunTime:0.013719s ]
INFO: [ app_begin ] --START--
INFO: Run Behavior\ReadHtmlCacheBehavior [ RunTime:0.000572s ]
INFO: [ app_begin ] --END-- [ RunTime:0.000661s ]
SQL: SHOW COLUMNS FROM `admin` [ RunTime:0.0200s ]
SQL: SELECT a.*,c.name company_name FROM admin a left join company as c on a.company_id = c.id  WHERE (  a.account = '13161934946' OR a.phone = '13161934946' OR a.email = '13161934946' ) AND a.password = 'e10adc3949ba59abbe56e057f20f883e' AND a.status = 10 AND a.del_flg = 0 LIMIT 1   [ RunTime:0.0381s ]
SQL: SHOW COLUMNS FROM `admin_token` [ RunTime:0.0297s ]
SQL: SELECT * FROM `admin_token` WHERE `admin_id` = '2517844598' AND `del_flg` = 0 AND `type` = 10 LIMIT 1   [ RunTime:0.0007s ]
SQL: UPDATE `admin_token` SET `refresh_token`='ea9073ed0f9cda1a83034a529cce0c6e',`detail`='ea9073ed0f9cda1a83034a529cce0c6e_2517844598',`type`='10',`expire_time`='0',`update_time`='1544078409' WHERE `admin_id` = '2517844598' AND `del_flg` = 0 AND `type` = 10 [ RunTime:0.0516s ]
SQL: SHOW COLUMNS FROM `company` [ RunTime:0.0376s ]
SQL: SELECT * FROM `company` WHERE `id` = '1447247968' AND `del_flg` = 0 LIMIT 1   [ RunTime:0.0184s ]
SQL: SHOW COLUMNS FROM `company_package` [ RunTime:0.0418s ]
SQL: SELECT * FROM `company_package` WHERE `company_id` = '1447247968' AND `start_time` <= 1544078409 AND `end_time` > 1544078409 AND `status` = 10 AND `del_flg` = 0 LIMIT 1   [ RunTime:0.0007s ]

[ 2018-12-06T14:40:10+08:00 ] ::1 /Home/Company/checkStatus/companyId/1447247968/token/ea9073ed0f9cda1a83034a529cce0c6e
INFO: [ app_init ] --START--
INFO: Run Behavior\BuildLiteBehavior [ RunTime:0.000020s ]
INFO: [ app_init ] --END-- [ RunTime:0.000516s ]
INFO: [ url_dispatch ] --START--
INFO: Run Lib\Behavior\SignCheckBehavior [ RunTime:0.001140s ]
INFO: Run Lib\Behavior\TokenCheckBehavior [ RunTime:0.059200s ]
INFO: Run Lib\Behavior\MethodCheckBehavior [ RunTime:0.001861s ]
INFO: [ url_dispatch ] --END-- [ RunTime:0.062554s ]
INFO: [ app_begin ] --START--
INFO: Run Behavior\ReadHtmlCacheBehavior [ RunTime:0.001541s ]
INFO: [ app_begin ] --END-- [ RunTime:0.001756s ]
SQL: SHOW COLUMNS FROM `company` [ RunTime:0.0263s ]
SQL: SELECT * FROM `company` WHERE `id` = '1447247968' AND `del_flg` = 0 LIMIT 1   [ RunTime:0.0004s ]

[ 2018-12-06T14:40:10+08:00 ] ::1 /Home/DrivingMonitor/statBehavior/companyId/1447247968/startTime/1541486410/endTime/1544078410/token/ea9073ed0f9cda1a83034a529cce0c6e
INFO: [ app_init ] --START--
INFO: Run Behavior\BuildLiteBehavior [ RunTime:0.000020s ]
INFO: [ app_init ] --END-- [ RunTime:0.000460s ]
INFO: [ url_dispatch ] --START--
INFO: Run Lib\Behavior\SignCheckBehavior [ RunTime:0.001057s ]
INFO: Run Lib\Behavior\TokenCheckBehavior [ RunTime:0.082041s ]
INFO: Run Lib\Behavior\MethodCheckBehavior [ RunTime:0.004358s ]
INFO: [ url_dispatch ] --END-- [ RunTime:0.088249s ]
INFO: [ app_begin ] --START--
INFO: Run Behavior\ReadHtmlCacheBehavior [ RunTime:0.003712s ]
INFO: [ app_begin ] --END-- [ RunTime:0.004279s ]
SQL: SHOW COLUMNS FROM `user_behavior` [ RunTime:0.0210s ]
SQL: SELECT count(1) count,`code` FROM `user_behavior` WHERE `del_flg` = 0 AND `company_id` = '1447247968' AND ( `create_time` >= '1541486410' AND `create_time` < '1544078410'  ) GROUP BY code ORDER BY count desc LIMIT 6   [ RunTime:0.0216s ]

[ 2018-12-06T14:40:10+08:00 ] ::1 /Home/System/getSystemSetting/companyId/1447247968/type/20/token/ea9073ed0f9cda1a83034a529cce0c6e
INFO: [ app_init ] --START--
INFO: Run Behavior\BuildLiteBehavior [ RunTime:0.000042s ]
INFO: [ app_init ] --END-- [ RunTime:0.000768s ]
INFO: [ url_dispatch ] --START--
INFO: Run Lib\Behavior\SignCheckBehavior [ RunTime:0.001287s ]
INFO: Run Lib\Behavior\TokenCheckBehavior [ RunTime:0.020036s ]
INFO: Run Lib\Behavior\MethodCheckBehavior [ RunTime:0.000743s ]
INFO: [ url_dispatch ] --END-- [ RunTime:0.022306s ]
INFO: [ app_begin ] --START--
INFO: Run Behavior\ReadHtmlCacheBehavior [ RunTime:0.000645s ]
INFO: [ app_begin ] --END-- [ RunTime:0.000738s ]
SQL: SHOW COLUMNS FROM `system_setting` [ RunTime:0.0080s ]
SQL: SELECT `value` FROM `system_setting` WHERE `type` = 20 AND `del_flg` = 0 AND `company_id` = '1447247968' LIMIT 1   [ RunTime:0.0005s ]

[ 2018-12-06T14:40:10+08:00 ] ::1 /Home/Admin/getAdminMsgCount/status/10/token/ea9073ed0f9cda1a83034a529cce0c6e
INFO: [ app_init ] --START--
INFO: Run Behavior\BuildLiteBehavior [ RunTime:0.000021s ]
INFO: [ app_init ] --END-- [ RunTime:0.000431s ]
INFO: [ url_dispatch ] --START--
INFO: Run Lib\Behavior\SignCheckBehavior [ RunTime:0.001027s ]
INFO: Run Lib\Behavior\TokenCheckBehavior [ RunTime:0.014794s ]
INFO: Run Lib\Behavior\MethodCheckBehavior [ RunTime:0.000666s ]
INFO: [ url_dispatch ] --END-- [ RunTime:0.016706s ]
INFO: [ app_begin ] --START--
INFO: Run Behavior\ReadHtmlCacheBehavior [ RunTime:0.000592s ]
INFO: [ app_begin ] --END-- [ RunTime:0.000680s ]
SQL: SHOW COLUMNS FROM `admin_msg` [ RunTime:0.0090s ]
SQL: SELECT COUNT(*) AS tp_count FROM `admin_msg` WHERE `status` = '10' AND `admin_id` = '2517844598' LIMIT 1   [ RunTime:0.0003s ]

[ 2018-12-06T14:40:11+08:00 ] ::1 /Home/DrivingMonitor/statByTimeGroup/companyId/1447247968/startTime/1543766400/endTime/1544112000/token/ea9073ed0f9cda1a83034a529cce0c6e
INFO: [ app_init ] --START--
INFO: Run Behavior\BuildLiteBehavior [ RunTime:0.000042s ]
INFO: [ app_init ] --END-- [ RunTime:0.000841s ]
INFO: [ url_dispatch ] --START--
INFO: Run Lib\Behavior\SignCheckBehavior [ RunTime:0.001272s ]
INFO: Run Lib\Behavior\TokenCheckBehavior [ RunTime:0.087189s ]
INFO: Run Lib\Behavior\MethodCheckBehavior [ RunTime:0.003066s ]
INFO: [ url_dispatch ] --END-- [ RunTime:0.092145s ]
INFO: [ app_begin ] --START--
INFO: Run Behavior\ReadHtmlCacheBehavior [ RunTime:0.002768s ]
INFO: [ app_begin ] --END-- [ RunTime:0.003180s ]
SQL: SHOW COLUMNS FROM `user_behavior` [ RunTime:0.0325s ]
SQL: SELECT FROM_UNIXTIME(create_time, "%H") time,count(1) count,`code` FROM `user_behavior` WHERE `del_flg` = 0 AND `company_id` = '1447247968' AND ( `create_time` >= '1543766400' AND `create_time` < '1544112000'  ) GROUP BY code ,time  [ RunTime:0.0389s ]

[ 2018-12-06T14:40:14+08:00 ] ::1 /Home/Device/getCompanyDeviceSetting/company_id/1447247968/token/ea9073ed0f9cda1a83034a529cce0c6e
INFO: [ app_init ] --START--
INFO: Run Behavior\BuildLiteBehavior [ RunTime:0.000027s ]
INFO: [ app_init ] --END-- [ RunTime:0.000621s ]
INFO: [ url_dispatch ] --START--
INFO: Run Lib\Behavior\SignCheckBehavior [ RunTime:0.001935s ]
INFO: Run Lib\Behavior\TokenCheckBehavior [ RunTime:0.027167s ]
INFO: Run Lib\Behavior\MethodCheckBehavior [ RunTime:0.000897s ]
INFO: [ url_dispatch ] --END-- [ RunTime:0.030299s ]
INFO: [ app_begin ] --START--
INFO: Run Behavior\ReadHtmlCacheBehavior [ RunTime:0.000870s ]
INFO: [ app_begin ] --END-- [ RunTime:0.001023s ]
SQL: SHOW COLUMNS FROM `device_setting` [ RunTime:0.0339s ]
SQL: SELECT * FROM `device_setting` WHERE `company_id` = '1447247968'  [ RunTime:0.0005s ]

[ 2018-12-06T14:40:14+08:00 ] ::1 /Home/System/getSystemSetting/companyId/1447247968/type/20/token/ea9073ed0f9cda1a83034a529cce0c6e
INFO: [ app_init ] --START--
INFO: Run Behavior\BuildLiteBehavior [ RunTime:0.000024s ]
INFO: [ app_init ] --END-- [ RunTime:0.000603s ]
INFO: [ url_dispatch ] --START--
INFO: Run Lib\Behavior\SignCheckBehavior [ RunTime:0.001224s ]
INFO: Run Lib\Behavior\TokenCheckBehavior [ RunTime:0.015355s ]
INFO: Run Lib\Behavior\MethodCheckBehavior [ RunTime:0.000810s ]
INFO: [ url_dispatch ] --END-- [ RunTime:0.017617s ]
INFO: [ app_begin ] --START--
INFO: Run Behavior\ReadHtmlCacheBehavior [ RunTime:0.000708s ]
INFO: [ app_begin ] --END-- [ RunTime:0.000811s ]
SQL: SHOW COLUMNS FROM `system_setting` [ RunTime:0.0095s ]
SQL: SELECT `value` FROM `system_setting` WHERE `type` = 20 AND `del_flg` = 0 AND `company_id` = '1447247968' LIMIT 1   [ RunTime:0.0003s ]

[ 2018-12-06T14:40:14+08:00 ] ::1 /Home/Admin/getAdminMsgCount/status/10/token/ea9073ed0f9cda1a83034a529cce0c6e
INFO: [ app_init ] --START--
INFO: Run Behavior\BuildLiteBehavior [ RunTime:0.000021s ]
INFO: [ app_init ] --END-- [ RunTime:0.000484s ]
INFO: [ url_dispatch ] --START--
INFO: Run Lib\Behavior\SignCheckBehavior [ RunTime:0.001067s ]
INFO: Run Lib\Behavior\TokenCheckBehavior [ RunTime:0.026295s ]
INFO: Run Lib\Behavior\MethodCheckBehavior [ RunTime:0.000688s ]
INFO: [ url_dispatch ] --END-- [ RunTime:0.028262s ]
INFO: [ app_begin ] --START--
INFO: Run Behavior\ReadHtmlCacheBehavior [ RunTime:0.000609s ]
INFO: [ app_begin ] --END-- [ RunTime:0.000699s ]
SQL: SHOW COLUMNS FROM `admin_msg` [ RunTime:0.0086s ]
SQL: SELECT COUNT(*) AS tp_count FROM `admin_msg` WHERE `status` = '10' AND `admin_id` = '2517844598' LIMIT 1   [ RunTime:0.0004s ]

[ 2018-12-06T14:40:24+08:00 ] ::1 /Home/Device/getCompanyDeviceSetting/company_id/1447247968/token/ea9073ed0f9cda1a83034a529cce0c6e
INFO: [ app_init ] --START--
INFO: Run Behavior\BuildLiteBehavior [ RunTime:0.000020s ]
INFO: [ app_init ] --END-- [ RunTime:0.000513s ]
INFO: [ url_dispatch ] --START--
INFO: Run Lib\Behavior\SignCheckBehavior [ RunTime:0.001147s ]
INFO: Run Lib\Behavior\TokenCheckBehavior [ RunTime:0.029921s ]
INFO: Run Lib\Behavior\MethodCheckBehavior [ RunTime:0.000762s ]
INFO: [ url_dispatch ] --END-- [ RunTime:0.032033s ]
INFO: [ app_begin ] --START--
INFO: Run Behavior\ReadHtmlCacheBehavior [ RunTime:0.000694s ]
INFO: [ app_begin ] --END-- [ RunTime:0.000785s ]
SQL: SHOW COLUMNS FROM `device_setting` [ RunTime:0.0086s ]
SQL: SELECT * FROM `device_setting` WHERE `company_id` = '1447247968'  [ RunTime:0.0004s ]

[ 2018-12-06T14:40:24+08:00 ] ::1 /Home/System/getSystemSetting/companyId/1447247968/type/20/token/ea9073ed0f9cda1a83034a529cce0c6e
INFO: [ app_init ] --START--
INFO: Run Behavior\BuildLiteBehavior [ RunTime:0.000022s ]
INFO: [ app_init ] --END-- [ RunTime:0.000516s ]
INFO: [ url_dispatch ] --START--
INFO: Run Lib\Behavior\SignCheckBehavior [ RunTime:0.001188s ]
INFO: Run Lib\Behavior\TokenCheckBehavior [ RunTime:0.068221s ]
INFO: Run Lib\Behavior\MethodCheckBehavior [ RunTime:0.000800s ]
INFO: [ url_dispatch ] --END-- [ RunTime:0.070427s ]
INFO: [ app_begin ] --START--
INFO: Run Behavior\ReadHtmlCacheBehavior [ RunTime:0.000712s ]
INFO: [ app_begin ] --END-- [ RunTime:0.000800s ]
SQL: SHOW COLUMNS FROM `system_setting` [ RunTime:0.0093s ]
SQL: SELECT `value` FROM `system_setting` WHERE `type` = 20 AND `del_flg` = 0 AND `company_id` = '1447247968' LIMIT 1   [ RunTime:0.0003s ]

[ 2018-12-06T14:40:24+08:00 ] ::1 /Home/Admin/getAdminMsgCount/status/10/token/ea9073ed0f9cda1a83034a529cce0c6e
INFO: [ app_init ] --START--
INFO: Run Behavior\BuildLiteBehavior [ RunTime:0.000029s ]
INFO: [ app_init ] --END-- [ RunTime:0.000961s ]
INFO: [ url_dispatch ] --START--
INFO: Run Lib\Behavior\SignCheckBehavior [ RunTime:0.001125s ]
INFO: Run Lib\Behavior\TokenCheckBehavior [ RunTime:0.032445s ]
INFO: Run Lib\Behavior\MethodCheckBehavior [ RunTime:0.002101s ]
INFO: [ url_dispatch ] --END-- [ RunTime:0.036025s ]
INFO: [ app_begin ] --START--
INFO: Run Behavior\ReadHtmlCacheBehavior [ RunTime:0.002526s ]
INFO: [ app_begin ] --END-- [ RunTime:0.002817s ]
SQL: SHOW COLUMNS FROM `admin_msg` [ RunTime:0.0119s ]
SQL: SELECT COUNT(*) AS tp_count FROM `admin_msg` WHERE `status` = '10' AND `admin_id` = '2517844598' LIMIT 1   [ RunTime:0.0003s ]

[ 2018-12-06T14:40:31+08:00 ] ::1 /Home/Device/ajaxAddDeviceSetting/token/ea9073ed0f9cda1a83034a529cce0c6e
INFO: [ app_init ] --START--
INFO: Run Behavior\BuildLiteBehavior [ RunTime:0.000020s ]
INFO: [ app_init ] --END-- [ RunTime:0.000474s ]
INFO: [ url_dispatch ] --START--
INFO: Run Lib\Behavior\SignCheckBehavior [ RunTime:0.001253s ]
INFO: Run Lib\Behavior\TokenCheckBehavior [ RunTime:0.016249s ]
INFO: Run Lib\Behavior\MethodCheckBehavior [ RunTime:0.000818s ]
INFO: [ url_dispatch ] --END-- [ RunTime:0.018528s ]
INFO: [ app_begin ] --START--
INFO: Run Behavior\ReadHtmlCacheBehavior [ RunTime:0.000639s ]
INFO: [ app_begin ] --END-- [ RunTime:0.000730s ]
SQL: SHOW COLUMNS FROM `device_setting` [ RunTime:0.0083s ]
SQL: UPDATE `device_setting` SET `value`='1',`update_user`='2517844598',`update_time`='1544078430' WHERE `company_id` = '1447247968' AND `type` = 10 [ RunTime:0.0646s ]
SQL: UPDATE `device_setting` SET `value`='1',`update_user`='2517844598',`update_time`='1544078430' WHERE `company_id` = '1447247968' AND `type` = 20 [ RunTime:0.0190s ]
SQL: UPDATE `device_setting` SET `value`='1',`update_user`='2517844598',`update_time`='1544078430' WHERE `company_id` = '1447247968' AND `type` = 30 [ RunTime:0.0241s ]
SQL: UPDATE `device_setting` SET `value`='1',`update_user`='2517844598',`update_time`='1544078430' WHERE `company_id` = '1447247968' AND `type` = 40 [ RunTime:0.0236s ]
SQL: UPDATE `device_setting` SET `value`='1',`update_user`='2517844598',`update_time`='1544078430' WHERE `company_id` = '1447247968' AND `type` = 50 [ RunTime:0.0242s ]
SQL: UPDATE `device_setting` SET `value`='1.5',`update_user`='2517844598',`update_time`='1544078430' WHERE `company_id` = '1447247968' AND `type` = 70 [ RunTime:0.0222s ]
SQL: UPDATE `device_setting` SET `value`='1.5',`update_user`='2517844598',`update_time`='1544078430' WHERE `company_id` = '1447247968' AND `type` = 100 [ RunTime:0.0233s ]
SQL: UPDATE `device_setting` SET `value`='5',`update_user`='2517844598',`update_time`='1544078430' WHERE `company_id` = '1447247968' AND `type` = 110 [ RunTime:0.0226s ]
SQL: UPDATE `device_setting` SET `value`='5',`update_user`='2517844598',`update_time`='1544078430' WHERE `company_id` = '1447247968' AND `type` = 120 [ RunTime:0.0323s ]
SQL: UPDATE `device_setting` SET `value`='6',`update_user`='2517844598',`update_time`='1544078430' WHERE `company_id` = '1447247968' AND `type` = 130 [ RunTime:0.0209s ]
SQL: UPDATE `device_setting` SET `value`='60',`update_user`='2517844598',`update_time`='1544078430' WHERE `company_id` = '1447247968' AND `type` = 140 [ RunTime:0.0233s ]
SQL: UPDATE `device_setting` SET `value`='60',`update_user`='2517844598',`update_time`='1544078430' WHERE `company_id` = '1447247968' AND `type` = 150 [ RunTime:0.0226s ]
SQL: UPDATE `device_setting` SET `value`='0',`update_user`='2517844598',`update_time`='1544078430' WHERE `company_id` = '1447247968' AND `type` = 160 [ RunTime:0.0233s ]
SQL: SHOW COLUMNS FROM `device` [ RunTime:0.0321s ]
SQL: SELECT `serial_no` FROM `device` WHERE `company_id` = '1447247968' AND `del_flg` = 0  [ RunTime:0.0008s ]

[ 2018-12-06T14:43:05+08:00 ] ::1 /Home/Login/logOut/type/10/token/ea9073ed0f9cda1a83034a529cce0c6e
INFO: [ app_init ] --START--
INFO: Run Behavior\BuildLiteBehavior [ RunTime:0.000027s ]
INFO: [ app_init ] --END-- [ RunTime:0.000550s ]
INFO: [ url_dispatch ] --START--
INFO: Run Lib\Behavior\SignCheckBehavior [ RunTime:0.001277s ]
INFO: Run Lib\Behavior\TokenCheckBehavior [ RunTime:0.031802s ]
INFO: Run Lib\Behavior\MethodCheckBehavior [ RunTime:0.000706s ]
INFO: [ url_dispatch ] --END-- [ RunTime:0.034012s ]
INFO: [ app_begin ] --START--
INFO: Run Behavior\ReadHtmlCacheBehavior [ RunTime:0.000636s ]
INFO: [ app_begin ] --END-- [ RunTime:0.000727s ]
SQL: SHOW COLUMNS FROM `admin` [ RunTime:0.0213s ]
SQL: SELECT * FROM `admin` WHERE `id` = '2517844598' AND `status` = 10 AND `del_flg` = 0 LIMIT 1   [ RunTime:0.0006s ]
SQL: SHOW COLUMNS FROM `admin_token` [ RunTime:0.0093s ]
SQL: UPDATE `admin_token` SET `refresh_token`='',`detail`='',`expire_time`='0',`update_time`='1544078585' WHERE `admin_id` = '2517844598' AND `del_flg` = 0 AND `type` = 10 [ RunTime:0.0772s ]

[ 2018-12-06T14:43:06+08:00 ] ::1 /Home/System/getSystemSetting/companyId//type/20/token/null
INFO: [ app_init ] --START--
INFO: Run Behavior\BuildLiteBehavior [ RunTime:0.000020s ]
INFO: [ app_init ] --END-- [ RunTime:0.000445s ]
INFO: [ url_dispatch ] --START--
INFO: Run Lib\Behavior\SignCheckBehavior [ RunTime:0.001270s ]
NOTIC: [8] Undefined index: token D:\wamp\www\wscloud\api\Application\Lib\Behavior\TokenCheckBehavior.class.php 第 35 行.

[ 2018-12-06T14:43:06+08:00 ] ::1 /Home/Admin/getAdminMsgCount/status/10/token/null
INFO: [ app_init ] --START--
INFO: Run Behavior\BuildLiteBehavior [ RunTime:0.000024s ]
INFO: [ app_init ] --END-- [ RunTime:0.000615s ]
INFO: [ url_dispatch ] --START--
INFO: Run Lib\Behavior\SignCheckBehavior [ RunTime:0.001437s ]

