[ 2018-11-27T08:59:06+08:00 ] ::1 /Home/System/getSystemSetting/companyId//type/20/token/null
INFO: [ app_init ] --START--
INFO: Run Behavior\BuildLiteBehavior [ RunTime:0.000021s ]
INFO: [ app_init ] --END-- [ RunTime:0.000505s ]
INFO: [ url_dispatch ] --START--
INFO: Run Lib\Behavior\SignCheckBehavior [ RunTime:0.001447s ]
NOTIC: [8] Undefined index: token D:\wamp\www\wscloud\api\Application\Lib\Behavior\TokenCheckBehavior.class.php 第 35 行.

[ 2018-11-27T08:59:06+08:00 ] ::1 /Home/Admin/getAdminMsgCount/status/10/token/null
INFO: [ app_init ] --START--
INFO: Run Behavior\BuildLiteBehavior [ RunTime:0.000024s ]
INFO: [ app_init ] --END-- [ RunTime:0.000698s ]
INFO: [ url_dispatch ] --START--
INFO: Run Lib\Behavior\SignCheckBehavior [ RunTime:0.001242s ]

[ 2018-11-27T08:59:17+08:00 ] ::1 /Home/login/login/account/13161934946/password/123456/type/10/token/null
INFO: [ app_init ] --START--
INFO: Run Behavior\BuildLiteBehavior [ RunTime:0.000036s ]
INFO: [ app_init ] --END-- [ RunTime:0.000830s ]
INFO: [ url_dispatch ] --START--
INFO: Run Lib\Behavior\SignCheckBehavior [ RunTime:0.002301s ]
INFO: Run Lib\Behavior\TokenCheckBehavior [ RunTime:0.014474s ]
INFO: Run Lib\Behavior\MethodCheckBehavior [ RunTime:0.001541s ]
INFO: [ url_dispatch ] --END-- [ RunTime:0.018754s ]
INFO: [ app_begin ] --START--
INFO: Run Behavior\ReadHtmlCacheBehavior [ RunTime:0.001188s ]
INFO: [ app_begin ] --END-- [ RunTime:0.001355s ]
SQL: SHOW COLUMNS FROM `admin` [ RunTime:0.0157s ]
SQL: SELECT a.*,c.name company_name FROM admin a left join company as c on a.company_id = c.id  WHERE (  a.account = '13161934946' OR a.phone = '13161934946' OR a.email = '13161934946' ) AND a.password = 'e10adc3949ba59abbe56e057f20f883e' AND a.status = 10 AND a.del_flg = 0 LIMIT 1   [ RunTime:0.0013s ]
SQL: SHOW COLUMNS FROM `admin_token` [ RunTime:0.0284s ]
SQL: SELECT * FROM `admin_token` WHERE `admin_id` = '2517844598' AND `del_flg` = 0 AND `type` = 10 LIMIT 1   [ RunTime:0.0013s ]
SQL: UPDATE `admin_token` SET `refresh_token`='fd64bbf794d699f601378d2dc350ea4b',`detail`='fd64bbf794d699f601378d2dc350ea4b_2517844598',`type`='10',`expire_time`='0',`update_time`='1543280357' WHERE `admin_id` = '2517844598' AND `del_flg` = 0 AND `type` = 10 [ RunTime:0.0466s ]
SQL: SHOW COLUMNS FROM `company` [ RunTime:0.0364s ]
SQL: SELECT * FROM `company` WHERE `id` = '1447247968' AND `del_flg` = 0 LIMIT 1   [ RunTime:0.0012s ]
SQL: SHOW COLUMNS FROM `company_package` [ RunTime:0.0351s ]
SQL: SELECT * FROM `company_package` WHERE `company_id` = '1447247968' AND `start_time` <= 1543280357 AND `end_time` > 1543280357 AND `status` = 10 AND `del_flg` = 0 LIMIT 1   [ RunTime:0.0009s ]

[ 2018-11-27T08:59:17+08:00 ] ::1 /Home/Company/checkStatus/companyId/1447247968/token/fd64bbf794d699f601378d2dc350ea4b
INFO: [ app_init ] --START--
INFO: Run Behavior\BuildLiteBehavior [ RunTime:0.000020s ]
INFO: [ app_init ] --END-- [ RunTime:0.000464s ]
INFO: [ url_dispatch ] --START--
INFO: Run Lib\Behavior\SignCheckBehavior [ RunTime:0.001285s ]
INFO: Run Lib\Behavior\TokenCheckBehavior [ RunTime:0.036717s ]
INFO: Run Lib\Behavior\MethodCheckBehavior [ RunTime:0.001065s ]
INFO: [ url_dispatch ] --END-- [ RunTime:0.039301s ]
INFO: [ app_begin ] --START--
INFO: Run Behavior\ReadHtmlCacheBehavior [ RunTime:0.005731s ]
INFO: [ app_begin ] --END-- [ RunTime:0.005833s ]
SQL: SHOW COLUMNS FROM `company` [ RunTime:0.0085s ]
SQL: SELECT * FROM `company` WHERE `id` = '1447247968' AND `del_flg` = 0 LIMIT 1   [ RunTime:0.0003s ]

[ 2018-11-27T08:59:17+08:00 ] ::1 /Home/DrivingMonitor/statBehavior/companyId/1447247968/startTime/1540688357/endTime/1543280357/token/fd64bbf794d699f601378d2dc350ea4b
INFO: [ app_init ] --START--
INFO: Run Behavior\BuildLiteBehavior [ RunTime:0.000021s ]
INFO: [ app_init ] --END-- [ RunTime:0.000555s ]
INFO: [ url_dispatch ] --START--
INFO: Run Lib\Behavior\SignCheckBehavior [ RunTime:0.001239s ]
INFO: Run Lib\Behavior\TokenCheckBehavior [ RunTime:0.030699s ]
INFO: Run Lib\Behavior\MethodCheckBehavior [ RunTime:0.000866s ]
INFO: [ url_dispatch ] --END-- [ RunTime:0.033026s ]
INFO: [ app_begin ] --START--
INFO: Run Behavior\ReadHtmlCacheBehavior [ RunTime:0.000679s ]
INFO: [ app_begin ] --END-- [ RunTime:0.000768s ]
SQL: SHOW COLUMNS FROM `user_behavior` [ RunTime:0.0086s ]
SQL: SELECT count(1) count,`code` FROM `user_behavior` WHERE `del_flg` = 0 AND `company_id` = '1447247968' AND ( `create_time` >= '1540688357' AND `create_time` < '1543280357'  ) GROUP BY code ORDER BY count desc LIMIT 6   [ RunTime:0.0012s ]

[ 2018-11-27T08:59:17+08:00 ] ::1 /Home/System/getSystemSetting/companyId/1447247968/type/20/token/fd64bbf794d699f601378d2dc350ea4b
INFO: [ app_init ] --START--
INFO: Run Behavior\BuildLiteBehavior [ RunTime:0.000021s ]
INFO: [ app_init ] --END-- [ RunTime:0.000558s ]
INFO: [ url_dispatch ] --START--
INFO: Run Lib\Behavior\SignCheckBehavior [ RunTime:0.001279s ]
INFO: Run Lib\Behavior\TokenCheckBehavior [ RunTime:0.019769s ]
INFO: Run Lib\Behavior\MethodCheckBehavior [ RunTime:0.000844s ]
INFO: [ url_dispatch ] --END-- [ RunTime:0.022138s ]
INFO: [ app_begin ] --START--
INFO: Run Behavior\ReadHtmlCacheBehavior [ RunTime:0.000662s ]
INFO: [ app_begin ] --END-- [ RunTime:0.000753s ]
SQL: SHOW COLUMNS FROM `system_setting` [ RunTime:0.0084s ]
SQL: SELECT `value` FROM `system_setting` WHERE `type` = 20 AND `del_flg` = 0 AND `company_id` = '1447247968' LIMIT 1   [ RunTime:0.0004s ]

[ 2018-11-27T08:59:17+08:00 ] ::1 /Home/Admin/getAdminMsgCount/status/10/token/fd64bbf794d699f601378d2dc350ea4b
INFO: [ app_init ] --START--
INFO: Run Behavior\BuildLiteBehavior [ RunTime:0.000021s ]
INFO: [ app_init ] --END-- [ RunTime:0.000648s ]
INFO: [ url_dispatch ] --START--
INFO: Run Lib\Behavior\SignCheckBehavior [ RunTime:0.001320s ]
INFO: Run Lib\Behavior\TokenCheckBehavior [ RunTime:0.026175s ]
INFO: Run Lib\Behavior\MethodCheckBehavior [ RunTime:0.000899s ]
INFO: [ url_dispatch ] --END-- [ RunTime:0.028629s ]
INFO: [ app_begin ] --START--
INFO: Run Behavior\ReadHtmlCacheBehavior [ RunTime:0.000725s ]
INFO: [ app_begin ] --END-- [ RunTime:0.000818s ]
SQL: SHOW COLUMNS FROM `admin_msg` [ RunTime:0.0085s ]
SQL: SELECT COUNT(*) AS tp_count FROM `admin_msg` WHERE `status` = '10' AND `admin_id` = '2517844598' LIMIT 1   [ RunTime:0.0004s ]

[ 2018-11-27T08:59:18+08:00 ] ::1 /Home/DrivingMonitor/statByTimeGroup/companyId/1447247968/startTime/1542988800/endTime/1543334400/token/fd64bbf794d699f601378d2dc350ea4b
INFO: [ app_init ] --START--
INFO: Run Behavior\BuildLiteBehavior [ RunTime:0.000021s ]
INFO: [ app_init ] --END-- [ RunTime:0.000553s ]
INFO: [ url_dispatch ] --START--
INFO: Run Lib\Behavior\SignCheckBehavior [ RunTime:0.001114s ]
INFO: Run Lib\Behavior\TokenCheckBehavior [ RunTime:0.019765s ]
INFO: Run Lib\Behavior\MethodCheckBehavior [ RunTime:0.000826s ]
INFO: [ url_dispatch ] --END-- [ RunTime:0.021931s ]
INFO: [ app_begin ] --START--
INFO: Run Behavior\ReadHtmlCacheBehavior [ RunTime:0.000603s ]
INFO: [ app_begin ] --END-- [ RunTime:0.000694s ]
SQL: SHOW COLUMNS FROM `user_behavior` [ RunTime:0.0209s ]
SQL: SELECT FROM_UNIXTIME(create_time, "%H") time,count(1) count,`code` FROM `user_behavior` WHERE `del_flg` = 0 AND `company_id` = '1447247968' AND ( `create_time` >= '1542988800' AND `create_time` < '1543334400'  ) GROUP BY code ,time  [ RunTime:0.0010s ]

[ 2018-11-27T08:59:27+08:00 ] ::1 /Home/Company/checkStatus/companyId/1447247968/token/fd64bbf794d699f601378d2dc350ea4b
INFO: [ app_init ] --START--
INFO: Run Behavior\BuildLiteBehavior [ RunTime:0.000033s ]
INFO: [ app_init ] --END-- [ RunTime:0.000674s ]
INFO: [ url_dispatch ] --START--
INFO: Run Lib\Behavior\SignCheckBehavior [ RunTime:0.001349s ]
INFO: Run Lib\Behavior\TokenCheckBehavior [ RunTime:0.028199s ]
INFO: Run Lib\Behavior\MethodCheckBehavior [ RunTime:0.000847s ]
INFO: [ url_dispatch ] --END-- [ RunTime:0.030627s ]
INFO: [ app_begin ] --START--
INFO: Run Behavior\ReadHtmlCacheBehavior [ RunTime:0.000800s ]
INFO: [ app_begin ] --END-- [ RunTime:0.000927s ]
SQL: SHOW COLUMNS FROM `company` [ RunTime:0.0090s ]
SQL: SELECT * FROM `company` WHERE `id` = '1447247968' AND `del_flg` = 0 LIMIT 1   [ RunTime:0.0004s ]

[ 2018-11-27T08:59:28+08:00 ] ::1 /Home/DrivingMonitor/statBehavior/companyId/1447247968/startTime/1540688368/endTime/1543280368/token/fd64bbf794d699f601378d2dc350ea4b
INFO: [ app_init ] --START--
INFO: Run Behavior\BuildLiteBehavior [ RunTime:0.000020s ]
INFO: [ app_init ] --END-- [ RunTime:0.000501s ]
INFO: [ url_dispatch ] --START--
INFO: Run Lib\Behavior\SignCheckBehavior [ RunTime:0.001232s ]
INFO: Run Lib\Behavior\TokenCheckBehavior [ RunTime:0.020471s ]
INFO: Run Lib\Behavior\MethodCheckBehavior [ RunTime:0.000878s ]
INFO: [ url_dispatch ] --END-- [ RunTime:0.022815s ]
INFO: [ app_begin ] --START--
INFO: Run Behavior\ReadHtmlCacheBehavior [ RunTime:0.000725s ]
INFO: [ app_begin ] --END-- [ RunTime:0.000852s ]
SQL: SHOW COLUMNS FROM `user_behavior` [ RunTime:0.0097s ]
SQL: SELECT count(1) count,`code` FROM `user_behavior` WHERE `del_flg` = 0 AND `company_id` = '1447247968' AND ( `create_time` >= '1540688368' AND `create_time` < '1543280368'  ) GROUP BY code ORDER BY count desc LIMIT 6   [ RunTime:0.0010s ]

[ 2018-11-27T08:59:28+08:00 ] ::1 /Home/System/getSystemSetting/companyId/1447247968/type/20/token/fd64bbf794d699f601378d2dc350ea4b
INFO: [ app_init ] --START--
INFO: Run Behavior\BuildLiteBehavior [ RunTime:0.000021s ]
INFO: [ app_init ] --END-- [ RunTime:0.000551s ]
INFO: [ url_dispatch ] --START--
INFO: Run Lib\Behavior\SignCheckBehavior [ RunTime:0.001436s ]
INFO: Run Lib\Behavior\TokenCheckBehavior [ RunTime:0.319719s ]
INFO: Run Lib\Behavior\MethodCheckBehavior [ RunTime:0.003372s ]
INFO: [ url_dispatch ] --END-- [ RunTime:0.325176s ]
INFO: [ app_begin ] --START--
INFO: Run Behavior\ReadHtmlCacheBehavior [ RunTime:0.002426s ]
INFO: [ app_begin ] --END-- [ RunTime:0.002793s ]
SQL: SHOW COLUMNS FROM `system_setting` [ RunTime:0.0178s ]
SQL: SELECT `value` FROM `system_setting` WHERE `type` = 20 AND `del_flg` = 0 AND `company_id` = '1447247968' LIMIT 1   [ RunTime:0.0003s ]

[ 2018-11-27T08:59:28+08:00 ] ::1 /Home/Admin/getAdminMsgCount/status/10/token/fd64bbf794d699f601378d2dc350ea4b
INFO: [ app_init ] --START--
INFO: Run Behavior\BuildLiteBehavior [ RunTime:0.000022s ]
INFO: [ app_init ] --END-- [ RunTime:0.000492s ]
INFO: [ url_dispatch ] --START--
INFO: Run Lib\Behavior\SignCheckBehavior [ RunTime:0.001481s ]
INFO: Run Lib\Behavior\TokenCheckBehavior [ RunTime:0.025852s ]
INFO: Run Lib\Behavior\MethodCheckBehavior [ RunTime:0.000839s ]
INFO: [ url_dispatch ] --END-- [ RunTime:0.028434s ]
INFO: [ app_begin ] --START--
INFO: Run Behavior\ReadHtmlCacheBehavior [ RunTime:0.000562s ]
INFO: [ app_begin ] --END-- [ RunTime:0.000656s ]
SQL: SHOW COLUMNS FROM `admin_msg` [ RunTime:0.0086s ]
SQL: SELECT COUNT(*) AS tp_count FROM `admin_msg` WHERE `status` = '10' AND `admin_id` = '2517844598' LIMIT 1   [ RunTime:0.0005s ]

[ 2018-11-27T08:59:28+08:00 ] ::1 /Home/DrivingMonitor/statByTimeGroup/companyId/1447247968/startTime/1542988800/endTime/1543334400/token/fd64bbf794d699f601378d2dc350ea4b
INFO: [ app_init ] --START--
INFO: Run Behavior\BuildLiteBehavior [ RunTime:0.000021s ]
INFO: [ app_init ] --END-- [ RunTime:0.000452s ]
INFO: [ url_dispatch ] --START--
INFO: Run Lib\Behavior\SignCheckBehavior [ RunTime:0.001045s ]
INFO: Run Lib\Behavior\TokenCheckBehavior [ RunTime:0.026647s ]
INFO: Run Lib\Behavior\MethodCheckBehavior [ RunTime:0.000750s ]
INFO: [ url_dispatch ] --END-- [ RunTime:0.028669s ]
INFO: [ app_begin ] --START--
INFO: Run Behavior\ReadHtmlCacheBehavior [ RunTime:0.000582s ]
INFO: [ app_begin ] --END-- [ RunTime:0.000671s ]
SQL: SHOW COLUMNS FROM `user_behavior` [ RunTime:0.0084s ]
SQL: SELECT FROM_UNIXTIME(create_time, "%H") time,count(1) count,`code` FROM `user_behavior` WHERE `del_flg` = 0 AND `company_id` = '1447247968' AND ( `create_time` >= '1542988800' AND `create_time` < '1543334400'  ) GROUP BY code ,time  [ RunTime:0.0010s ]

[ 2018-11-27T09:03:51+08:00 ] ::1 /Home/Company/checkStatus/companyId/1447247968/token/fd64bbf794d699f601378d2dc350ea4b
INFO: [ app_init ] --START--
INFO: Run Behavior\BuildLiteBehavior [ RunTime:0.000023s ]
INFO: [ app_init ] --END-- [ RunTime:0.000588s ]
INFO: [ url_dispatch ] --START--
INFO: Run Lib\Behavior\SignCheckBehavior [ RunTime:0.001390s ]
INFO: Run Lib\Behavior\TokenCheckBehavior [ RunTime:0.049709s ]
INFO: Run Lib\Behavior\MethodCheckBehavior [ RunTime:0.002205s ]
INFO: [ url_dispatch ] --END-- [ RunTime:0.053734s ]
INFO: [ app_begin ] --START--
INFO: Run Behavior\ReadHtmlCacheBehavior [ RunTime:0.001798s ]
INFO: [ app_begin ] --END-- [ RunTime:0.002055s ]
SQL: SHOW COLUMNS FROM `company` [ RunTime:0.0349s ]
SQL: SELECT * FROM `company` WHERE `id` = '1447247968' AND `del_flg` = 0 LIMIT 1   [ RunTime:0.0005s ]

[ 2018-11-27T09:03:51+08:00 ] ::1 /Home/DrivingMonitor/statBehavior/companyId/1447247968/startTime/1540688631/endTime/1543280631/token/fd64bbf794d699f601378d2dc350ea4b
INFO: [ app_init ] --START--
INFO: Run Behavior\BuildLiteBehavior [ RunTime:0.000031s ]
INFO: [ app_init ] --END-- [ RunTime:0.000819s ]
INFO: [ url_dispatch ] --START--
INFO: Run Lib\Behavior\SignCheckBehavior [ RunTime:0.002213s ]
INFO: Run Lib\Behavior\TokenCheckBehavior [ RunTime:0.020731s ]
INFO: Run Lib\Behavior\MethodCheckBehavior [ RunTime:0.001311s ]
INFO: [ url_dispatch ] --END-- [ RunTime:0.024635s ]
INFO: [ app_begin ] --START--
INFO: Run Behavior\ReadHtmlCacheBehavior [ RunTime:0.001066s ]
INFO: [ app_begin ] --END-- [ RunTime:0.001211s ]
SQL: SHOW COLUMNS FROM `user_behavior` [ RunTime:0.0095s ]
SQL: SELECT count(1) count,`code` FROM `user_behavior` WHERE `del_flg` = 0 AND `company_id` = '1447247968' AND ( `create_time` >= '1540688631' AND `create_time` < '1543280631'  ) GROUP BY code ORDER BY count desc LIMIT 6   [ RunTime:0.0010s ]

[ 2018-11-27T09:03:52+08:00 ] ::1 /Home/System/getSystemSetting/companyId/1447247968/type/20/token/fd64bbf794d699f601378d2dc350ea4b
INFO: [ app_init ] --START--
INFO: Run Behavior\BuildLiteBehavior [ RunTime:0.000242s ]
INFO: [ app_init ] --END-- [ RunTime:0.001192s ]
INFO: [ url_dispatch ] --START--
INFO: Run Lib\Behavior\SignCheckBehavior [ RunTime:0.001356s ]
INFO: Run Lib\Behavior\TokenCheckBehavior [ RunTime:0.045024s ]
INFO: Run Lib\Behavior\MethodCheckBehavior [ RunTime:0.001105s ]
INFO: [ url_dispatch ] --END-- [ RunTime:0.047773s ]
INFO: [ app_begin ] --START--
INFO: Run Behavior\ReadHtmlCacheBehavior [ RunTime:0.000608s ]
INFO: [ app_begin ] --END-- [ RunTime:0.000700s ]
SQL: SHOW COLUMNS FROM `system_setting` [ RunTime:0.0059s ]
SQL: SELECT `value` FROM `system_setting` WHERE `type` = 20 AND `del_flg` = 0 AND `company_id` = '1447247968' LIMIT 1   [ RunTime:0.0003s ]

[ 2018-11-27T09:03:52+08:00 ] ::1 /Home/Admin/getAdminMsgCount/status/10/token/fd64bbf794d699f601378d2dc350ea4b
INFO: [ app_init ] --START--
INFO: Run Behavior\BuildLiteBehavior [ RunTime:0.000022s ]
INFO: [ app_init ] --END-- [ RunTime:0.000851s ]
INFO: [ url_dispatch ] --START--
INFO: Run Lib\Behavior\SignCheckBehavior [ RunTime:0.001293s ]
INFO: Run Lib\Behavior\TokenCheckBehavior [ RunTime:0.022690s ]
INFO: Run Lib\Behavior\MethodCheckBehavior [ RunTime:0.000730s ]
INFO: [ url_dispatch ] --END-- [ RunTime:0.024943s ]
INFO: [ app_begin ] --START--
INFO: Run Behavior\ReadHtmlCacheBehavior [ RunTime:0.000619s ]
INFO: [ app_begin ] --END-- [ RunTime:0.000715s ]
SQL: SHOW COLUMNS FROM `admin_msg` [ RunTime:0.0082s ]
SQL: SELECT COUNT(*) AS tp_count FROM `admin_msg` WHERE `status` = '10' AND `admin_id` = '2517844598' LIMIT 1   [ RunTime:0.0003s ]

[ 2018-11-27T09:03:52+08:00 ] ::1 /Home/DrivingMonitor/statByTimeGroup/companyId/1447247968/startTime/1542988800/endTime/1543334400/token/fd64bbf794d699f601378d2dc350ea4b
INFO: [ app_init ] --START--
INFO: Run Behavior\BuildLiteBehavior [ RunTime:0.000021s ]
INFO: [ app_init ] --END-- [ RunTime:0.000653s ]
INFO: [ url_dispatch ] --START--
INFO: Run Lib\Behavior\SignCheckBehavior [ RunTime:0.001403s ]
INFO: Run Lib\Behavior\TokenCheckBehavior [ RunTime:0.026916s ]
INFO: Run Lib\Behavior\MethodCheckBehavior [ RunTime:0.000807s ]
INFO: [ url_dispatch ] --END-- [ RunTime:0.029380s ]
INFO: [ app_begin ] --START--
INFO: Run Behavior\ReadHtmlCacheBehavior [ RunTime:0.000583s ]
INFO: [ app_begin ] --END-- [ RunTime:0.000675s ]
SQL: SHOW COLUMNS FROM `user_behavior` [ RunTime:0.0086s ]
SQL: SELECT FROM_UNIXTIME(create_time, "%H") time,count(1) count,`code` FROM `user_behavior` WHERE `del_flg` = 0 AND `company_id` = '1447247968' AND ( `create_time` >= '1542988800' AND `create_time` < '1543334400'  ) GROUP BY code ,time  [ RunTime:0.0010s ]

[ 2018-11-27T09:06:49+08:00 ] ::1 /Home/System/getSystemSetting/companyId/1447247968/type/20/token/fd64bbf794d699f601378d2dc350ea4b
INFO: [ app_init ] --START--
INFO: Run Behavior\BuildLiteBehavior [ RunTime:0.000021s ]
INFO: [ app_init ] --END-- [ RunTime:0.000493s ]
INFO: [ url_dispatch ] --START--
INFO: Run Lib\Behavior\SignCheckBehavior [ RunTime:0.001193s ]
INFO: Run Lib\Behavior\TokenCheckBehavior [ RunTime:0.018008s ]
INFO: Run Lib\Behavior\MethodCheckBehavior [ RunTime:0.000764s ]
INFO: [ url_dispatch ] --END-- [ RunTime:0.020201s ]
INFO: [ app_begin ] --START--
INFO: Run Behavior\ReadHtmlCacheBehavior [ RunTime:0.000614s ]
INFO: [ app_begin ] --END-- [ RunTime:0.000707s ]
SQL: SHOW COLUMNS FROM `system_setting` [ RunTime:0.0158s ]
SQL: SELECT `value` FROM `system_setting` WHERE `type` = 20 AND `del_flg` = 0 AND `company_id` = '1447247968' LIMIT 1   [ RunTime:0.0003s ]

[ 2018-11-27T09:06:49+08:00 ] ::1 /Home/Admin/getAdminMsgCount/status/10/token/fd64bbf794d699f601378d2dc350ea4b
INFO: [ app_init ] --START--
INFO: Run Behavior\BuildLiteBehavior [ RunTime:0.000021s ]
INFO: [ app_init ] --END-- [ RunTime:0.000430s ]
INFO: [ url_dispatch ] --START--
INFO: Run Lib\Behavior\SignCheckBehavior [ RunTime:0.001528s ]
INFO: Run Lib\Behavior\TokenCheckBehavior [ RunTime:0.019920s ]
INFO: Run Lib\Behavior\MethodCheckBehavior [ RunTime:0.000867s ]
INFO: [ url_dispatch ] --END-- [ RunTime:0.022563s ]
INFO: [ app_begin ] --START--
INFO: Run Behavior\ReadHtmlCacheBehavior [ RunTime:0.000683s ]
INFO: [ app_begin ] --END-- [ RunTime:0.000774s ]
SQL: SHOW COLUMNS FROM `admin_msg` [ RunTime:0.0100s ]
SQL: SELECT COUNT(*) AS tp_count FROM `admin_msg` WHERE `status` = '10' AND `admin_id` = '2517844598' LIMIT 1   [ RunTime:0.0003s ]

[ 2018-11-27T09:06:49+08:00 ] ::1 /Home/Device/deviceLists/name/null/serialNo/null/companyId/1447247968/pageSize/10/pageNo/1/token/fd64bbf794d699f601378d2dc350ea4b
INFO: [ app_init ] --START--
INFO: Run Behavior\BuildLiteBehavior [ RunTime:0.000020s ]
INFO: [ app_init ] --END-- [ RunTime:0.000421s ]
INFO: [ url_dispatch ] --START--
INFO: Run Lib\Behavior\SignCheckBehavior [ RunTime:0.001045s ]
INFO: Run Lib\Behavior\TokenCheckBehavior [ RunTime:0.027057s ]
INFO: Run Lib\Behavior\MethodCheckBehavior [ RunTime:0.000780s ]
INFO: [ url_dispatch ] --END-- [ RunTime:0.029105s ]
INFO: [ app_begin ] --START--
INFO: Run Behavior\ReadHtmlCacheBehavior [ RunTime:0.000621s ]
INFO: [ app_begin ] --END-- [ RunTime:0.000714s ]
SQL: SHOW COLUMNS FROM `device` [ RunTime:0.0088s ]
SQL: SELECT COUNT(*) AS tp_count FROM device d left join company c on d.company_id = c.id  WHERE d.del_flg = 0 AND d.company_id = '1447247968' LIMIT 1   [ RunTime:0.0005s ]
SQL: SELECT d.*,c.name company_name FROM device d left join company c on d.company_id = c.id  WHERE d.del_flg = 0 AND d.company_id = '1447247968' ORDER BY d.create_time DESC LIMIT 0,10   [ RunTime:0.0004s ]
NOTIC: [8] Undefined index: active D:\wamp\www\wscloud\api\Application\Home\Controller\DeviceController.class.php 第 158 行.
NOTIC: [8] Undefined index: ty_ D:\wamp\www\wscloud\api\Application\Lib\Status.class.php 第 84 行.
NOTIC: [8] Undefined index: device_no D:\wamp\www\wscloud\api\Application\Home\Controller\DeviceController.class.php 第 159 行.
NOTIC: [8] Undefined index: active D:\wamp\www\wscloud\api\Application\Home\Controller\DeviceController.class.php 第 158 行.
NOTIC: [8] Undefined index: ty_ D:\wamp\www\wscloud\api\Application\Lib\Status.class.php 第 84 行.
NOTIC: [8] Undefined index: device_no D:\wamp\www\wscloud\api\Application\Home\Controller\DeviceController.class.php 第 159 行.
NOTIC: [8] Undefined index: active D:\wamp\www\wscloud\api\Application\Home\Controller\DeviceController.class.php 第 158 行.
NOTIC: [8] Undefined index: ty_ D:\wamp\www\wscloud\api\Application\Lib\Status.class.php 第 84 行.
NOTIC: [8] Undefined index: device_no D:\wamp\www\wscloud\api\Application\Home\Controller\DeviceController.class.php 第 159 行.
NOTIC: [8] Undefined index: active D:\wamp\www\wscloud\api\Application\Home\Controller\DeviceController.class.php 第 158 行.
NOTIC: [8] Undefined index: ty_ D:\wamp\www\wscloud\api\Application\Lib\Status.class.php 第 84 行.
NOTIC: [8] Undefined index: device_no D:\wamp\www\wscloud\api\Application\Home\Controller\DeviceController.class.php 第 159 行.
NOTIC: [8] Undefined index: active D:\wamp\www\wscloud\api\Application\Home\Controller\DeviceController.class.php 第 158 行.
NOTIC: [8] Undefined index: ty_ D:\wamp\www\wscloud\api\Application\Lib\Status.class.php 第 84 行.
NOTIC: [8] Undefined index: device_no D:\wamp\www\wscloud\api\Application\Home\Controller\DeviceController.class.php 第 159 行.
NOTIC: [8] Undefined index: active D:\wamp\www\wscloud\api\Application\Home\Controller\DeviceController.class.php 第 158 行.
NOTIC: [8] Undefined index: ty_ D:\wamp\www\wscloud\api\Application\Lib\Status.class.php 第 84 行.
NOTIC: [8] Undefined index: device_no D:\wamp\www\wscloud\api\Application\Home\Controller\DeviceController.class.php 第 159 行.

[ 2018-11-27T09:14:46+08:00 ] ::1 /Home/DrivingMonitor/statTiredNo/companyId/1447247968/startTime/1543248000/token/fd64bbf794d699f601378d2dc350ea4b
INFO: [ app_init ] --START--
INFO: Run Behavior\BuildLiteBehavior [ RunTime:0.000020s ]
INFO: [ app_init ] --END-- [ RunTime:0.000434s ]
INFO: [ url_dispatch ] --START--
INFO: Run Lib\Behavior\SignCheckBehavior [ RunTime:0.001213s ]
INFO: Run Lib\Behavior\TokenCheckBehavior [ RunTime:0.016591s ]
INFO: Run Lib\Behavior\MethodCheckBehavior [ RunTime:0.000838s ]
INFO: [ url_dispatch ] --END-- [ RunTime:0.018871s ]
INFO: [ app_begin ] --START--
INFO: Run Behavior\ReadHtmlCacheBehavior [ RunTime:0.000689s ]
INFO: [ app_begin ] --END-- [ RunTime:0.000782s ]
SQL: SHOW COLUMNS FROM `user_behavior` [ RunTime:0.0100s ]
SQL: SELECT `code`,count(code) count FROM `user_behavior` WHERE `del_flg` = 0 AND `company_id` = '1447247968' AND `create_time` >= '1543248000' GROUP BY code  [ RunTime:0.0011s ]
SQL: SELECT COUNT(*) AS tp_count FROM `user_behavior` WHERE `del_flg` = 0 AND `company_id` = '1447247968' AND `create_time` >= '1543248000' LIMIT 1   [ RunTime:0.0004s ]

[ 2018-11-27T09:14:46+08:00 ] ::1 /Home/System/getSystemSetting/companyId/1447247968/type/20/token/fd64bbf794d699f601378d2dc350ea4b
INFO: [ app_init ] --START--
INFO: Run Behavior\BuildLiteBehavior [ RunTime:0.000022s ]
INFO: [ app_init ] --END-- [ RunTime:0.000539s ]
INFO: [ url_dispatch ] --START--
INFO: Run Lib\Behavior\SignCheckBehavior [ RunTime:0.001431s ]
INFO: Run Lib\Behavior\TokenCheckBehavior [ RunTime:0.019234s ]
INFO: Run Lib\Behavior\MethodCheckBehavior [ RunTime:0.000848s ]
INFO: [ url_dispatch ] --END-- [ RunTime:0.021756s ]
INFO: [ app_begin ] --START--
INFO: Run Behavior\ReadHtmlCacheBehavior [ RunTime:0.004641s ]
INFO: [ app_begin ] --END-- [ RunTime:0.004735s ]
SQL: SHOW COLUMNS FROM `system_setting` [ RunTime:0.0088s ]
SQL: SELECT `value` FROM `system_setting` WHERE `type` = 20 AND `del_flg` = 0 AND `company_id` = '1447247968' LIMIT 1   [ RunTime:0.0004s ]

[ 2018-11-27T09:14:46+08:00 ] ::1 /Home/Admin/getAdminMsgCount/status/10/token/fd64bbf794d699f601378d2dc350ea4b
INFO: [ app_init ] --START--
INFO: Run Behavior\BuildLiteBehavior [ RunTime:0.000020s ]
INFO: [ app_init ] --END-- [ RunTime:0.000546s ]
INFO: [ url_dispatch ] --START--
INFO: Run Lib\Behavior\SignCheckBehavior [ RunTime:0.001685s ]
INFO: Run Lib\Behavior\TokenCheckBehavior [ RunTime:0.018430s ]
INFO: Run Lib\Behavior\MethodCheckBehavior [ RunTime:0.001036s ]
INFO: [ url_dispatch ] --END-- [ RunTime:0.021410s ]
INFO: [ app_begin ] --START--
INFO: Run Behavior\ReadHtmlCacheBehavior [ RunTime:0.000702s ]
INFO: [ app_begin ] --END-- [ RunTime:0.000798s ]
SQL: SHOW COLUMNS FROM `admin_msg` [ RunTime:0.0083s ]
SQL: SELECT COUNT(*) AS tp_count FROM `admin_msg` WHERE `status` = '10' AND `admin_id` = '2517844598' LIMIT 1   [ RunTime:0.0003s ]

[ 2018-11-27T09:14:46+08:00 ] ::1 /Home/DrivingMonitor/statTiredNo/companyId/1447247968/startTime/1543248000/token/fd64bbf794d699f601378d2dc350ea4b
INFO: [ app_init ] --START--
INFO: Run Behavior\BuildLiteBehavior [ RunTime:0.000035s ]
INFO: [ app_init ] --END-- [ RunTime:0.000888s ]
INFO: [ url_dispatch ] --START--
INFO: Run Lib\Behavior\SignCheckBehavior [ RunTime:0.001871s ]
INFO: Run Lib\Behavior\TokenCheckBehavior [ RunTime:0.036953s ]
INFO: Run Lib\Behavior\MethodCheckBehavior [ RunTime:0.000801s ]
INFO: [ url_dispatch ] --END-- [ RunTime:0.039890s ]
INFO: [ app_begin ] --START--
INFO: Run Behavior\ReadHtmlCacheBehavior [ RunTime:0.000662s ]
INFO: [ app_begin ] --END-- [ RunTime:0.000837s ]
SQL: SHOW COLUMNS FROM `user_behavior` [ RunTime:0.0179s ]
SQL: SELECT `code`,count(code) count FROM `user_behavior` WHERE `del_flg` = 0 AND `company_id` = '1447247968' AND `create_time` >= '1543248000' GROUP BY code  [ RunTime:0.0012s ]
SQL: SELECT COUNT(*) AS tp_count FROM `user_behavior` WHERE `del_flg` = 0 AND `company_id` = '1447247968' AND `create_time` >= '1543248000' LIMIT 1   [ RunTime:0.0003s ]

[ 2018-11-27T09:14:47+08:00 ] ::1 /Home/DrivingMonitor/showTiredType/startTime/1543248000/endTime/1543281286/companyId/1447247968/token/fd64bbf794d699f601378d2dc350ea4b
INFO: [ app_init ] --START--
INFO: Run Behavior\BuildLiteBehavior [ RunTime:0.000021s ]
INFO: [ app_init ] --END-- [ RunTime:0.000570s ]
INFO: [ url_dispatch ] --START--
INFO: Run Lib\Behavior\SignCheckBehavior [ RunTime:0.001652s ]
INFO: Run Lib\Behavior\TokenCheckBehavior [ RunTime:0.015971s ]
INFO: Run Lib\Behavior\MethodCheckBehavior [ RunTime:0.001263s ]
INFO: [ url_dispatch ] --END-- [ RunTime:0.019242s ]
INFO: [ app_begin ] --START--
INFO: Run Behavior\ReadHtmlCacheBehavior [ RunTime:0.000852s ]
INFO: [ app_begin ] --END-- [ RunTime:0.000992s ]
SQL: SHOW COLUMNS FROM `user_behavior` [ RunTime:0.0085s ]
SQL: SELECT `code`,count(code) value FROM `user_behavior` WHERE `del_flg` = 0 AND ( `create_time` > '1543248000' AND `create_time` < '1543281286'  ) AND `company_id` = '1447247968' GROUP BY code  [ RunTime:0.0009s ]

[ 2018-11-27T09:14:47+08:00 ] ::1 /Home/GroupsService/typeGroupsLists/companyId/1447247968/type/10/token/fd64bbf794d699f601378d2dc350ea4b
INFO: [ app_init ] --START--
INFO: Run Behavior\BuildLiteBehavior [ RunTime:0.000020s ]
INFO: [ app_init ] --END-- [ RunTime:0.000425s ]
INFO: [ url_dispatch ] --START--
INFO: Run Lib\Behavior\SignCheckBehavior [ RunTime:0.001021s ]
INFO: Run Lib\Behavior\TokenCheckBehavior [ RunTime:0.029673s ]
INFO: Run Lib\Behavior\MethodCheckBehavior [ RunTime:0.000815s ]
INFO: [ url_dispatch ] --END-- [ RunTime:0.031729s ]
INFO: [ app_begin ] --START--
INFO: Run Behavior\ReadHtmlCacheBehavior [ RunTime:0.000609s ]
INFO: [ app_begin ] --END-- [ RunTime:0.000707s ]
SQL: SHOW COLUMNS FROM `groups` [ RunTime:0.0079s ]
SQL: SELECT `id`,`name`,`type` FROM `groups` WHERE `del_flg` = 0 AND `company_id` = '1447247968' AND `type` = 10  [ RunTime:0.0003s ]
SQL: SHOW COLUMNS FROM `vehicle` [ RunTime:0.0097s ]
SQL: SELECT v.* FROM vehicle v left join vehicle_groups as vg on vg.vehicle_id=v.id  WHERE v.del_flg = 0 AND v.company_id = '1447247968' GROUP BY v.id ORDER BY v.create_time desc  [ RunTime:0.0012s ]
SQL: SELECT v.* FROM vehicle v left join vehicle_groups as vg on vg.vehicle_id=v.id  WHERE v.del_flg = 0 AND v.company_id = '1447247968' AND vg.del_flg = 0 AND vg.group_id = '1326183120' GROUP BY vg.id ORDER BY v.create_time desc  [ RunTime:0.0008s ]
SQL: SELECT v.* FROM vehicle v left join vehicle_groups as vg on vg.vehicle_id=v.id  WHERE v.del_flg = 0 AND v.company_id = '1447247968' AND vg.del_flg = 0 AND vg.group_id = '3818165557' GROUP BY vg.id ORDER BY v.create_time desc  [ RunTime:0.0006s ]
SQL: SELECT v.* FROM vehicle v left join vehicle_groups as vg on vg.vehicle_id=v.id  WHERE v.del_flg = 0 AND v.company_id = '1447247968' AND vg.del_flg = 0 AND vg.group_id = '9582847534' GROUP BY vg.id ORDER BY v.create_time desc  [ RunTime:0.0006s ]

[ 2018-11-27T09:18:17+08:00 ] ::1 /Test/testRedis
INFO: [ app_init ] --START--
INFO: Run Behavior\BuildLiteBehavior [ RunTime:0.000029s ]
INFO: [ app_init ] --END-- [ RunTime:0.000646s ]
INFO: [ url_dispatch ] --START--
INFO: Run Lib\Behavior\SignCheckBehavior [ RunTime:0.001708s ]
INFO: Run Lib\Behavior\TokenCheckBehavior [ RunTime:0.001932s ]
INFO: Run Lib\Behavior\MethodCheckBehavior [ RunTime:0.000929s ]
INFO: [ url_dispatch ] --END-- [ RunTime:0.004903s ]
INFO: [ app_begin ] --START--
INFO: Run Behavior\ReadHtmlCacheBehavior [ RunTime:0.000806s ]
INFO: [ app_begin ] --END-- [ RunTime:0.000927s ]
ERR: 无法加载缓存类型:127.0.0.1

[ 2018-11-27T09:18:17+08:00 ] ::1 /favicon.ico
INFO: [ app_init ] --START--
INFO: Run Behavior\BuildLiteBehavior [ RunTime:0.000032s ]
INFO: [ app_init ] --END-- [ RunTime:0.000709s ]

[ 2018-11-27T09:19:15+08:00 ] ::1 /Test/testRedis
INFO: [ app_init ] --START--
INFO: Run Behavior\BuildLiteBehavior [ RunTime:0.000022s ]
INFO: [ app_init ] --END-- [ RunTime:0.000476s ]
INFO: [ url_dispatch ] --START--
INFO: Run Lib\Behavior\SignCheckBehavior [ RunTime:0.001374s ]
INFO: Run Lib\Behavior\TokenCheckBehavior [ RunTime:0.001478s ]
INFO: Run Lib\Behavior\MethodCheckBehavior [ RunTime:0.000784s ]
INFO: [ url_dispatch ] --END-- [ RunTime:0.003869s ]
INFO: [ app_begin ] --START--
INFO: Run Behavior\ReadHtmlCacheBehavior [ RunTime:0.000640s ]
INFO: [ app_begin ] --END-- [ RunTime:0.000737s ]
ERR: 无法加载缓存类型:127.0.0.1

[ 2018-11-27T09:19:16+08:00 ] ::1 /Test/testRedis
INFO: [ app_init ] --START--
INFO: Run Behavior\BuildLiteBehavior [ RunTime:0.000022s ]
INFO: [ app_init ] --END-- [ RunTime:0.000619s ]
INFO: [ url_dispatch ] --START--
INFO: Run Lib\Behavior\SignCheckBehavior [ RunTime:0.001441s ]
INFO: Run Lib\Behavior\TokenCheckBehavior [ RunTime:0.001556s ]
INFO: Run Lib\Behavior\MethodCheckBehavior [ RunTime:0.000814s ]
INFO: [ url_dispatch ] --END-- [ RunTime:0.004051s ]
INFO: [ app_begin ] --START--
INFO: Run Behavior\ReadHtmlCacheBehavior [ RunTime:0.000682s ]
INFO: [ app_begin ] --END-- [ RunTime:0.000775s ]
ERR: 无法加载缓存类型:127.0.0.1

[ 2018-11-27T09:21:37+08:00 ] ::1 /Test/testRedis
INFO: [ app_init ] --START--
INFO: Run Behavior\BuildLiteBehavior [ RunTime:0.000021s ]
INFO: [ app_init ] --END-- [ RunTime:0.000539s ]
INFO: [ url_dispatch ] --START--
INFO: Run Lib\Behavior\SignCheckBehavior [ RunTime:0.001296s ]
INFO: Run Lib\Behavior\TokenCheckBehavior [ RunTime:0.001556s ]
INFO: Run Lib\Behavior\MethodCheckBehavior [ RunTime:0.000829s ]
INFO: [ url_dispatch ] --END-- [ RunTime:0.003934s ]
INFO: [ app_begin ] --START--
INFO: Run Behavior\ReadHtmlCacheBehavior [ RunTime:0.000789s ]
INFO: [ app_begin ] --END-- [ RunTime:0.000897s ]
ERR: 无法加载缓存类型:127.0.0.1

[ 2018-11-27T09:50:08+08:00 ] ::1 /Test/testRedis
INFO: [ app_init ] --START--
INFO: Run Behavior\BuildLiteBehavior [ RunTime:0.000021s ]
INFO: [ app_init ] --END-- [ RunTime:0.000553s ]
INFO: [ url_dispatch ] --START--
INFO: Run Lib\Behavior\SignCheckBehavior [ RunTime:0.001630s ]
INFO: Run Lib\Behavior\TokenCheckBehavior [ RunTime:0.001495s ]
INFO: Run Lib\Behavior\MethodCheckBehavior [ RunTime:0.000768s ]
INFO: [ url_dispatch ] --END-- [ RunTime:0.004155s ]
INFO: [ app_begin ] --START--
INFO: Run Behavior\ReadHtmlCacheBehavior [ RunTime:0.000822s ]
INFO: [ app_begin ] --END-- [ RunTime:0.000925s ]
ERR: 无法加载缓存类型:127.0.0.1

[ 2018-11-27T09:54:18+08:00 ] ::1 /Test/testRedis
INFO: [ app_init ] --START--
INFO: Run Behavior\BuildLiteBehavior [ RunTime:0.000032s ]
INFO: [ app_init ] --END-- [ RunTime:0.000686s ]
INFO: [ url_dispatch ] --START--
INFO: Run Lib\Behavior\SignCheckBehavior [ RunTime:0.001909s ]
INFO: Run Lib\Behavior\TokenCheckBehavior [ RunTime:0.001620s ]
INFO: Run Lib\Behavior\MethodCheckBehavior [ RunTime:0.000712s ]
INFO: [ url_dispatch ] --END-- [ RunTime:0.004524s ]
INFO: [ app_begin ] --START--
INFO: Run Behavior\ReadHtmlCacheBehavior [ RunTime:0.000631s ]
INFO: [ app_begin ] --END-- [ RunTime:0.000720s ]

[ 2018-11-27T09:54:44+08:00 ] ::1 /Test/testRedis
INFO: [ app_init ] --START--
INFO: Run Behavior\BuildLiteBehavior [ RunTime:0.000021s ]
INFO: [ app_init ] --END-- [ RunTime:0.000459s ]
INFO: [ url_dispatch ] --START--
INFO: Run Lib\Behavior\SignCheckBehavior [ RunTime:0.001192s ]
INFO: Run Lib\Behavior\TokenCheckBehavior [ RunTime:0.001398s ]
INFO: Run Lib\Behavior\MethodCheckBehavior [ RunTime:0.000757s ]
INFO: [ url_dispatch ] --END-- [ RunTime:0.003573s ]
INFO: [ app_begin ] --START--
INFO: Run Behavior\ReadHtmlCacheBehavior [ RunTime:0.000694s ]
INFO: [ app_begin ] --END-- [ RunTime:0.000831s ]
INFO: [ app_end ] --START--
INFO: Run Behavior\ShowPageTraceBehavior [ RunTime:0.028948s ]
INFO: [ app_end ] --END-- [ RunTime:0.029088s ]

[ 2018-11-27T10:53:55+08:00 ] ::1 /Test/testRedis
INFO: [ app_init ] --START--
INFO: Run Behavior\BuildLiteBehavior [ RunTime:0.000033s ]
INFO: [ app_init ] --END-- [ RunTime:0.000785s ]
INFO: [ url_dispatch ] --START--
INFO: Run Lib\Behavior\SignCheckBehavior [ RunTime:0.001653s ]
INFO: Run Lib\Behavior\TokenCheckBehavior [ RunTime:0.001441s ]
INFO: Run Lib\Behavior\MethodCheckBehavior [ RunTime:0.000796s ]
INFO: [ url_dispatch ] --END-- [ RunTime:0.004158s ]
INFO: [ app_begin ] --START--
INFO: Run Behavior\ReadHtmlCacheBehavior [ RunTime:0.000623s ]
INFO: [ app_begin ] --END-- [ RunTime:0.000719s ]

[ 2018-11-27T10:56:36+08:00 ] ::1 /Test/testRedis
INFO: [ app_init ] --START--
INFO: Run Behavior\BuildLiteBehavior [ RunTime:0.000021s ]
INFO: [ app_init ] --END-- [ RunTime:0.000557s ]
INFO: [ url_dispatch ] --START--
INFO: Run Lib\Behavior\SignCheckBehavior [ RunTime:0.001289s ]
INFO: Run Lib\Behavior\TokenCheckBehavior [ RunTime:0.001657s ]
INFO: Run Lib\Behavior\MethodCheckBehavior [ RunTime:0.000801s ]
INFO: [ url_dispatch ] --END-- [ RunTime:0.003974s ]
INFO: [ app_begin ] --START--
INFO: Run Behavior\ReadHtmlCacheBehavior [ RunTime:0.000706s ]
INFO: [ app_begin ] --END-- [ RunTime:0.000811s ]
INFO: [ app_end ] --START--
INFO: Run Behavior\ShowPageTraceBehavior [ RunTime:0.000885s ]
INFO: [ app_end ] --END-- [ RunTime:0.001032s ]

[ 2018-11-27T11:16:17+08:00 ] ::1 /Test/testRedis
INFO: [ app_init ] --START--
INFO: Run Behavior\BuildLiteBehavior [ RunTime:0.000021s ]
INFO: [ app_init ] --END-- [ RunTime:0.000545s ]
INFO: [ url_dispatch ] --START--
INFO: Run Lib\Behavior\SignCheckBehavior [ RunTime:0.001306s ]
INFO: Run Lib\Behavior\TokenCheckBehavior [ RunTime:0.001759s ]
INFO: Run Lib\Behavior\MethodCheckBehavior [ RunTime:0.001073s ]
INFO: [ url_dispatch ] --END-- [ RunTime:0.004461s ]
INFO: [ app_begin ] --START--
INFO: Run Behavior\ReadHtmlCacheBehavior [ RunTime:0.000731s ]
INFO: [ app_begin ] --END-- [ RunTime:0.000853s ]
INFO: [ app_end ] --START--
INFO: Run Behavior\ShowPageTraceBehavior [ RunTime:0.000828s ]
INFO: [ app_end ] --END-- [ RunTime:0.000937s ]

[ 2018-11-27T14:10:07+08:00 ] ::1 /Test/testRedis
INFO: [ app_init ] --START--
INFO: Run Behavior\BuildLiteBehavior [ RunTime:0.000023s ]
INFO: [ app_init ] --END-- [ RunTime:0.000549s ]
INFO: [ url_dispatch ] --START--
INFO: Run Lib\Behavior\SignCheckBehavior [ RunTime:0.001505s ]
INFO: Run Lib\Behavior\TokenCheckBehavior [ RunTime:0.002037s ]
INFO: Run Lib\Behavior\MethodCheckBehavior [ RunTime:0.000948s ]
INFO: [ url_dispatch ] --END-- [ RunTime:0.004734s ]
INFO: [ app_begin ] --START--
INFO: Run Behavior\ReadHtmlCacheBehavior [ RunTime:0.000671s ]
INFO: [ app_begin ] --END-- [ RunTime:0.000764s ]
INFO: [ app_end ] --START--
INFO: Run Behavior\ShowPageTraceBehavior [ RunTime:0.000732s ]
INFO: [ app_end ] --END-- [ RunTime:0.000835s ]

[ 2018-11-27T14:11:30+08:00 ] ::1 /Test/testRedis
INFO: [ app_init ] --START--
INFO: Run Behavior\BuildLiteBehavior [ RunTime:0.000021s ]
INFO: [ app_init ] --END-- [ RunTime:0.000536s ]
INFO: [ url_dispatch ] --START--
INFO: Run Lib\Behavior\SignCheckBehavior [ RunTime:0.001335s ]
INFO: Run Lib\Behavior\TokenCheckBehavior [ RunTime:0.001572s ]
INFO: Run Lib\Behavior\MethodCheckBehavior [ RunTime:0.000826s ]
INFO: [ url_dispatch ] --END-- [ RunTime:0.003949s ]
INFO: [ app_begin ] --START--
INFO: Run Behavior\ReadHtmlCacheBehavior [ RunTime:0.000704s ]
INFO: [ app_begin ] --END-- [ RunTime:0.000818s ]
INFO: [ app_end ] --START--
INFO: Run Behavior\ShowPageTraceBehavior [ RunTime:0.000847s ]
INFO: [ app_end ] --END-- [ RunTime:0.000955s ]

[ 2018-11-27T14:14:31+08:00 ] ::1 /Test/testRedis
INFO: [ app_init ] --START--
INFO: Run Behavior\BuildLiteBehavior [ RunTime:0.000033s ]
INFO: [ app_init ] --END-- [ RunTime:0.000706s ]
INFO: [ url_dispatch ] --START--
INFO: Run Lib\Behavior\SignCheckBehavior [ RunTime:0.001715s ]
INFO: Run Lib\Behavior\TokenCheckBehavior [ RunTime:0.001991s ]
INFO: Run Lib\Behavior\MethodCheckBehavior [ RunTime:0.001100s ]
INFO: [ url_dispatch ] --END-- [ RunTime:0.005163s ]
INFO: [ app_begin ] --START--
INFO: Run Behavior\ReadHtmlCacheBehavior [ RunTime:0.000892s ]
INFO: [ app_begin ] --END-- [ RunTime:0.001048s ]
INFO: [ app_end ] --START--
INFO: Run Behavior\ShowPageTraceBehavior [ RunTime:0.000922s ]
INFO: [ app_end ] --END-- [ RunTime:0.001084s ]

[ 2018-11-27T14:19:29+08:00 ] ::1 /Test/testRedis
INFO: [ app_init ] --START--
INFO: Run Behavior\BuildLiteBehavior [ RunTime:0.000030s ]
INFO: [ app_init ] --END-- [ RunTime:0.000600s ]
INFO: [ url_dispatch ] --START--
INFO: Run Lib\Behavior\SignCheckBehavior [ RunTime:0.001079s ]
INFO: Run Lib\Behavior\TokenCheckBehavior [ RunTime:0.001425s ]
INFO: Run Lib\Behavior\MethodCheckBehavior [ RunTime:0.000856s ]
INFO: [ url_dispatch ] --END-- [ RunTime:0.003615s ]
INFO: [ app_begin ] --START--
INFO: Run Behavior\ReadHtmlCacheBehavior [ RunTime:0.000681s ]
INFO: [ app_begin ] --END-- [ RunTime:0.000785s ]
INFO: [ app_end ] --START--
INFO: Run Behavior\ShowPageTraceBehavior [ RunTime:0.000729s ]
INFO: [ app_end ] --END-- [ RunTime:0.000834s ]

[ 2018-11-27T14:29:39+08:00 ] ::1 /Test/testRedis
INFO: [ app_init ] --START--
INFO: Run Behavior\BuildLiteBehavior [ RunTime:0.000026s ]
INFO: [ app_init ] --END-- [ RunTime:0.000849s ]
INFO: [ url_dispatch ] --START--
INFO: Run Lib\Behavior\SignCheckBehavior [ RunTime:0.001485s ]
INFO: Run Lib\Behavior\TokenCheckBehavior [ RunTime:0.001605s ]
INFO: Run Lib\Behavior\MethodCheckBehavior [ RunTime:0.000856s ]
INFO: [ url_dispatch ] --END-- [ RunTime:0.004196s ]
INFO: [ app_begin ] --START--
INFO: Run Behavior\ReadHtmlCacheBehavior [ RunTime:0.000699s ]
INFO: [ app_begin ] --END-- [ RunTime:0.000805s ]
INFO: [ app_end ] --START--
INFO: Run Behavior\ShowPageTraceBehavior [ RunTime:0.000813s ]
INFO: [ app_end ] --END-- [ RunTime:0.000919s ]

[ 2018-11-27T14:30:26+08:00 ] ::1 /Test/testRedis
INFO: [ app_init ] --START--
INFO: Run Behavior\BuildLiteBehavior [ RunTime:0.000023s ]
INFO: [ app_init ] --END-- [ RunTime:0.000557s ]
INFO: [ url_dispatch ] --START--
INFO: Run Lib\Behavior\SignCheckBehavior [ RunTime:0.001177s ]
INFO: Run Lib\Behavior\TokenCheckBehavior [ RunTime:0.001575s ]
INFO: Run Lib\Behavior\MethodCheckBehavior [ RunTime:0.000794s ]
INFO: [ url_dispatch ] --END-- [ RunTime:0.003790s ]
INFO: [ app_begin ] --START--
INFO: Run Behavior\ReadHtmlCacheBehavior [ RunTime:0.000655s ]
INFO: [ app_begin ] --END-- [ RunTime:0.000760s ]
INFO: [ app_end ] --START--
INFO: Run Behavior\ShowPageTraceBehavior [ RunTime:0.001032s ]
INFO: [ app_end ] --END-- [ RunTime:0.001186s ]

[ 2018-11-27T14:45:26+08:00 ] ::1 /Test/testRedis
INFO: [ app_init ] --START--
INFO: Run Behavior\BuildLiteBehavior [ RunTime:0.000026s ]
INFO: [ app_init ] --END-- [ RunTime:0.000863s ]
INFO: [ url_dispatch ] --START--
INFO: Run Lib\Behavior\SignCheckBehavior [ RunTime:0.001347s ]
INFO: Run Lib\Behavior\TokenCheckBehavior [ RunTime:0.001515s ]
INFO: Run Lib\Behavior\MethodCheckBehavior [ RunTime:0.000823s ]
INFO: [ url_dispatch ] --END-- [ RunTime:0.003906s ]
INFO: [ app_begin ] --START--
INFO: Run Behavior\ReadHtmlCacheBehavior [ RunTime:0.000683s ]
INFO: [ app_begin ] --END-- [ RunTime:0.000775s ]
INFO: [ app_end ] --START--
INFO: Run Behavior\ShowPageTraceBehavior [ RunTime:0.000814s ]
INFO: [ app_end ] --END-- [ RunTime:0.000923s ]

[ 2018-11-27T14:55:42+08:00 ] ::1 /Test/testRedis
INFO: [ app_init ] --START--
INFO: Run Behavior\BuildLiteBehavior [ RunTime:0.000020s ]
INFO: [ app_init ] --END-- [ RunTime:0.000529s ]
INFO: [ url_dispatch ] --START--
INFO: Run Lib\Behavior\SignCheckBehavior [ RunTime:0.001197s ]
INFO: Run Lib\Behavior\TokenCheckBehavior [ RunTime:0.001636s ]
INFO: Run Lib\Behavior\MethodCheckBehavior [ RunTime:0.001053s ]
INFO: [ url_dispatch ] --END-- [ RunTime:0.004148s ]
INFO: [ app_begin ] --START--
INFO: Run Behavior\ReadHtmlCacheBehavior [ RunTime:0.000794s ]
INFO: [ app_begin ] --END-- [ RunTime:0.000904s ]
INFO: [ app_end ] --START--
INFO: Run Behavior\ShowPageTraceBehavior [ RunTime:0.000795s ]
INFO: [ app_end ] --END-- [ RunTime:0.000900s ]

[ 2018-11-27T14:56:31+08:00 ] ::1 /Test/testRedis
INFO: [ app_init ] --START--
INFO: Run Behavior\BuildLiteBehavior [ RunTime:0.000021s ]
INFO: [ app_init ] --END-- [ RunTime:0.000534s ]
INFO: [ url_dispatch ] --START--
INFO: Run Lib\Behavior\SignCheckBehavior [ RunTime:0.001228s ]
INFO: Run Lib\Behavior\TokenCheckBehavior [ RunTime:0.001536s ]
INFO: Run Lib\Behavior\MethodCheckBehavior [ RunTime:0.000832s ]
INFO: [ url_dispatch ] --END-- [ RunTime:0.003810s ]
INFO: [ app_begin ] --START--
INFO: Run Behavior\ReadHtmlCacheBehavior [ RunTime:0.000617s ]
INFO: [ app_begin ] --END-- [ RunTime:0.000709s ]
INFO: [ app_end ] --START--
INFO: Run Behavior\ShowPageTraceBehavior [ RunTime:0.000776s ]
INFO: [ app_end ] --END-- [ RunTime:0.000884s ]

[ 2018-11-27T14:57:02+08:00 ] ::1 /Test/testRedis
INFO: [ app_init ] --START--
INFO: Run Behavior\BuildLiteBehavior [ RunTime:0.000021s ]
INFO: [ app_init ] --END-- [ RunTime:0.000435s ]
INFO: [ url_dispatch ] --START--
INFO: Run Lib\Behavior\SignCheckBehavior [ RunTime:0.001288s ]
INFO: Run Lib\Behavior\TokenCheckBehavior [ RunTime:0.001439s ]
INFO: Run Lib\Behavior\MethodCheckBehavior [ RunTime:0.000789s ]
INFO: [ url_dispatch ] --END-- [ RunTime:0.003744s ]
INFO: [ app_begin ] --START--
INFO: Run Behavior\ReadHtmlCacheBehavior [ RunTime:0.000690s ]
INFO: [ app_begin ] --END-- [ RunTime:0.000786s ]
INFO: [ app_end ] --START--
INFO: Run Behavior\ShowPageTraceBehavior [ RunTime:0.000870s ]
INFO: [ app_end ] --END-- [ RunTime:0.000998s ]

[ 2018-11-27T14:57:04+08:00 ] ::1 /Test/testRedis
INFO: [ app_init ] --START--
INFO: Run Behavior\BuildLiteBehavior [ RunTime:0.000021s ]
INFO: [ app_init ] --END-- [ RunTime:0.000529s ]
INFO: [ url_dispatch ] --START--
INFO: Run Lib\Behavior\SignCheckBehavior [ RunTime:0.001190s ]
INFO: Run Lib\Behavior\TokenCheckBehavior [ RunTime:0.001535s ]
INFO: Run Lib\Behavior\MethodCheckBehavior [ RunTime:0.000836s ]
INFO: [ url_dispatch ] --END-- [ RunTime:0.003771s ]
INFO: [ app_begin ] --START--
INFO: Run Behavior\ReadHtmlCacheBehavior [ RunTime:0.000695s ]
INFO: [ app_begin ] --END-- [ RunTime:0.000787s ]
INFO: [ app_end ] --START--
INFO: Run Behavior\ShowPageTraceBehavior [ RunTime:0.000825s ]
INFO: [ app_end ] --END-- [ RunTime:0.000928s ]

[ 2018-11-27T14:57:07+08:00 ] ::1 /Test/testRedis
INFO: [ app_init ] --START--
INFO: Run Behavior\BuildLiteBehavior [ RunTime:0.000021s ]
INFO: [ app_init ] --END-- [ RunTime:0.000546s ]
INFO: [ url_dispatch ] --START--
INFO: Run Lib\Behavior\SignCheckBehavior [ RunTime:0.001357s ]
INFO: Run Lib\Behavior\TokenCheckBehavior [ RunTime:0.001598s ]
INFO: Run Lib\Behavior\MethodCheckBehavior [ RunTime:0.000861s ]
INFO: [ url_dispatch ] --END-- [ RunTime:0.004051s ]
INFO: [ app_begin ] --START--
INFO: Run Behavior\ReadHtmlCacheBehavior [ RunTime:0.000705s ]
INFO: [ app_begin ] --END-- [ RunTime:0.000796s ]
INFO: [ app_end ] --START--
INFO: Run Behavior\ShowPageTraceBehavior [ RunTime:0.000809s ]
INFO: [ app_end ] --END-- [ RunTime:0.000910s ]

[ 2018-11-27T14:57:07+08:00 ] ::1 /Test/testRedis
INFO: [ app_init ] --START--
INFO: Run Behavior\BuildLiteBehavior [ RunTime:0.000021s ]
INFO: [ app_init ] --END-- [ RunTime:0.000527s ]
INFO: [ url_dispatch ] --START--
INFO: Run Lib\Behavior\SignCheckBehavior [ RunTime:0.001241s ]
INFO: Run Lib\Behavior\TokenCheckBehavior [ RunTime:0.001545s ]
INFO: Run Lib\Behavior\MethodCheckBehavior [ RunTime:0.000847s ]
INFO: [ url_dispatch ] --END-- [ RunTime:0.003892s ]
INFO: [ app_begin ] --START--
INFO: Run Behavior\ReadHtmlCacheBehavior [ RunTime:0.000769s ]
INFO: [ app_begin ] --END-- [ RunTime:0.000868s ]
INFO: [ app_end ] --START--
INFO: Run Behavior\ShowPageTraceBehavior [ RunTime:0.000774s ]
INFO: [ app_end ] --END-- [ RunTime:0.000876s ]

[ 2018-11-27T14:57:08+08:00 ] ::1 /Test/testRedis
INFO: [ app_init ] --START--
INFO: Run Behavior\BuildLiteBehavior [ RunTime:0.000020s ]
INFO: [ app_init ] --END-- [ RunTime:0.000527s ]
INFO: [ url_dispatch ] --START--
INFO: Run Lib\Behavior\SignCheckBehavior [ RunTime:0.001124s ]
INFO: Run Lib\Behavior\TokenCheckBehavior [ RunTime:0.001642s ]
INFO: Run Lib\Behavior\MethodCheckBehavior [ RunTime:0.000826s ]
INFO: [ url_dispatch ] --END-- [ RunTime:0.003823s ]
INFO: [ app_begin ] --START--
INFO: Run Behavior\ReadHtmlCacheBehavior [ RunTime:0.000733s ]
INFO: [ app_begin ] --END-- [ RunTime:0.000842s ]
INFO: [ app_end ] --START--
INFO: Run Behavior\ShowPageTraceBehavior [ RunTime:0.000808s ]
INFO: [ app_end ] --END-- [ RunTime:0.000914s ]

[ 2018-11-27T14:57:17+08:00 ] ::1 /Test/testRedis
INFO: [ app_init ] --START--
INFO: Run Behavior\BuildLiteBehavior [ RunTime:0.000034s ]
INFO: [ app_init ] --END-- [ RunTime:0.000655s ]
INFO: [ url_dispatch ] --START--
INFO: Run Lib\Behavior\SignCheckBehavior [ RunTime:0.001559s ]
INFO: Run Lib\Behavior\TokenCheckBehavior [ RunTime:0.001805s ]
INFO: Run Lib\Behavior\MethodCheckBehavior [ RunTime:0.001012s ]
INFO: [ url_dispatch ] --END-- [ RunTime:0.004713s ]
INFO: [ app_begin ] --START--
INFO: Run Behavior\ReadHtmlCacheBehavior [ RunTime:0.000914s ]
INFO: [ app_begin ] --END-- [ RunTime:0.001087s ]
INFO: [ app_end ] --START--
INFO: Run Behavior\ShowPageTraceBehavior [ RunTime:0.001012s ]
INFO: [ app_end ] --END-- [ RunTime:0.001174s ]

[ 2018-11-27T14:57:36+08:00 ] ::1 /Test/testRedis
INFO: [ app_init ] --START--
INFO: Run Behavior\BuildLiteBehavior [ RunTime:0.000022s ]
INFO: [ app_init ] --END-- [ RunTime:0.000450s ]
INFO: [ url_dispatch ] --START--
INFO: Run Lib\Behavior\SignCheckBehavior [ RunTime:0.001220s ]
INFO: Run Lib\Behavior\TokenCheckBehavior [ RunTime:0.001888s ]
INFO: Run Lib\Behavior\MethodCheckBehavior [ RunTime:0.001263s ]
INFO: [ url_dispatch ] --END-- [ RunTime:0.004668s ]
INFO: [ app_begin ] --START--
INFO: Run Behavior\ReadHtmlCacheBehavior [ RunTime:0.000878s ]
INFO: [ app_begin ] --END-- [ RunTime:0.001030s ]
INFO: [ app_end ] --START--
INFO: Run Behavior\ShowPageTraceBehavior [ RunTime:0.000742s ]
INFO: [ app_end ] --END-- [ RunTime:0.000882s ]

[ 2018-11-27T14:57:56+08:00 ] ::1 /Test/testRedis
INFO: [ app_init ] --START--
INFO: Run Behavior\BuildLiteBehavior [ RunTime:0.000073s ]
INFO: [ app_init ] --END-- [ RunTime:0.000766s ]
INFO: [ url_dispatch ] --START--
INFO: Run Lib\Behavior\SignCheckBehavior [ RunTime:0.001131s ]
INFO: Run Lib\Behavior\TokenCheckBehavior [ RunTime:0.001510s ]
INFO: Run Lib\Behavior\MethodCheckBehavior [ RunTime:0.000759s ]
INFO: [ url_dispatch ] --END-- [ RunTime:0.003627s ]
INFO: [ app_begin ] --START--
INFO: Run Behavior\ReadHtmlCacheBehavior [ RunTime:0.000612s ]
INFO: [ app_begin ] --END-- [ RunTime:0.000704s ]
INFO: [ app_end ] --START--
INFO: Run Behavior\ShowPageTraceBehavior [ RunTime:0.001035s ]
INFO: [ app_end ] --END-- [ RunTime:0.001170s ]

[ 2018-11-27T16:02:37+08:00 ] ::1 /Test/testRedis
INFO: [ app_init ] --START--
INFO: Run Behavior\BuildLiteBehavior [ RunTime:0.000020s ]
INFO: [ app_init ] --END-- [ RunTime:0.000466s ]
INFO: [ url_dispatch ] --START--
INFO: Run Lib\Behavior\SignCheckBehavior [ RunTime:0.001057s ]
INFO: Run Lib\Behavior\TokenCheckBehavior [ RunTime:0.001647s ]
INFO: Run Lib\Behavior\MethodCheckBehavior [ RunTime:0.000915s ]
INFO: [ url_dispatch ] --END-- [ RunTime:0.003845s ]
INFO: [ app_begin ] --START--
INFO: Run Behavior\ReadHtmlCacheBehavior [ RunTime:0.000716s ]
INFO: [ app_begin ] --END-- [ RunTime:0.000806s ]
INFO: [ app_end ] --START--
INFO: Run Behavior\ShowPageTraceBehavior [ RunTime:0.000896s ]
INFO: [ app_end ] --END-- [ RunTime:0.001010s ]

[ 2018-11-27T16:02:51+08:00 ] ::1 /Test/testRedis
INFO: [ app_init ] --START--
INFO: Run Behavior\BuildLiteBehavior [ RunTime:0.000022s ]
INFO: [ app_init ] --END-- [ RunTime:0.000463s ]
INFO: [ url_dispatch ] --START--
INFO: Run Lib\Behavior\SignCheckBehavior [ RunTime:0.001700s ]
INFO: Run Lib\Behavior\TokenCheckBehavior [ RunTime:0.002175s ]
INFO: Run Lib\Behavior\MethodCheckBehavior [ RunTime:0.001140s ]
INFO: [ url_dispatch ] --END-- [ RunTime:0.005318s ]
INFO: [ app_begin ] --START--
INFO: Run Behavior\ReadHtmlCacheBehavior [ RunTime:0.000880s ]
INFO: [ app_begin ] --END-- [ RunTime:0.001023s ]
INFO: [ app_end ] --START--
INFO: Run Behavior\ShowPageTraceBehavior [ RunTime:0.000727s ]
INFO: [ app_end ] --END-- [ RunTime:0.000836s ]

[ 2018-11-27T18:18:57+08:00 ] ::1 /Home/System/getSystemSetting/companyId/1447247968/type/20/token/fd64bbf794d699f601378d2dc350ea4b
INFO: [ app_init ] --START--
INFO: Run Behavior\BuildLiteBehavior [ RunTime:0.000022s ]
INFO: [ app_init ] --END-- [ RunTime:0.000486s ]
INFO: [ url_dispatch ] --START--
INFO: Run Lib\Behavior\SignCheckBehavior [ RunTime:0.001391s ]

[ 2018-11-27T18:18:57+08:00 ] ::1 /Home/Login/refreshToken/refreshToken/fd64bbf794d699f601378d2dc350ea4b/token/fd64bbf794d699f601378d2dc350ea4b/type/10
INFO: [ app_init ] --START--
INFO: Run Behavior\BuildLiteBehavior [ RunTime:0.000033s ]
INFO: [ app_init ] --END-- [ RunTime:0.000693s ]
INFO: [ url_dispatch ] --START--
INFO: Run Lib\Behavior\SignCheckBehavior [ RunTime:0.001244s ]
INFO: Run Lib\Behavior\TokenCheckBehavior [ RunTime:0.003147s ]
INFO: Run Lib\Behavior\MethodCheckBehavior [ RunTime:0.000925s ]
INFO: [ url_dispatch ] --END-- [ RunTime:0.005554s ]
INFO: [ app_begin ] --START--
INFO: Run Behavior\ReadHtmlCacheBehavior [ RunTime:0.000818s ]
INFO: [ app_begin ] --END-- [ RunTime:0.000927s ]
SQL: SHOW COLUMNS FROM `admin_token` [ RunTime:0.0097s ]
SQL: SELECT * FROM `admin_token` WHERE `del_flg` = 0 AND `refresh_token` = 'fd64bbf794d699f601378d2dc350ea4b' LIMIT 1   [ RunTime:0.0006s ]
SQL: UPDATE `admin_token` SET `detail`='26e32ea8d0a2706016b2a36917c32f4b_2517844598',`update_time`='1543313937' WHERE `del_flg` = 0 AND `refresh_token` = 'fd64bbf794d699f601378d2dc350ea4b' [ RunTime:0.0303s ]

[ 2018-11-27T18:18:57+08:00 ] ::1 /Home/System/getSystemSetting/companyId/1447247968/type/20/token/26e32ea8d0a2706016b2a36917c32f4b
INFO: [ app_init ] --START--
INFO: Run Behavior\BuildLiteBehavior [ RunTime:0.000036s ]
INFO: [ app_init ] --END-- [ RunTime:0.000893s ]
INFO: [ url_dispatch ] --START--
INFO: Run Lib\Behavior\SignCheckBehavior [ RunTime:0.002660s ]
INFO: Run Lib\Behavior\TokenCheckBehavior [ RunTime:0.047098s ]
INFO: Run Lib\Behavior\MethodCheckBehavior [ RunTime:0.001584s ]
INFO: [ url_dispatch ] --END-- [ RunTime:0.051844s ]
INFO: [ app_begin ] --START--
INFO: Run Behavior\ReadHtmlCacheBehavior [ RunTime:0.001246s ]
INFO: [ app_begin ] --END-- [ RunTime:0.001418s ]
SQL: SHOW COLUMNS FROM `system_setting` [ RunTime:0.0174s ]
SQL: SELECT `value` FROM `system_setting` WHERE `type` = 20 AND `del_flg` = 0 AND `company_id` = '1447247968' LIMIT 1   [ RunTime:0.0009s ]

[ 2018-11-27T18:18:57+08:00 ] ::1 /Home/Admin/getAdminMsgCount/status/10/token/26e32ea8d0a2706016b2a36917c32f4b
INFO: [ app_init ] --START--
INFO: Run Behavior\BuildLiteBehavior [ RunTime:0.000023s ]
INFO: [ app_init ] --END-- [ RunTime:0.000563s ]
INFO: [ url_dispatch ] --START--
INFO: Run Lib\Behavior\SignCheckBehavior [ RunTime:0.001083s ]
INFO: Run Lib\Behavior\TokenCheckBehavior [ RunTime:0.019554s ]
INFO: Run Lib\Behavior\MethodCheckBehavior [ RunTime:0.000776s ]
INFO: [ url_dispatch ] --END-- [ RunTime:0.021650s ]
INFO: [ app_begin ] --START--
INFO: Run Behavior\ReadHtmlCacheBehavior [ RunTime:0.000701s ]
INFO: [ app_begin ] --END-- [ RunTime:0.000799s ]
SQL: SHOW COLUMNS FROM `admin_msg` [ RunTime:0.0106s ]
SQL: SELECT COUNT(*) AS tp_count FROM `admin_msg` WHERE `status` = '10' AND `admin_id` = '2517844598' LIMIT 1   [ RunTime:0.0004s ]

[ 2018-11-27T18:18:58+08:00 ] ::1 /Home/Device/deviceLists/name/null/serialNo/null/companyId/1447247968/pageSize/10/pageNo/1/token/26e32ea8d0a2706016b2a36917c32f4b
INFO: [ app_init ] --START--
INFO: Run Behavior\BuildLiteBehavior [ RunTime:0.000020s ]
INFO: [ app_init ] --END-- [ RunTime:0.000417s ]
INFO: [ url_dispatch ] --START--
INFO: Run Lib\Behavior\SignCheckBehavior [ RunTime:0.000984s ]
INFO: Run Lib\Behavior\TokenCheckBehavior [ RunTime:0.015073s ]
INFO: Run Lib\Behavior\MethodCheckBehavior [ RunTime:0.000959s ]
INFO: [ url_dispatch ] --END-- [ RunTime:0.017246s ]
INFO: [ app_begin ] --START--
INFO: Run Behavior\ReadHtmlCacheBehavior [ RunTime:0.000728s ]
INFO: [ app_begin ] --END-- [ RunTime:0.000836s ]
SQL: SHOW COLUMNS FROM `device` [ RunTime:0.0297s ]
SQL: SELECT COUNT(*) AS tp_count FROM device d left join company c on d.company_id = c.id  WHERE d.del_flg = 0 AND d.company_id = '1447247968' LIMIT 1   [ RunTime:0.0006s ]
SQL: SELECT d.*,c.name company_name FROM device d left join company c on d.company_id = c.id  WHERE d.del_flg = 0 AND d.company_id = '1447247968' ORDER BY d.create_time DESC LIMIT 0,10   [ RunTime:0.0004s ]
NOTIC: [8] Undefined index: active D:\wamp\www\wscloud\api\Application\Home\Controller\DeviceController.class.php 第 158 行.
NOTIC: [8] Undefined index: ty_ D:\wamp\www\wscloud\api\Application\Lib\Status.class.php 第 84 行.
NOTIC: [8] Undefined index: device_no D:\wamp\www\wscloud\api\Application\Home\Controller\DeviceController.class.php 第 159 行.
NOTIC: [8] Undefined index: active D:\wamp\www\wscloud\api\Application\Home\Controller\DeviceController.class.php 第 158 行.
NOTIC: [8] Undefined index: ty_ D:\wamp\www\wscloud\api\Application\Lib\Status.class.php 第 84 行.
NOTIC: [8] Undefined index: device_no D:\wamp\www\wscloud\api\Application\Home\Controller\DeviceController.class.php 第 159 行.
NOTIC: [8] Undefined index: active D:\wamp\www\wscloud\api\Application\Home\Controller\DeviceController.class.php 第 158 行.
NOTIC: [8] Undefined index: ty_ D:\wamp\www\wscloud\api\Application\Lib\Status.class.php 第 84 行.
NOTIC: [8] Undefined index: device_no D:\wamp\www\wscloud\api\Application\Home\Controller\DeviceController.class.php 第 159 行.
NOTIC: [8] Undefined index: active D:\wamp\www\wscloud\api\Application\Home\Controller\DeviceController.class.php 第 158 行.
NOTIC: [8] Undefined index: ty_ D:\wamp\www\wscloud\api\Application\Lib\Status.class.php 第 84 行.
NOTIC: [8] Undefined index: device_no D:\wamp\www\wscloud\api\Application\Home\Controller\DeviceController.class.php 第 159 行.
NOTIC: [8] Undefined index: active D:\wamp\www\wscloud\api\Application\Home\Controller\DeviceController.class.php 第 158 行.
NOTIC: [8] Undefined index: ty_ D:\wamp\www\wscloud\api\Application\Lib\Status.class.php 第 84 行.
NOTIC: [8] Undefined index: device_no D:\wamp\www\wscloud\api\Application\Home\Controller\DeviceController.class.php 第 159 行.
NOTIC: [8] Undefined index: active D:\wamp\www\wscloud\api\Application\Home\Controller\DeviceController.class.php 第 158 行.
NOTIC: [8] Undefined index: ty_ D:\wamp\www\wscloud\api\Application\Lib\Status.class.php 第 84 行.
NOTIC: [8] Undefined index: device_no D:\wamp\www\wscloud\api\Application\Home\Controller\DeviceController.class.php 第 159 行.

[ 2018-11-27T18:19:52+08:00 ] ::1 /Home/System/getSystemSetting/companyId/1447247968/type/20/token/26e32ea8d0a2706016b2a36917c32f4b
INFO: [ app_init ] --START--
INFO: Run Behavior\BuildLiteBehavior [ RunTime:0.000025s ]
INFO: [ app_init ] --END-- [ RunTime:0.000432s ]
INFO: [ url_dispatch ] --START--
INFO: Run Lib\Behavior\SignCheckBehavior [ RunTime:0.001070s ]
INFO: Run Lib\Behavior\TokenCheckBehavior [ RunTime:0.027810s ]
INFO: Run Lib\Behavior\MethodCheckBehavior [ RunTime:0.000889s ]
INFO: [ url_dispatch ] --END-- [ RunTime:0.030086s ]
INFO: [ app_begin ] --START--
INFO: Run Behavior\ReadHtmlCacheBehavior [ RunTime:0.000946s ]
INFO: [ app_begin ] --END-- [ RunTime:0.001094s ]
SQL: SHOW COLUMNS FROM `system_setting` [ RunTime:0.0119s ]
SQL: SELECT `value` FROM `system_setting` WHERE `type` = 20 AND `del_flg` = 0 AND `company_id` = '1447247968' LIMIT 1   [ RunTime:0.0005s ]

[ 2018-11-27T18:19:52+08:00 ] ::1 /Home/Admin/getAdminMsgCount/status/10/token/26e32ea8d0a2706016b2a36917c32f4b
INFO: [ app_init ] --START--
INFO: Run Behavior\BuildLiteBehavior [ RunTime:0.000036s ]
INFO: [ app_init ] --END-- [ RunTime:0.000736s ]
INFO: [ url_dispatch ] --START--
INFO: Run Lib\Behavior\SignCheckBehavior [ RunTime:0.001443s ]
INFO: Run Lib\Behavior\TokenCheckBehavior [ RunTime:0.018463s ]
INFO: Run Lib\Behavior\MethodCheckBehavior [ RunTime:0.001007s ]
INFO: [ url_dispatch ] --END-- [ RunTime:0.021263s ]
INFO: [ app_begin ] --START--
INFO: Run Behavior\ReadHtmlCacheBehavior [ RunTime:0.000852s ]
INFO: [ app_begin ] --END-- [ RunTime:0.000980s ]
SQL: SHOW COLUMNS FROM `admin_msg` [ RunTime:0.0121s ]
SQL: SELECT COUNT(*) AS tp_count FROM `admin_msg` WHERE `status` = '10' AND `admin_id` = '2517844598' LIMIT 1   [ RunTime:0.0004s ]

[ 2018-11-27T18:19:52+08:00 ] ::1 /Home/Device/deviceLists/name/null/serialNo/null/companyId/1447247968/pageSize/10/pageNo/1/token/26e32ea8d0a2706016b2a36917c32f4b
INFO: [ app_init ] --START--
INFO: Run Behavior\BuildLiteBehavior [ RunTime:0.000021s ]
INFO: [ app_init ] --END-- [ RunTime:0.000463s ]
INFO: [ url_dispatch ] --START--
INFO: Run Lib\Behavior\SignCheckBehavior [ RunTime:0.001105s ]
INFO: Run Lib\Behavior\TokenCheckBehavior [ RunTime:0.014636s ]
INFO: Run Lib\Behavior\MethodCheckBehavior [ RunTime:0.000720s ]
INFO: [ url_dispatch ] --END-- [ RunTime:0.016682s ]
INFO: [ app_begin ] --START--
INFO: Run Behavior\ReadHtmlCacheBehavior [ RunTime:0.000606s ]
INFO: [ app_begin ] --END-- [ RunTime:0.000710s ]
SQL: SHOW COLUMNS FROM `device` [ RunTime:0.0093s ]
SQL: SELECT COUNT(*) AS tp_count FROM device d left join company c on d.company_id = c.id  WHERE d.del_flg = 0 AND d.company_id = '1447247968' LIMIT 1   [ RunTime:0.0104s ]
SQL: SELECT d.*,c.name company_name FROM device d left join company c on d.company_id = c.id  WHERE d.del_flg = 0 AND d.company_id = '1447247968' ORDER BY d.create_time DESC LIMIT 0,10   [ RunTime:0.0004s ]
NOTIC: [8] Undefined index: active D:\wamp\www\wscloud\api\Application\Home\Controller\DeviceController.class.php 第 158 行.
NOTIC: [8] Undefined index: ty_ D:\wamp\www\wscloud\api\Application\Lib\Status.class.php 第 84 行.
NOTIC: [8] Undefined index: device_no D:\wamp\www\wscloud\api\Application\Home\Controller\DeviceController.class.php 第 159 行.
NOTIC: [8] Undefined index: active D:\wamp\www\wscloud\api\Application\Home\Controller\DeviceController.class.php 第 158 行.
NOTIC: [8] Undefined index: ty_ D:\wamp\www\wscloud\api\Application\Lib\Status.class.php 第 84 行.
NOTIC: [8] Undefined index: device_no D:\wamp\www\wscloud\api\Application\Home\Controller\DeviceController.class.php 第 159 行.
NOTIC: [8] Undefined index: active D:\wamp\www\wscloud\api\Application\Home\Controller\DeviceController.class.php 第 158 行.
NOTIC: [8] Undefined index: ty_ D:\wamp\www\wscloud\api\Application\Lib\Status.class.php 第 84 行.
NOTIC: [8] Undefined index: device_no D:\wamp\www\wscloud\api\Application\Home\Controller\DeviceController.class.php 第 159 行.
NOTIC: [8] Undefined index: active D:\wamp\www\wscloud\api\Application\Home\Controller\DeviceController.class.php 第 158 行.
NOTIC: [8] Undefined index: ty_ D:\wamp\www\wscloud\api\Application\Lib\Status.class.php 第 84 行.
NOTIC: [8] Undefined index: device_no D:\wamp\www\wscloud\api\Application\Home\Controller\DeviceController.class.php 第 159 行.
NOTIC: [8] Undefined index: active D:\wamp\www\wscloud\api\Application\Home\Controller\DeviceController.class.php 第 158 行.
NOTIC: [8] Undefined index: ty_ D:\wamp\www\wscloud\api\Application\Lib\Status.class.php 第 84 行.
NOTIC: [8] Undefined index: device_no D:\wamp\www\wscloud\api\Application\Home\Controller\DeviceController.class.php 第 159 行.
NOTIC: [8] Undefined index: active D:\wamp\www\wscloud\api\Application\Home\Controller\DeviceController.class.php 第 158 行.
NOTIC: [8] Undefined index: ty_ D:\wamp\www\wscloud\api\Application\Lib\Status.class.php 第 84 行.
NOTIC: [8] Undefined index: device_no D:\wamp\www\wscloud\api\Application\Home\Controller\DeviceController.class.php 第 159 行.

[ 2018-11-27T18:19:55+08:00 ] ::1 /Home/Device/getDeviceSettingInfo/token/26e32ea8d0a2706016b2a36917c32f4b
INFO: [ app_init ] --START--
INFO: Run Behavior\BuildLiteBehavior [ RunTime:0.000020s ]
INFO: [ app_init ] --END-- [ RunTime:0.000451s ]
INFO: [ url_dispatch ] --START--
INFO: Run Lib\Behavior\SignCheckBehavior [ RunTime:0.001060s ]
INFO: Run Lib\Behavior\TokenCheckBehavior [ RunTime:0.003058s ]
INFO: Run Lib\Behavior\MethodCheckBehavior [ RunTime:0.000702s ]
INFO: [ url_dispatch ] --END-- [ RunTime:0.005036s ]
INFO: [ app_begin ] --START--
INFO: Run Behavior\ReadHtmlCacheBehavior [ RunTime:0.000619s ]
INFO: [ app_begin ] --END-- [ RunTime:0.000781s ]

[ 2018-11-27T18:20:00+08:00 ] ::1 /Home/System/getSystemSetting/companyId/1447247968/type/20/token/26e32ea8d0a2706016b2a36917c32f4b
INFO: [ app_init ] --START--
INFO: Run Behavior\BuildLiteBehavior [ RunTime:0.000020s ]
INFO: [ app_init ] --END-- [ RunTime:0.000617s ]
INFO: [ url_dispatch ] --START--
INFO: Run Lib\Behavior\SignCheckBehavior [ RunTime:0.001185s ]
INFO: Run Lib\Behavior\TokenCheckBehavior [ RunTime:0.016624s ]
INFO: Run Lib\Behavior\MethodCheckBehavior [ RunTime:0.000818s ]
INFO: [ url_dispatch ] --END-- [ RunTime:0.018867s ]
INFO: [ app_begin ] --START--
INFO: Run Behavior\ReadHtmlCacheBehavior [ RunTime:0.000848s ]
INFO: [ app_begin ] --END-- [ RunTime:0.001011s ]
SQL: SHOW COLUMNS FROM `system_setting` [ RunTime:0.0395s ]
SQL: SELECT `value` FROM `system_setting` WHERE `type` = 20 AND `del_flg` = 0 AND `company_id` = '1447247968' LIMIT 1   [ RunTime:0.0003s ]

[ 2018-11-27T18:20:00+08:00 ] ::1 /Home/Admin/getAdminMsgCount/status/10/token/26e32ea8d0a2706016b2a36917c32f4b
INFO: [ app_init ] --START--
INFO: Run Behavior\BuildLiteBehavior [ RunTime:0.000024s ]
INFO: [ app_init ] --END-- [ RunTime:0.000651s ]
INFO: [ url_dispatch ] --START--
INFO: Run Lib\Behavior\SignCheckBehavior [ RunTime:0.001053s ]
INFO: Run Lib\Behavior\TokenCheckBehavior [ RunTime:0.326412s ]
INFO: Run Lib\Behavior\MethodCheckBehavior [ RunTime:0.001325s ]
INFO: [ url_dispatch ] --END-- [ RunTime:0.329134s ]
INFO: [ app_begin ] --START--
INFO: Run Behavior\ReadHtmlCacheBehavior [ RunTime:0.001108s ]
INFO: [ app_begin ] --END-- [ RunTime:0.001262s ]
SQL: SHOW COLUMNS FROM `admin_msg` [ RunTime:0.0141s ]
SQL: SELECT COUNT(*) AS tp_count FROM `admin_msg` WHERE `status` = '10' AND `admin_id` = '2517844598' LIMIT 1   [ RunTime:0.0003s ]

[ 2018-11-27T18:20:00+08:00 ] ::1 /Home/Device/deviceLists/name/null/serialNo/null/companyId/1447247968/pageSize/10/pageNo/1/token/26e32ea8d0a2706016b2a36917c32f4b
INFO: [ app_init ] --START--
INFO: Run Behavior\BuildLiteBehavior [ RunTime:0.000023s ]
INFO: [ app_init ] --END-- [ RunTime:0.000492s ]
INFO: [ url_dispatch ] --START--
INFO: Run Lib\Behavior\SignCheckBehavior [ RunTime:0.000972s ]
INFO: Run Lib\Behavior\TokenCheckBehavior [ RunTime:0.015148s ]
INFO: Run Lib\Behavior\MethodCheckBehavior [ RunTime:0.000879s ]
INFO: [ url_dispatch ] --END-- [ RunTime:0.017226s ]
INFO: [ app_begin ] --START--
INFO: Run Behavior\ReadHtmlCacheBehavior [ RunTime:0.000693s ]
INFO: [ app_begin ] --END-- [ RunTime:0.000786s ]
SQL: SHOW COLUMNS FROM `device` [ RunTime:0.0166s ]
SQL: SELECT COUNT(*) AS tp_count FROM device d left join company c on d.company_id = c.id  WHERE d.del_flg = 0 AND d.company_id = '1447247968' LIMIT 1   [ RunTime:0.0015s ]
SQL: SELECT d.*,c.name company_name FROM device d left join company c on d.company_id = c.id  WHERE d.del_flg = 0 AND d.company_id = '1447247968' ORDER BY d.create_time DESC LIMIT 0,10   [ RunTime:0.0005s ]
NOTIC: [8] Undefined index: active D:\wamp\www\wscloud\api\Application\Home\Controller\DeviceController.class.php 第 158 行.
NOTIC: [8] Undefined index: ty_ D:\wamp\www\wscloud\api\Application\Lib\Status.class.php 第 84 行.
NOTIC: [8] Undefined index: device_no D:\wamp\www\wscloud\api\Application\Home\Controller\DeviceController.class.php 第 159 行.
NOTIC: [8] Undefined index: active D:\wamp\www\wscloud\api\Application\Home\Controller\DeviceController.class.php 第 158 行.
NOTIC: [8] Undefined index: ty_ D:\wamp\www\wscloud\api\Application\Lib\Status.class.php 第 84 行.
NOTIC: [8] Undefined index: device_no D:\wamp\www\wscloud\api\Application\Home\Controller\DeviceController.class.php 第 159 行.
NOTIC: [8] Undefined index: active D:\wamp\www\wscloud\api\Application\Home\Controller\DeviceController.class.php 第 158 行.
NOTIC: [8] Undefined index: ty_ D:\wamp\www\wscloud\api\Application\Lib\Status.class.php 第 84 行.
NOTIC: [8] Undefined index: device_no D:\wamp\www\wscloud\api\Application\Home\Controller\DeviceController.class.php 第 159 行.
NOTIC: [8] Undefined index: active D:\wamp\www\wscloud\api\Application\Home\Controller\DeviceController.class.php 第 158 行.
NOTIC: [8] Undefined index: ty_ D:\wamp\www\wscloud\api\Application\Lib\Status.class.php 第 84 行.
NOTIC: [8] Undefined index: device_no D:\wamp\www\wscloud\api\Application\Home\Controller\DeviceController.class.php 第 159 行.
NOTIC: [8] Undefined index: active D:\wamp\www\wscloud\api\Application\Home\Controller\DeviceController.class.php 第 158 行.
NOTIC: [8] Undefined index: ty_ D:\wamp\www\wscloud\api\Application\Lib\Status.class.php 第 84 行.
NOTIC: [8] Undefined index: device_no D:\wamp\www\wscloud\api\Application\Home\Controller\DeviceController.class.php 第 159 行.
NOTIC: [8] Undefined index: active D:\wamp\www\wscloud\api\Application\Home\Controller\DeviceController.class.php 第 158 行.
NOTIC: [8] Undefined index: ty_ D:\wamp\www\wscloud\api\Application\Lib\Status.class.php 第 84 行.
NOTIC: [8] Undefined index: device_no D:\wamp\www\wscloud\api\Application\Home\Controller\DeviceController.class.php 第 159 行.

[ 2018-11-27T18:20:05+08:00 ] ::1 /Home/Device/getDeviceSettingInfo/token/26e32ea8d0a2706016b2a36917c32f4b
INFO: [ app_init ] --START--
INFO: Run Behavior\BuildLiteBehavior [ RunTime:0.000021s ]
INFO: [ app_init ] --END-- [ RunTime:0.000554s ]
INFO: [ url_dispatch ] --START--
INFO: Run Lib\Behavior\SignCheckBehavior [ RunTime:0.001260s ]
INFO: Run Lib\Behavior\TokenCheckBehavior [ RunTime:0.004309s ]
INFO: Run Lib\Behavior\MethodCheckBehavior [ RunTime:0.000904s ]
INFO: [ url_dispatch ] --END-- [ RunTime:0.006701s ]
INFO: [ app_begin ] --START--
INFO: Run Behavior\ReadHtmlCacheBehavior [ RunTime:0.000729s ]
INFO: [ app_begin ] --END-- [ RunTime:0.000822s ]

[ 2018-11-27T18:20:16+08:00 ] ::1 /Home/System/getSystemSetting/companyId/1447247968/type/20/token/26e32ea8d0a2706016b2a36917c32f4b
INFO: [ app_init ] --START--
INFO: Run Behavior\BuildLiteBehavior [ RunTime:0.000024s ]
INFO: [ app_init ] --END-- [ RunTime:0.000737s ]
INFO: [ url_dispatch ] --START--
INFO: Run Lib\Behavior\SignCheckBehavior [ RunTime:0.001211s ]
INFO: Run Lib\Behavior\TokenCheckBehavior [ RunTime:0.019608s ]
INFO: Run Lib\Behavior\MethodCheckBehavior [ RunTime:0.000750s ]
INFO: [ url_dispatch ] --END-- [ RunTime:0.021800s ]
INFO: [ app_begin ] --START--
INFO: Run Behavior\ReadHtmlCacheBehavior [ RunTime:0.000700s ]
INFO: [ app_begin ] --END-- [ RunTime:0.000790s ]
SQL: SHOW COLUMNS FROM `system_setting` [ RunTime:0.0332s ]
SQL: SELECT `value` FROM `system_setting` WHERE `type` = 20 AND `del_flg` = 0 AND `company_id` = '1447247968' LIMIT 1   [ RunTime:0.0004s ]

[ 2018-11-27T18:20:17+08:00 ] ::1 /Home/Admin/getAdminMsgCount/status/10/token/26e32ea8d0a2706016b2a36917c32f4b
INFO: [ app_init ] --START--
INFO: Run Behavior\BuildLiteBehavior [ RunTime:0.000020s ]
INFO: [ app_init ] --END-- [ RunTime:0.000521s ]
INFO: [ url_dispatch ] --START--
INFO: Run Lib\Behavior\SignCheckBehavior [ RunTime:0.001215s ]
INFO: Run Lib\Behavior\TokenCheckBehavior [ RunTime:0.151654s ]
INFO: Run Lib\Behavior\MethodCheckBehavior [ RunTime:0.002516s ]
INFO: [ url_dispatch ] --END-- [ RunTime:0.155919s ]
INFO: [ app_begin ] --START--
INFO: Run Behavior\ReadHtmlCacheBehavior [ RunTime:0.001653s ]
INFO: [ app_begin ] --END-- [ RunTime:0.001860s ]
SQL: SHOW COLUMNS FROM `admin_msg` [ RunTime:0.0142s ]
SQL: SELECT COUNT(*) AS tp_count FROM `admin_msg` WHERE `status` = '10' AND `admin_id` = '2517844598' LIMIT 1   [ RunTime:0.0005s ]

[ 2018-11-27T18:20:17+08:00 ] ::1 /Home/Device/deviceLists/name/null/serialNo/null/companyId/1447247968/pageSize/10/pageNo/1/token/26e32ea8d0a2706016b2a36917c32f4b
INFO: [ app_init ] --START--
INFO: Run Behavior\BuildLiteBehavior [ RunTime:0.000021s ]
INFO: [ app_init ] --END-- [ RunTime:0.000537s ]
INFO: [ url_dispatch ] --START--
INFO: Run Lib\Behavior\SignCheckBehavior [ RunTime:0.002201s ]
INFO: Run Lib\Behavior\TokenCheckBehavior [ RunTime:0.030410s ]
INFO: Run Lib\Behavior\MethodCheckBehavior [ RunTime:0.001389s ]
INFO: [ url_dispatch ] --END-- [ RunTime:0.034411s ]
INFO: [ app_begin ] --START--
INFO: Run Behavior\ReadHtmlCacheBehavior [ RunTime:0.001462s ]
INFO: [ app_begin ] --END-- [ RunTime:0.001617s ]
SQL: SHOW COLUMNS FROM `device` [ RunTime:0.0122s ]
SQL: SELECT COUNT(*) AS tp_count FROM device d left join company c on d.company_id = c.id  WHERE d.del_flg = 0 AND d.company_id = '1447247968' LIMIT 1   [ RunTime:0.0004s ]
SQL: SELECT d.*,c.name company_name FROM device d left join company c on d.company_id = c.id  WHERE d.del_flg = 0 AND d.company_id = '1447247968' ORDER BY d.create_time DESC LIMIT 0,10   [ RunTime:0.0003s ]
NOTIC: [8] Undefined index: active D:\wamp\www\wscloud\api\Application\Home\Controller\DeviceController.class.php 第 158 行.
NOTIC: [8] Undefined index: ty_ D:\wamp\www\wscloud\api\Application\Lib\Status.class.php 第 84 行.
NOTIC: [8] Undefined index: device_no D:\wamp\www\wscloud\api\Application\Home\Controller\DeviceController.class.php 第 159 行.
NOTIC: [8] Undefined index: active D:\wamp\www\wscloud\api\Application\Home\Controller\DeviceController.class.php 第 158 行.
NOTIC: [8] Undefined index: ty_ D:\wamp\www\wscloud\api\Application\Lib\Status.class.php 第 84 行.
NOTIC: [8] Undefined index: device_no D:\wamp\www\wscloud\api\Application\Home\Controller\DeviceController.class.php 第 159 行.
NOTIC: [8] Undefined index: active D:\wamp\www\wscloud\api\Application\Home\Controller\DeviceController.class.php 第 158 行.
NOTIC: [8] Undefined index: ty_ D:\wamp\www\wscloud\api\Application\Lib\Status.class.php 第 84 行.
NOTIC: [8] Undefined index: device_no D:\wamp\www\wscloud\api\Application\Home\Controller\DeviceController.class.php 第 159 行.
NOTIC: [8] Undefined index: active D:\wamp\www\wscloud\api\Application\Home\Controller\DeviceController.class.php 第 158 行.
NOTIC: [8] Undefined index: ty_ D:\wamp\www\wscloud\api\Application\Lib\Status.class.php 第 84 行.
NOTIC: [8] Undefined index: device_no D:\wamp\www\wscloud\api\Application\Home\Controller\DeviceController.class.php 第 159 行.
NOTIC: [8] Undefined index: active D:\wamp\www\wscloud\api\Application\Home\Controller\DeviceController.class.php 第 158 行.
NOTIC: [8] Undefined index: ty_ D:\wamp\www\wscloud\api\Application\Lib\Status.class.php 第 84 行.
NOTIC: [8] Undefined index: device_no D:\wamp\www\wscloud\api\Application\Home\Controller\DeviceController.class.php 第 159 行.
NOTIC: [8] Undefined index: active D:\wamp\www\wscloud\api\Application\Home\Controller\DeviceController.class.php 第 158 行.
NOTIC: [8] Undefined index: ty_ D:\wamp\www\wscloud\api\Application\Lib\Status.class.php 第 84 行.
NOTIC: [8] Undefined index: device_no D:\wamp\www\wscloud\api\Application\Home\Controller\DeviceController.class.php 第 159 行.

[ 2018-11-27T18:20:19+08:00 ] ::1 /Home/System/getSystemSetting/companyId/1447247968/type/20/token/26e32ea8d0a2706016b2a36917c32f4b
INFO: [ app_init ] --START--
INFO: Run Behavior\BuildLiteBehavior [ RunTime:0.000023s ]
INFO: [ app_init ] --END-- [ RunTime:0.000571s ]
INFO: [ url_dispatch ] --START--
INFO: Run Lib\Behavior\SignCheckBehavior [ RunTime:0.001533s ]
INFO: Run Lib\Behavior\TokenCheckBehavior [ RunTime:0.018950s ]
INFO: Run Lib\Behavior\MethodCheckBehavior [ RunTime:0.000930s ]
INFO: [ url_dispatch ] --END-- [ RunTime:0.021674s ]
INFO: [ app_begin ] --START--
INFO: Run Behavior\ReadHtmlCacheBehavior [ RunTime:0.000896s ]
INFO: [ app_begin ] --END-- [ RunTime:0.001021s ]
SQL: SHOW COLUMNS FROM `system_setting` [ RunTime:0.0098s ]
SQL: SELECT `value` FROM `system_setting` WHERE `type` = 20 AND `del_flg` = 0 AND `company_id` = '1447247968' LIMIT 1   [ RunTime:0.0003s ]

[ 2018-11-27T18:20:19+08:00 ] ::1 /Home/Admin/getAdminMsgCount/status/10/token/26e32ea8d0a2706016b2a36917c32f4b
INFO: [ app_init ] --START--
INFO: Run Behavior\BuildLiteBehavior [ RunTime:0.000020s ]
INFO: [ app_init ] --END-- [ RunTime:0.000550s ]
INFO: [ url_dispatch ] --START--
INFO: Run Lib\Behavior\SignCheckBehavior [ RunTime:0.001538s ]
INFO: Run Lib\Behavior\TokenCheckBehavior [ RunTime:0.019970s ]
INFO: Run Lib\Behavior\MethodCheckBehavior [ RunTime:0.000989s ]
INFO: [ url_dispatch ] --END-- [ RunTime:0.022771s ]
INFO: [ app_begin ] --START--
INFO: Run Behavior\ReadHtmlCacheBehavior [ RunTime:0.000902s ]
INFO: [ app_begin ] --END-- [ RunTime:0.001032s ]
SQL: SHOW COLUMNS FROM `admin_msg` [ RunTime:0.0104s ]
SQL: SELECT COUNT(*) AS tp_count FROM `admin_msg` WHERE `status` = '10' AND `admin_id` = '2517844598' LIMIT 1   [ RunTime:0.0003s ]

[ 2018-11-27T18:20:27+08:00 ] ::1 /Home/Device/ajaxSaveDeviceSetting/token/26e32ea8d0a2706016b2a36917c32f4b
INFO: [ app_init ] --START--
INFO: Run Behavior\BuildLiteBehavior [ RunTime:0.000020s ]
INFO: [ app_init ] --END-- [ RunTime:0.000430s ]
INFO: [ url_dispatch ] --START--
INFO: Run Lib\Behavior\SignCheckBehavior [ RunTime:0.001779s ]
INFO: Run Lib\Behavior\TokenCheckBehavior [ RunTime:0.016281s ]
INFO: Run Lib\Behavior\MethodCheckBehavior [ RunTime:0.001156s ]
INFO: [ url_dispatch ] --END-- [ RunTime:0.019506s ]
INFO: [ app_begin ] --START--
INFO: Run Behavior\ReadHtmlCacheBehavior [ RunTime:0.000847s ]
INFO: [ app_begin ] --END-- [ RunTime:0.000957s ]

[ 2018-11-27T18:20:34+08:00 ] ::1 /Home/System/getSystemSetting/companyId/1447247968/type/20/token/26e32ea8d0a2706016b2a36917c32f4b
INFO: [ app_init ] --START--
INFO: Run Behavior\BuildLiteBehavior [ RunTime:0.000021s ]
INFO: [ app_init ] --END-- [ RunTime:0.000460s ]
INFO: [ url_dispatch ] --START--
INFO: Run Lib\Behavior\SignCheckBehavior [ RunTime:0.001123s ]
INFO: Run Lib\Behavior\TokenCheckBehavior [ RunTime:0.016418s ]
INFO: Run Lib\Behavior\MethodCheckBehavior [ RunTime:0.000744s ]
INFO: [ url_dispatch ] --END-- [ RunTime:0.018517s ]
INFO: [ app_begin ] --START--
INFO: Run Behavior\ReadHtmlCacheBehavior [ RunTime:0.000704s ]
INFO: [ app_begin ] --END-- [ RunTime:0.000792s ]
SQL: SHOW COLUMNS FROM `system_setting` [ RunTime:0.0103s ]
SQL: SELECT `value` FROM `system_setting` WHERE `type` = 20 AND `del_flg` = 0 AND `company_id` = '1447247968' LIMIT 1   [ RunTime:0.0003s ]

[ 2018-11-27T18:20:34+08:00 ] ::1 /Home/Admin/getAdminMsgCount/status/10/token/26e32ea8d0a2706016b2a36917c32f4b
INFO: [ app_init ] --START--
INFO: Run Behavior\BuildLiteBehavior [ RunTime:0.000021s ]
INFO: [ app_init ] --END-- [ RunTime:0.000505s ]
INFO: [ url_dispatch ] --START--
INFO: Run Lib\Behavior\SignCheckBehavior [ RunTime:0.001275s ]
INFO: Run Lib\Behavior\TokenCheckBehavior [ RunTime:0.029477s ]
INFO: Run Lib\Behavior\MethodCheckBehavior [ RunTime:0.000759s ]
INFO: [ url_dispatch ] --END-- [ RunTime:0.031731s ]
INFO: [ app_begin ] --START--
INFO: Run Behavior\ReadHtmlCacheBehavior [ RunTime:0.000756s ]
INFO: [ app_begin ] --END-- [ RunTime:0.000848s ]
SQL: SHOW COLUMNS FROM `admin_msg` [ RunTime:0.0103s ]
SQL: SELECT COUNT(*) AS tp_count FROM `admin_msg` WHERE `status` = '10' AND `admin_id` = '2517844598' LIMIT 1   [ RunTime:0.0003s ]

