[ 2018-12-04T14:10:21+08:00 ] ::1 /Home/System/getSystemSetting/companyId//type/20/token/null
INFO: [ app_init ] --START--
INFO: Run Behavior\BuildLiteBehavior [ RunTime:0.000020s ]
INFO: [ app_init ] --END-- [ RunTime:0.000795s ]
INFO: [ url_dispatch ] --START--
INFO: Run Lib\Behavior\SignCheckBehavior [ RunTime:0.045765s ]
NOTIC: [8] Undefined index: token D:\wamp\www\wscloud\api\Application\Lib\Behavior\TokenCheckBehavior.class.php 第 35 行.
ERR: Redis server went away

[ 2018-12-04T14:10:23+08:00 ] ::1 /Home/Admin/getAdminMsgCount/status/10/token/null
INFO: [ app_init ] --START--
INFO: Run Behavior\BuildLiteBehavior [ RunTime:0.000030s ]
INFO: [ app_init ] --END-- [ RunTime:0.000543s ]
INFO: [ url_dispatch ] --START--
INFO: Run Lib\Behavior\SignCheckBehavior [ RunTime:0.001191s ]
ERR: Redis server went away

[ 2018-12-04T14:12:28+08:00 ] ::1 /Home/login/login/account/13161934946/password/123456/type/10/token/null
INFO: [ app_init ] --START--
INFO: Run Behavior\BuildLiteBehavior [ RunTime:0.000033s ]
INFO: [ app_init ] --END-- [ RunTime:0.000718s ]
INFO: [ url_dispatch ] --START--
INFO: Run Lib\Behavior\SignCheckBehavior [ RunTime:0.001815s ]
INFO: Run Lib\Behavior\TokenCheckBehavior [ RunTime:0.048572s ]
INFO: Run Lib\Behavior\MethodCheckBehavior [ RunTime:0.038544s ]
INFO: [ url_dispatch ] --END-- [ RunTime:0.089256s ]
INFO: [ app_begin ] --START--
INFO: Run Behavior\ReadHtmlCacheBehavior [ RunTime:0.025377s ]
INFO: [ app_begin ] --END-- [ RunTime:0.025579s ]
SQL: SHOW COLUMNS FROM `admin` [ RunTime:0.0194s ]
SQL: SELECT a.*,c.name company_name FROM admin a left join company as c on a.company_id = c.id  WHERE (  a.account = '13161934946' OR a.phone = '13161934946' OR a.email = '13161934946' ) AND a.password = 'e10adc3949ba59abbe56e057f20f883e' AND a.status = 10 AND a.del_flg = 0 LIMIT 1   [ RunTime:0.0475s ]
ERR: Redis server went away

[ 2018-12-04T14:14:09+08:00 ] ::1 /Home/login/login/account/13161934946/password/123456/type/10/token/null
INFO: [ app_init ] --START--
INFO: Run Behavior\BuildLiteBehavior [ RunTime:0.000048s ]
INFO: [ app_init ] --END-- [ RunTime:0.001226s ]
INFO: [ url_dispatch ] --START--
INFO: Run Lib\Behavior\SignCheckBehavior [ RunTime:0.001352s ]
INFO: Run Lib\Behavior\TokenCheckBehavior [ RunTime:0.003610s ]
INFO: Run Lib\Behavior\MethodCheckBehavior [ RunTime:0.001039s ]
INFO: [ url_dispatch ] --END-- [ RunTime:0.006343s ]
INFO: [ app_begin ] --START--
INFO: Run Behavior\ReadHtmlCacheBehavior [ RunTime:0.000728s ]
INFO: [ app_begin ] --END-- [ RunTime:0.001023s ]
SQL: SHOW COLUMNS FROM `admin` [ RunTime:0.0083s ]
SQL: SELECT a.*,c.name company_name FROM admin a left join company as c on a.company_id = c.id  WHERE (  a.account = '13161934946' OR a.phone = '13161934946' OR a.email = '13161934946' ) AND a.password = 'e10adc3949ba59abbe56e057f20f883e' AND a.status = 10 AND a.del_flg = 0 LIMIT 1   [ RunTime:0.0004s ]
SQL: SHOW COLUMNS FROM `admin_token` [ RunTime:0.0145s ]
SQL: SELECT * FROM `admin_token` WHERE `admin_id` = '2517844598' AND `del_flg` = 0 AND `type` = 10 LIMIT 1   [ RunTime:0.0144s ]
SQL: UPDATE `admin_token` SET `refresh_token`='98c715cb8ddd0526917bb32f25129e69',`detail`='98c715cb8ddd0526917bb32f25129e69_2517844598',`type`='10',`expire_time`='0',`update_time`='1543904049' WHERE `admin_id` = '2517844598' AND `del_flg` = 0 AND `type` = 10 [ RunTime:0.0439s ]
SQL: SHOW COLUMNS FROM `company` [ RunTime:0.0142s ]
SQL: SELECT * FROM `company` WHERE `id` = '1447247968' AND `del_flg` = 0 LIMIT 1   [ RunTime:0.0005s ]
SQL: SHOW COLUMNS FROM `company_package` [ RunTime:0.0148s ]
SQL: SELECT * FROM `company_package` WHERE `company_id` = '1447247968' AND `start_time` <= 1543904049 AND `end_time` > 1543904049 AND `status` = 10 AND `del_flg` = 0 LIMIT 1   [ RunTime:0.0216s ]

[ 2018-12-04T14:14:10+08:00 ] ::1 /Home/Company/checkStatus/companyId/1447247968/token/98c715cb8ddd0526917bb32f25129e69
INFO: [ app_init ] --START--
INFO: Run Behavior\BuildLiteBehavior [ RunTime:0.000020s ]
INFO: [ app_init ] --END-- [ RunTime:0.000518s ]
INFO: [ url_dispatch ] --START--
INFO: Run Lib\Behavior\SignCheckBehavior [ RunTime:0.001189s ]
INFO: Run Lib\Behavior\TokenCheckBehavior [ RunTime:0.282564s ]
INFO: Run Lib\Behavior\MethodCheckBehavior [ RunTime:0.002004s ]
INFO: [ url_dispatch ] --END-- [ RunTime:0.286079s ]
INFO: [ app_begin ] --START--
INFO: Run Behavior\ReadHtmlCacheBehavior [ RunTime:0.001687s ]
INFO: [ app_begin ] --END-- [ RunTime:0.001952s ]
SQL: SHOW COLUMNS FROM `company` [ RunTime:0.0147s ]
SQL: SELECT * FROM `company` WHERE `id` = '1447247968' AND `del_flg` = 0 LIMIT 1   [ RunTime:0.0006s ]

[ 2018-12-04T14:14:11+08:00 ] ::1 /Home/DrivingMonitor/statBehavior/companyId/1447247968/startTime/1541312050/endTime/1543904050/token/98c715cb8ddd0526917bb32f25129e69
INFO: [ app_init ] --START--
INFO: Run Behavior\BuildLiteBehavior [ RunTime:0.000022s ]
INFO: [ app_init ] --END-- [ RunTime:0.000596s ]
INFO: [ url_dispatch ] --START--
INFO: Run Lib\Behavior\SignCheckBehavior [ RunTime:0.001460s ]
INFO: Run Lib\Behavior\TokenCheckBehavior [ RunTime:0.393488s ]
INFO: Run Lib\Behavior\MethodCheckBehavior [ RunTime:0.003795s ]
INFO: [ url_dispatch ] --END-- [ RunTime:0.399505s ]
INFO: [ app_begin ] --START--
INFO: Run Behavior\ReadHtmlCacheBehavior [ RunTime:0.003647s ]
INFO: [ app_begin ] --END-- [ RunTime:0.004204s ]
SQL: SHOW COLUMNS FROM `user_behavior` [ RunTime:0.0238s ]
SQL: SELECT count(1) count,`code` FROM `user_behavior` WHERE `del_flg` = 0 AND `company_id` = '1447247968' AND ( `create_time` >= '1541312050' AND `create_time` < '1543904050'  ) GROUP BY code ORDER BY count desc LIMIT 6   [ RunTime:0.0014s ]

[ 2018-12-04T14:14:11+08:00 ] ::1 /Home/System/getSystemSetting/companyId/1447247968/type/20/token/98c715cb8ddd0526917bb32f25129e69
INFO: [ app_init ] --START--
INFO: Run Behavior\BuildLiteBehavior [ RunTime:0.000028s ]
INFO: [ app_init ] --END-- [ RunTime:0.000724s ]
INFO: [ url_dispatch ] --START--
INFO: Run Lib\Behavior\SignCheckBehavior [ RunTime:0.001611s ]
INFO: Run Lib\Behavior\TokenCheckBehavior [ RunTime:0.277822s ]
INFO: Run Lib\Behavior\MethodCheckBehavior [ RunTime:0.003831s ]
INFO: [ url_dispatch ] --END-- [ RunTime:0.284079s ]
INFO: [ app_begin ] --START--
INFO: Run Behavior\ReadHtmlCacheBehavior [ RunTime:0.003246s ]
INFO: [ app_begin ] --END-- [ RunTime:0.003758s ]
SQL: SHOW COLUMNS FROM `system_setting` [ RunTime:0.0208s ]
SQL: SELECT `value` FROM `system_setting` WHERE `type` = 20 AND `del_flg` = 0 AND `company_id` = '1447247968' LIMIT 1   [ RunTime:0.0005s ]

[ 2018-12-04T14:14:11+08:00 ] ::1 /Home/Admin/getAdminMsgCount/status/10/token/98c715cb8ddd0526917bb32f25129e69
INFO: [ app_init ] --START--
INFO: Run Behavior\BuildLiteBehavior [ RunTime:0.000020s ]
INFO: [ app_init ] --END-- [ RunTime:0.000385s ]
INFO: [ url_dispatch ] --START--
INFO: Run Lib\Behavior\SignCheckBehavior [ RunTime:0.000991s ]
INFO: Run Lib\Behavior\TokenCheckBehavior [ RunTime:0.343613s ]
INFO: Run Lib\Behavior\MethodCheckBehavior [ RunTime:0.003364s ]
INFO: [ url_dispatch ] --END-- [ RunTime:0.348664s ]
INFO: [ app_begin ] --START--
INFO: Run Behavior\ReadHtmlCacheBehavior [ RunTime:0.002666s ]
INFO: [ app_begin ] --END-- [ RunTime:0.003077s ]
SQL: SHOW COLUMNS FROM `admin_msg` [ RunTime:0.0214s ]
SQL: SELECT COUNT(*) AS tp_count FROM `admin_msg` WHERE `status` = '10' AND `admin_id` = '2517844598' LIMIT 1   [ RunTime:0.0011s ]

[ 2018-12-04T14:14:13+08:00 ] ::1 /Home/DrivingMonitor/statByTimeGroup/companyId/1447247968/startTime/1543593600/endTime/1543939200/token/98c715cb8ddd0526917bb32f25129e69
INFO: [ app_init ] --START--
INFO: Run Behavior\BuildLiteBehavior [ RunTime:0.000050s ]
INFO: [ app_init ] --END-- [ RunTime:0.001249s ]
INFO: [ url_dispatch ] --START--
INFO: Run Lib\Behavior\SignCheckBehavior [ RunTime:0.001426s ]
INFO: Run Lib\Behavior\TokenCheckBehavior [ RunTime:0.186836s ]
INFO: Run Lib\Behavior\MethodCheckBehavior [ RunTime:0.002440s ]
INFO: [ url_dispatch ] --END-- [ RunTime:0.191258s ]
INFO: [ app_begin ] --START--
INFO: Run Behavior\ReadHtmlCacheBehavior [ RunTime:0.002179s ]
INFO: [ app_begin ] --END-- [ RunTime:0.002528s ]
SQL: SHOW COLUMNS FROM `user_behavior` [ RunTime:0.0148s ]
SQL: SELECT FROM_UNIXTIME(create_time, "%H") time,count(1) count,`code` FROM `user_behavior` WHERE `del_flg` = 0 AND `company_id` = '1447247968' AND ( `create_time` >= '1543593600' AND `create_time` < '1543939200'  ) GROUP BY code ,time  [ RunTime:0.0403s ]

[ 2018-12-04T14:14:16+08:00 ] ::1 /Home/Device/getCompanyDeviceSetting/company_id/1447247968/token/98c715cb8ddd0526917bb32f25129e69
INFO: [ app_init ] --START--
INFO: Run Behavior\BuildLiteBehavior [ RunTime:0.000022s ]
INFO: [ app_init ] --END-- [ RunTime:0.000673s ]
INFO: [ url_dispatch ] --START--
INFO: Run Lib\Behavior\SignCheckBehavior [ RunTime:0.001167s ]
INFO: Run Lib\Behavior\TokenCheckBehavior [ RunTime:0.179573s ]
INFO: Run Lib\Behavior\MethodCheckBehavior [ RunTime:0.002417s ]
INFO: [ url_dispatch ] --END-- [ RunTime:0.183546s ]
INFO: [ app_begin ] --START--
INFO: Run Behavior\ReadHtmlCacheBehavior [ RunTime:0.001846s ]
INFO: [ app_begin ] --END-- [ RunTime:0.002242s ]
SQL: SHOW COLUMNS FROM `device_setting` [ RunTime:0.0105s ]
SQL: SELECT * FROM `device_setting` WHERE `company_id` = '1447247968'  [ RunTime:0.0007s ]

[ 2018-12-04T14:14:16+08:00 ] ::1 /Home/System/getSystemSetting/companyId/1447247968/type/20/token/98c715cb8ddd0526917bb32f25129e69
INFO: [ app_init ] --START--
INFO: Run Behavior\BuildLiteBehavior [ RunTime:0.000020s ]
INFO: [ app_init ] --END-- [ RunTime:0.000432s ]
INFO: [ url_dispatch ] --START--
INFO: Run Lib\Behavior\SignCheckBehavior [ RunTime:0.000956s ]
INFO: Run Lib\Behavior\TokenCheckBehavior [ RunTime:0.176560s ]
INFO: Run Lib\Behavior\MethodCheckBehavior [ RunTime:0.001535s ]
INFO: [ url_dispatch ] --END-- [ RunTime:0.179450s ]
INFO: [ app_begin ] --START--
INFO: Run Behavior\ReadHtmlCacheBehavior [ RunTime:0.001239s ]
INFO: [ app_begin ] --END-- [ RunTime:0.001434s ]
SQL: SHOW COLUMNS FROM `system_setting` [ RunTime:0.0216s ]
SQL: SELECT `value` FROM `system_setting` WHERE `type` = 20 AND `del_flg` = 0 AND `company_id` = '1447247968' LIMIT 1   [ RunTime:0.0004s ]

[ 2018-12-04T14:14:17+08:00 ] ::1 /Home/Admin/getAdminMsgCount/status/10/token/98c715cb8ddd0526917bb32f25129e69
INFO: [ app_init ] --START--
INFO: Run Behavior\BuildLiteBehavior [ RunTime:0.000021s ]
INFO: [ app_init ] --END-- [ RunTime:0.000443s ]
INFO: [ url_dispatch ] --START--
INFO: Run Lib\Behavior\SignCheckBehavior [ RunTime:0.001251s ]
INFO: Run Lib\Behavior\TokenCheckBehavior [ RunTime:0.187891s ]
INFO: Run Lib\Behavior\MethodCheckBehavior [ RunTime:0.003434s ]
INFO: [ url_dispatch ] --END-- [ RunTime:0.193118s ]
INFO: [ app_begin ] --START--
INFO: Run Behavior\ReadHtmlCacheBehavior [ RunTime:0.002277s ]
INFO: [ app_begin ] --END-- [ RunTime:0.002579s ]
SQL: SHOW COLUMNS FROM `admin_msg` [ RunTime:0.0178s ]
SQL: SELECT COUNT(*) AS tp_count FROM `admin_msg` WHERE `status` = '10' AND `admin_id` = '2517844598' LIMIT 1   [ RunTime:0.0005s ]

[ 2018-12-04T14:16:02+08:00 ] ::1 /Home/System/getSystemSetting/companyId/1447247968/type/20/token/98c715cb8ddd0526917bb32f25129e69
INFO: [ app_init ] --START--
INFO: Run Behavior\BuildLiteBehavior [ RunTime:0.000022s ]
INFO: [ app_init ] --END-- [ RunTime:0.000598s ]
INFO: [ url_dispatch ] --START--
INFO: Run Lib\Behavior\SignCheckBehavior [ RunTime:0.001272s ]
INFO: Run Lib\Behavior\TokenCheckBehavior [ RunTime:0.342534s ]
INFO: Run Lib\Behavior\MethodCheckBehavior [ RunTime:0.001590s ]
INFO: [ url_dispatch ] --END-- [ RunTime:0.345797s ]
INFO: [ app_begin ] --START--
INFO: Run Behavior\ReadHtmlCacheBehavior [ RunTime:0.001421s ]
INFO: [ app_begin ] --END-- [ RunTime:0.001639s ]
SQL: SHOW COLUMNS FROM `system_setting` [ RunTime:0.0162s ]
SQL: SELECT `value` FROM `system_setting` WHERE `type` = 20 AND `del_flg` = 0 AND `company_id` = '1447247968' LIMIT 1   [ RunTime:0.0005s ]

[ 2018-12-04T14:16:02+08:00 ] ::1 /Home/Admin/getAdminMsgCount/status/10/token/98c715cb8ddd0526917bb32f25129e69
INFO: [ app_init ] --START--
INFO: Run Behavior\BuildLiteBehavior [ RunTime:0.000020s ]
INFO: [ app_init ] --END-- [ RunTime:0.000559s ]
INFO: [ url_dispatch ] --START--
INFO: Run Lib\Behavior\SignCheckBehavior [ RunTime:0.001258s ]
INFO: Run Lib\Behavior\TokenCheckBehavior [ RunTime:0.338770s ]
INFO: Run Lib\Behavior\MethodCheckBehavior [ RunTime:0.002286s ]
INFO: [ url_dispatch ] --END-- [ RunTime:0.342761s ]
INFO: [ app_begin ] --START--
INFO: Run Behavior\ReadHtmlCacheBehavior [ RunTime:0.001586s ]
INFO: [ app_begin ] --END-- [ RunTime:0.001768s ]
SQL: SHOW COLUMNS FROM `admin_msg` [ RunTime:0.0134s ]
SQL: SELECT COUNT(*) AS tp_count FROM `admin_msg` WHERE `status` = '10' AND `admin_id` = '2517844598' LIMIT 1   [ RunTime:0.0004s ]

[ 2018-12-04T14:16:04+08:00 ] ::1 /Home/Device/deviceLists/name/null/serialNo/null/companyId/1447247968/pageSize/10/pageNo/1/token/98c715cb8ddd0526917bb32f25129e69
INFO: [ app_init ] --START--
INFO: Run Behavior\BuildLiteBehavior [ RunTime:0.000021s ]
INFO: [ app_init ] --END-- [ RunTime:0.000446s ]
INFO: [ url_dispatch ] --START--
INFO: Run Lib\Behavior\SignCheckBehavior [ RunTime:0.001423s ]
INFO: Run Lib\Behavior\TokenCheckBehavior [ RunTime:0.389862s ]
INFO: Run Lib\Behavior\MethodCheckBehavior [ RunTime:0.001575s ]
INFO: [ url_dispatch ] --END-- [ RunTime:0.393217s ]
INFO: [ app_begin ] --START--
INFO: Run Behavior\ReadHtmlCacheBehavior [ RunTime:0.001590s ]
INFO: [ app_begin ] --END-- [ RunTime:0.001869s ]
SQL: SHOW COLUMNS FROM `device` [ RunTime:0.0140s ]
SQL: SELECT COUNT(*) AS tp_count FROM device d left join company c on d.company_id = c.id  WHERE d.del_flg = 0 AND d.company_id = '1447247968' LIMIT 1   [ RunTime:0.0208s ]
SQL: SELECT d.*,c.name company_name FROM device d left join company c on d.company_id = c.id  WHERE d.del_flg = 0 AND d.company_id = '1447247968' ORDER BY d.create_time DESC LIMIT 0,10   [ RunTime:0.0005s ]
NOTIC: [8] Undefined index: active D:\wamp\www\wscloud\api\Application\Home\Controller\DeviceController.class.php 第 158 行.
NOTIC: [8] Undefined index: ty_ D:\wamp\www\wscloud\api\Application\Lib\Status.class.php 第 84 行.
NOTIC: [8] Undefined index: device_no D:\wamp\www\wscloud\api\Application\Home\Controller\DeviceController.class.php 第 159 行.
NOTIC: [8] Undefined index: active D:\wamp\www\wscloud\api\Application\Home\Controller\DeviceController.class.php 第 158 行.
NOTIC: [8] Undefined index: ty_ D:\wamp\www\wscloud\api\Application\Lib\Status.class.php 第 84 行.
NOTIC: [8] Undefined index: device_no D:\wamp\www\wscloud\api\Application\Home\Controller\DeviceController.class.php 第 159 行.
NOTIC: [8] Undefined index: active D:\wamp\www\wscloud\api\Application\Home\Controller\DeviceController.class.php 第 158 行.
NOTIC: [8] Undefined index: ty_ D:\wamp\www\wscloud\api\Application\Lib\Status.class.php 第 84 行.
NOTIC: [8] Undefined index: device_no D:\wamp\www\wscloud\api\Application\Home\Controller\DeviceController.class.php 第 159 行.
NOTIC: [8] Undefined index: active D:\wamp\www\wscloud\api\Application\Home\Controller\DeviceController.class.php 第 158 行.
NOTIC: [8] Undefined index: ty_ D:\wamp\www\wscloud\api\Application\Lib\Status.class.php 第 84 行.
NOTIC: [8] Undefined index: device_no D:\wamp\www\wscloud\api\Application\Home\Controller\DeviceController.class.php 第 159 行.
NOTIC: [8] Undefined index: active D:\wamp\www\wscloud\api\Application\Home\Controller\DeviceController.class.php 第 158 行.
NOTIC: [8] Undefined index: ty_ D:\wamp\www\wscloud\api\Application\Lib\Status.class.php 第 84 行.
NOTIC: [8] Undefined index: device_no D:\wamp\www\wscloud\api\Application\Home\Controller\DeviceController.class.php 第 159 行.
NOTIC: [8] Undefined index: active D:\wamp\www\wscloud\api\Application\Home\Controller\DeviceController.class.php 第 158 行.
NOTIC: [8] Undefined index: ty_ D:\wamp\www\wscloud\api\Application\Lib\Status.class.php 第 84 行.
NOTIC: [8] Undefined index: device_no D:\wamp\www\wscloud\api\Application\Home\Controller\DeviceController.class.php 第 159 行.

[ 2018-12-04T14:16:07+08:00 ] ::1 /Home/Device/getCompanyDeviceSetting/company_id/1447247968/token/98c715cb8ddd0526917bb32f25129e69
INFO: [ app_init ] --START--
INFO: Run Behavior\BuildLiteBehavior [ RunTime:0.000020s ]
INFO: [ app_init ] --END-- [ RunTime:0.000496s ]
INFO: [ url_dispatch ] --START--
INFO: Run Lib\Behavior\SignCheckBehavior [ RunTime:0.001049s ]
INFO: Run Lib\Behavior\TokenCheckBehavior [ RunTime:0.419792s ]
INFO: Run Lib\Behavior\MethodCheckBehavior [ RunTime:0.003557s ]
INFO: [ url_dispatch ] --END-- [ RunTime:0.425090s ]
INFO: [ app_begin ] --START--
INFO: Run Behavior\ReadHtmlCacheBehavior [ RunTime:0.003302s ]
INFO: [ app_begin ] --END-- [ RunTime:0.003736s ]
SQL: SHOW COLUMNS FROM `device_setting` [ RunTime:0.0203s ]
SQL: SELECT * FROM `device_setting` WHERE `company_id` = '1447247968'  [ RunTime:0.0006s ]

[ 2018-12-04T14:16:07+08:00 ] ::1 /Home/System/getSystemSetting/companyId/1447247968/type/20/token/98c715cb8ddd0526917bb32f25129e69
INFO: [ app_init ] --START--
INFO: Run Behavior\BuildLiteBehavior [ RunTime:0.000022s ]
INFO: [ app_init ] --END-- [ RunTime:0.000443s ]
INFO: [ url_dispatch ] --START--
INFO: Run Lib\Behavior\SignCheckBehavior [ RunTime:0.001133s ]
INFO: Run Lib\Behavior\TokenCheckBehavior [ RunTime:0.387999s ]
INFO: Run Lib\Behavior\MethodCheckBehavior [ RunTime:0.003783s ]
INFO: [ url_dispatch ] --END-- [ RunTime:0.393777s ]
INFO: [ app_begin ] --START--
INFO: Run Behavior\ReadHtmlCacheBehavior [ RunTime:0.003205s ]
INFO: [ app_begin ] --END-- [ RunTime:0.003823s ]
SQL: SHOW COLUMNS FROM `system_setting` [ RunTime:0.0142s ]
SQL: SELECT `value` FROM `system_setting` WHERE `type` = 20 AND `del_flg` = 0 AND `company_id` = '1447247968' LIMIT 1   [ RunTime:0.0004s ]

[ 2018-12-04T14:16:08+08:00 ] ::1 /Home/Admin/getAdminMsgCount/status/10/token/98c715cb8ddd0526917bb32f25129e69
INFO: [ app_init ] --START--
INFO: Run Behavior\BuildLiteBehavior [ RunTime:0.000023s ]
INFO: [ app_init ] --END-- [ RunTime:0.000507s ]
INFO: [ url_dispatch ] --START--
INFO: Run Lib\Behavior\SignCheckBehavior [ RunTime:0.001145s ]
INFO: Run Lib\Behavior\TokenCheckBehavior [ RunTime:0.350198s ]
INFO: Run Lib\Behavior\MethodCheckBehavior [ RunTime:0.002101s ]
INFO: [ url_dispatch ] --END-- [ RunTime:0.353879s ]
INFO: [ app_begin ] --START--
INFO: Run Behavior\ReadHtmlCacheBehavior [ RunTime:0.002812s ]
INFO: [ app_begin ] --END-- [ RunTime:0.003210s ]
SQL: SHOW COLUMNS FROM `admin_msg` [ RunTime:0.0305s ]
SQL: SELECT COUNT(*) AS tp_count FROM `admin_msg` WHERE `status` = '10' AND `admin_id` = '2517844598' LIMIT 1   [ RunTime:0.0006s ]

[ 2018-12-04T14:18:07+08:00 ] ::1 /Home/Device/getCompanyDeviceSetting/company_id/1447247968/token/98c715cb8ddd0526917bb32f25129e69
INFO: [ app_init ] --START--
INFO: Run Behavior\BuildLiteBehavior [ RunTime:0.000021s ]
INFO: [ app_init ] --END-- [ RunTime:0.000557s ]
INFO: [ url_dispatch ] --START--
INFO: Run Lib\Behavior\SignCheckBehavior [ RunTime:0.001224s ]
INFO: Run Lib\Behavior\TokenCheckBehavior [ RunTime:0.348869s ]
INFO: Run Lib\Behavior\MethodCheckBehavior [ RunTime:0.002169s ]
INFO: [ url_dispatch ] --END-- [ RunTime:0.352649s ]
INFO: [ app_begin ] --START--
INFO: Run Behavior\ReadHtmlCacheBehavior [ RunTime:0.002122s ]
INFO: [ app_begin ] --END-- [ RunTime:0.002352s ]
SQL: SHOW COLUMNS FROM `device_setting` [ RunTime:0.0153s ]
SQL: SELECT * FROM `device_setting` WHERE `company_id` = '1447247968'  [ RunTime:0.0008s ]

[ 2018-12-04T14:18:08+08:00 ] ::1 /Home/System/getSystemSetting/companyId/1447247968/type/20/token/98c715cb8ddd0526917bb32f25129e69
INFO: [ app_init ] --START--
INFO: Run Behavior\BuildLiteBehavior [ RunTime:0.000027s ]
INFO: [ app_init ] --END-- [ RunTime:0.000718s ]
INFO: [ url_dispatch ] --START--
INFO: Run Lib\Behavior\SignCheckBehavior [ RunTime:0.001890s ]
INFO: Run Lib\Behavior\TokenCheckBehavior [ RunTime:0.324369s ]
INFO: Run Lib\Behavior\MethodCheckBehavior [ RunTime:0.001976s ]
INFO: [ url_dispatch ] --END-- [ RunTime:0.328703s ]
INFO: [ app_begin ] --START--
INFO: Run Behavior\ReadHtmlCacheBehavior [ RunTime:0.001853s ]
INFO: [ app_begin ] --END-- [ RunTime:0.002176s ]
SQL: SHOW COLUMNS FROM `system_setting` [ RunTime:0.0175s ]
SQL: SELECT `value` FROM `system_setting` WHERE `type` = 20 AND `del_flg` = 0 AND `company_id` = '1447247968' LIMIT 1   [ RunTime:0.0003s ]

[ 2018-12-04T14:18:08+08:00 ] ::1 /Home/Admin/getAdminMsgCount/status/10/token/98c715cb8ddd0526917bb32f25129e69
INFO: [ app_init ] --START--
INFO: Run Behavior\BuildLiteBehavior [ RunTime:0.000021s ]
INFO: [ app_init ] --END-- [ RunTime:0.000455s ]
INFO: [ url_dispatch ] --START--
INFO: Run Lib\Behavior\SignCheckBehavior [ RunTime:0.001719s ]
INFO: Run Lib\Behavior\TokenCheckBehavior [ RunTime:0.351061s ]
INFO: Run Lib\Behavior\MethodCheckBehavior [ RunTime:0.001750s ]
INFO: [ url_dispatch ] --END-- [ RunTime:0.354928s ]
INFO: [ app_begin ] --START--
INFO: Run Behavior\ReadHtmlCacheBehavior [ RunTime:0.001666s ]
INFO: [ app_begin ] --END-- [ RunTime:0.002093s ]
SQL: SHOW COLUMNS FROM `admin_msg` [ RunTime:0.0143s ]
SQL: SELECT COUNT(*) AS tp_count FROM `admin_msg` WHERE `status` = '10' AND `admin_id` = '2517844598' LIMIT 1   [ RunTime:0.0123s ]

[ 2018-12-04T14:23:06+08:00 ] ::1 /Home/Device/getCompanyDeviceSetting/company_id/1447247968/token/98c715cb8ddd0526917bb32f25129e69
INFO: [ app_init ] --START--
INFO: Run Behavior\BuildLiteBehavior [ RunTime:0.000032s ]
INFO: [ app_init ] --END-- [ RunTime:0.000555s ]
INFO: [ url_dispatch ] --START--
INFO: Run Lib\Behavior\SignCheckBehavior [ RunTime:0.001690s ]
INFO: Run Lib\Behavior\TokenCheckBehavior [ RunTime:0.510055s ]
INFO: Run Lib\Behavior\MethodCheckBehavior [ RunTime:0.003716s ]
INFO: [ url_dispatch ] --END-- [ RunTime:0.516149s ]
INFO: [ app_begin ] --START--
INFO: Run Behavior\ReadHtmlCacheBehavior [ RunTime:0.002788s ]
INFO: [ app_begin ] --END-- [ RunTime:0.003204s ]
SQL: SHOW COLUMNS FROM `device_setting` [ RunTime:0.0167s ]
SQL: SELECT * FROM `device_setting` WHERE `company_id` = '1447247968'  [ RunTime:0.0007s ]

[ 2018-12-04T14:23:07+08:00 ] ::1 /Home/System/getSystemSetting/companyId/1447247968/type/20/token/98c715cb8ddd0526917bb32f25129e69
INFO: [ app_init ] --START--
INFO: Run Behavior\BuildLiteBehavior [ RunTime:0.000028s ]
INFO: [ app_init ] --END-- [ RunTime:0.000564s ]
INFO: [ url_dispatch ] --START--
INFO: Run Lib\Behavior\SignCheckBehavior [ RunTime:0.001141s ]
INFO: Run Lib\Behavior\TokenCheckBehavior [ RunTime:0.551822s ]
INFO: Run Lib\Behavior\MethodCheckBehavior [ RunTime:0.003819s ]
INFO: [ url_dispatch ] --END-- [ RunTime:0.557965s ]
INFO: [ app_begin ] --START--
INFO: Run Behavior\ReadHtmlCacheBehavior [ RunTime:0.003429s ]
INFO: [ app_begin ] --END-- [ RunTime:0.004025s ]
SQL: SHOW COLUMNS FROM `system_setting` [ RunTime:0.0337s ]
SQL: SELECT `value` FROM `system_setting` WHERE `type` = 20 AND `del_flg` = 0 AND `company_id` = '1447247968' LIMIT 1   [ RunTime:0.0006s ]

[ 2018-12-04T14:23:07+08:00 ] ::1 /Home/Admin/getAdminMsgCount/status/10/token/98c715cb8ddd0526917bb32f25129e69
INFO: [ app_init ] --START--
INFO: Run Behavior\BuildLiteBehavior [ RunTime:0.000067s ]
INFO: [ app_init ] --END-- [ RunTime:0.001113s ]
INFO: [ url_dispatch ] --START--
INFO: Run Lib\Behavior\SignCheckBehavior [ RunTime:0.002696s ]
INFO: Run Lib\Behavior\TokenCheckBehavior [ RunTime:0.465715s ]
INFO: Run Lib\Behavior\MethodCheckBehavior [ RunTime:0.003605s ]
INFO: [ url_dispatch ] --END-- [ RunTime:0.472786s ]
INFO: [ app_begin ] --START--
INFO: Run Behavior\ReadHtmlCacheBehavior [ RunTime:0.001937s ]
INFO: [ app_begin ] --END-- [ RunTime:0.002532s ]
SQL: SHOW COLUMNS FROM `admin_msg` [ RunTime:0.0116s ]
SQL: SELECT COUNT(*) AS tp_count FROM `admin_msg` WHERE `status` = '10' AND `admin_id` = '2517844598' LIMIT 1   [ RunTime:0.0004s ]

[ 2018-12-04T14:40:07+08:00 ] ::1 /Home/Device/getCompanyDeviceSetting/company_id/1447247968/token/98c715cb8ddd0526917bb32f25129e69
INFO: [ app_init ] --START--
INFO: Run Behavior\BuildLiteBehavior [ RunTime:0.000022s ]
INFO: [ app_init ] --END-- [ RunTime:0.004578s ]
INFO: [ url_dispatch ] --START--
INFO: Run Lib\Behavior\SignCheckBehavior [ RunTime:0.001367s ]
INFO: Run Lib\Behavior\TokenCheckBehavior [ RunTime:0.292540s ]
INFO: Run Lib\Behavior\MethodCheckBehavior [ RunTime:0.001517s ]
INFO: [ url_dispatch ] --END-- [ RunTime:0.295783s ]
INFO: [ app_begin ] --START--
INFO: Run Behavior\ReadHtmlCacheBehavior [ RunTime:0.001311s ]
INFO: [ app_begin ] --END-- [ RunTime:0.001512s ]
SQL: SHOW COLUMNS FROM `device_setting` [ RunTime:0.0149s ]
SQL: SELECT * FROM `device_setting` WHERE `company_id` = '1447247968'  [ RunTime:0.0005s ]

[ 2018-12-04T14:40:07+08:00 ] ::1 /Home/System/getSystemSetting/companyId/1447247968/type/20/token/98c715cb8ddd0526917bb32f25129e69
INFO: [ app_init ] --START--
INFO: Run Behavior\BuildLiteBehavior [ RunTime:0.000020s ]
INFO: [ app_init ] --END-- [ RunTime:0.000500s ]
INFO: [ url_dispatch ] --START--
INFO: Run Lib\Behavior\SignCheckBehavior [ RunTime:0.001334s ]
INFO: Run Lib\Behavior\TokenCheckBehavior [ RunTime:0.411626s ]
INFO: Run Lib\Behavior\MethodCheckBehavior [ RunTime:0.003114s ]
INFO: [ url_dispatch ] --END-- [ RunTime:0.416652s ]
INFO: [ app_begin ] --START--
INFO: Run Behavior\ReadHtmlCacheBehavior [ RunTime:0.002095s ]
INFO: [ app_begin ] --END-- [ RunTime:0.002431s ]
SQL: SHOW COLUMNS FROM `system_setting` [ RunTime:0.0139s ]
SQL: SELECT `value` FROM `system_setting` WHERE `type` = 20 AND `del_flg` = 0 AND `company_id` = '1447247968' LIMIT 1   [ RunTime:0.0005s ]

[ 2018-12-04T14:40:08+08:00 ] ::1 /Home/Admin/getAdminMsgCount/status/10/token/98c715cb8ddd0526917bb32f25129e69
INFO: [ app_init ] --START--
INFO: Run Behavior\BuildLiteBehavior [ RunTime:0.000020s ]
INFO: [ app_init ] --END-- [ RunTime:0.000481s ]
INFO: [ url_dispatch ] --START--
INFO: Run Lib\Behavior\SignCheckBehavior [ RunTime:0.001130s ]
INFO: Run Lib\Behavior\TokenCheckBehavior [ RunTime:0.354185s ]
INFO: Run Lib\Behavior\MethodCheckBehavior [ RunTime:0.002127s ]
INFO: [ url_dispatch ] --END-- [ RunTime:0.357858s ]
INFO: [ app_begin ] --START--
INFO: Run Behavior\ReadHtmlCacheBehavior [ RunTime:0.002481s ]
INFO: [ app_begin ] --END-- [ RunTime:0.002729s ]
SQL: SHOW COLUMNS FROM `admin_msg` [ RunTime:0.0136s ]
SQL: SELECT COUNT(*) AS tp_count FROM `admin_msg` WHERE `status` = '10' AND `admin_id` = '2517844598' LIMIT 1   [ RunTime:0.0023s ]

[ 2018-12-04T14:40:11+08:00 ] ::1 /Home/Device/getCompanyDeviceSetting/company_id/1447247968/token/98c715cb8ddd0526917bb32f25129e69
INFO: [ app_init ] --START--
INFO: Run Behavior\BuildLiteBehavior [ RunTime:0.000023s ]
INFO: [ app_init ] --END-- [ RunTime:0.000595s ]
INFO: [ url_dispatch ] --START--
INFO: Run Lib\Behavior\SignCheckBehavior [ RunTime:0.001246s ]
INFO: Run Lib\Behavior\TokenCheckBehavior [ RunTime:0.239910s ]
INFO: Run Lib\Behavior\MethodCheckBehavior [ RunTime:0.002085s ]
INFO: [ url_dispatch ] --END-- [ RunTime:0.243644s ]
INFO: [ app_begin ] --START--
INFO: Run Behavior\ReadHtmlCacheBehavior [ RunTime:0.001615s ]
INFO: [ app_begin ] --END-- [ RunTime:0.001861s ]
SQL: SHOW COLUMNS FROM `device_setting` [ RunTime:0.0164s ]
SQL: SELECT * FROM `device_setting` WHERE `company_id` = '1447247968'  [ RunTime:0.0007s ]

[ 2018-12-04T14:40:12+08:00 ] ::1 /Home/System/getSystemSetting/companyId/1447247968/type/20/token/98c715cb8ddd0526917bb32f25129e69
INFO: [ app_init ] --START--
INFO: Run Behavior\BuildLiteBehavior [ RunTime:0.000022s ]
INFO: [ app_init ] --END-- [ RunTime:0.000569s ]
INFO: [ url_dispatch ] --START--
INFO: Run Lib\Behavior\SignCheckBehavior [ RunTime:0.001171s ]
INFO: Run Lib\Behavior\TokenCheckBehavior [ RunTime:0.253807s ]
INFO: Run Lib\Behavior\MethodCheckBehavior [ RunTime:0.002267s ]
INFO: [ url_dispatch ] --END-- [ RunTime:0.257797s ]
INFO: [ app_begin ] --START--
INFO: Run Behavior\ReadHtmlCacheBehavior [ RunTime:0.001677s ]
INFO: [ app_begin ] --END-- [ RunTime:0.002026s ]
SQL: SHOW COLUMNS FROM `system_setting` [ RunTime:0.0192s ]
SQL: SELECT `value` FROM `system_setting` WHERE `type` = 20 AND `del_flg` = 0 AND `company_id` = '1447247968' LIMIT 1   [ RunTime:0.0004s ]

[ 2018-12-04T14:40:12+08:00 ] ::1 /Home/Admin/getAdminMsgCount/status/10/token/98c715cb8ddd0526917bb32f25129e69
INFO: [ app_init ] --START--
INFO: Run Behavior\BuildLiteBehavior [ RunTime:0.000024s ]
INFO: [ app_init ] --END-- [ RunTime:0.000647s ]
INFO: [ url_dispatch ] --START--
INFO: Run Lib\Behavior\SignCheckBehavior [ RunTime:0.001256s ]
INFO: Run Lib\Behavior\TokenCheckBehavior [ RunTime:0.222793s ]
INFO: Run Lib\Behavior\MethodCheckBehavior [ RunTime:0.001783s ]
INFO: [ url_dispatch ] --END-- [ RunTime:0.226208s ]
INFO: [ app_begin ] --START--
INFO: Run Behavior\ReadHtmlCacheBehavior [ RunTime:0.001350s ]
INFO: [ app_begin ] --END-- [ RunTime:0.001564s ]
SQL: SHOW COLUMNS FROM `admin_msg` [ RunTime:0.0136s ]
SQL: SELECT COUNT(*) AS tp_count FROM `admin_msg` WHERE `status` = '10' AND `admin_id` = '2517844598' LIMIT 1   [ RunTime:0.0004s ]

[ 2018-12-04T14:41:20+08:00 ] ::1 /Home/Device/getCompanyDeviceSetting/company_id/1447247968/token/98c715cb8ddd0526917bb32f25129e69
INFO: [ app_init ] --START--
INFO: Run Behavior\BuildLiteBehavior [ RunTime:0.000020s ]
INFO: [ app_init ] --END-- [ RunTime:0.000395s ]
INFO: [ url_dispatch ] --START--
INFO: Run Lib\Behavior\SignCheckBehavior [ RunTime:0.001205s ]
INFO: Run Lib\Behavior\TokenCheckBehavior [ RunTime:0.410654s ]
INFO: Run Lib\Behavior\MethodCheckBehavior [ RunTime:0.003430s ]
INFO: [ url_dispatch ] --END-- [ RunTime:0.415871s ]
INFO: [ app_begin ] --START--
INFO: Run Behavior\ReadHtmlCacheBehavior [ RunTime:0.003806s ]
INFO: [ app_begin ] --END-- [ RunTime:0.004204s ]
SQL: SHOW COLUMNS FROM `device_setting` [ RunTime:0.0133s ]
SQL: SELECT * FROM `device_setting` WHERE `company_id` = '1447247968'  [ RunTime:0.0004s ]

[ 2018-12-04T14:41:21+08:00 ] ::1 /Home/System/getSystemSetting/companyId/1447247968/type/20/token/98c715cb8ddd0526917bb32f25129e69
INFO: [ app_init ] --START--
INFO: Run Behavior\BuildLiteBehavior [ RunTime:0.000031s ]
INFO: [ app_init ] --END-- [ RunTime:0.000591s ]
INFO: [ url_dispatch ] --START--
INFO: Run Lib\Behavior\SignCheckBehavior [ RunTime:0.000986s ]
INFO: Run Lib\Behavior\TokenCheckBehavior [ RunTime:0.791316s ]
INFO: Run Lib\Behavior\MethodCheckBehavior [ RunTime:0.002239s ]
INFO: [ url_dispatch ] --END-- [ RunTime:0.795004s ]
INFO: [ app_begin ] --START--
INFO: Run Behavior\ReadHtmlCacheBehavior [ RunTime:0.002154s ]
INFO: [ app_begin ] --END-- [ RunTime:0.002470s ]
SQL: SHOW COLUMNS FROM `system_setting` [ RunTime:0.0154s ]
SQL: SELECT `value` FROM `system_setting` WHERE `type` = 20 AND `del_flg` = 0 AND `company_id` = '1447247968' LIMIT 1   [ RunTime:0.0006s ]

[ 2018-12-04T14:41:22+08:00 ] ::1 /Home/Admin/getAdminMsgCount/status/10/token/98c715cb8ddd0526917bb32f25129e69
INFO: [ app_init ] --START--
INFO: Run Behavior\BuildLiteBehavior [ RunTime:0.000021s ]
INFO: [ app_init ] --END-- [ RunTime:0.000471s ]
INFO: [ url_dispatch ] --START--
INFO: Run Lib\Behavior\SignCheckBehavior [ RunTime:0.001616s ]
INFO: Run Lib\Behavior\TokenCheckBehavior [ RunTime:0.424324s ]
INFO: Run Lib\Behavior\MethodCheckBehavior [ RunTime:0.004281s ]
INFO: [ url_dispatch ] --END-- [ RunTime:0.431022s ]
INFO: [ app_begin ] --START--
INFO: Run Behavior\ReadHtmlCacheBehavior [ RunTime:0.002983s ]
INFO: [ app_begin ] --END-- [ RunTime:0.003620s ]
SQL: SHOW COLUMNS FROM `admin_msg` [ RunTime:0.0242s ]
SQL: SELECT COUNT(*) AS tp_count FROM `admin_msg` WHERE `status` = '10' AND `admin_id` = '2517844598' LIMIT 1   [ RunTime:0.0004s ]

[ 2018-12-04T14:42:01+08:00 ] ::1 /Home/Device/getCompanyDeviceSetting/company_id/1447247968/token/98c715cb8ddd0526917bb32f25129e69
INFO: [ app_init ] --START--
INFO: Run Behavior\BuildLiteBehavior [ RunTime:0.000021s ]
INFO: [ app_init ] --END-- [ RunTime:0.000409s ]
INFO: [ url_dispatch ] --START--
INFO: Run Lib\Behavior\SignCheckBehavior [ RunTime:0.003075s ]
INFO: Run Lib\Behavior\TokenCheckBehavior [ RunTime:0.257614s ]
INFO: Run Lib\Behavior\MethodCheckBehavior [ RunTime:0.002034s ]
INFO: [ url_dispatch ] --END-- [ RunTime:0.263115s ]
INFO: [ app_begin ] --START--
INFO: Run Behavior\ReadHtmlCacheBehavior [ RunTime:0.001349s ]
INFO: [ app_begin ] --END-- [ RunTime:0.001667s ]
SQL: SHOW COLUMNS FROM `device_setting` [ RunTime:0.0109s ]
SQL: SELECT * FROM `device_setting` WHERE `company_id` = '1447247968'  [ RunTime:0.0004s ]

[ 2018-12-04T14:42:30+08:00 ] ::1 /Home/Device/getCompanyDeviceSetting/company_id/1447247968/token/98c715cb8ddd0526917bb32f25129e69
INFO: [ app_init ] --START--
INFO: Run Behavior\BuildLiteBehavior [ RunTime:0.000024s ]
INFO: [ app_init ] --END-- [ RunTime:0.000693s ]
INFO: [ url_dispatch ] --START--
INFO: Run Lib\Behavior\SignCheckBehavior [ RunTime:0.001036s ]
INFO: Run Lib\Behavior\TokenCheckBehavior [ RunTime:0.256183s ]
INFO: Run Lib\Behavior\MethodCheckBehavior [ RunTime:0.000672s ]
INFO: [ url_dispatch ] --END-- [ RunTime:0.258113s ]
INFO: [ app_begin ] --START--
INFO: Run Behavior\ReadHtmlCacheBehavior [ RunTime:0.000601s ]
INFO: [ app_begin ] --END-- [ RunTime:0.000695s ]
SQL: SHOW COLUMNS FROM `device_setting` [ RunTime:0.0093s ]
SQL: SELECT * FROM `device_setting` WHERE `company_id` = '1447247968'  [ RunTime:0.0004s ]

[ 2018-12-04T14:42:31+08:00 ] ::1 /Home/System/getSystemSetting/companyId/1447247968/type/20/token/98c715cb8ddd0526917bb32f25129e69
INFO: [ app_init ] --START--
INFO: Run Behavior\BuildLiteBehavior [ RunTime:0.000019s ]
INFO: [ app_init ] --END-- [ RunTime:0.000395s ]
INFO: [ url_dispatch ] --START--
INFO: Run Lib\Behavior\SignCheckBehavior [ RunTime:0.001255s ]
INFO: Run Lib\Behavior\TokenCheckBehavior [ RunTime:0.371672s ]
INFO: Run Lib\Behavior\MethodCheckBehavior [ RunTime:0.003359s ]
INFO: [ url_dispatch ] --END-- [ RunTime:0.376953s ]
INFO: [ app_begin ] --START--
INFO: Run Behavior\ReadHtmlCacheBehavior [ RunTime:0.002798s ]
INFO: [ app_begin ] --END-- [ RunTime:0.003217s ]
SQL: SHOW COLUMNS FROM `system_setting` [ RunTime:0.0266s ]
SQL: SELECT `value` FROM `system_setting` WHERE `type` = 20 AND `del_flg` = 0 AND `company_id` = '1447247968' LIMIT 1   [ RunTime:0.0006s ]

[ 2018-12-04T14:42:31+08:00 ] ::1 /Home/Admin/getAdminMsgCount/status/10/token/98c715cb8ddd0526917bb32f25129e69
INFO: [ app_init ] --START--
INFO: Run Behavior\BuildLiteBehavior [ RunTime:0.000092s ]
INFO: [ app_init ] --END-- [ RunTime:0.001984s ]
INFO: [ url_dispatch ] --START--
INFO: Run Lib\Behavior\SignCheckBehavior [ RunTime:0.002824s ]
INFO: Run Lib\Behavior\TokenCheckBehavior [ RunTime:0.482549s ]
INFO: Run Lib\Behavior\MethodCheckBehavior [ RunTime:0.003627s ]
INFO: [ url_dispatch ] --END-- [ RunTime:0.489810s ]
INFO: [ app_begin ] --START--
INFO: Run Behavior\ReadHtmlCacheBehavior [ RunTime:0.003808s ]
INFO: [ app_begin ] --END-- [ RunTime:0.004227s ]
SQL: SHOW COLUMNS FROM `admin_msg` [ RunTime:0.0200s ]
SQL: SELECT COUNT(*) AS tp_count FROM `admin_msg` WHERE `status` = '10' AND `admin_id` = '2517844598' LIMIT 1   [ RunTime:0.0005s ]

[ 2018-12-04T14:43:33+08:00 ] ::1 /Home/Device/getCompanyDeviceSetting/company_id/1447247968/token/98c715cb8ddd0526917bb32f25129e69
INFO: [ app_init ] --START--
INFO: Run Behavior\BuildLiteBehavior [ RunTime:0.000021s ]
INFO: [ app_init ] --END-- [ RunTime:0.000430s ]
INFO: [ url_dispatch ] --START--
INFO: Run Lib\Behavior\SignCheckBehavior [ RunTime:0.001060s ]
INFO: Run Lib\Behavior\TokenCheckBehavior [ RunTime:0.284222s ]
INFO: Run Lib\Behavior\MethodCheckBehavior [ RunTime:0.000751s ]
INFO: [ url_dispatch ] --END-- [ RunTime:0.286259s ]
INFO: [ app_begin ] --START--
INFO: Run Behavior\ReadHtmlCacheBehavior [ RunTime:0.000635s ]
INFO: [ app_begin ] --END-- [ RunTime:0.000743s ]
SQL: SHOW COLUMNS FROM `device_setting` [ RunTime:0.0095s ]
SQL: SELECT * FROM `device_setting` WHERE `company_id` = '1447247968'  [ RunTime:0.0004s ]

[ 2018-12-04T14:43:33+08:00 ] ::1 /Home/System/getSystemSetting/companyId/1447247968/type/20/token/98c715cb8ddd0526917bb32f25129e69
INFO: [ app_init ] --START--
INFO: Run Behavior\BuildLiteBehavior [ RunTime:0.000022s ]
INFO: [ app_init ] --END-- [ RunTime:0.000505s ]
INFO: [ url_dispatch ] --START--
INFO: Run Lib\Behavior\SignCheckBehavior [ RunTime:0.001250s ]
INFO: Run Lib\Behavior\TokenCheckBehavior [ RunTime:0.421470s ]
INFO: Run Lib\Behavior\MethodCheckBehavior [ RunTime:0.003023s ]
INFO: [ url_dispatch ] --END-- [ RunTime:0.426396s ]
INFO: [ app_begin ] --START--
INFO: Run Behavior\ReadHtmlCacheBehavior [ RunTime:0.002633s ]
INFO: [ app_begin ] --END-- [ RunTime:0.003125s ]
SQL: SHOW COLUMNS FROM `system_setting` [ RunTime:0.0165s ]
SQL: SELECT `value` FROM `system_setting` WHERE `type` = 20 AND `del_flg` = 0 AND `company_id` = '1447247968' LIMIT 1   [ RunTime:0.0007s ]

[ 2018-12-04T14:43:34+08:00 ] ::1 /Home/Admin/getAdminMsgCount/status/10/token/98c715cb8ddd0526917bb32f25129e69
INFO: [ app_init ] --START--
INFO: Run Behavior\BuildLiteBehavior [ RunTime:0.000022s ]
INFO: [ app_init ] --END-- [ RunTime:0.000453s ]
INFO: [ url_dispatch ] --START--
INFO: Run Lib\Behavior\SignCheckBehavior [ RunTime:0.002342s ]
INFO: Run Lib\Behavior\TokenCheckBehavior [ RunTime:0.430658s ]
INFO: Run Lib\Behavior\MethodCheckBehavior [ RunTime:0.004657s ]
INFO: [ url_dispatch ] --END-- [ RunTime:0.438699s ]
INFO: [ app_begin ] --START--
INFO: Run Behavior\ReadHtmlCacheBehavior [ RunTime:0.004601s ]
INFO: [ app_begin ] --END-- [ RunTime:0.005353s ]
SQL: SHOW COLUMNS FROM `admin_msg` [ RunTime:0.0151s ]
SQL: SELECT COUNT(*) AS tp_count FROM `admin_msg` WHERE `status` = '10' AND `admin_id` = '2517844598' LIMIT 1   [ RunTime:0.0003s ]

[ 2018-12-04T14:44:00+08:00 ] ::1 /Home/Device/ajaxAddDeviceSetting/token/98c715cb8ddd0526917bb32f25129e69
INFO: [ app_init ] --START--
INFO: Run Behavior\BuildLiteBehavior [ RunTime:0.000023s ]
INFO: [ app_init ] --END-- [ RunTime:0.000603s ]
INFO: [ url_dispatch ] --START--
INFO: Run Lib\Behavior\SignCheckBehavior [ RunTime:0.001277s ]
INFO: Run Lib\Behavior\TokenCheckBehavior [ RunTime:0.242924s ]
INFO: Run Lib\Behavior\MethodCheckBehavior [ RunTime:0.001828s ]
INFO: [ url_dispatch ] --END-- [ RunTime:0.246472s ]
INFO: [ app_begin ] --START--
INFO: Run Behavior\ReadHtmlCacheBehavior [ RunTime:0.001734s ]
INFO: [ app_begin ] --END-- [ RunTime:0.001968s ]
SQL: SHOW COLUMNS FROM `device_setting` [ RunTime:0.0111s ]
SQL: UPDATE `device_setting` SET `value`='0',`update_user`='2517844598',`update_time`='1543905839' WHERE `company_id` = '1447247968' AND `type` = 10 [ RunTime:0.0399s ]
SQL: UPDATE `device_setting` SET `value`='1',`update_user`='2517844598',`update_time`='1543905839' WHERE `company_id` = '1447247968' AND `type` = 20 [ RunTime:0.0209s ]
SQL: UPDATE `device_setting` SET `value`='1',`update_user`='2517844598',`update_time`='1543905839' WHERE `company_id` = '1447247968' AND `type` = 30 [ RunTime:0.0244s ]
SQL: UPDATE `device_setting` SET `value`='1',`update_user`='2517844598',`update_time`='1543905839' WHERE `company_id` = '1447247968' AND `type` = 40 [ RunTime:0.0240s ]
SQL: UPDATE `device_setting` SET `value`='1',`update_user`='2517844598',`update_time`='1543905839' WHERE `company_id` = '1447247968' AND `type` = 50 [ RunTime:0.0246s ]
SQL: UPDATE `device_setting` SET `value`='1.5',`update_user`='2517844598',`update_time`='1543905839' WHERE `company_id` = '1447247968' AND `type` = 70 [ RunTime:0.0240s ]
SQL: UPDATE `device_setting` SET `value`='1.5',`update_user`='2517844598',`update_time`='1543905839' WHERE `company_id` = '1447247968' AND `type` = 100 [ RunTime:0.0247s ]
SQL: SHOW COLUMNS FROM `device` [ RunTime:0.0104s ]
SQL: SELECT `serial_no` FROM `device` WHERE `company_id` = '1447247968' AND `del_flg` = 0  [ RunTime:0.0005s ]

[ 2018-12-04T14:44:19+08:00 ] ::1 /Home/Device/getCompanyDeviceSetting/company_id/1447247968/token/98c715cb8ddd0526917bb32f25129e69
INFO: [ app_init ] --START--
INFO: Run Behavior\BuildLiteBehavior [ RunTime:0.000020s ]
INFO: [ app_init ] --END-- [ RunTime:0.000432s ]
INFO: [ url_dispatch ] --START--
INFO: Run Lib\Behavior\SignCheckBehavior [ RunTime:0.000977s ]
INFO: Run Lib\Behavior\TokenCheckBehavior [ RunTime:1.011814s ]
INFO: Run Lib\Behavior\MethodCheckBehavior [ RunTime:0.003722s ]
INFO: [ url_dispatch ] --END-- [ RunTime:1.017257s ]
INFO: [ app_begin ] --START--
INFO: Run Behavior\ReadHtmlCacheBehavior [ RunTime:0.003521s ]
INFO: [ app_begin ] --END-- [ RunTime:0.004183s ]
SQL: SHOW COLUMNS FROM `device_setting` [ RunTime:0.0210s ]
SQL: SELECT * FROM `device_setting` WHERE `company_id` = '1447247968'  [ RunTime:0.0008s ]

[ 2018-12-04T14:44:19+08:00 ] ::1 /Home/System/getSystemSetting/companyId/1447247968/type/20/token/98c715cb8ddd0526917bb32f25129e69
INFO: [ app_init ] --START--
INFO: Run Behavior\BuildLiteBehavior [ RunTime:0.000023s ]
INFO: [ app_init ] --END-- [ RunTime:0.000775s ]
INFO: [ url_dispatch ] --START--
INFO: Run Lib\Behavior\SignCheckBehavior [ RunTime:0.001392s ]
INFO: Run Lib\Behavior\TokenCheckBehavior [ RunTime:0.156587s ]
INFO: Run Lib\Behavior\MethodCheckBehavior [ RunTime:0.001554s ]
INFO: [ url_dispatch ] --END-- [ RunTime:0.160012s ]
INFO: [ app_begin ] --START--
INFO: Run Behavior\ReadHtmlCacheBehavior [ RunTime:0.001711s ]
INFO: [ app_begin ] --END-- [ RunTime:0.001914s ]
SQL: SHOW COLUMNS FROM `system_setting` [ RunTime:0.0175s ]
SQL: SELECT `value` FROM `system_setting` WHERE `type` = 20 AND `del_flg` = 0 AND `company_id` = '1447247968' LIMIT 1   [ RunTime:0.0005s ]

[ 2018-12-04T14:44:20+08:00 ] ::1 /Home/Admin/getAdminMsgCount/status/10/token/98c715cb8ddd0526917bb32f25129e69
INFO: [ app_init ] --START--
INFO: Run Behavior\BuildLiteBehavior [ RunTime:0.000027s ]
INFO: [ app_init ] --END-- [ RunTime:0.000627s ]
INFO: [ url_dispatch ] --START--
INFO: Run Lib\Behavior\SignCheckBehavior [ RunTime:0.001566s ]
INFO: Run Lib\Behavior\TokenCheckBehavior [ RunTime:0.583119s ]
INFO: Run Lib\Behavior\MethodCheckBehavior [ RunTime:0.003495s ]
INFO: [ url_dispatch ] --END-- [ RunTime:0.589007s ]
INFO: [ app_begin ] --START--
INFO: Run Behavior\ReadHtmlCacheBehavior [ RunTime:0.003366s ]
INFO: [ app_begin ] --END-- [ RunTime:0.003835s ]
SQL: SHOW COLUMNS FROM `admin_msg` [ RunTime:0.0167s ]
SQL: SELECT COUNT(*) AS tp_count FROM `admin_msg` WHERE `status` = '10' AND `admin_id` = '2517844598' LIMIT 1   [ RunTime:0.0004s ]

[ 2018-12-04T14:44:22+08:00 ] ::1 /Home/Device/getCompanyDeviceSetting/company_id/1447247968/token/98c715cb8ddd0526917bb32f25129e69
INFO: [ app_init ] --START--
INFO: Run Behavior\BuildLiteBehavior [ RunTime:0.000025s ]
INFO: [ app_init ] --END-- [ RunTime:0.000467s ]
INFO: [ url_dispatch ] --START--
INFO: Run Lib\Behavior\SignCheckBehavior [ RunTime:0.000953s ]
INFO: Run Lib\Behavior\TokenCheckBehavior [ RunTime:0.141826s ]
INFO: Run Lib\Behavior\MethodCheckBehavior [ RunTime:0.001750s ]
INFO: [ url_dispatch ] --END-- [ RunTime:0.144893s ]
INFO: [ app_begin ] --START--
INFO: Run Behavior\ReadHtmlCacheBehavior [ RunTime:0.001435s ]
INFO: [ app_begin ] --END-- [ RunTime:0.001658s ]
SQL: SHOW COLUMNS FROM `device_setting` [ RunTime:0.0197s ]
SQL: SELECT * FROM `device_setting` WHERE `company_id` = '1447247968'  [ RunTime:0.0006s ]

[ 2018-12-04T14:44:22+08:00 ] ::1 /Home/System/getSystemSetting/companyId/1447247968/type/20/token/98c715cb8ddd0526917bb32f25129e69
INFO: [ app_init ] --START--
INFO: Run Behavior\BuildLiteBehavior [ RunTime:0.000019s ]
INFO: [ app_init ] --END-- [ RunTime:0.000474s ]
INFO: [ url_dispatch ] --START--
INFO: Run Lib\Behavior\SignCheckBehavior [ RunTime:0.001235s ]
INFO: Run Lib\Behavior\TokenCheckBehavior [ RunTime:0.173969s ]
INFO: Run Lib\Behavior\MethodCheckBehavior [ RunTime:0.002690s ]
INFO: [ url_dispatch ] --END-- [ RunTime:0.178312s ]
INFO: [ app_begin ] --START--
INFO: Run Behavior\ReadHtmlCacheBehavior [ RunTime:0.002086s ]
INFO: [ app_begin ] --END-- [ RunTime:0.002319s ]
SQL: SHOW COLUMNS FROM `system_setting` [ RunTime:0.0119s ]
SQL: SELECT `value` FROM `system_setting` WHERE `type` = 20 AND `del_flg` = 0 AND `company_id` = '1447247968' LIMIT 1   [ RunTime:0.0004s ]

[ 2018-12-04T14:44:22+08:00 ] ::1 /Home/Admin/getAdminMsgCount/status/10/token/98c715cb8ddd0526917bb32f25129e69
INFO: [ app_init ] --START--
INFO: Run Behavior\BuildLiteBehavior [ RunTime:0.000030s ]
INFO: [ app_init ] --END-- [ RunTime:0.000482s ]
INFO: [ url_dispatch ] --START--
INFO: Run Lib\Behavior\SignCheckBehavior [ RunTime:0.001027s ]
INFO: Run Lib\Behavior\TokenCheckBehavior [ RunTime:0.197950s ]
INFO: Run Lib\Behavior\MethodCheckBehavior [ RunTime:0.001094s ]
INFO: [ url_dispatch ] --END-- [ RunTime:0.200505s ]
INFO: [ app_begin ] --START--
INFO: Run Behavior\ReadHtmlCacheBehavior [ RunTime:0.000717s ]
INFO: [ app_begin ] --END-- [ RunTime:0.000834s ]
SQL: SHOW COLUMNS FROM `admin_msg` [ RunTime:0.0092s ]
SQL: SELECT COUNT(*) AS tp_count FROM `admin_msg` WHERE `status` = '10' AND `admin_id` = '2517844598' LIMIT 1   [ RunTime:0.0003s ]

[ 2018-12-04T14:44:35+08:00 ] ::1 /Home/Device/ajaxAddDeviceSetting/token/98c715cb8ddd0526917bb32f25129e69
INFO: [ app_init ] --START--
INFO: Run Behavior\BuildLiteBehavior [ RunTime:0.000019s ]
INFO: [ app_init ] --END-- [ RunTime:0.000525s ]
INFO: [ url_dispatch ] --START--
INFO: Run Lib\Behavior\SignCheckBehavior [ RunTime:0.001202s ]
INFO: Run Lib\Behavior\TokenCheckBehavior [ RunTime:0.718629s ]
INFO: Run Lib\Behavior\MethodCheckBehavior [ RunTime:0.005642s ]
INFO: [ url_dispatch ] --END-- [ RunTime:0.726396s ]
INFO: [ app_begin ] --START--
INFO: Run Behavior\ReadHtmlCacheBehavior [ RunTime:0.003533s ]
INFO: [ app_begin ] --END-- [ RunTime:0.004098s ]
SQL: SHOW COLUMNS FROM `device_setting` [ RunTime:0.0216s ]
SQL: UPDATE `device_setting` SET `value`='0',`update_user`='2517844598',`update_time`='1543905873' WHERE `company_id` = '1447247968' AND `type` = 10 [ RunTime:0.0302s ]
SQL: UPDATE `device_setting` SET `value`='1',`update_user`='2517844598',`update_time`='1543905873' WHERE `company_id` = '1447247968' AND `type` = 20 [ RunTime:0.0273s ]
SQL: UPDATE `device_setting` SET `value`='1',`update_user`='2517844598',`update_time`='1543905873' WHERE `company_id` = '1447247968' AND `type` = 30 [ RunTime:0.0238s ]
SQL: UPDATE `device_setting` SET `value`='1',`update_user`='2517844598',`update_time`='1543905873' WHERE `company_id` = '1447247968' AND `type` = 40 [ RunTime:0.0227s ]
SQL: UPDATE `device_setting` SET `value`='1',`update_user`='2517844598',`update_time`='1543905873' WHERE `company_id` = '1447247968' AND `type` = 50 [ RunTime:0.0239s ]
SQL: UPDATE `device_setting` SET `value`='1.5',`update_user`='2517844598',`update_time`='1543905873' WHERE `company_id` = '1447247968' AND `type` = 70 [ RunTime:0.0224s ]
SQL: UPDATE `device_setting` SET `value`='1.5',`update_user`='2517844598',`update_time`='1543905873' WHERE `company_id` = '1447247968' AND `type` = 100 [ RunTime:0.0235s ]
SQL: SHOW COLUMNS FROM `device` [ RunTime:0.0526s ]
SQL: SELECT `serial_no` FROM `device` WHERE `company_id` = '1447247968' AND `del_flg` = 0  [ RunTime:0.0005s ]

[ 2018-12-04T14:44:48+08:00 ] ::1 /Home/Device/getCompanyDeviceSetting/company_id/1447247968/token/98c715cb8ddd0526917bb32f25129e69
INFO: [ app_init ] --START--
INFO: Run Behavior\BuildLiteBehavior [ RunTime:0.000020s ]
INFO: [ app_init ] --END-- [ RunTime:0.000451s ]
INFO: [ url_dispatch ] --START--
INFO: Run Lib\Behavior\SignCheckBehavior [ RunTime:0.001396s ]
INFO: Run Lib\Behavior\TokenCheckBehavior [ RunTime:0.582250s ]
INFO: Run Lib\Behavior\MethodCheckBehavior [ RunTime:0.002815s ]
INFO: [ url_dispatch ] --END-- [ RunTime:0.586995s ]
INFO: [ app_begin ] --START--
INFO: Run Behavior\ReadHtmlCacheBehavior [ RunTime:0.002427s ]
INFO: [ app_begin ] --END-- [ RunTime:0.002835s ]
SQL: SHOW COLUMNS FROM `device_setting` [ RunTime:0.0159s ]
SQL: SELECT * FROM `device_setting` WHERE `company_id` = '1447247968'  [ RunTime:0.0006s ]

[ 2018-12-04T14:44:49+08:00 ] ::1 /Home/System/getSystemSetting/companyId/1447247968/type/20/token/98c715cb8ddd0526917bb32f25129e69
INFO: [ app_init ] --START--
INFO: Run Behavior\BuildLiteBehavior [ RunTime:0.000020s ]
INFO: [ app_init ] --END-- [ RunTime:0.000418s ]
INFO: [ url_dispatch ] --START--
INFO: Run Lib\Behavior\SignCheckBehavior [ RunTime:0.000979s ]
INFO: Run Lib\Behavior\TokenCheckBehavior [ RunTime:0.472717s ]
INFO: Run Lib\Behavior\MethodCheckBehavior [ RunTime:0.004764s ]
INFO: [ url_dispatch ] --END-- [ RunTime:0.479173s ]
INFO: [ app_begin ] --START--
INFO: Run Behavior\ReadHtmlCacheBehavior [ RunTime:0.004175s ]
INFO: [ app_begin ] --END-- [ RunTime:0.004717s ]
SQL: SHOW COLUMNS FROM `system_setting` [ RunTime:0.0212s ]
SQL: SELECT `value` FROM `system_setting` WHERE `type` = 20 AND `del_flg` = 0 AND `company_id` = '1447247968' LIMIT 1   [ RunTime:0.0004s ]

[ 2018-12-04T14:44:49+08:00 ] ::1 /Home/Admin/getAdminMsgCount/status/10/token/98c715cb8ddd0526917bb32f25129e69
INFO: [ app_init ] --START--
INFO: Run Behavior\BuildLiteBehavior [ RunTime:0.000020s ]
INFO: [ app_init ] --END-- [ RunTime:0.000419s ]
INFO: [ url_dispatch ] --START--
INFO: Run Lib\Behavior\SignCheckBehavior [ RunTime:0.000969s ]
INFO: Run Lib\Behavior\TokenCheckBehavior [ RunTime:0.337595s ]
INFO: Run Lib\Behavior\MethodCheckBehavior [ RunTime:0.003659s ]
INFO: [ url_dispatch ] --END-- [ RunTime:0.342893s ]
INFO: [ app_begin ] --START--
INFO: Run Behavior\ReadHtmlCacheBehavior [ RunTime:0.002785s ]
INFO: [ app_begin ] --END-- [ RunTime:0.003216s ]
SQL: SHOW COLUMNS FROM `admin_msg` [ RunTime:0.0157s ]
SQL: SELECT COUNT(*) AS tp_count FROM `admin_msg` WHERE `status` = '10' AND `admin_id` = '2517844598' LIMIT 1   [ RunTime:0.0004s ]

[ 2018-12-04T14:45:00+08:00 ] ::1 /Home/Device/ajaxAddDeviceSetting/token/98c715cb8ddd0526917bb32f25129e69
INFO: [ app_init ] --START--
INFO: Run Behavior\BuildLiteBehavior [ RunTime:0.000019s ]
INFO: [ app_init ] --END-- [ RunTime:0.000425s ]
INFO: [ url_dispatch ] --START--
INFO: Run Lib\Behavior\SignCheckBehavior [ RunTime:0.001054s ]
INFO: Run Lib\Behavior\TokenCheckBehavior [ RunTime:3.858487s ]
INFO: Run Lib\Behavior\MethodCheckBehavior [ RunTime:0.004089s ]
INFO: [ url_dispatch ] --END-- [ RunTime:3.864300s ]
INFO: [ app_begin ] --START--
INFO: Run Behavior\ReadHtmlCacheBehavior [ RunTime:0.002993s ]
INFO: [ app_begin ] --END-- [ RunTime:0.003440s ]
SQL: SHOW COLUMNS FROM `device_setting` [ RunTime:0.0225s ]
SQL: UPDATE `device_setting` SET `value`='0',`update_user`='2517844598',`update_time`='1543905899' WHERE `company_id` = '1447247968' AND `type` = 10 [ RunTime:0.0542s ]
SQL: UPDATE `device_setting` SET `value`='1',`update_user`='2517844598',`update_time`='1543905899' WHERE `company_id` = '1447247968' AND `type` = 20 [ RunTime:0.0295s ]
SQL: UPDATE `device_setting` SET `value`='1',`update_user`='2517844598',`update_time`='1543905899' WHERE `company_id` = '1447247968' AND `type` = 30 [ RunTime:0.0227s ]
SQL: UPDATE `device_setting` SET `value`='1',`update_user`='2517844598',`update_time`='1543905899' WHERE `company_id` = '1447247968' AND `type` = 40 [ RunTime:0.0231s ]
SQL: UPDATE `device_setting` SET `value`='1',`update_user`='2517844598',`update_time`='1543905899' WHERE `company_id` = '1447247968' AND `type` = 50 [ RunTime:0.0226s ]
SQL: UPDATE `device_setting` SET `value`='1.5',`update_user`='2517844598',`update_time`='1543905899' WHERE `company_id` = '1447247968' AND `type` = 70 [ RunTime:0.0407s ]
SQL: UPDATE `device_setting` SET `value`='1.5',`update_user`='2517844598',`update_time`='1543905899' WHERE `company_id` = '1447247968' AND `type` = 100 [ RunTime:0.0220s ]
SQL: UPDATE `device_setting` SET `value`='5',`update_user`='2517844598',`update_time`='1543905899' WHERE `company_id` = '1447247968' AND `type` = 110 [ RunTime:0.0228s ]
SQL: UPDATE `device_setting` SET `value`='5',`update_user`='2517844598',`update_time`='1543905899' WHERE `company_id` = '1447247968' AND `type` = 120 [ RunTime:0.0219s ]
SQL: UPDATE `device_setting` SET `value`='6',`update_user`='2517844598',`update_time`='1543905899' WHERE `company_id` = '1447247968' AND `type` = 130 [ RunTime:0.0240s ]
SQL: UPDATE `device_setting` SET `value`='60',`update_user`='2517844598',`update_time`='1543905899' WHERE `company_id` = '1447247968' AND `type` = 140 [ RunTime:0.0234s ]
SQL: UPDATE `device_setting` SET `value`='60',`update_user`='2517844598',`update_time`='1543905899' WHERE `company_id` = '1447247968' AND `type` = 150 [ RunTime:0.0239s ]
SQL: UPDATE `device_setting` SET `value`='60',`update_user`='2517844598',`update_time`='1543905899' WHERE `company_id` = '1447247968' AND `type` = 160 [ RunTime:0.0486s ]
SQL: SHOW COLUMNS FROM `device` [ RunTime:0.0273s ]
SQL: SELECT `serial_no` FROM `device` WHERE `company_id` = '1447247968' AND `del_flg` = 0  [ RunTime:0.0008s ]

[ 2018-12-04T14:45:10+08:00 ] ::1 /Home/Device/getCompanyDeviceSetting/company_id/1447247968/token/98c715cb8ddd0526917bb32f25129e69
INFO: [ app_init ] --START--
INFO: Run Behavior\BuildLiteBehavior [ RunTime:0.000020s ]
INFO: [ app_init ] --END-- [ RunTime:0.000417s ]
INFO: [ url_dispatch ] --START--
INFO: Run Lib\Behavior\SignCheckBehavior [ RunTime:0.001164s ]
INFO: Run Lib\Behavior\TokenCheckBehavior [ RunTime:0.075979s ]
INFO: Run Lib\Behavior\MethodCheckBehavior [ RunTime:0.003301s ]
INFO: [ url_dispatch ] --END-- [ RunTime:0.080827s ]
INFO: [ app_begin ] --START--
INFO: Run Behavior\ReadHtmlCacheBehavior [ RunTime:0.001469s ]
INFO: [ app_begin ] --END-- [ RunTime:0.001695s ]
SQL: SHOW COLUMNS FROM `device_setting` [ RunTime:0.0190s ]
SQL: SELECT * FROM `device_setting` WHERE `company_id` = '1447247968'  [ RunTime:0.0007s ]

[ 2018-12-04T14:45:11+08:00 ] ::1 /Home/System/getSystemSetting/companyId/1447247968/type/20/token/98c715cb8ddd0526917bb32f25129e69
INFO: [ app_init ] --START--
INFO: Run Behavior\BuildLiteBehavior [ RunTime:0.000021s ]
INFO: [ app_init ] --END-- [ RunTime:0.000590s ]
INFO: [ url_dispatch ] --START--
INFO: Run Lib\Behavior\SignCheckBehavior [ RunTime:0.001019s ]
INFO: Run Lib\Behavior\TokenCheckBehavior [ RunTime:0.416334s ]
INFO: Run Lib\Behavior\MethodCheckBehavior [ RunTime:0.002003s ]
INFO: [ url_dispatch ] --END-- [ RunTime:0.419773s ]
INFO: [ app_begin ] --START--
INFO: Run Behavior\ReadHtmlCacheBehavior [ RunTime:0.001647s ]
INFO: [ app_begin ] --END-- [ RunTime:0.001911s ]
SQL: SHOW COLUMNS FROM `system_setting` [ RunTime:0.0148s ]
SQL: SELECT `value` FROM `system_setting` WHERE `type` = 20 AND `del_flg` = 0 AND `company_id` = '1447247968' LIMIT 1   [ RunTime:0.0005s ]

[ 2018-12-04T14:45:11+08:00 ] ::1 /Home/Admin/getAdminMsgCount/status/10/token/98c715cb8ddd0526917bb32f25129e69
INFO: [ app_init ] --START--
INFO: Run Behavior\BuildLiteBehavior [ RunTime:0.000033s ]
INFO: [ app_init ] --END-- [ RunTime:0.000871s ]
INFO: [ url_dispatch ] --START--
INFO: Run Lib\Behavior\SignCheckBehavior [ RunTime:0.002284s ]
INFO: Run Lib\Behavior\TokenCheckBehavior [ RunTime:0.358407s ]
INFO: Run Lib\Behavior\MethodCheckBehavior [ RunTime:0.001469s ]
INFO: [ url_dispatch ] --END-- [ RunTime:0.362547s ]
INFO: [ app_begin ] --START--
INFO: Run Behavior\ReadHtmlCacheBehavior [ RunTime:0.001170s ]
INFO: [ app_begin ] --END-- [ RunTime:0.001347s ]
SQL: SHOW COLUMNS FROM `admin_msg` [ RunTime:0.0151s ]
SQL: SELECT COUNT(*) AS tp_count FROM `admin_msg` WHERE `status` = '10' AND `admin_id` = '2517844598' LIMIT 1   [ RunTime:0.0006s ]

[ 2018-12-04T17:09:15+08:00 ] ::1 /Home/Company/checkStatus/companyId/1447247968/token/98c715cb8ddd0526917bb32f25129e69
INFO: [ app_init ] --START--
INFO: Run Behavior\BuildLiteBehavior [ RunTime:0.000134s ]
INFO: [ app_init ] --END-- [ RunTime:0.003049s ]
INFO: [ url_dispatch ] --START--
INFO: Run Lib\Behavior\SignCheckBehavior [ RunTime:0.142487s ]

[ 2018-12-04T17:09:19+08:00 ] ::1 /Home/Login/refreshToken/refreshToken/98c715cb8ddd0526917bb32f25129e69/token/98c715cb8ddd0526917bb32f25129e69/type/10
INFO: [ app_init ] --START--
INFO: Run Behavior\BuildLiteBehavior [ RunTime:0.000025s ]
INFO: [ app_init ] --END-- [ RunTime:0.000472s ]
INFO: [ url_dispatch ] --START--
INFO: Run Lib\Behavior\SignCheckBehavior [ RunTime:0.001232s ]
INFO: Run Lib\Behavior\TokenCheckBehavior [ RunTime:0.041061s ]
INFO: Run Lib\Behavior\MethodCheckBehavior [ RunTime:0.039199s ]
INFO: [ url_dispatch ] --END-- [ RunTime:0.081716s ]
INFO: [ app_begin ] --START--
INFO: Run Behavior\ReadHtmlCacheBehavior [ RunTime:0.014388s ]
INFO: [ app_begin ] --END-- [ RunTime:0.014507s ]
SQL: SHOW COLUMNS FROM `admin_token` [ RunTime:0.0259s ]
SQL: SELECT * FROM `admin_token` WHERE `del_flg` = 0 AND `refresh_token` = '98c715cb8ddd0526917bb32f25129e69' LIMIT 1   [ RunTime:0.0005s ]
SQL: UPDATE `admin_token` SET `detail`='881c8fd006f1b3962bc3ab4155f61d9d_2517844598',`update_time`='1543914558' WHERE `del_flg` = 0 AND `refresh_token` = '98c715cb8ddd0526917bb32f25129e69' [ RunTime:0.7315s ]

[ 2018-12-04T17:09:19+08:00 ] ::1 /Home/Company/checkStatus/companyId/1447247968/token/881c8fd006f1b3962bc3ab4155f61d9d
INFO: [ app_init ] --START--
INFO: Run Behavior\BuildLiteBehavior [ RunTime:0.000023s ]
INFO: [ app_init ] --END-- [ RunTime:0.000539s ]
INFO: [ url_dispatch ] --START--
INFO: Run Lib\Behavior\SignCheckBehavior [ RunTime:0.001426s ]
INFO: Run Lib\Behavior\TokenCheckBehavior [ RunTime:0.181166s ]
INFO: Run Lib\Behavior\MethodCheckBehavior [ RunTime:0.002586s ]
INFO: [ url_dispatch ] --END-- [ RunTime:0.185703s ]
INFO: [ app_begin ] --START--
INFO: Run Behavior\ReadHtmlCacheBehavior [ RunTime:0.001913s ]
INFO: [ app_begin ] --END-- [ RunTime:0.002288s ]
SQL: SHOW COLUMNS FROM `company` [ RunTime:0.0271s ]
SQL: SELECT * FROM `company` WHERE `id` = '1447247968' AND `del_flg` = 0 LIMIT 1   [ RunTime:0.0004s ]

[ 2018-12-04T17:09:20+08:00 ] ::1 /Home/DrivingMonitor/statBehavior/companyId/1447247968/startTime/1541322560/endTime/1543914560/token/881c8fd006f1b3962bc3ab4155f61d9d
INFO: [ app_init ] --START--
INFO: Run Behavior\BuildLiteBehavior [ RunTime:0.000037s ]
INFO: [ app_init ] --END-- [ RunTime:0.000920s ]
INFO: [ url_dispatch ] --START--
INFO: Run Lib\Behavior\SignCheckBehavior [ RunTime:0.001987s ]
INFO: Run Lib\Behavior\TokenCheckBehavior [ RunTime:0.110753s ]
INFO: Run Lib\Behavior\MethodCheckBehavior [ RunTime:0.002425s ]
INFO: [ url_dispatch ] --END-- [ RunTime:0.115699s ]
INFO: [ app_begin ] --START--
INFO: Run Behavior\ReadHtmlCacheBehavior [ RunTime:0.001775s ]
INFO: [ app_begin ] --END-- [ RunTime:0.002072s ]
SQL: SHOW COLUMNS FROM `user_behavior` [ RunTime:0.0238s ]
SQL: SELECT count(1) count,`code` FROM `user_behavior` WHERE `del_flg` = 0 AND `company_id` = '1447247968' AND ( `create_time` >= '1541322560' AND `create_time` < '1543914560'  ) GROUP BY code ORDER BY count desc LIMIT 6   [ RunTime:0.0011s ]

[ 2018-12-04T17:09:21+08:00 ] ::1 /Home/System/getSystemSetting/companyId/1447247968/type/20/token/881c8fd006f1b3962bc3ab4155f61d9d
INFO: [ app_init ] --START--
INFO: Run Behavior\BuildLiteBehavior [ RunTime:0.000046s ]
INFO: [ app_init ] --END-- [ RunTime:0.001136s ]
INFO: [ url_dispatch ] --START--
INFO: Run Lib\Behavior\SignCheckBehavior [ RunTime:0.001897s ]
INFO: Run Lib\Behavior\TokenCheckBehavior [ RunTime:0.096134s ]
INFO: Run Lib\Behavior\MethodCheckBehavior [ RunTime:0.000783s ]
INFO: [ url_dispatch ] --END-- [ RunTime:0.099104s ]
INFO: [ app_begin ] --START--
INFO: Run Behavior\ReadHtmlCacheBehavior [ RunTime:0.000629s ]
INFO: [ app_begin ] --END-- [ RunTime:0.000718s ]
SQL: SHOW COLUMNS FROM `system_setting` [ RunTime:0.0090s ]
SQL: SELECT `value` FROM `system_setting` WHERE `type` = 20 AND `del_flg` = 0 AND `company_id` = '1447247968' LIMIT 1   [ RunTime:0.0004s ]

[ 2018-12-04T17:09:22+08:00 ] ::1 /Home/Admin/getAdminMsgCount/status/10/token/881c8fd006f1b3962bc3ab4155f61d9d
INFO: [ app_init ] --START--
INFO: Run Behavior\BuildLiteBehavior [ RunTime:0.000028s ]
INFO: [ app_init ] --END-- [ RunTime:0.000745s ]
INFO: [ url_dispatch ] --START--
INFO: Run Lib\Behavior\SignCheckBehavior [ RunTime:0.002033s ]
INFO: Run Lib\Behavior\TokenCheckBehavior [ RunTime:0.494032s ]
INFO: Run Lib\Behavior\MethodCheckBehavior [ RunTime:0.002326s ]
INFO: [ url_dispatch ] --END-- [ RunTime:0.498860s ]
INFO: [ app_begin ] --START--
INFO: Run Behavior\ReadHtmlCacheBehavior [ RunTime:0.001203s ]
INFO: [ app_begin ] --END-- [ RunTime:0.001373s ]
SQL: SHOW COLUMNS FROM `admin_msg` [ RunTime:0.4631s ]
SQL: SELECT COUNT(*) AS tp_count FROM `admin_msg` WHERE `status` = '10' AND `admin_id` = '2517844598' LIMIT 1   [ RunTime:0.0004s ]

[ 2018-12-04T17:09:25+08:00 ] ::1 /Home/DrivingMonitor/statByTimeGroup/companyId/1447247968/startTime/1543593600/endTime/1543939200/token/881c8fd006f1b3962bc3ab4155f61d9d
INFO: [ app_init ] --START--
INFO: Run Behavior\BuildLiteBehavior [ RunTime:0.000094s ]
INFO: [ app_init ] --END-- [ RunTime:0.000723s ]
INFO: [ url_dispatch ] --START--
INFO: Run Lib\Behavior\SignCheckBehavior [ RunTime:0.001638s ]
INFO: Run Lib\Behavior\TokenCheckBehavior [ RunTime:0.106238s ]
INFO: Run Lib\Behavior\MethodCheckBehavior [ RunTime:0.001310s ]
INFO: [ url_dispatch ] --END-- [ RunTime:0.109497s ]
INFO: [ app_begin ] --START--
INFO: Run Behavior\ReadHtmlCacheBehavior [ RunTime:0.001528s ]
INFO: [ app_begin ] --END-- [ RunTime:0.001743s ]
SQL: SHOW COLUMNS FROM `user_behavior` [ RunTime:0.0125s ]
SQL: SELECT FROM_UNIXTIME(create_time, "%H") time,count(1) count,`code` FROM `user_behavior` WHERE `del_flg` = 0 AND `company_id` = '1447247968' AND ( `create_time` >= '1543593600' AND `create_time` < '1543939200'  ) GROUP BY code ,time  [ RunTime:0.0012s ]

[ 2018-12-04T17:09:29+08:00 ] ::1 /Home/Device/getCompanyDeviceSetting/company_id/1447247968/token/881c8fd006f1b3962bc3ab4155f61d9d
INFO: [ app_init ] --START--
INFO: Run Behavior\BuildLiteBehavior [ RunTime:0.000021s ]
INFO: [ app_init ] --END-- [ RunTime:0.000498s ]
INFO: [ url_dispatch ] --START--
INFO: Run Lib\Behavior\SignCheckBehavior [ RunTime:0.001178s ]
INFO: Run Lib\Behavior\TokenCheckBehavior [ RunTime:0.068985s ]
INFO: Run Lib\Behavior\MethodCheckBehavior [ RunTime:0.003556s ]
INFO: [ url_dispatch ] --END-- [ RunTime:0.074342s ]
INFO: [ app_begin ] --START--
INFO: Run Behavior\ReadHtmlCacheBehavior [ RunTime:0.002741s ]
INFO: [ app_begin ] --END-- [ RunTime:0.003197s ]
SQL: SHOW COLUMNS FROM `device_setting` [ RunTime:0.0179s ]
SQL: SELECT * FROM `device_setting` WHERE `company_id` = '1447247968'  [ RunTime:0.0007s ]

[ 2018-12-04T17:09:29+08:00 ] ::1 /Home/System/getSystemSetting/companyId/1447247968/type/20/token/881c8fd006f1b3962bc3ab4155f61d9d
INFO: [ app_init ] --START--
INFO: Run Behavior\BuildLiteBehavior [ RunTime:0.000023s ]
INFO: [ app_init ] --END-- [ RunTime:0.000501s ]
INFO: [ url_dispatch ] --START--
INFO: Run Lib\Behavior\SignCheckBehavior [ RunTime:0.001163s ]
INFO: Run Lib\Behavior\TokenCheckBehavior [ RunTime:0.107350s ]
INFO: Run Lib\Behavior\MethodCheckBehavior [ RunTime:0.001144s ]
INFO: [ url_dispatch ] --END-- [ RunTime:0.109936s ]
INFO: [ app_begin ] --START--
INFO: Run Behavior\ReadHtmlCacheBehavior [ RunTime:0.000887s ]
INFO: [ app_begin ] --END-- [ RunTime:0.001035s ]
SQL: SHOW COLUMNS FROM `system_setting` [ RunTime:0.0110s ]
SQL: SELECT `value` FROM `system_setting` WHERE `type` = 20 AND `del_flg` = 0 AND `company_id` = '1447247968' LIMIT 1   [ RunTime:0.0003s ]

[ 2018-12-04T17:09:29+08:00 ] ::1 /Home/Admin/getAdminMsgCount/status/10/token/881c8fd006f1b3962bc3ab4155f61d9d
INFO: [ app_init ] --START--
INFO: Run Behavior\BuildLiteBehavior [ RunTime:0.000031s ]
INFO: [ app_init ] --END-- [ RunTime:0.001493s ]
INFO: [ url_dispatch ] --START--
INFO: Run Lib\Behavior\SignCheckBehavior [ RunTime:0.001674s ]
INFO: Run Lib\Behavior\TokenCheckBehavior [ RunTime:0.073322s ]
INFO: Run Lib\Behavior\MethodCheckBehavior [ RunTime:0.003133s ]
INFO: [ url_dispatch ] --END-- [ RunTime:0.078860s ]
INFO: [ app_begin ] --START--
INFO: Run Behavior\ReadHtmlCacheBehavior [ RunTime:0.002703s ]
INFO: [ app_begin ] --END-- [ RunTime:0.003106s ]
SQL: SHOW COLUMNS FROM `admin_msg` [ RunTime:0.3159s ]
SQL: SELECT COUNT(*) AS tp_count FROM `admin_msg` WHERE `status` = '10' AND `admin_id` = '2517844598' LIMIT 1   [ RunTime:0.0012s ]

[ 2018-12-04T17:10:31+08:00 ] ::1 /Home/Device/getCompanyDeviceSetting/company_id/1447247968/token/881c8fd006f1b3962bc3ab4155f61d9d
INFO: [ app_init ] --START--
INFO: Run Behavior\BuildLiteBehavior [ RunTime:0.000034s ]
INFO: [ app_init ] --END-- [ RunTime:0.000781s ]
INFO: [ url_dispatch ] --START--
INFO: Run Lib\Behavior\SignCheckBehavior [ RunTime:0.001211s ]
INFO: Run Lib\Behavior\TokenCheckBehavior [ RunTime:0.028091s ]
INFO: Run Lib\Behavior\MethodCheckBehavior [ RunTime:0.001303s ]
INFO: [ url_dispatch ] --END-- [ RunTime:0.030979s ]
INFO: [ app_begin ] --START--
INFO: Run Behavior\ReadHtmlCacheBehavior [ RunTime:0.000590s ]
INFO: [ app_begin ] --END-- [ RunTime:0.000698s ]
SQL: SHOW COLUMNS FROM `device_setting` [ RunTime:0.0166s ]
SQL: SELECT * FROM `device_setting` WHERE `company_id` = '1447247968'  [ RunTime:0.0005s ]

[ 2018-12-04T17:10:31+08:00 ] ::1 /Home/System/getSystemSetting/companyId/1447247968/type/20/token/881c8fd006f1b3962bc3ab4155f61d9d
INFO: [ app_init ] --START--
INFO: Run Behavior\BuildLiteBehavior [ RunTime:0.000020s ]
INFO: [ app_init ] --END-- [ RunTime:0.000521s ]
INFO: [ url_dispatch ] --START--
INFO: Run Lib\Behavior\SignCheckBehavior [ RunTime:0.001008s ]
INFO: Run Lib\Behavior\TokenCheckBehavior [ RunTime:0.032681s ]
INFO: Run Lib\Behavior\MethodCheckBehavior [ RunTime:0.001228s ]
INFO: [ url_dispatch ] --END-- [ RunTime:0.035225s ]
INFO: [ app_begin ] --START--
INFO: Run Behavior\ReadHtmlCacheBehavior [ RunTime:0.001032s ]
INFO: [ app_begin ] --END-- [ RunTime:0.001202s ]
SQL: SHOW COLUMNS FROM `system_setting` [ RunTime:0.0114s ]
SQL: SELECT `value` FROM `system_setting` WHERE `type` = 20 AND `del_flg` = 0 AND `company_id` = '1447247968' LIMIT 1   [ RunTime:0.0003s ]

[ 2018-12-04T17:10:31+08:00 ] ::1 /Home/Admin/getAdminMsgCount/status/10/token/881c8fd006f1b3962bc3ab4155f61d9d
INFO: [ app_init ] --START--
INFO: Run Behavior\BuildLiteBehavior [ RunTime:0.000021s ]
INFO: [ app_init ] --END-- [ RunTime:0.000428s ]
INFO: [ url_dispatch ] --START--
INFO: Run Lib\Behavior\SignCheckBehavior [ RunTime:0.001185s ]
INFO: Run Lib\Behavior\TokenCheckBehavior [ RunTime:0.021267s ]
INFO: Run Lib\Behavior\MethodCheckBehavior [ RunTime:0.000805s ]
INFO: [ url_dispatch ] --END-- [ RunTime:0.023499s ]
INFO: [ app_begin ] --START--
INFO: Run Behavior\ReadHtmlCacheBehavior [ RunTime:0.000724s ]
INFO: [ app_begin ] --END-- [ RunTime:0.000847s ]
SQL: SHOW COLUMNS FROM `admin_msg` [ RunTime:0.0095s ]
SQL: SELECT COUNT(*) AS tp_count FROM `admin_msg` WHERE `status` = '10' AND `admin_id` = '2517844598' LIMIT 1   [ RunTime:0.0092s ]

[ 2018-12-04T17:11:46+08:00 ] ::1 /Home/Device/getCompanyDeviceSetting/company_id/1447247968/token/881c8fd006f1b3962bc3ab4155f61d9d
INFO: [ app_init ] --START--
INFO: Run Behavior\BuildLiteBehavior [ RunTime:0.000020s ]
INFO: [ app_init ] --END-- [ RunTime:0.000506s ]
INFO: [ url_dispatch ] --START--
INFO: Run Lib\Behavior\SignCheckBehavior [ RunTime:0.001958s ]
INFO: Run Lib\Behavior\TokenCheckBehavior [ RunTime:3.026885s ]
INFO: Run Lib\Behavior\MethodCheckBehavior [ RunTime:0.003562s ]
INFO: [ url_dispatch ] --END-- [ RunTime:3.033082s ]
INFO: [ app_begin ] --START--
INFO: Run Behavior\ReadHtmlCacheBehavior [ RunTime:0.003382s ]
INFO: [ app_begin ] --END-- [ RunTime:0.004029s ]
SQL: SHOW COLUMNS FROM `device_setting` [ RunTime:0.0549s ]
SQL: SELECT * FROM `device_setting` WHERE `company_id` = '1447247968'  [ RunTime:0.0008s ]

[ 2018-12-04T17:11:46+08:00 ] ::1 /Home/System/getSystemSetting/companyId/1447247968/type/20/token/881c8fd006f1b3962bc3ab4155f61d9d
INFO: [ app_init ] --START--
INFO: Run Behavior\BuildLiteBehavior [ RunTime:0.000020s ]
INFO: [ app_init ] --END-- [ RunTime:0.000449s ]
INFO: [ url_dispatch ] --START--
INFO: Run Lib\Behavior\SignCheckBehavior [ RunTime:0.001037s ]
INFO: Run Lib\Behavior\TokenCheckBehavior [ RunTime:0.039667s ]
INFO: Run Lib\Behavior\MethodCheckBehavior [ RunTime:0.001889s ]
INFO: [ url_dispatch ] --END-- [ RunTime:0.042965s ]
INFO: [ app_begin ] --START--
INFO: Run Behavior\ReadHtmlCacheBehavior [ RunTime:0.001584s ]
INFO: [ app_begin ] --END-- [ RunTime:0.001820s ]
SQL: SHOW COLUMNS FROM `system_setting` [ RunTime:0.0769s ]
SQL: SELECT `value` FROM `system_setting` WHERE `type` = 20 AND `del_flg` = 0 AND `company_id` = '1447247968' LIMIT 1   [ RunTime:0.0006s ]

[ 2018-12-04T17:11:47+08:00 ] ::1 /Home/Admin/getAdminMsgCount/status/10/token/881c8fd006f1b3962bc3ab4155f61d9d
INFO: [ app_init ] --START--
INFO: Run Behavior\BuildLiteBehavior [ RunTime:0.000049s ]
INFO: [ app_init ] --END-- [ RunTime:0.001232s ]
INFO: [ url_dispatch ] --START--
INFO: Run Lib\Behavior\SignCheckBehavior [ RunTime:0.001668s ]
INFO: Run Lib\Behavior\TokenCheckBehavior [ RunTime:0.024849s ]
INFO: Run Lib\Behavior\MethodCheckBehavior [ RunTime:0.001668s ]
INFO: [ url_dispatch ] --END-- [ RunTime:0.028536s ]
INFO: [ app_begin ] --START--
INFO: Run Behavior\ReadHtmlCacheBehavior [ RunTime:0.001004s ]
INFO: [ app_begin ] --END-- [ RunTime:0.001143s ]
SQL: SHOW COLUMNS FROM `admin_msg` [ RunTime:0.3507s ]
SQL: SELECT COUNT(*) AS tp_count FROM `admin_msg` WHERE `status` = '10' AND `admin_id` = '2517844598' LIMIT 1   [ RunTime:0.0011s ]

[ 2018-12-04T17:12:28+08:00 ] ::1 /Home/Device/getCompanyDeviceSetting/company_id/1447247968/token/881c8fd006f1b3962bc3ab4155f61d9d
INFO: [ app_init ] --START--
INFO: Run Behavior\BuildLiteBehavior [ RunTime:0.000019s ]
INFO: [ app_init ] --END-- [ RunTime:0.000437s ]
INFO: [ url_dispatch ] --START--
INFO: Run Lib\Behavior\SignCheckBehavior [ RunTime:0.001454s ]
INFO: Run Lib\Behavior\TokenCheckBehavior [ RunTime:0.040763s ]
INFO: Run Lib\Behavior\MethodCheckBehavior [ RunTime:0.000782s ]
INFO: [ url_dispatch ] --END-- [ RunTime:0.043240s ]
INFO: [ app_begin ] --START--
INFO: Run Behavior\ReadHtmlCacheBehavior [ RunTime:0.000650s ]
INFO: [ app_begin ] --END-- [ RunTime:0.000739s ]
SQL: SHOW COLUMNS FROM `device_setting` [ RunTime:0.0511s ]
SQL: SELECT * FROM `device_setting` WHERE `company_id` = '1447247968'  [ RunTime:0.0010s ]

[ 2018-12-04T17:12:28+08:00 ] ::1 /Home/System/getSystemSetting/companyId/1447247968/type/20/token/881c8fd006f1b3962bc3ab4155f61d9d
INFO: [ app_init ] --START--
INFO: Run Behavior\BuildLiteBehavior [ RunTime:0.000022s ]
INFO: [ app_init ] --END-- [ RunTime:0.000649s ]
INFO: [ url_dispatch ] --START--
INFO: Run Lib\Behavior\SignCheckBehavior [ RunTime:0.001592s ]
INFO: Run Lib\Behavior\TokenCheckBehavior [ RunTime:0.091441s ]
INFO: Run Lib\Behavior\MethodCheckBehavior [ RunTime:0.001650s ]
INFO: [ url_dispatch ] --END-- [ RunTime:0.095088s ]
INFO: [ app_begin ] --START--
INFO: Run Behavior\ReadHtmlCacheBehavior [ RunTime:0.001355s ]
INFO: [ app_begin ] --END-- [ RunTime:0.001557s ]
SQL: SHOW COLUMNS FROM `system_setting` [ RunTime:0.0256s ]
SQL: SELECT `value` FROM `system_setting` WHERE `type` = 20 AND `del_flg` = 0 AND `company_id` = '1447247968' LIMIT 1   [ RunTime:0.0004s ]

[ 2018-12-04T17:12:30+08:00 ] ::1 /Home/Admin/getAdminMsgCount/status/10/token/881c8fd006f1b3962bc3ab4155f61d9d
INFO: [ app_init ] --START--
INFO: Run Behavior\BuildLiteBehavior [ RunTime:0.000040s ]
INFO: [ app_init ] --END-- [ RunTime:0.000876s ]
INFO: [ url_dispatch ] --START--
INFO: Run Lib\Behavior\SignCheckBehavior [ RunTime:0.001373s ]
INFO: Run Lib\Behavior\TokenCheckBehavior [ RunTime:0.083091s ]
INFO: Run Lib\Behavior\MethodCheckBehavior [ RunTime:0.002875s ]
INFO: [ url_dispatch ] --END-- [ RunTime:0.087979s ]
INFO: [ app_begin ] --START--
INFO: Run Behavior\ReadHtmlCacheBehavior [ RunTime:0.002414s ]
INFO: [ app_begin ] --END-- [ RunTime:0.002967s ]
SQL: SHOW COLUMNS FROM `admin_msg` [ RunTime:1.0462s ]
SQL: SELECT COUNT(*) AS tp_count FROM `admin_msg` WHERE `status` = '10' AND `admin_id` = '2517844598' LIMIT 1   [ RunTime:0.0006s ]

[ 2018-12-04T17:15:49+08:00 ] ::1 /Home/Device/getCompanyDeviceSetting/company_id/1447247968/token/881c8fd006f1b3962bc3ab4155f61d9d
INFO: [ app_init ] --START--
INFO: Run Behavior\BuildLiteBehavior [ RunTime:0.000018s ]
INFO: [ app_init ] --END-- [ RunTime:0.000413s ]
INFO: [ url_dispatch ] --START--
INFO: Run Lib\Behavior\SignCheckBehavior [ RunTime:0.001167s ]
INFO: Run Lib\Behavior\TokenCheckBehavior [ RunTime:0.333557s ]
INFO: Run Lib\Behavior\MethodCheckBehavior [ RunTime:0.004231s ]
INFO: [ url_dispatch ] --END-- [ RunTime:0.339559s ]
INFO: [ app_begin ] --START--
INFO: Run Behavior\ReadHtmlCacheBehavior [ RunTime:0.002902s ]
INFO: [ app_begin ] --END-- [ RunTime:0.003331s ]
SQL: SHOW COLUMNS FROM `device_setting` [ RunTime:0.0235s ]
SQL: SELECT * FROM `device_setting` WHERE `company_id` = '1447247968'  [ RunTime:0.0004s ]

[ 2018-12-04T17:15:53+08:00 ] ::1 /Home/System/getSystemSetting/companyId/1447247968/type/20/token/881c8fd006f1b3962bc3ab4155f61d9d
INFO: [ app_init ] --START--
INFO: Run Behavior\BuildLiteBehavior [ RunTime:0.000020s ]
INFO: [ app_init ] --END-- [ RunTime:0.000450s ]
INFO: [ url_dispatch ] --START--
INFO: Run Lib\Behavior\SignCheckBehavior [ RunTime:0.001026s ]
INFO: Run Lib\Behavior\TokenCheckBehavior [ RunTime:3.434550s ]
INFO: Run Lib\Behavior\MethodCheckBehavior [ RunTime:0.003913s ]
INFO: [ url_dispatch ] --END-- [ RunTime:3.440299s ]
INFO: [ app_begin ] --START--
INFO: Run Behavior\ReadHtmlCacheBehavior [ RunTime:0.004110s ]
INFO: [ app_begin ] --END-- [ RunTime:0.004657s ]
SQL: SHOW COLUMNS FROM `system_setting` [ RunTime:0.0254s ]
SQL: SELECT `value` FROM `system_setting` WHERE `type` = 20 AND `del_flg` = 0 AND `company_id` = '1447247968' LIMIT 1   [ RunTime:0.0004s ]

[ 2018-12-04T17:15:56+08:00 ] ::1 /Home/Admin/getAdminMsgCount/status/10/token/881c8fd006f1b3962bc3ab4155f61d9d
INFO: [ app_init ] --START--
INFO: Run Behavior\BuildLiteBehavior [ RunTime:0.000069s ]
INFO: [ app_init ] --END-- [ RunTime:0.000719s ]
INFO: [ url_dispatch ] --START--
INFO: Run Lib\Behavior\SignCheckBehavior [ RunTime:0.001379s ]
INFO: Run Lib\Behavior\TokenCheckBehavior [ RunTime:3.416410s ]
INFO: Run Lib\Behavior\MethodCheckBehavior [ RunTime:0.003544s ]
INFO: [ url_dispatch ] --END-- [ RunTime:3.422095s ]
INFO: [ app_begin ] --START--
INFO: Run Behavior\ReadHtmlCacheBehavior [ RunTime:0.002925s ]
INFO: [ app_begin ] --END-- [ RunTime:0.003462s ]
SQL: SHOW COLUMNS FROM `admin_msg` [ RunTime:0.0197s ]
SQL: SELECT COUNT(*) AS tp_count FROM `admin_msg` WHERE `status` = '10' AND `admin_id` = '2517844598' LIMIT 1   [ RunTime:0.0003s ]

[ 2018-12-04T17:16:35+08:00 ] ::1 /Home/Device/getCompanyDeviceSetting/company_id/1447247968/token/881c8fd006f1b3962bc3ab4155f61d9d
INFO: [ app_init ] --START--
INFO: Run Behavior\BuildLiteBehavior [ RunTime:0.000029s ]
INFO: [ app_init ] --END-- [ RunTime:0.000598s ]
INFO: [ url_dispatch ] --START--
INFO: Run Lib\Behavior\SignCheckBehavior [ RunTime:0.001125s ]
INFO: Run Lib\Behavior\TokenCheckBehavior [ RunTime:0.034763s ]
INFO: Run Lib\Behavior\MethodCheckBehavior [ RunTime:0.000993s ]
INFO: [ url_dispatch ] --END-- [ RunTime:0.037173s ]
INFO: [ app_begin ] --START--
INFO: Run Behavior\ReadHtmlCacheBehavior [ RunTime:0.000582s ]
INFO: [ app_begin ] --END-- [ RunTime:0.000675s ]
SQL: SHOW COLUMNS FROM `device_setting` [ RunTime:0.0090s ]
SQL: SELECT * FROM `device_setting` WHERE `company_id` = '1447247968'  [ RunTime:0.0006s ]

[ 2018-12-04T17:16:35+08:00 ] ::1 /Home/System/getSystemSetting/companyId/1447247968/type/20/token/881c8fd006f1b3962bc3ab4155f61d9d
INFO: [ app_init ] --START--
INFO: Run Behavior\BuildLiteBehavior [ RunTime:0.000021s ]
INFO: [ app_init ] --END-- [ RunTime:0.000475s ]
INFO: [ url_dispatch ] --START--
INFO: Run Lib\Behavior\SignCheckBehavior [ RunTime:0.001054s ]
INFO: Run Lib\Behavior\TokenCheckBehavior [ RunTime:0.017734s ]
INFO: Run Lib\Behavior\MethodCheckBehavior [ RunTime:0.001015s ]
INFO: [ url_dispatch ] --END-- [ RunTime:0.020096s ]
INFO: [ app_begin ] --START--
INFO: Run Behavior\ReadHtmlCacheBehavior [ RunTime:0.000817s ]
INFO: [ app_begin ] --END-- [ RunTime:0.000966s ]
SQL: SHOW COLUMNS FROM `system_setting` [ RunTime:0.0106s ]
SQL: SELECT `value` FROM `system_setting` WHERE `type` = 20 AND `del_flg` = 0 AND `company_id` = '1447247968' LIMIT 1   [ RunTime:0.0003s ]

[ 2018-12-04T17:16:36+08:00 ] ::1 /Home/Admin/getAdminMsgCount/status/10/token/881c8fd006f1b3962bc3ab4155f61d9d
INFO: [ app_init ] --START--
INFO: Run Behavior\BuildLiteBehavior [ RunTime:0.000032s ]
INFO: [ app_init ] --END-- [ RunTime:0.000677s ]
INFO: [ url_dispatch ] --START--
INFO: Run Lib\Behavior\SignCheckBehavior [ RunTime:0.001423s ]
INFO: Run Lib\Behavior\TokenCheckBehavior [ RunTime:0.031118s ]
INFO: Run Lib\Behavior\MethodCheckBehavior [ RunTime:0.000706s ]
INFO: [ url_dispatch ] --END-- [ RunTime:0.033518s ]
INFO: [ app_begin ] --START--
INFO: Run Behavior\ReadHtmlCacheBehavior [ RunTime:0.000544s ]
INFO: [ app_begin ] --END-- [ RunTime:0.000633s ]
SQL: SHOW COLUMNS FROM `admin_msg` [ RunTime:0.0090s ]
SQL: SELECT COUNT(*) AS tp_count FROM `admin_msg` WHERE `status` = '10' AND `admin_id` = '2517844598' LIMIT 1   [ RunTime:0.0002s ]

[ 2018-12-04T17:33:17+08:00 ] ::1 /Home/Login/logOut/type/10/token/881c8fd006f1b3962bc3ab4155f61d9d
INFO: [ app_init ] --START--
INFO: Run Behavior\BuildLiteBehavior [ RunTime:0.000020s ]
INFO: [ app_init ] --END-- [ RunTime:0.000505s ]
INFO: [ url_dispatch ] --START--
INFO: Run Lib\Behavior\SignCheckBehavior [ RunTime:0.001661s ]
INFO: Run Lib\Behavior\TokenCheckBehavior [ RunTime:4.901984s ]
INFO: Run Lib\Behavior\MethodCheckBehavior [ RunTime:0.003276s ]
INFO: [ url_dispatch ] --END-- [ RunTime:4.907553s ]
INFO: [ app_begin ] --START--
INFO: Run Behavior\ReadHtmlCacheBehavior [ RunTime:0.002642s ]
INFO: [ app_begin ] --END-- [ RunTime:0.003053s ]
SQL: SHOW COLUMNS FROM `admin` [ RunTime:0.0383s ]
SQL: SELECT * FROM `admin` WHERE `id` = '2517844598' AND `status` = 10 AND `del_flg` = 0 LIMIT 1   [ RunTime:0.0008s ]
SQL: SHOW COLUMNS FROM `admin_token` [ RunTime:0.0343s ]
SQL: UPDATE `admin_token` SET `refresh_token`='',`detail`='',`expire_time`='0',`update_time`='1543915997' WHERE `admin_id` = '2517844598' AND `del_flg` = 0 AND `type` = 10 [ RunTime:0.0278s ]

