[2019-06-12 14:47:30,757] [14472] RunTime: 0.0000 s
 - INFO 
 - RestClient.doGet(D:\wamp\www\wscloud\backoffice\ThinkPHP\Library\Vendor\ApiGateway\RestClient.php:49)
 - {"message":"rest client","data":"{\"client_ip\":\"::1\",\"request_host\":\"http:\/\/localhost:133\/Home\",\"request_path\":\"\/System\/getSystemSetting\/companyId\/1447247968\/type\/20\/token\/bbf8a0ef91e37f26986559955d00af70\",\"request_method\":\"GET\",\"request_bodys\":null,\"response_code\":200,\"response_body\":{\"code\":1,\"msg\":\"\\u67e5\\u8be2\\u6210\\u529f\",\"status_code\":4025,\"data\":{\"value\":\"1\"}},\"response_errorMessage\":null}","topic":""}
[2019-06-12 14:47:30,947] [14472] RunTime: 0.1900 s
 - INFO 
 - RestClient.doGet(D:\wamp\www\wscloud\backoffice\ThinkPHP\Library\Vendor\ApiGateway\RestClient.php:49)
 - {"message":"rest client","data":"{\"client_ip\":\"::1\",\"request_host\":\"http:\/\/localhost:133\/Home\",\"request_path\":\"\/Admin\/getAdminMsgCount\/status\/10\/token\/bbf8a0ef91e37f26986559955d00af70\",\"request_method\":\"GET\",\"request_bodys\":null,\"response_code\":200,\"response_body\":{\"code\":1,\"msg\":\"\\u67e5\\u8be2\\u6210\\u529f\",\"status_code\":4025,\"data\":\"0\"},\"response_errorMessage\":null}","topic":""}
[2019-06-12 14:47:31,401] [14472] RunTime: 0.0000 s
 - INFO 
 - RestClient.doGet(D:\wamp\www\wscloud\backoffice\ThinkPHP\Library\Vendor\ApiGateway\RestClient.php:49)
 - {"message":"rest client","data":"{\"client_ip\":\"::1\",\"request_host\":\"http:\/\/localhost:133\/Home\",\"request_path\":\"\/Admin\/adminLists\/name\/null\/phone\/null\/status\/null\/companyId\/1447247968\/pageSize\/10\/pageNo\/1\/token\/bbf8a0ef91e37f26986559955d00af70\",\"request_method\":\"GET\",\"request_bodys\":null,\"response_code\":200,\"response_body\":{\"code\":1,\"msg\":\"\\u67e5\\u8be2\\u6b63\\u5e38\",\"status_code\":1000,\"data\":{\"dataList\":[{\"id\":\"7721619557\",\"company_id\":\"1447247968\",\"name\":\"\\u7ba1\\u7406\\u5458\\u4e8c\",\"account\":\"lwq1\",\"phone\":\"13300000000\",\"email\":\"123131@qq.com\",\"password\":\"e10adc3949ba59abbe56e057f20f883e\",\"right\":\"1,100,110,120,200,210,220,300,310,320,400,410,420,430,500,510,520,600,610,620\",\"status\":\"10\",\"type\":\"10\",\"create_time\":\"2018-05-29 14:50:22\",\"create_user\":\"2517844598\",\"update_time\":\"1527576622\",\"update_user\":\"2517844598\",\"del_flg\":\"0\",\"status_name\":\"\\u6b63\\u5e38\"},{\"id\":\"1518614752\",\"company_id\":\"1447247968\",\"name\":\"\\u674e\\u6587\\u8d77\",\"account\":\"lwq\",\"phone\":\"13373944335\",\"email\":\"123459@qq.com\",\"password\":\"e10adc3949ba59abbe56e057f20f883e\",\"right\":\"1,100,110,120,200,210,220,300,310,320,400,410,420,430,500,510,520,600,610,620,2,1000,1010\",\"status\":\"10\",\"type\":\"20\",\"create_time\":\"2018-05-28 14:19:35\",\"create_user\":\"2517844598\",\"update_time\":\"1528788788\",\"update_user\":\"2517844598\",\"del_flg\":\"0\",\"status_name\":\"\\u6b63\\u5e38\"},{\"id\":\"2517844598\",\"company_id\":\"1447247968\",\"name\":\"\\u6d4b\\u8bd5\\u516c\\u53f8\",\"account\":\"13161934946\",\"phone\":\"13161934946\",\"email\":\"123456789@qq.com\",\"password\":\"e10adc3949ba59abbe56e057f20f883e\",\"right\":\"1,100,110,120,200,210,220,300,310,320,400,410,420,430,500,510,520,600,610,620,700,710,720,730,2,1000,1010\",\"status\":\"10\",\"type\":\"20\",\"create_time\":\"2018-05-28 14:12:44\",\"create_user\":\"2517844598\",\"update_time\":\"1528868703\",\"update_user\":\"2517844598\",\"del_flg\":\"0\",\"status_name\":\"\\u6b63\\u5e38\"}],\"totalRecord\":\"3\"}},\"response_errorMessage\":null}","topic":""}
[2019-06-12 18:15:04,944] [14472] RunTime: 0.0000 s
 - INFO 
 - RestClient.doGet(D:\wamp\www\wscloud\backoffice\ThinkPHP\Library\Vendor\ApiGateway\RestClient.php:49)
 - {"message":"rest client","data":"{\"client_ip\":\"::1\",\"request_host\":\"http:\/\/localhost:133\/Home\",\"request_path\":\"\/System\/getSystemSetting\/companyId\/1447247968\/type\/20\/token\/bbf8a0ef91e37f26986559955d00af70\",\"request_method\":\"GET\",\"request_bodys\":null,\"response_code\":200,\"response_body\":{\"code\":0,\"msg\":\"token\\u8fc7\\u671f\",\"status_code\":2001},\"response_errorMessage\":null}","topic":""}
[2019-06-12 18:15:05,141] [14472] RunTime: 0.1966 s
 - INFO 
 - RestClient.doGet(D:\wamp\www\wscloud\backoffice\ThinkPHP\Library\Vendor\ApiGateway\RestClient.php:49)
 - {"message":"rest client","data":"{\"client_ip\":\"::1\",\"request_host\":\"http:\/\/localhost:133\/Home\",\"request_path\":\"\/Login\/refreshToken\/refreshToken\/bbf8a0ef91e37f26986559955d00af70\/token\/bbf8a0ef91e37f26986559955d00af70\/type\/10\",\"request_method\":\"GET\",\"request_bodys\":null,\"response_code\":200,\"response_body\":{\"code\":1,\"msg\":\"token\\u5237\\u65b0\\u6210\\u529f\",\"status_code\":2002,\"data\":{\"token\":\"a08ac49cfa1cf26b2c225503395e79d8\"}},\"response_errorMessage\":null}","topic":""}
[2019-06-12 18:15:05,286] [14472] RunTime: 0.3420 s
 - INFO 
 - RestClient.doGet(D:\wamp\www\wscloud\backoffice\ThinkPHP\Library\Vendor\ApiGateway\RestClient.php:49)
 - {"message":"rest client","data":"{\"client_ip\":\"::1\",\"request_host\":\"http:\/\/localhost:133\/Home\",\"request_path\":\"\/System\/getSystemSetting\/companyId\/1447247968\/type\/20\/token\/a08ac49cfa1cf26b2c225503395e79d8\",\"request_method\":\"GET\",\"request_bodys\":null,\"response_code\":200,\"response_body\":{\"code\":1,\"msg\":\"\\u67e5\\u8be2\\u6210\\u529f\",\"status_code\":4025,\"data\":{\"value\":\"1\"}},\"response_errorMessage\":null}","topic":""}
[2019-06-12 18:15:05,414] [14472] RunTime: 0.4699 s
 - INFO 
 - RestClient.doGet(D:\wamp\www\wscloud\backoffice\ThinkPHP\Library\Vendor\ApiGateway\RestClient.php:49)
 - {"message":"rest client","data":"{\"client_ip\":\"::1\",\"request_host\":\"http:\/\/localhost:133\/Home\",\"request_path\":\"\/Admin\/getAdminMsgCount\/status\/10\/token\/a08ac49cfa1cf26b2c225503395e79d8\",\"request_method\":\"GET\",\"request_bodys\":null,\"response_code\":200,\"response_body\":{\"code\":1,\"msg\":\"\\u67e5\\u8be2\\u6210\\u529f\",\"status_code\":4025,\"data\":\"0\"},\"response_errorMessage\":null}","topic":""}
[2019-06-12 18:15:05,946] [14472] RunTime: 0.0000 s
 - INFO 
 - RestClient.doGet(D:\wamp\www\wscloud\backoffice\ThinkPHP\Library\Vendor\ApiGateway\RestClient.php:49)
 - {"message":"rest client","data":"{\"client_ip\":\"::1\",\"request_host\":\"http:\/\/localhost:133\/Home\",\"request_path\":\"\/Admin\/adminLists\/name\/null\/phone\/null\/status\/null\/companyId\/1447247968\/pageSize\/10\/pageNo\/1\/token\/a08ac49cfa1cf26b2c225503395e79d8\",\"request_method\":\"GET\",\"request_bodys\":null,\"response_code\":200,\"response_body\":{\"code\":1,\"msg\":\"\\u67e5\\u8be2\\u6b63\\u5e38\",\"status_code\":1000,\"data\":{\"dataList\":[{\"id\":\"7721619557\",\"company_id\":\"1447247968\",\"name\":\"\\u7ba1\\u7406\\u5458\\u4e8c\",\"account\":\"lwq1\",\"phone\":\"13300000000\",\"email\":\"123131@qq.com\",\"password\":\"e10adc3949ba59abbe56e057f20f883e\",\"right\":\"1,100,110,120,200,210,220,300,310,320,400,410,420,430,500,510,520,600,610,620\",\"status\":\"10\",\"type\":\"10\",\"create_time\":\"2018-05-29 14:50:22\",\"create_user\":\"2517844598\",\"update_time\":\"1527576622\",\"update_user\":\"2517844598\",\"del_flg\":\"0\",\"status_name\":\"\\u6b63\\u5e38\"},{\"id\":\"1518614752\",\"company_id\":\"1447247968\",\"name\":\"\\u674e\\u6587\\u8d77\",\"account\":\"lwq\",\"phone\":\"13373944335\",\"email\":\"123459@qq.com\",\"password\":\"e10adc3949ba59abbe56e057f20f883e\",\"right\":\"1,100,110,120,200,210,220,300,310,320,400,410,420,430,500,510,520,600,610,620,2,1000,1010\",\"status\":\"10\",\"type\":\"20\",\"create_time\":\"2018-05-28 14:19:35\",\"create_user\":\"2517844598\",\"update_time\":\"1528788788\",\"update_user\":\"2517844598\",\"del_flg\":\"0\",\"status_name\":\"\\u6b63\\u5e38\"},{\"id\":\"2517844598\",\"company_id\":\"1447247968\",\"name\":\"\\u6d4b\\u8bd5\\u516c\\u53f8\",\"account\":\"13161934946\",\"phone\":\"13161934946\",\"email\":\"123456789@qq.com\",\"password\":\"e10adc3949ba59abbe56e057f20f883e\",\"right\":\"1,100,110,120,200,210,220,300,310,320,400,410,420,430,500,510,520,600,610,620,700,710,720,730,2,1000,1010\",\"status\":\"10\",\"type\":\"20\",\"create_time\":\"2018-05-28 14:12:44\",\"create_user\":\"2517844598\",\"update_time\":\"1528868703\",\"update_user\":\"2517844598\",\"del_flg\":\"0\",\"status_name\":\"\\u6b63\\u5e38\"}],\"totalRecord\":\"3\"}},\"response_errorMessage\":null}","topic":""}
