[ 2018-07-03T10:08:46+08:00 ] ::1 /Admin
INFO: [ app_init ] --START--
INFO: Run Behavior\BuildLiteBehavior [ RunTime:0.000019s ]
INFO: [ app_init ] --END-- [ RunTime:0.000387s ]
INFO: [ app_begin ] --START--
INFO: Run Behavior\ReadHtmlCacheBehavior [ RunTime:0.000584s ]
INFO: [ app_begin ] --END-- [ RunTime:0.000704s ]
NOTIC: [8] Trying to get property of non-object D:\wamp\www\wscloud\backoffice\Application\Lib\BaseAdminController.class.php 第 47 行.

[ 2018-07-03T10:08:47+08:00 ] ::1 /Admin/Login
INFO: [ app_init ] --START--
INFO: Run Behavior\BuildLiteBehavior [ RunTime:0.000055s ]
INFO: [ app_init ] --END-- [ RunTime:0.001119s ]
INFO: [ app_begin ] --START--
INFO: Run Behavior\ReadHtmlCacheBehavior [ RunTime:0.001825s ]
INFO: [ app_begin ] --END-- [ RunTime:0.002094s ]
NOTIC: [8] Undefined index: login D:\wamp\www\wscloud\backoffice\Application\Lib\BaseAdminController.class.php 第 118 行.
NOTIC: [8] Trying to get property of non-object D:\wamp\www\wscloud\backoffice\Application\Lib\BaseAdminController.class.php 第 118 行.
NOTIC: [8] Undefined index: login D:\wamp\www\wscloud\backoffice\Application\Lib\BaseAdminController.class.php 第 119 行.
NOTIC: [8] Trying to get property of non-object D:\wamp\www\wscloud\backoffice\Application\Lib\BaseAdminController.class.php 第 119 行.
NOTIC: [8] Trying to get property of non-object D:\wamp\www\wscloud\backoffice\Application\Lib\BaseAdminController.class.php 第 84 行.
NOTIC: [8] Trying to get property of non-object D:\wamp\www\wscloud\backoffice\Application\Lib\BaseAdminController.class.php 第 87 行.
NOTIC: [8] Undefined offset: -1 D:\wamp\www\wscloud\backoffice\Application\Admin\Common\function.php 第 262 行.
NOTIC: [8] Trying to get property of non-object D:\wamp\www\wscloud\backoffice\Application\Lib\BaseAdminController.class.php 第 97 行.
NOTIC: [8] Trying to get property of non-object D:\wamp\www\wscloud\backoffice\Application\Lib\BaseAdminController.class.php 第 98 行.
NOTIC: [8] Trying to get property of non-object D:\wamp\www\wscloud\backoffice\Application\Lib\BaseAdminController.class.php 第 105 行.
NOTIC: [8] Trying to get property of non-object D:\wamp\www\wscloud\backoffice\Application\Admin\Model\ApiModel.class.php 第 110 行.
NOTIC: [8] Trying to get property of non-object D:\wamp\www\wscloud\backoffice\Application\Admin\Model\ApiModel.class.php 第 152 行.
INFO: [ view_parse ] --START--
INFO: [ template_filter ] --START--
INFO: Run Behavior\ContentReplaceBehavior [ RunTime:0.000088s ]
INFO: [ template_filter ] --END-- [ RunTime:0.000240s ]
INFO: Run Behavior\ParseTemplateBehavior [ RunTime:0.033727s ]
INFO: [ view_parse ] --END-- [ RunTime:0.033890s ]
INFO: [ view_filter ] --START--
INFO: Run Behavior\WriteHtmlCacheBehavior [ RunTime:0.000747s ]
INFO: [ view_filter ] --END-- [ RunTime:0.000891s ]
INFO: [ app_end ] --START--
INFO: Run Behavior\ShowPageTraceBehavior [ RunTime:0.000980s ]
INFO: [ app_end ] --END-- [ RunTime:0.001142s ]

[ 2018-07-03T10:08:53+08:00 ] ::1 /Admin/Login/loginCheck
INFO: [ app_init ] --START--
INFO: Run Behavior\BuildLiteBehavior [ RunTime:0.000022s ]
INFO: [ app_init ] --END-- [ RunTime:0.000555s ]
INFO: [ app_begin ] --START--
INFO: Run Behavior\ReadHtmlCacheBehavior [ RunTime:0.000669s ]
INFO: [ app_begin ] --END-- [ RunTime:0.000758s ]
NOTIC: [8] Trying to get property of non-object D:\wamp\www\wscloud\backoffice\Application\Admin\Model\ApiModel.class.php 第 110 行.

[ 2018-07-03T10:08:53+08:00 ] ::1 /Admin/Index/index
INFO: [ app_init ] --START--
INFO: Run Behavior\BuildLiteBehavior [ RunTime:0.000024s ]
INFO: [ app_init ] --END-- [ RunTime:0.000566s ]
INFO: [ app_begin ] --START--
INFO: Run Behavior\ReadHtmlCacheBehavior [ RunTime:0.000629s ]
INFO: [ app_begin ] --END-- [ RunTime:0.000747s ]
NOTIC: [8] Undefined index: login D:\wamp\www\wscloud\backoffice\Application\Lib\BaseAdminController.class.php 第 118 行.
NOTIC: [8] Trying to get property of non-object D:\wamp\www\wscloud\backoffice\Application\Lib\BaseAdminController.class.php 第 118 行.
NOTIC: [8] Undefined index: login D:\wamp\www\wscloud\backoffice\Application\Lib\BaseAdminController.class.php 第 119 行.
NOTIC: [8] Trying to get property of non-object D:\wamp\www\wscloud\backoffice\Application\Lib\BaseAdminController.class.php 第 119 行.
NOTIC: [8] Undefined offset: -1 D:\wamp\www\wscloud\backoffice\Application\Admin\Common\function.php 第 262 行.
NOTIC: [8] Undefined offset: 0 D:\wamp\www\wscloud\backoffice\Application\Admin\Common\function.php 第 212 行.
NOTIC: [2] in_array() expects parameter 2 to be array, null given D:\wamp\www\wscloud\backoffice\Application\Admin\Common\function.php 第 212 行.
NOTIC: [8] Undefined index: openNew D:\wamp\www\wscloud\backoffice\Application\Admin\Common\function.php 第 225 行.
NOTIC: [8] Undefined index: icon D:\wamp\www\wscloud\backoffice\Application\Admin\Common\function.php 第 229 行.
NOTIC: [8] Undefined index: openNew D:\wamp\www\wscloud\backoffice\Application\Admin\Common\function.php 第 225 行.
NOTIC: [8] Undefined index: icon D:\wamp\www\wscloud\backoffice\Application\Admin\Common\function.php 第 229 行.
NOTIC: [8] Undefined offset: 0 D:\wamp\www\wscloud\backoffice\Application\Admin\Common\function.php 第 212 行.
NOTIC: [2] in_array() expects parameter 2 to be array, null given D:\wamp\www\wscloud\backoffice\Application\Admin\Common\function.php 第 212 行.
NOTIC: [8] Undefined index: openNew D:\wamp\www\wscloud\backoffice\Application\Admin\Common\function.php 第 225 行.
NOTIC: [8] Undefined index: icon D:\wamp\www\wscloud\backoffice\Application\Admin\Common\function.php 第 229 行.
NOTIC: [8] Undefined index: openNew D:\wamp\www\wscloud\backoffice\Application\Admin\Common\function.php 第 225 行.
NOTIC: [8] Undefined index: icon D:\wamp\www\wscloud\backoffice\Application\Admin\Common\function.php 第 229 行.
NOTIC: [8] Undefined offset: 0 D:\wamp\www\wscloud\backoffice\Application\Admin\Common\function.php 第 212 行.
NOTIC: [2] in_array() expects parameter 2 to be array, null given D:\wamp\www\wscloud\backoffice\Application\Admin\Common\function.php 第 212 行.
NOTIC: [8] Undefined index: openNew D:\wamp\www\wscloud\backoffice\Application\Admin\Common\function.php 第 225 行.
NOTIC: [8] Undefined index: icon D:\wamp\www\wscloud\backoffice\Application\Admin\Common\function.php 第 229 行.
NOTIC: [8] Undefined offset: 0 D:\wamp\www\wscloud\backoffice\Application\Admin\Common\function.php 第 212 行.
NOTIC: [2] in_array() expects parameter 2 to be array, null given D:\wamp\www\wscloud\backoffice\Application\Admin\Common\function.php 第 212 行.
NOTIC: [8] Undefined index: openNew D:\wamp\www\wscloud\backoffice\Application\Admin\Common\function.php 第 225 行.
NOTIC: [8] Undefined index: icon D:\wamp\www\wscloud\backoffice\Application\Admin\Common\function.php 第 229 行.
NOTIC: [8] Undefined offset: 0 D:\wamp\www\wscloud\backoffice\Application\Admin\Common\function.php 第 212 行.
NOTIC: [2] in_array() expects parameter 2 to be array, null given D:\wamp\www\wscloud\backoffice\Application\Admin\Common\function.php 第 212 行.
NOTIC: [8] Undefined index: openNew D:\wamp\www\wscloud\backoffice\Application\Admin\Common\function.php 第 225 行.
NOTIC: [8] Undefined index: icon D:\wamp\www\wscloud\backoffice\Application\Admin\Common\function.php 第 229 行.
NOTIC: [8] Undefined offset: 0 D:\wamp\www\wscloud\backoffice\Application\Admin\Common\function.php 第 212 行.
NOTIC: [2] in_array() expects parameter 2 to be array, null given D:\wamp\www\wscloud\backoffice\Application\Admin\Common\function.php 第 212 行.
NOTIC: [8] Undefined index: openNew D:\wamp\www\wscloud\backoffice\Application\Admin\Common\function.php 第 225 行.
NOTIC: [8] Undefined index: icon D:\wamp\www\wscloud\backoffice\Application\Admin\Common\function.php 第 229 行.
NOTIC: [8] Undefined property: stdClass::$id D:\wamp\www\wscloud\backoffice\Application\Lib\BaseAdminController.class.php 第 98 行.
INFO: [ view_parse ] --START--
INFO: [ template_filter ] --START--
INFO: Run Behavior\ContentReplaceBehavior [ RunTime:0.000076s ]
INFO: [ template_filter ] --END-- [ RunTime:0.000200s ]
NOTIC: [8] Undefined variable: warningDialog D:\wamp\www\wscloud\backoffice\Application\Runtime\Cache\Admin\3a53ff998bb0c22ac3c5e714190025bf.php 第 18 行.
INFO: Run Behavior\ParseTemplateBehavior [ RunTime:0.026044s ]
INFO: [ view_parse ] --END-- [ RunTime:0.026160s ]
INFO: [ view_filter ] --START--
INFO: Run Behavior\WriteHtmlCacheBehavior [ RunTime:0.000583s ]
INFO: [ view_filter ] --END-- [ RunTime:0.000690s ]
INFO: [ app_end ] --START--
INFO: Run Behavior\ShowPageTraceBehavior [ RunTime:0.000829s ]
INFO: [ app_end ] --END-- [ RunTime:0.000939s ]

[ 2018-07-03T10:09:12+08:00 ] ::1 /Admin/Admin/test
INFO: [ app_init ] --START--
INFO: Run Behavior\BuildLiteBehavior [ RunTime:0.000021s ]
INFO: [ app_init ] --END-- [ RunTime:0.000506s ]
INFO: [ app_begin ] --START--
INFO: Run Behavior\ReadHtmlCacheBehavior [ RunTime:0.000613s ]
INFO: [ app_begin ] --END-- [ RunTime:0.000707s ]
NOTIC: [2] require_once(D:\wamp\www\wscloud\backoffice\ThinkPHP\Library/Org/BarCode/class/BCGFontFile.php): failed to open stream: No such file or directory D:\wamp\www\wscloud\backoffice\Application\Admin\Common\function.php 第 366 行.

[ 2018-07-03T10:14:51+08:00 ] ::1 /Admin/Admin/test
INFO: [ app_init ] --START--
INFO: Run Behavior\BuildLiteBehavior [ RunTime:0.000020s ]
INFO: [ app_init ] --END-- [ RunTime:0.000496s ]
INFO: [ app_begin ] --START--
INFO: Run Behavior\ReadHtmlCacheBehavior [ RunTime:0.000658s ]
INFO: [ app_begin ] --END-- [ RunTime:0.000751s ]

[ 2018-07-03T10:14:54+08:00 ] ::1 /Admin/Admin/test
INFO: [ app_init ] --START--
INFO: Run Behavior\BuildLiteBehavior [ RunTime:0.000022s ]
INFO: [ app_init ] --END-- [ RunTime:0.000579s ]
INFO: [ app_begin ] --START--
INFO: Run Behavior\ReadHtmlCacheBehavior [ RunTime:0.000799s ]
INFO: [ app_begin ] --END-- [ RunTime:0.000932s ]

[ 2018-07-03T10:15:13+08:00 ] ::1 /Admin/Admin/test
INFO: [ app_init ] --START--
INFO: Run Behavior\BuildLiteBehavior [ RunTime:0.000020s ]
INFO: [ app_init ] --END-- [ RunTime:0.000485s ]
INFO: [ app_begin ] --START--
INFO: Run Behavior\ReadHtmlCacheBehavior [ RunTime:0.000651s ]
INFO: [ app_begin ] --END-- [ RunTime:0.000752s ]
NOTIC: [2] require_once(D:\wamp\www\wscloud\backoffice\ThinkPHP\Library/Org/BarCode/class/BCGFontFile.php): failed to open stream: No such file or directory D:\wamp\www\wscloud\backoffice\Application\Common\Common\function.php 第 8 行.

[ 2018-07-03T10:15:15+08:00 ] ::1 /Admin/Admin/test
INFO: [ app_init ] --START--
INFO: Run Behavior\BuildLiteBehavior [ RunTime:0.000020s ]
INFO: [ app_init ] --END-- [ RunTime:0.000473s ]
INFO: [ app_begin ] --START--
INFO: Run Behavior\ReadHtmlCacheBehavior [ RunTime:0.000579s ]
INFO: [ app_begin ] --END-- [ RunTime:0.000676s ]
NOTIC: [2] require_once(D:\wamp\www\wscloud\backoffice\ThinkPHP\Library/Org/BarCode/class/BCGFontFile.php): failed to open stream: No such file or directory D:\wamp\www\wscloud\backoffice\Application\Common\Common\function.php 第 8 行.

[ 2018-07-03T10:19:58+08:00 ] ::1 /Admin/Admin/test
INFO: [ app_init ] --START--
INFO: Run Behavior\BuildLiteBehavior [ RunTime:0.000033s ]
INFO: [ app_init ] --END-- [ RunTime:0.000536s ]
INFO: [ app_begin ] --START--
INFO: Run Behavior\ReadHtmlCacheBehavior [ RunTime:0.000621s ]
INFO: [ app_begin ] --END-- [ RunTime:0.000715s ]
INFO: [ app_end ] --START--
INFO: Run Behavior\ShowPageTraceBehavior [ RunTime:0.000638s ]
INFO: [ app_end ] --END-- [ RunTime:0.000736s ]

[ 2018-07-03T10:20:11+08:00 ] ::1 /Admin/Admin/test
INFO: [ app_init ] --START--
INFO: Run Behavior\BuildLiteBehavior [ RunTime:0.000023s ]
INFO: [ app_init ] --END-- [ RunTime:0.000446s ]
INFO: [ app_begin ] --START--
INFO: Run Behavior\ReadHtmlCacheBehavior [ RunTime:0.000582s ]
INFO: [ app_begin ] --END-- [ RunTime:0.000687s ]
INFO: [ app_end ] --START--
INFO: Run Behavior\ShowPageTraceBehavior [ RunTime:0.000680s ]
INFO: [ app_end ] --END-- [ RunTime:0.000779s ]

[ 2018-07-03T10:28:00+08:00 ] ::1 /Admin/Admin/test
INFO: [ app_init ] --START--
INFO: Run Behavior\BuildLiteBehavior [ RunTime:0.000020s ]
INFO: [ app_init ] --END-- [ RunTime:0.000509s ]
INFO: [ app_begin ] --START--
INFO: Run Behavior\ReadHtmlCacheBehavior [ RunTime:0.000614s ]
INFO: [ app_begin ] --END-- [ RunTime:0.000719s ]
INFO: [ app_end ] --START--
INFO: Run Behavior\ShowPageTraceBehavior [ RunTime:0.000755s ]
INFO: [ app_end ] --END-- [ RunTime:0.000856s ]

[ 2018-07-03T10:28:01+08:00 ] ::1 /Admin/Admin/test
INFO: [ app_init ] --START--
INFO: Run Behavior\BuildLiteBehavior [ RunTime:0.000020s ]
INFO: [ app_init ] --END-- [ RunTime:0.000467s ]
INFO: [ app_begin ] --START--
INFO: Run Behavior\ReadHtmlCacheBehavior [ RunTime:0.000551s ]
INFO: [ app_begin ] --END-- [ RunTime:0.000649s ]
INFO: [ app_end ] --START--
INFO: Run Behavior\ShowPageTraceBehavior [ RunTime:0.000691s ]
INFO: [ app_end ] --END-- [ RunTime:0.000788s ]

[ 2018-07-03T10:28:02+08:00 ] ::1 /Admin/Admin/test
INFO: [ app_init ] --START--
INFO: Run Behavior\BuildLiteBehavior [ RunTime:0.000022s ]
INFO: [ app_init ] --END-- [ RunTime:0.000558s ]
INFO: [ app_begin ] --START--
INFO: Run Behavior\ReadHtmlCacheBehavior [ RunTime:0.000499s ]
INFO: [ app_begin ] --END-- [ RunTime:0.000598s ]
INFO: [ app_end ] --START--
INFO: Run Behavior\ShowPageTraceBehavior [ RunTime:0.000619s ]
INFO: [ app_end ] --END-- [ RunTime:0.000717s ]

[ 2018-07-03T10:28:03+08:00 ] ::1 /Admin/Admin/test
INFO: [ app_init ] --START--
INFO: Run Behavior\BuildLiteBehavior [ RunTime:0.000019s ]
INFO: [ app_init ] --END-- [ RunTime:0.000462s ]
INFO: [ app_begin ] --START--
INFO: Run Behavior\ReadHtmlCacheBehavior [ RunTime:0.000547s ]
INFO: [ app_begin ] --END-- [ RunTime:0.000645s ]
INFO: [ app_end ] --START--
INFO: Run Behavior\ShowPageTraceBehavior [ RunTime:0.000936s ]
INFO: [ app_end ] --END-- [ RunTime:0.001126s ]

[ 2018-07-03T10:28:03+08:00 ] ::1 /Admin/Admin/test
INFO: [ app_init ] --START--
INFO: Run Behavior\BuildLiteBehavior [ RunTime:0.000031s ]
INFO: [ app_init ] --END-- [ RunTime:0.000536s ]
INFO: [ app_begin ] --START--
INFO: Run Behavior\ReadHtmlCacheBehavior [ RunTime:0.000673s ]
INFO: [ app_begin ] --END-- [ RunTime:0.000801s ]
INFO: [ app_end ] --START--
INFO: Run Behavior\ShowPageTraceBehavior [ RunTime:0.000718s ]
INFO: [ app_end ] --END-- [ RunTime:0.000817s ]

[ 2018-07-03T10:28:04+08:00 ] ::1 /Admin/Admin/test
INFO: [ app_init ] --START--
INFO: Run Behavior\BuildLiteBehavior [ RunTime:0.000021s ]
INFO: [ app_init ] --END-- [ RunTime:0.000427s ]
INFO: [ app_begin ] --START--
INFO: Run Behavior\ReadHtmlCacheBehavior [ RunTime:0.000747s ]
INFO: [ app_begin ] --END-- [ RunTime:0.000919s ]
INFO: [ app_end ] --START--
INFO: Run Behavior\ShowPageTraceBehavior [ RunTime:0.000697s ]
INFO: [ app_end ] --END-- [ RunTime:0.000795s ]

[ 2018-07-03T10:28:17+08:00 ] ::1 /Admin/Admin/test
INFO: [ app_init ] --START--
INFO: Run Behavior\BuildLiteBehavior [ RunTime:0.000021s ]
INFO: [ app_init ] --END-- [ RunTime:0.000371s ]
INFO: [ app_begin ] --START--
INFO: Run Behavior\ReadHtmlCacheBehavior [ RunTime:0.000563s ]
INFO: [ app_begin ] --END-- [ RunTime:0.000661s ]
NOTIC: [2] require_once(./Application/Lib2/BarCode/class/BCGFontFile.php): failed to open stream: No such file or directory D:\wamp\www\wscloud\backoffice\Application\Admin\Common\function.php 第 414 行.

[ 2018-07-03T10:28:31+08:00 ] ::1 /Admin/Admin/test
INFO: [ app_init ] --START--
INFO: Run Behavior\BuildLiteBehavior [ RunTime:0.000020s ]
INFO: [ app_init ] --END-- [ RunTime:0.000479s ]
INFO: [ app_begin ] --START--
INFO: Run Behavior\ReadHtmlCacheBehavior [ RunTime:0.000529s ]
INFO: [ app_begin ] --END-- [ RunTime:0.000623s ]
INFO: [ app_end ] --START--
INFO: Run Behavior\ShowPageTraceBehavior [ RunTime:0.000706s ]
INFO: [ app_end ] --END-- [ RunTime:0.000806s ]

[ 2018-07-03T10:28:45+08:00 ] ::1 /Admin/Admin/test
INFO: [ app_init ] --START--
INFO: Run Behavior\BuildLiteBehavior [ RunTime:0.000021s ]
INFO: [ app_init ] --END-- [ RunTime:0.000481s ]
INFO: [ app_begin ] --START--
INFO: Run Behavior\ReadHtmlCacheBehavior [ RunTime:0.000550s ]
INFO: [ app_begin ] --END-- [ RunTime:0.000645s ]
INFO: [ app_end ] --START--
INFO: Run Behavior\ShowPageTraceBehavior [ RunTime:0.000697s ]
INFO: [ app_end ] --END-- [ RunTime:0.000795s ]

[ 2018-07-03T10:30:27+08:00 ] ::1 /Admin/Admin/test
INFO: [ app_init ] --START--
INFO: Run Behavior\BuildLiteBehavior [ RunTime:0.000019s ]
INFO: [ app_init ] --END-- [ RunTime:0.000398s ]
INFO: [ app_begin ] --START--
INFO: Run Behavior\ReadHtmlCacheBehavior [ RunTime:0.000503s ]
INFO: [ app_begin ] --END-- [ RunTime:0.000596s ]

[ 2018-07-03T10:30:45+08:00 ] ::1 /Admin/Admin/test
INFO: [ app_init ] --START--
INFO: Run Behavior\BuildLiteBehavior [ RunTime:0.000020s ]
INFO: [ app_init ] --END-- [ RunTime:0.000383s ]
INFO: [ app_begin ] --START--
INFO: Run Behavior\ReadHtmlCacheBehavior [ RunTime:0.000459s ]
INFO: [ app_begin ] --END-- [ RunTime:0.000560s ]
INFO: [ app_end ] --START--
INFO: Run Behavior\ShowPageTraceBehavior [ RunTime:0.000612s ]
INFO: [ app_end ] --END-- [ RunTime:0.000712s ]

[ 2018-07-03T10:55:12+08:00 ] ::1 /Admin/Admin/test
INFO: [ app_init ] --START--
INFO: Run Behavior\BuildLiteBehavior [ RunTime:0.000022s ]
INFO: [ app_init ] --END-- [ RunTime:0.000522s ]
INFO: [ app_begin ] --START--
INFO: Run Behavior\ReadHtmlCacheBehavior [ RunTime:0.000624s ]
INFO: [ app_begin ] --END-- [ RunTime:0.000726s ]
INFO: [ app_end ] --START--
INFO: Run Behavior\ShowPageTraceBehavior [ RunTime:0.000716s ]
INFO: [ app_end ] --END-- [ RunTime:0.000814s ]

[ 2018-07-03T10:55:14+08:00 ] ::1 /Admin/Admin/test
INFO: [ app_init ] --START--
INFO: Run Behavior\BuildLiteBehavior [ RunTime:0.000021s ]
INFO: [ app_init ] --END-- [ RunTime:0.000483s ]
INFO: [ app_begin ] --START--
INFO: Run Behavior\ReadHtmlCacheBehavior [ RunTime:0.000502s ]
INFO: [ app_begin ] --END-- [ RunTime:0.000596s ]
INFO: [ app_end ] --START--
INFO: Run Behavior\ShowPageTraceBehavior [ RunTime:0.000688s ]
INFO: [ app_end ] --END-- [ RunTime:0.000784s ]

[ 2018-07-03T10:55:15+08:00 ] ::1 /Admin/Admin/test
INFO: [ app_init ] --START--
INFO: Run Behavior\BuildLiteBehavior [ RunTime:0.000020s ]
INFO: [ app_init ] --END-- [ RunTime:0.000459s ]
INFO: [ app_begin ] --START--
INFO: Run Behavior\ReadHtmlCacheBehavior [ RunTime:0.000537s ]
INFO: [ app_begin ] --END-- [ RunTime:0.000636s ]
INFO: [ app_end ] --START--
INFO: Run Behavior\ShowPageTraceBehavior [ RunTime:0.000624s ]
INFO: [ app_end ] --END-- [ RunTime:0.000726s ]

[ 2018-07-03T10:56:20+08:00 ] ::1 /Admin/Admin/test
INFO: [ app_init ] --START--
INFO: Run Behavior\BuildLiteBehavior [ RunTime:0.000022s ]
INFO: [ app_init ] --END-- [ RunTime:0.000427s ]
INFO: [ app_begin ] --START--
INFO: Run Behavior\ReadHtmlCacheBehavior [ RunTime:0.000547s ]
INFO: [ app_begin ] --END-- [ RunTime:0.000644s ]
INFO: [ app_end ] --START--
INFO: Run Behavior\ShowPageTraceBehavior [ RunTime:0.000689s ]
INFO: [ app_end ] --END-- [ RunTime:0.000800s ]

[ 2018-07-03T10:56:21+08:00 ] ::1 /Admin/Admin/test
INFO: [ app_init ] --START--
INFO: Run Behavior\BuildLiteBehavior [ RunTime:0.000022s ]
INFO: [ app_init ] --END-- [ RunTime:0.000473s ]
INFO: [ app_begin ] --START--
INFO: Run Behavior\ReadHtmlCacheBehavior [ RunTime:0.000557s ]
INFO: [ app_begin ] --END-- [ RunTime:0.000657s ]
INFO: [ app_end ] --START--
INFO: Run Behavior\ShowPageTraceBehavior [ RunTime:0.000844s ]
INFO: [ app_end ] --END-- [ RunTime:0.001000s ]

[ 2018-07-03T10:56:23+08:00 ] ::1 /Admin/Admin/test
INFO: [ app_init ] --START--
INFO: Run Behavior\BuildLiteBehavior [ RunTime:0.000022s ]
INFO: [ app_init ] --END-- [ RunTime:0.000484s ]
INFO: [ app_begin ] --START--
INFO: Run Behavior\ReadHtmlCacheBehavior [ RunTime:0.000631s ]
INFO: [ app_begin ] --END-- [ RunTime:0.000785s ]
INFO: [ app_end ] --START--
INFO: Run Behavior\ShowPageTraceBehavior [ RunTime:0.000703s ]
INFO: [ app_end ] --END-- [ RunTime:0.000828s ]

[ 2018-07-03T10:56:38+08:00 ] ::1 /Admin/Admin/test
INFO: [ app_init ] --START--
INFO: Run Behavior\BuildLiteBehavior [ RunTime:0.000020s ]
INFO: [ app_init ] --END-- [ RunTime:0.000422s ]
INFO: [ app_begin ] --START--
INFO: Run Behavior\ReadHtmlCacheBehavior [ RunTime:0.000551s ]
INFO: [ app_begin ] --END-- [ RunTime:0.000644s ]
INFO: [ app_end ] --START--
INFO: Run Behavior\ShowPageTraceBehavior [ RunTime:0.000696s ]
INFO: [ app_end ] --END-- [ RunTime:0.000794s ]

