[ 2018-05-28T16:33:07+08:00 ] ::1 /Stat/statTiredNo
INFO: [ app_init ] --START--
INFO: Run Behavior\BuildLiteBehavior [ RunTime:0.000022s ]
INFO: [ app_init ] --END-- [ RunTime:0.000413s ]
INFO: [ app_begin ] --START--
INFO: Run Behavior\ReadHtmlCacheBehavior [ RunTime:0.000631s ]
INFO: [ app_begin ] --END-- [ RunTime:0.000719s ]
NOTIC: [2] include_once(../log4php/logger.php): failed to open stream: No such file or directory D:\wamp\www\wscloud\backoffice\ThinkPHP\Library\Vendor\ApiGateway\RestClient.php 第 4 行.
NOTIC: [2] include_once(): Failed opening '../log4php/logger.php' for inclusion (include_path='.;C:\php\pear') D:\wamp\www\wscloud\backoffice\ThinkPHP\Library\Vendor\ApiGateway\RestClient.php 第 4 行.
NOTIC: [512] log4php: Configuration failed. File not found at [./Application/Office/Conf/log4php.xml]. Using default configuration. D:\wamp\www\wscloud\backoffice\ThinkPHP\Library\Vendor\log4php\configurators\LoggerConfiguratorDefault.php 第 475 行.
NOTIC: [512] log4php: [LoggerAppenderFile:default]: Required parameter 'file' not set. Closing appender. D:\wamp\www\wscloud\backoffice\ThinkPHP\Library\Vendor\log4php\LoggerAppender.php 第 283 行.

[ 2018-05-28T16:33:08+08:00 ] ::1 /Stat/showTiredType
INFO: [ app_init ] --START--
INFO: Run Behavior\BuildLiteBehavior [ RunTime:0.000037s ]
INFO: [ app_init ] --END-- [ RunTime:0.000711s ]
INFO: [ app_begin ] --START--
INFO: Run Behavior\ReadHtmlCacheBehavior [ RunTime:0.000686s ]
INFO: [ app_begin ] --END-- [ RunTime:0.000833s ]
NOTIC: [2] include_once(../log4php/logger.php): failed to open stream: No such file or directory D:\wamp\www\wscloud\backoffice\ThinkPHP\Library\Vendor\ApiGateway\RestClient.php 第 4 行.
NOTIC: [2] include_once(): Failed opening '../log4php/logger.php' for inclusion (include_path='.;C:\php\pear') D:\wamp\www\wscloud\backoffice\ThinkPHP\Library\Vendor\ApiGateway\RestClient.php 第 4 行.
NOTIC: [512] log4php: Configuration failed. File not found at [./Application/Office/Conf/log4php.xml]. Using default configuration. D:\wamp\www\wscloud\backoffice\ThinkPHP\Library\Vendor\log4php\configurators\LoggerConfiguratorDefault.php 第 475 行.
NOTIC: [512] log4php: [LoggerAppenderFile:default]: Required parameter 'file' not set. Closing appender. D:\wamp\www\wscloud\backoffice\ThinkPHP\Library\Vendor\log4php\LoggerAppender.php 第 283 行.
NOTIC: [8] Undefined index: data D:\wamp\www\wscloud\backoffice\Application\Office\Controller\StatController.class.php 第 69 行.

[ 2018-05-28T16:33:08+08:00 ] ::1 /Public/Js/office/monitoring/echarts.js.map
INFO: [ app_init ] --START--
INFO: Run Behavior\BuildLiteBehavior [ RunTime:0.000036s ]
INFO: [ app_init ] --END-- [ RunTime:0.000691s ]
INFO: [ app_begin ] --START--
INFO: Run Behavior\ReadHtmlCacheBehavior [ RunTime:0.000815s ]
INFO: [ app_begin ] --END-- [ RunTime:0.000954s ]
ERR: 无法加载控制器:Public

[ 2018-05-28T16:33:39+08:00 ] ::1 /Monitor/realTimeData
INFO: [ app_init ] --START--
INFO: Run Behavior\BuildLiteBehavior [ RunTime:0.000020s ]
INFO: [ app_init ] --END-- [ RunTime:0.000478s ]
INFO: [ app_begin ] --START--
INFO: Run Behavior\ReadHtmlCacheBehavior [ RunTime:0.000676s ]
INFO: [ app_begin ] --END-- [ RunTime:0.000792s ]
NOTIC: [8] Undefined index: login D:\wamp\www\wscloud\backoffice\Application\Lib\BaseManagementController.class.php 第 120 行.
NOTIC: [8] Trying to get property of non-object D:\wamp\www\wscloud\backoffice\Application\Lib\BaseManagementController.class.php 第 120 行.
NOTIC: [8] Undefined index: login D:\wamp\www\wscloud\backoffice\Application\Lib\BaseManagementController.class.php 第 121 行.
NOTIC: [8] Trying to get property of non-object D:\wamp\www\wscloud\backoffice\Application\Lib\BaseManagementController.class.php 第 121 行.
NOTIC: [2] in_array() expects parameter 2 to be array, integer given D:\wamp\www\wscloud\backoffice\Application\Office\Common\function.php 第 212 行.
NOTIC: [8] Undefined index: openNew D:\wamp\www\wscloud\backoffice\Application\Office\Common\function.php 第 225 行.
NOTIC: [8] Undefined index: icon D:\wamp\www\wscloud\backoffice\Application\Office\Common\function.php 第 229 行.
NOTIC: [8] Undefined index: openNew D:\wamp\www\wscloud\backoffice\Application\Office\Common\function.php 第 225 行.
NOTIC: [8] Undefined index: icon D:\wamp\www\wscloud\backoffice\Application\Office\Common\function.php 第 229 行.
NOTIC: [2] in_array() expects parameter 2 to be array, integer given D:\wamp\www\wscloud\backoffice\Application\Office\Common\function.php 第 212 行.
NOTIC: [8] Undefined index: openNew D:\wamp\www\wscloud\backoffice\Application\Office\Common\function.php 第 225 行.
NOTIC: [8] Undefined index: icon D:\wamp\www\wscloud\backoffice\Application\Office\Common\function.php 第 229 行.
NOTIC: [8] Undefined index: openNew D:\wamp\www\wscloud\backoffice\Application\Office\Common\function.php 第 225 行.
NOTIC: [8] Undefined index: icon D:\wamp\www\wscloud\backoffice\Application\Office\Common\function.php 第 229 行.
NOTIC: [2] in_array() expects parameter 2 to be array, integer given D:\wamp\www\wscloud\backoffice\Application\Office\Common\function.php 第 212 行.
NOTIC: [8] Undefined index: openNew D:\wamp\www\wscloud\backoffice\Application\Office\Common\function.php 第 225 行.
NOTIC: [8] Undefined index: icon D:\wamp\www\wscloud\backoffice\Application\Office\Common\function.php 第 229 行.
NOTIC: [8] Undefined index: openNew D:\wamp\www\wscloud\backoffice\Application\Office\Common\function.php 第 225 行.
NOTIC: [8] Undefined index: icon D:\wamp\www\wscloud\backoffice\Application\Office\Common\function.php 第 229 行.
NOTIC: [2] in_array() expects parameter 2 to be array, integer given D:\wamp\www\wscloud\backoffice\Application\Office\Common\function.php 第 212 行.
NOTIC: [8] Undefined index: openNew D:\wamp\www\wscloud\backoffice\Application\Office\Common\function.php 第 225 行.
NOTIC: [8] Undefined index: icon D:\wamp\www\wscloud\backoffice\Application\Office\Common\function.php 第 229 行.
NOTIC: [8] Undefined index: openNew D:\wamp\www\wscloud\backoffice\Application\Office\Common\function.php 第 225 行.
NOTIC: [8] Undefined index: icon D:\wamp\www\wscloud\backoffice\Application\Office\Common\function.php 第 229 行.
NOTIC: [8] Undefined index: openNew D:\wamp\www\wscloud\backoffice\Application\Office\Common\function.php 第 225 行.
NOTIC: [8] Undefined index: icon D:\wamp\www\wscloud\backoffice\Application\Office\Common\function.php 第 229 行.
NOTIC: [2] in_array() expects parameter 2 to be array, integer given D:\wamp\www\wscloud\backoffice\Application\Office\Common\function.php 第 212 行.
NOTIC: [8] Undefined index: openNew D:\wamp\www\wscloud\backoffice\Application\Office\Common\function.php 第 225 行.
NOTIC: [8] Undefined index: icon D:\wamp\www\wscloud\backoffice\Application\Office\Common\function.php 第 229 行.
NOTIC: [8] Undefined index: openNew D:\wamp\www\wscloud\backoffice\Application\Office\Common\function.php 第 225 行.
NOTIC: [8] Undefined index: icon D:\wamp\www\wscloud\backoffice\Application\Office\Common\function.php 第 229 行.
NOTIC: [2] in_array() expects parameter 2 to be array, integer given D:\wamp\www\wscloud\backoffice\Application\Office\Common\function.php 第 212 行.
NOTIC: [8] Undefined index: openNew D:\wamp\www\wscloud\backoffice\Application\Office\Common\function.php 第 225 行.
NOTIC: [8] Undefined index: icon D:\wamp\www\wscloud\backoffice\Application\Office\Common\function.php 第 229 行.
NOTIC: [8] Undefined index: icon D:\wamp\www\wscloud\backoffice\Application\Office\Common\function.php 第 226 行.
NOTIC: [8] Undefined property: stdClass::$id D:\wamp\www\wscloud\backoffice\Application\Lib\BaseManagementController.class.php 第 101 行.
NOTIC: [2] include_once(../log4php/logger.php): failed to open stream: No such file or directory D:\wamp\www\wscloud\backoffice\ThinkPHP\Library\Vendor\ApiGateway\RestClient.php 第 4 行.
NOTIC: [2] include_once(): Failed opening '../log4php/logger.php' for inclusion (include_path='.;C:\php\pear') D:\wamp\www\wscloud\backoffice\ThinkPHP\Library\Vendor\ApiGateway\RestClient.php 第 4 行.
NOTIC: [512] log4php: Configuration failed. File not found at [./Application/Office/Conf/log4php.xml]. Using default configuration. D:\wamp\www\wscloud\backoffice\ThinkPHP\Library\Vendor\log4php\configurators\LoggerConfiguratorDefault.php 第 475 行.
NOTIC: [512] log4php: [LoggerAppenderFile:default]: Required parameter 'file' not set. Closing appender. D:\wamp\www\wscloud\backoffice\ThinkPHP\Library\Vendor\log4php\LoggerAppender.php 第 283 行.
INFO: [ view_parse ] --START--
INFO: [ template_filter ] --START--
INFO: Run Behavior\ContentReplaceBehavior [ RunTime:0.000078s ]
INFO: [ template_filter ] --END-- [ RunTime:0.000212s ]
INFO: Run Behavior\ParseTemplateBehavior [ RunTime:0.015158s ]
INFO: [ view_parse ] --END-- [ RunTime:0.015353s ]
INFO: [ view_filter ] --START--
INFO: Run Behavior\WriteHtmlCacheBehavior [ RunTime:0.000911s ]
INFO: [ view_filter ] --END-- [ RunTime:0.001069s ]
INFO: [ app_end ] --START--
INFO: Run Behavior\ShowPageTraceBehavior [ RunTime:0.001081s ]
INFO: [ app_end ] --END-- [ RunTime:0.001305s ]

[ 2018-05-28T16:33:40+08:00 ] ::1 /Stat/statTiredNo
INFO: [ app_init ] --START--
INFO: Run Behavior\BuildLiteBehavior [ RunTime:0.000043s ]
INFO: [ app_init ] --END-- [ RunTime:0.000888s ]
INFO: [ app_begin ] --START--
INFO: Run Behavior\ReadHtmlCacheBehavior [ RunTime:0.000738s ]
INFO: [ app_begin ] --END-- [ RunTime:0.000858s ]
NOTIC: [2] include_once(../log4php/logger.php): failed to open stream: No such file or directory D:\wamp\www\wscloud\backoffice\ThinkPHP\Library\Vendor\ApiGateway\RestClient.php 第 4 行.
NOTIC: [2] include_once(): Failed opening '../log4php/logger.php' for inclusion (include_path='.;C:\php\pear') D:\wamp\www\wscloud\backoffice\ThinkPHP\Library\Vendor\ApiGateway\RestClient.php 第 4 行.
NOTIC: [512] log4php: Configuration failed. File not found at [./Application/Office/Conf/log4php.xml]. Using default configuration. D:\wamp\www\wscloud\backoffice\ThinkPHP\Library\Vendor\log4php\configurators\LoggerConfiguratorDefault.php 第 475 行.
NOTIC: [512] log4php: [LoggerAppenderFile:default]: Required parameter 'file' not set. Closing appender. D:\wamp\www\wscloud\backoffice\ThinkPHP\Library\Vendor\log4php\LoggerAppender.php 第 283 行.

[ 2018-05-28T16:33:41+08:00 ] ::1 /Stat/showTiredType
INFO: [ app_init ] --START--
INFO: Run Behavior\BuildLiteBehavior [ RunTime:0.000023s ]
INFO: [ app_init ] --END-- [ RunTime:0.000452s ]
INFO: [ app_begin ] --START--
INFO: Run Behavior\ReadHtmlCacheBehavior [ RunTime:0.000527s ]
INFO: [ app_begin ] --END-- [ RunTime:0.000622s ]
NOTIC: [2] include_once(../log4php/logger.php): failed to open stream: No such file or directory D:\wamp\www\wscloud\backoffice\ThinkPHP\Library\Vendor\ApiGateway\RestClient.php 第 4 行.
NOTIC: [2] include_once(): Failed opening '../log4php/logger.php' for inclusion (include_path='.;C:\php\pear') D:\wamp\www\wscloud\backoffice\ThinkPHP\Library\Vendor\ApiGateway\RestClient.php 第 4 行.
NOTIC: [512] log4php: Configuration failed. File not found at [./Application/Office/Conf/log4php.xml]. Using default configuration. D:\wamp\www\wscloud\backoffice\ThinkPHP\Library\Vendor\log4php\configurators\LoggerConfiguratorDefault.php 第 475 行.
NOTIC: [512] log4php: [LoggerAppenderFile:default]: Required parameter 'file' not set. Closing appender. D:\wamp\www\wscloud\backoffice\ThinkPHP\Library\Vendor\log4php\LoggerAppender.php 第 283 行.
NOTIC: [8] Undefined index: data D:\wamp\www\wscloud\backoffice\Application\Office\Controller\StatController.class.php 第 69 行.

[ 2018-05-28T16:33:41+08:00 ] ::1 /Public/Js/office/monitoring/echarts.js.map
INFO: [ app_init ] --START--
INFO: Run Behavior\BuildLiteBehavior [ RunTime:0.000039s ]
INFO: [ app_init ] --END-- [ RunTime:0.000780s ]
INFO: [ app_begin ] --START--
INFO: Run Behavior\ReadHtmlCacheBehavior [ RunTime:0.001024s ]
INFO: [ app_begin ] --END-- [ RunTime:0.001199s ]
ERR: 无法加载控制器:Public

[ 2018-05-28T16:34:14+08:00 ] ::1 /Monitor/realTimeData
INFO: [ app_init ] --START--
INFO: Run Behavior\BuildLiteBehavior [ RunTime:0.000020s ]
INFO: [ app_init ] --END-- [ RunTime:0.000432s ]
INFO: [ app_begin ] --START--
INFO: Run Behavior\ReadHtmlCacheBehavior [ RunTime:0.000652s ]
INFO: [ app_begin ] --END-- [ RunTime:0.000747s ]
NOTIC: [8] Undefined index: login D:\wamp\www\wscloud\backoffice\Application\Lib\BaseManagementController.class.php 第 120 行.
NOTIC: [8] Trying to get property of non-object D:\wamp\www\wscloud\backoffice\Application\Lib\BaseManagementController.class.php 第 120 行.
NOTIC: [8] Undefined index: login D:\wamp\www\wscloud\backoffice\Application\Lib\BaseManagementController.class.php 第 121 行.
NOTIC: [8] Trying to get property of non-object D:\wamp\www\wscloud\backoffice\Application\Lib\BaseManagementController.class.php 第 121 行.
NOTIC: [2] in_array() expects parameter 2 to be array, integer given D:\wamp\www\wscloud\backoffice\Application\Office\Common\function.php 第 212 行.
NOTIC: [8] Undefined index: openNew D:\wamp\www\wscloud\backoffice\Application\Office\Common\function.php 第 225 行.
NOTIC: [8] Undefined index: icon D:\wamp\www\wscloud\backoffice\Application\Office\Common\function.php 第 229 行.
NOTIC: [8] Undefined index: openNew D:\wamp\www\wscloud\backoffice\Application\Office\Common\function.php 第 225 行.
NOTIC: [8] Undefined index: icon D:\wamp\www\wscloud\backoffice\Application\Office\Common\function.php 第 229 行.
NOTIC: [2] in_array() expects parameter 2 to be array, integer given D:\wamp\www\wscloud\backoffice\Application\Office\Common\function.php 第 212 行.
NOTIC: [8] Undefined index: openNew D:\wamp\www\wscloud\backoffice\Application\Office\Common\function.php 第 225 行.
NOTIC: [8] Undefined index: icon D:\wamp\www\wscloud\backoffice\Application\Office\Common\function.php 第 229 行.
NOTIC: [8] Undefined index: openNew D:\wamp\www\wscloud\backoffice\Application\Office\Common\function.php 第 225 行.
NOTIC: [8] Undefined index: icon D:\wamp\www\wscloud\backoffice\Application\Office\Common\function.php 第 229 行.
NOTIC: [2] in_array() expects parameter 2 to be array, integer given D:\wamp\www\wscloud\backoffice\Application\Office\Common\function.php 第 212 行.
NOTIC: [8] Undefined index: openNew D:\wamp\www\wscloud\backoffice\Application\Office\Common\function.php 第 225 行.
NOTIC: [8] Undefined index: icon D:\wamp\www\wscloud\backoffice\Application\Office\Common\function.php 第 229 行.
NOTIC: [8] Undefined index: openNew D:\wamp\www\wscloud\backoffice\Application\Office\Common\function.php 第 225 行.
NOTIC: [8] Undefined index: icon D:\wamp\www\wscloud\backoffice\Application\Office\Common\function.php 第 229 行.
NOTIC: [2] in_array() expects parameter 2 to be array, integer given D:\wamp\www\wscloud\backoffice\Application\Office\Common\function.php 第 212 行.
NOTIC: [8] Undefined index: openNew D:\wamp\www\wscloud\backoffice\Application\Office\Common\function.php 第 225 行.
NOTIC: [8] Undefined index: icon D:\wamp\www\wscloud\backoffice\Application\Office\Common\function.php 第 229 行.
NOTIC: [8] Undefined index: openNew D:\wamp\www\wscloud\backoffice\Application\Office\Common\function.php 第 225 行.
NOTIC: [8] Undefined index: icon D:\wamp\www\wscloud\backoffice\Application\Office\Common\function.php 第 229 行.
NOTIC: [8] Undefined index: openNew D:\wamp\www\wscloud\backoffice\Application\Office\Common\function.php 第 225 行.
NOTIC: [8] Undefined index: icon D:\wamp\www\wscloud\backoffice\Application\Office\Common\function.php 第 229 行.
NOTIC: [2] in_array() expects parameter 2 to be array, integer given D:\wamp\www\wscloud\backoffice\Application\Office\Common\function.php 第 212 行.
NOTIC: [8] Undefined index: openNew D:\wamp\www\wscloud\backoffice\Application\Office\Common\function.php 第 225 行.
NOTIC: [8] Undefined index: icon D:\wamp\www\wscloud\backoffice\Application\Office\Common\function.php 第 229 行.
NOTIC: [8] Undefined index: openNew D:\wamp\www\wscloud\backoffice\Application\Office\Common\function.php 第 225 行.
NOTIC: [8] Undefined index: icon D:\wamp\www\wscloud\backoffice\Application\Office\Common\function.php 第 229 行.
NOTIC: [2] in_array() expects parameter 2 to be array, integer given D:\wamp\www\wscloud\backoffice\Application\Office\Common\function.php 第 212 行.
NOTIC: [8] Undefined index: openNew D:\wamp\www\wscloud\backoffice\Application\Office\Common\function.php 第 225 行.
NOTIC: [8] Undefined index: icon D:\wamp\www\wscloud\backoffice\Application\Office\Common\function.php 第 229 行.
NOTIC: [8] Undefined index: icon D:\wamp\www\wscloud\backoffice\Application\Office\Common\function.php 第 226 行.
NOTIC: [8] Undefined property: stdClass::$id D:\wamp\www\wscloud\backoffice\Application\Lib\BaseManagementController.class.php 第 101 行.
NOTIC: [2] include_once(../log4php/logger.php): failed to open stream: No such file or directory D:\wamp\www\wscloud\backoffice\ThinkPHP\Library\Vendor\ApiGateway\RestClient.php 第 4 行.
NOTIC: [2] include_once(): Failed opening '../log4php/logger.php' for inclusion (include_path='.;C:\php\pear') D:\wamp\www\wscloud\backoffice\ThinkPHP\Library\Vendor\ApiGateway\RestClient.php 第 4 行.
NOTIC: [512] log4php: Configuration failed. File not found at [./Application/Office/Conf/log4php.xml]. Using default configuration. D:\wamp\www\wscloud\backoffice\ThinkPHP\Library\Vendor\log4php\configurators\LoggerConfiguratorDefault.php 第 475 行.
NOTIC: [512] log4php: [LoggerAppenderFile:default]: Required parameter 'file' not set. Closing appender. D:\wamp\www\wscloud\backoffice\ThinkPHP\Library\Vendor\log4php\LoggerAppender.php 第 283 行.
INFO: [ view_parse ] --START--
INFO: [ template_filter ] --START--
INFO: Run Behavior\ContentReplaceBehavior [ RunTime:0.000082s ]
INFO: [ template_filter ] --END-- [ RunTime:0.000231s ]
INFO: Run Behavior\ParseTemplateBehavior [ RunTime:0.014406s ]
INFO: [ view_parse ] --END-- [ RunTime:0.014563s ]
INFO: [ view_filter ] --START--
INFO: Run Behavior\WriteHtmlCacheBehavior [ RunTime:0.000768s ]
INFO: [ view_filter ] --END-- [ RunTime:0.000951s ]
INFO: [ app_end ] --START--
INFO: Run Behavior\ShowPageTraceBehavior [ RunTime:0.001112s ]
INFO: [ app_end ] --END-- [ RunTime:0.001292s ]

[ 2018-05-28T16:34:17+08:00 ] ::1 /Stat/statTiredNo
INFO: [ app_init ] --START--
INFO: Run Behavior\BuildLiteBehavior [ RunTime:0.000022s ]
INFO: [ app_init ] --END-- [ RunTime:0.000426s ]
INFO: [ app_begin ] --START--
INFO: Run Behavior\ReadHtmlCacheBehavior [ RunTime:0.000610s ]
INFO: [ app_begin ] --END-- [ RunTime:0.000708s ]
NOTIC: [2] include_once(../log4php/logger.php): failed to open stream: No such file or directory D:\wamp\www\wscloud\backoffice\ThinkPHP\Library\Vendor\ApiGateway\RestClient.php 第 4 行.
NOTIC: [2] include_once(): Failed opening '../log4php/logger.php' for inclusion (include_path='.;C:\php\pear') D:\wamp\www\wscloud\backoffice\ThinkPHP\Library\Vendor\ApiGateway\RestClient.php 第 4 行.
NOTIC: [512] log4php: Configuration failed. File not found at [./Application/Office/Conf/log4php.xml]. Using default configuration. D:\wamp\www\wscloud\backoffice\ThinkPHP\Library\Vendor\log4php\configurators\LoggerConfiguratorDefault.php 第 475 行.
NOTIC: [512] log4php: [LoggerAppenderFile:default]: Required parameter 'file' not set. Closing appender. D:\wamp\www\wscloud\backoffice\ThinkPHP\Library\Vendor\log4php\LoggerAppender.php 第 283 行.

[ 2018-05-28T16:34:20+08:00 ] ::1 /Stat/showTiredType
INFO: [ app_init ] --START--
INFO: Run Behavior\BuildLiteBehavior [ RunTime:0.000036s ]
INFO: [ app_init ] --END-- [ RunTime:0.000705s ]
INFO: [ app_begin ] --START--
INFO: Run Behavior\ReadHtmlCacheBehavior [ RunTime:0.000481s ]
INFO: [ app_begin ] --END-- [ RunTime:0.000585s ]
NOTIC: [2] include_once(../log4php/logger.php): failed to open stream: No such file or directory D:\wamp\www\wscloud\backoffice\ThinkPHP\Library\Vendor\ApiGateway\RestClient.php 第 4 行.
NOTIC: [2] include_once(): Failed opening '../log4php/logger.php' for inclusion (include_path='.;C:\php\pear') D:\wamp\www\wscloud\backoffice\ThinkPHP\Library\Vendor\ApiGateway\RestClient.php 第 4 行.
NOTIC: [512] log4php: Configuration failed. File not found at [./Application/Office/Conf/log4php.xml]. Using default configuration. D:\wamp\www\wscloud\backoffice\ThinkPHP\Library\Vendor\log4php\configurators\LoggerConfiguratorDefault.php 第 475 行.
NOTIC: [512] log4php: [LoggerAppenderFile:default]: Required parameter 'file' not set. Closing appender. D:\wamp\www\wscloud\backoffice\ThinkPHP\Library\Vendor\log4php\LoggerAppender.php 第 283 行.
NOTIC: [8] Undefined index: data D:\wamp\www\wscloud\backoffice\Application\Office\Controller\StatController.class.php 第 69 行.

[ 2018-05-28T16:34:20+08:00 ] ::1 /Public/Js/office/monitoring/echarts.js.map
INFO: [ app_init ] --START--
INFO: Run Behavior\BuildLiteBehavior [ RunTime:0.000023s ]
INFO: [ app_init ] --END-- [ RunTime:0.000482s ]
INFO: [ app_begin ] --START--
INFO: Run Behavior\ReadHtmlCacheBehavior [ RunTime:0.000570s ]
INFO: [ app_begin ] --END-- [ RunTime:0.000682s ]
ERR: 无法加载控制器:Public

[ 2018-05-28T17:29:52+08:00 ] ::1 /Monitor/realTimeData
INFO: [ app_init ] --START--
INFO: Run Behavior\BuildLiteBehavior [ RunTime:0.000020s ]
INFO: [ app_init ] --END-- [ RunTime:0.000537s ]
INFO: [ app_begin ] --START--
INFO: Run Behavior\ReadHtmlCacheBehavior [ RunTime:0.000772s ]
INFO: [ app_begin ] --END-- [ RunTime:0.001000s ]
NOTIC: [8] Undefined index: login D:\wamp\www\wscloud\backoffice\Application\Lib\BaseManagementController.class.php 第 120 行.
NOTIC: [8] Trying to get property of non-object D:\wamp\www\wscloud\backoffice\Application\Lib\BaseManagementController.class.php 第 120 行.
NOTIC: [8] Undefined index: login D:\wamp\www\wscloud\backoffice\Application\Lib\BaseManagementController.class.php 第 121 行.
NOTIC: [8] Trying to get property of non-object D:\wamp\www\wscloud\backoffice\Application\Lib\BaseManagementController.class.php 第 121 行.
NOTIC: [2] in_array() expects parameter 2 to be array, integer given D:\wamp\www\wscloud\backoffice\Application\Office\Common\function.php 第 212 行.
NOTIC: [8] Undefined index: openNew D:\wamp\www\wscloud\backoffice\Application\Office\Common\function.php 第 225 行.
NOTIC: [8] Undefined index: icon D:\wamp\www\wscloud\backoffice\Application\Office\Common\function.php 第 229 行.
NOTIC: [8] Undefined index: openNew D:\wamp\www\wscloud\backoffice\Application\Office\Common\function.php 第 225 行.
NOTIC: [8] Undefined index: icon D:\wamp\www\wscloud\backoffice\Application\Office\Common\function.php 第 229 行.
NOTIC: [2] in_array() expects parameter 2 to be array, integer given D:\wamp\www\wscloud\backoffice\Application\Office\Common\function.php 第 212 行.
NOTIC: [8] Undefined index: openNew D:\wamp\www\wscloud\backoffice\Application\Office\Common\function.php 第 225 行.
NOTIC: [8] Undefined index: icon D:\wamp\www\wscloud\backoffice\Application\Office\Common\function.php 第 229 行.
NOTIC: [8] Undefined index: openNew D:\wamp\www\wscloud\backoffice\Application\Office\Common\function.php 第 225 行.
NOTIC: [8] Undefined index: icon D:\wamp\www\wscloud\backoffice\Application\Office\Common\function.php 第 229 行.
NOTIC: [2] in_array() expects parameter 2 to be array, integer given D:\wamp\www\wscloud\backoffice\Application\Office\Common\function.php 第 212 行.
NOTIC: [8] Undefined index: openNew D:\wamp\www\wscloud\backoffice\Application\Office\Common\function.php 第 225 行.
NOTIC: [8] Undefined index: icon D:\wamp\www\wscloud\backoffice\Application\Office\Common\function.php 第 229 行.
NOTIC: [8] Undefined index: openNew D:\wamp\www\wscloud\backoffice\Application\Office\Common\function.php 第 225 行.
NOTIC: [8] Undefined index: icon D:\wamp\www\wscloud\backoffice\Application\Office\Common\function.php 第 229 行.
NOTIC: [2] in_array() expects parameter 2 to be array, integer given D:\wamp\www\wscloud\backoffice\Application\Office\Common\function.php 第 212 行.
NOTIC: [8] Undefined index: openNew D:\wamp\www\wscloud\backoffice\Application\Office\Common\function.php 第 225 行.
NOTIC: [8] Undefined index: icon D:\wamp\www\wscloud\backoffice\Application\Office\Common\function.php 第 229 行.
NOTIC: [8] Undefined index: openNew D:\wamp\www\wscloud\backoffice\Application\Office\Common\function.php 第 225 行.
NOTIC: [8] Undefined index: icon D:\wamp\www\wscloud\backoffice\Application\Office\Common\function.php 第 229 行.
NOTIC: [8] Undefined index: openNew D:\wamp\www\wscloud\backoffice\Application\Office\Common\function.php 第 225 行.
NOTIC: [8] Undefined index: icon D:\wamp\www\wscloud\backoffice\Application\Office\Common\function.php 第 229 行.
NOTIC: [2] in_array() expects parameter 2 to be array, integer given D:\wamp\www\wscloud\backoffice\Application\Office\Common\function.php 第 212 行.
NOTIC: [8] Undefined index: openNew D:\wamp\www\wscloud\backoffice\Application\Office\Common\function.php 第 225 行.
NOTIC: [8] Undefined index: icon D:\wamp\www\wscloud\backoffice\Application\Office\Common\function.php 第 229 行.
NOTIC: [8] Undefined index: openNew D:\wamp\www\wscloud\backoffice\Application\Office\Common\function.php 第 225 行.
NOTIC: [8] Undefined index: icon D:\wamp\www\wscloud\backoffice\Application\Office\Common\function.php 第 229 行.
NOTIC: [2] in_array() expects parameter 2 to be array, integer given D:\wamp\www\wscloud\backoffice\Application\Office\Common\function.php 第 212 行.
NOTIC: [8] Undefined index: openNew D:\wamp\www\wscloud\backoffice\Application\Office\Common\function.php 第 225 行.
NOTIC: [8] Undefined index: icon D:\wamp\www\wscloud\backoffice\Application\Office\Common\function.php 第 229 行.
NOTIC: [8] Undefined index: icon D:\wamp\www\wscloud\backoffice\Application\Office\Common\function.php 第 226 行.
NOTIC: [8] Undefined property: stdClass::$id D:\wamp\www\wscloud\backoffice\Application\Lib\BaseManagementController.class.php 第 101 行.
NOTIC: [2] include_once(../log4php/logger.php): failed to open stream: No such file or directory D:\wamp\www\wscloud\backoffice\ThinkPHP\Library\Vendor\ApiGateway\RestClient.php 第 4 行.
NOTIC: [2] include_once(): Failed opening '../log4php/logger.php' for inclusion (include_path='.;C:\php\pear') D:\wamp\www\wscloud\backoffice\ThinkPHP\Library\Vendor\ApiGateway\RestClient.php 第 4 行.
NOTIC: [512] log4php: Configuration failed. File not found at [./Application/Office/Conf/log4php.xml]. Using default configuration. D:\wamp\www\wscloud\backoffice\ThinkPHP\Library\Vendor\log4php\configurators\LoggerConfiguratorDefault.php 第 475 行.
NOTIC: [512] log4php: [LoggerAppenderFile:default]: Required parameter 'file' not set. Closing appender. D:\wamp\www\wscloud\backoffice\ThinkPHP\Library\Vendor\log4php\LoggerAppender.php 第 283 行.
INFO: [ view_parse ] --START--
INFO: [ template_filter ] --START--
INFO: Run Behavior\ContentReplaceBehavior [ RunTime:0.000077s ]
INFO: [ template_filter ] --END-- [ RunTime:0.000235s ]
INFO: Run Behavior\ParseTemplateBehavior [ RunTime:0.010680s ]
INFO: [ view_parse ] --END-- [ RunTime:0.010791s ]
INFO: [ view_filter ] --START--
INFO: Run Behavior\WriteHtmlCacheBehavior [ RunTime:0.000553s ]
INFO: [ view_filter ] --END-- [ RunTime:0.000637s ]
INFO: [ app_end ] --START--
INFO: Run Behavior\ShowPageTraceBehavior [ RunTime:0.000676s ]
INFO: [ app_end ] --END-- [ RunTime:0.000763s ]

[ 2018-05-28T17:29:53+08:00 ] ::1 /Stat/statTiredNo
INFO: [ app_init ] --START--
INFO: Run Behavior\BuildLiteBehavior [ RunTime:0.000022s ]
INFO: [ app_init ] --END-- [ RunTime:0.000461s ]
INFO: [ app_begin ] --START--
INFO: Run Behavior\ReadHtmlCacheBehavior [ RunTime:0.000597s ]
INFO: [ app_begin ] --END-- [ RunTime:0.000689s ]
NOTIC: [8] Trying to get property of non-object D:\wamp\www\wscloud\backoffice\Application\Lib\BaseManagementController.class.php 第 50 行.
NOTIC: [8] Array to string conversion D:\wamp\www\wscloud\backoffice\Application\Lib\BaseManagementController.class.php 第 53 行.

[ 2018-05-28T17:29:53+08:00 ] ::1 /Stat/showTiredType
INFO: [ app_init ] --START--
INFO: Run Behavior\BuildLiteBehavior [ RunTime:0.000022s ]
INFO: [ app_init ] --END-- [ RunTime:0.000438s ]
INFO: [ app_begin ] --START--
INFO: Run Behavior\ReadHtmlCacheBehavior [ RunTime:0.000631s ]
INFO: [ app_begin ] --END-- [ RunTime:0.000751s ]
NOTIC: [8] Trying to get property of non-object D:\wamp\www\wscloud\backoffice\Application\Lib\BaseManagementController.class.php 第 50 行.
NOTIC: [8] Array to string conversion D:\wamp\www\wscloud\backoffice\Application\Lib\BaseManagementController.class.php 第 53 行.

[ 2018-05-28T17:30:10+08:00 ] ::1 /Groups/lists
INFO: [ app_init ] --START--
INFO: Run Behavior\BuildLiteBehavior [ RunTime:0.000034s ]
INFO: [ app_init ] --END-- [ RunTime:0.000760s ]
INFO: [ app_begin ] --START--
INFO: Run Behavior\ReadHtmlCacheBehavior [ RunTime:0.000884s ]
INFO: [ app_begin ] --END-- [ RunTime:0.001035s ]
NOTIC: [8] Trying to get property of non-object D:\wamp\www\wscloud\backoffice\Application\Lib\BaseManagementController.class.php 第 50 行.

[ 2018-05-28T17:30:10+08:00 ] ::1 /ManagementLogin
INFO: [ app_init ] --START--
INFO: Run Behavior\BuildLiteBehavior [ RunTime:0.000024s ]
INFO: [ app_init ] --END-- [ RunTime:0.000468s ]
INFO: [ app_begin ] --START--
INFO: Run Behavior\ReadHtmlCacheBehavior [ RunTime:0.000799s ]
INFO: [ app_begin ] --END-- [ RunTime:0.000928s ]
NOTIC: [8] Undefined index: login D:\wamp\www\wscloud\backoffice\Application\Lib\BaseManagementController.class.php 第 120 行.
NOTIC: [8] Trying to get property of non-object D:\wamp\www\wscloud\backoffice\Application\Lib\BaseManagementController.class.php 第 120 行.
NOTIC: [8] Undefined index: login D:\wamp\www\wscloud\backoffice\Application\Lib\BaseManagementController.class.php 第 121 行.
NOTIC: [8] Trying to get property of non-object D:\wamp\www\wscloud\backoffice\Application\Lib\BaseManagementController.class.php 第 121 行.
NOTIC: [8] Trying to get property of non-object D:\wamp\www\wscloud\backoffice\Application\Lib\BaseManagementController.class.php 第 87 行.
NOTIC: [8] Trying to get property of non-object D:\wamp\www\wscloud\backoffice\Application\Lib\BaseManagementController.class.php 第 90 行.
NOTIC: [8] Undefined offset: -1 D:\wamp\www\wscloud\backoffice\Application\Office\Common\function.php 第 262 行.
NOTIC: [8] Trying to get property of non-object D:\wamp\www\wscloud\backoffice\Application\Lib\BaseManagementController.class.php 第 100 行.
NOTIC: [8] Trying to get property of non-object D:\wamp\www\wscloud\backoffice\Application\Lib\BaseManagementController.class.php 第 101 行.
NOTIC: [8] Trying to get property of non-object D:\wamp\www\wscloud\backoffice\Application\Lib\BaseManagementController.class.php 第 108 行.
NOTIC: [2] include_once(../log4php/logger.php): failed to open stream: No such file or directory D:\wamp\www\wscloud\backoffice\ThinkPHP\Library\Vendor\ApiGateway\RestClient.php 第 4 行.
NOTIC: [2] include_once(): Failed opening '../log4php/logger.php' for inclusion (include_path='.;C:\php\pear') D:\wamp\www\wscloud\backoffice\ThinkPHP\Library\Vendor\ApiGateway\RestClient.php 第 4 行.
NOTIC: [512] log4php: Configuration failed. File not found at [./Application/Office/Conf/log4php.xml]. Using default configuration. D:\wamp\www\wscloud\backoffice\ThinkPHP\Library\Vendor\log4php\configurators\LoggerConfiguratorDefault.php 第 475 行.
NOTIC: [512] log4php: [LoggerAppenderFile:default]: Required parameter 'file' not set. Closing appender. D:\wamp\www\wscloud\backoffice\ThinkPHP\Library\Vendor\log4php\LoggerAppender.php 第 283 行.
NOTIC: [8] Trying to get property of non-object D:\wamp\www\wscloud\backoffice\Application\Office\Model\ApiModel.class.php 第 108 行.
NOTIC: [8] Trying to get property of non-object D:\wamp\www\wscloud\backoffice\Application\Office\Model\ApiModel.class.php 第 140 行.
INFO: [ view_parse ] --START--
INFO: [ template_filter ] --START--
INFO: Run Behavior\ContentReplaceBehavior [ RunTime:0.000124s ]
INFO: [ template_filter ] --END-- [ RunTime:0.000224s ]
INFO: Run Behavior\ParseTemplateBehavior [ RunTime:0.011674s ]
INFO: [ view_parse ] --END-- [ RunTime:0.011854s ]
INFO: [ view_filter ] --START--
INFO: Run Behavior\WriteHtmlCacheBehavior [ RunTime:0.000712s ]
INFO: [ view_filter ] --END-- [ RunTime:0.000827s ]
INFO: [ app_end ] --START--
INFO: Run Behavior\ShowPageTraceBehavior [ RunTime:0.001109s ]
INFO: [ app_end ] --END-- [ RunTime:0.001275s ]

[ 2018-05-28T17:30:21+08:00 ] ::1 /Office/ManagementLogin/loginCheck
INFO: [ app_init ] --START--
INFO: Run Behavior\BuildLiteBehavior [ RunTime:0.000036s ]
INFO: [ app_init ] --END-- [ RunTime:0.000787s ]
INFO: [ app_begin ] --START--
INFO: Run Behavior\ReadHtmlCacheBehavior [ RunTime:0.001106s ]
INFO: [ app_begin ] --END-- [ RunTime:0.001325s ]
NOTIC: [2] include_once(../log4php/logger.php): failed to open stream: No such file or directory D:\wamp\www\wscloud\backoffice\ThinkPHP\Library\Vendor\ApiGateway\RestClient.php 第 4 行.
NOTIC: [2] include_once(): Failed opening '../log4php/logger.php' for inclusion (include_path='.;C:\php\pear') D:\wamp\www\wscloud\backoffice\ThinkPHP\Library\Vendor\ApiGateway\RestClient.php 第 4 行.
NOTIC: [512] log4php: Configuration failed. File not found at [./Application/Office/Conf/log4php.xml]. Using default configuration. D:\wamp\www\wscloud\backoffice\ThinkPHP\Library\Vendor\log4php\configurators\LoggerConfiguratorDefault.php 第 475 行.
NOTIC: [512] log4php: [LoggerAppenderFile:default]: Required parameter 'file' not set. Closing appender. D:\wamp\www\wscloud\backoffice\ThinkPHP\Library\Vendor\log4php\LoggerAppender.php 第 283 行.
NOTIC: [8] Trying to get property of non-object D:\wamp\www\wscloud\backoffice\Application\Office\Model\ApiModel.class.php 第 108 行.

[ 2018-05-28T17:30:36+08:00 ] ::1 /Office/ManagementLogin/loginCheck
INFO: [ app_init ] --START--
INFO: Run Behavior\BuildLiteBehavior [ RunTime:0.000044s ]
INFO: [ app_init ] --END-- [ RunTime:0.000789s ]
INFO: [ app_begin ] --START--
INFO: Run Behavior\ReadHtmlCacheBehavior [ RunTime:0.001030s ]
INFO: [ app_begin ] --END-- [ RunTime:0.001225s ]
NOTIC: [2] include_once(../log4php/logger.php): failed to open stream: No such file or directory D:\wamp\www\wscloud\backoffice\ThinkPHP\Library\Vendor\ApiGateway\RestClient.php 第 4 行.
NOTIC: [2] include_once(): Failed opening '../log4php/logger.php' for inclusion (include_path='.;C:\php\pear') D:\wamp\www\wscloud\backoffice\ThinkPHP\Library\Vendor\ApiGateway\RestClient.php 第 4 行.
NOTIC: [512] log4php: Configuration failed. File not found at [./Application/Office/Conf/log4php.xml]. Using default configuration. D:\wamp\www\wscloud\backoffice\ThinkPHP\Library\Vendor\log4php\configurators\LoggerConfiguratorDefault.php 第 475 行.
NOTIC: [512] log4php: [LoggerAppenderFile:default]: Required parameter 'file' not set. Closing appender. D:\wamp\www\wscloud\backoffice\ThinkPHP\Library\Vendor\log4php\LoggerAppender.php 第 283 行.
NOTIC: [8] Trying to get property of non-object D:\wamp\www\wscloud\backoffice\Application\Office\Model\ApiModel.class.php 第 108 行.

[ 2018-05-28T17:30:37+08:00 ] ::1 /Office/Index/index
INFO: [ app_init ] --START--
INFO: Run Behavior\BuildLiteBehavior [ RunTime:0.000035s ]
INFO: [ app_init ] --END-- [ RunTime:0.000819s ]
INFO: [ app_begin ] --START--
INFO: Run Behavior\ReadHtmlCacheBehavior [ RunTime:0.000936s ]
INFO: [ app_begin ] --END-- [ RunTime:0.001112s ]
NOTIC: [2] include_once(../log4php/logger.php): failed to open stream: No such file or directory D:\wamp\www\wscloud\backoffice\ThinkPHP\Library\Vendor\ApiGateway\RestClient.php 第 4 行.
NOTIC: [2] include_once(): Failed opening '../log4php/logger.php' for inclusion (include_path='.;C:\php\pear') D:\wamp\www\wscloud\backoffice\ThinkPHP\Library\Vendor\ApiGateway\RestClient.php 第 4 行.
NOTIC: [512] log4php: Configuration failed. File not found at [./Application/Office/Conf/log4php.xml]. Using default configuration. D:\wamp\www\wscloud\backoffice\ThinkPHP\Library\Vendor\log4php\configurators\LoggerConfiguratorDefault.php 第 475 行.
NOTIC: [512] log4php: [LoggerAppenderFile:default]: Required parameter 'file' not set. Closing appender. D:\wamp\www\wscloud\backoffice\ThinkPHP\Library\Vendor\log4php\LoggerAppender.php 第 283 行.
NOTIC: [8] Undefined index: login D:\wamp\www\wscloud\backoffice\Application\Lib\BaseManagementController.class.php 第 120 行.
NOTIC: [8] Trying to get property of non-object D:\wamp\www\wscloud\backoffice\Application\Lib\BaseManagementController.class.php 第 120 行.
NOTIC: [8] Undefined index: login D:\wamp\www\wscloud\backoffice\Application\Lib\BaseManagementController.class.php 第 121 行.
NOTIC: [8] Trying to get property of non-object D:\wamp\www\wscloud\backoffice\Application\Lib\BaseManagementController.class.php 第 121 行.
NOTIC: [8] Undefined offset: -1 D:\wamp\www\wscloud\backoffice\Application\Office\Common\function.php 第 262 行.
NOTIC: [8] Undefined offset: 0 D:\wamp\www\wscloud\backoffice\Application\Office\Common\function.php 第 212 行.
NOTIC: [2] in_array() expects parameter 2 to be array, null given D:\wamp\www\wscloud\backoffice\Application\Office\Common\function.php 第 212 行.
NOTIC: [8] Undefined index: openNew D:\wamp\www\wscloud\backoffice\Application\Office\Common\function.php 第 225 行.
NOTIC: [8] Undefined index: icon D:\wamp\www\wscloud\backoffice\Application\Office\Common\function.php 第 229 行.
NOTIC: [8] Undefined index: openNew D:\wamp\www\wscloud\backoffice\Application\Office\Common\function.php 第 225 行.
NOTIC: [8] Undefined index: icon D:\wamp\www\wscloud\backoffice\Application\Office\Common\function.php 第 229 行.
NOTIC: [8] Undefined offset: 0 D:\wamp\www\wscloud\backoffice\Application\Office\Common\function.php 第 212 行.
NOTIC: [2] in_array() expects parameter 2 to be array, null given D:\wamp\www\wscloud\backoffice\Application\Office\Common\function.php 第 212 行.
NOTIC: [8] Undefined index: openNew D:\wamp\www\wscloud\backoffice\Application\Office\Common\function.php 第 225 行.
NOTIC: [8] Undefined index: icon D:\wamp\www\wscloud\backoffice\Application\Office\Common\function.php 第 229 行.
NOTIC: [8] Undefined index: openNew D:\wamp\www\wscloud\backoffice\Application\Office\Common\function.php 第 225 行.
NOTIC: [8] Undefined index: icon D:\wamp\www\wscloud\backoffice\Application\Office\Common\function.php 第 229 行.
NOTIC: [8] Undefined offset: 0 D:\wamp\www\wscloud\backoffice\Application\Office\Common\function.php 第 212 行.
NOTIC: [2] in_array() expects parameter 2 to be array, null given D:\wamp\www\wscloud\backoffice\Application\Office\Common\function.php 第 212 行.
NOTIC: [8] Undefined index: openNew D:\wamp\www\wscloud\backoffice\Application\Office\Common\function.php 第 225 行.
NOTIC: [8] Undefined index: icon D:\wamp\www\wscloud\backoffice\Application\Office\Common\function.php 第 229 行.
NOTIC: [8] Undefined index: openNew D:\wamp\www\wscloud\backoffice\Application\Office\Common\function.php 第 225 行.
NOTIC: [8] Undefined index: icon D:\wamp\www\wscloud\backoffice\Application\Office\Common\function.php 第 229 行.
NOTIC: [8] Undefined offset: 0 D:\wamp\www\wscloud\backoffice\Application\Office\Common\function.php 第 212 行.
NOTIC: [2] in_array() expects parameter 2 to be array, null given D:\wamp\www\wscloud\backoffice\Application\Office\Common\function.php 第 212 行.
NOTIC: [8] Undefined index: openNew D:\wamp\www\wscloud\backoffice\Application\Office\Common\function.php 第 225 行.
NOTIC: [8] Undefined index: icon D:\wamp\www\wscloud\backoffice\Application\Office\Common\function.php 第 229 行.
NOTIC: [8] Undefined index: openNew D:\wamp\www\wscloud\backoffice\Application\Office\Common\function.php 第 225 行.
NOTIC: [8] Undefined index: icon D:\wamp\www\wscloud\backoffice\Application\Office\Common\function.php 第 229 行.
NOTIC: [8] Undefined index: openNew D:\wamp\www\wscloud\backoffice\Application\Office\Common\function.php 第 225 行.
NOTIC: [8] Undefined index: icon D:\wamp\www\wscloud\backoffice\Application\Office\Common\function.php 第 229 行.
NOTIC: [8] Undefined offset: 0 D:\wamp\www\wscloud\backoffice\Application\Office\Common\function.php 第 212 行.
NOTIC: [2] in_array() expects parameter 2 to be array, null given D:\wamp\www\wscloud\backoffice\Application\Office\Common\function.php 第 212 行.
NOTIC: [8] Undefined index: openNew D:\wamp\www\wscloud\backoffice\Application\Office\Common\function.php 第 225 行.
NOTIC: [8] Undefined index: icon D:\wamp\www\wscloud\backoffice\Application\Office\Common\function.php 第 229 行.
NOTIC: [8] Undefined index: openNew D:\wamp\www\wscloud\backoffice\Application\Office\Common\function.php 第 225 行.
NOTIC: [8] Undefined index: icon D:\wamp\www\wscloud\backoffice\Application\Office\Common\function.php 第 229 行.
NOTIC: [8] Undefined offset: 0 D:\wamp\www\wscloud\backoffice\Application\Office\Common\function.php 第 212 行.
NOTIC: [2] in_array() expects parameter 2 to be array, null given D:\wamp\www\wscloud\backoffice\Application\Office\Common\function.php 第 212 行.
NOTIC: [8] Undefined index: openNew D:\wamp\www\wscloud\backoffice\Application\Office\Common\function.php 第 225 行.
NOTIC: [8] Undefined index: icon D:\wamp\www\wscloud\backoffice\Application\Office\Common\function.php 第 229 行.
NOTIC: [8] Undefined index: icon D:\wamp\www\wscloud\backoffice\Application\Office\Common\function.php 第 226 行.
NOTIC: [8] Undefined property: stdClass::$id D:\wamp\www\wscloud\backoffice\Application\Lib\BaseManagementController.class.php 第 101 行.
NOTIC: [512] log4php: Configuration failed. File not found at [./Application/Office/Conf/log4php.xml]. Using default configuration. D:\wamp\www\wscloud\backoffice\ThinkPHP\Library\Vendor\log4php\configurators\LoggerConfiguratorDefault.php 第 475 行.
NOTIC: [512] log4php: [LoggerAppenderFile:default]: Required parameter 'file' not set. Closing appender. D:\wamp\www\wscloud\backoffice\ThinkPHP\Library\Vendor\log4php\LoggerAppender.php 第 283 行.
INFO: [ view_parse ] --START--
INFO: [ template_filter ] --START--
INFO: Run Behavior\ContentReplaceBehavior [ RunTime:0.000058s ]
INFO: [ template_filter ] --END-- [ RunTime:0.000149s ]
INFO: Run Behavior\ParseTemplateBehavior [ RunTime:0.010554s ]
INFO: [ view_parse ] --END-- [ RunTime:0.010656s ]
INFO: [ view_filter ] --START--
INFO: Run Behavior\WriteHtmlCacheBehavior [ RunTime:0.000519s ]
INFO: [ view_filter ] --END-- [ RunTime:0.000611s ]
INFO: [ app_end ] --START--
INFO: Run Behavior\ShowPageTraceBehavior [ RunTime:0.000733s ]
INFO: [ app_end ] --END-- [ RunTime:0.000837s ]

[ 2018-05-28T17:30:41+08:00 ] ::1 /Monitor/showData
INFO: [ app_init ] --START--
INFO: Run Behavior\BuildLiteBehavior [ RunTime:0.000025s ]
INFO: [ app_init ] --END-- [ RunTime:0.000532s ]
INFO: [ app_begin ] --START--
INFO: Run Behavior\ReadHtmlCacheBehavior [ RunTime:0.000597s ]
INFO: [ app_begin ] --END-- [ RunTime:0.000703s ]
NOTIC: [8] Undefined index: login D:\wamp\www\wscloud\backoffice\Application\Lib\BaseManagementController.class.php 第 120 行.
NOTIC: [8] Trying to get property of non-object D:\wamp\www\wscloud\backoffice\Application\Lib\BaseManagementController.class.php 第 120 行.
NOTIC: [8] Undefined index: login D:\wamp\www\wscloud\backoffice\Application\Lib\BaseManagementController.class.php 第 121 行.
NOTIC: [8] Trying to get property of non-object D:\wamp\www\wscloud\backoffice\Application\Lib\BaseManagementController.class.php 第 121 行.
NOTIC: [2] in_array() expects parameter 2 to be array, integer given D:\wamp\www\wscloud\backoffice\Application\Office\Common\function.php 第 212 行.
NOTIC: [8] Undefined index: openNew D:\wamp\www\wscloud\backoffice\Application\Office\Common\function.php 第 225 行.
NOTIC: [8] Undefined index: icon D:\wamp\www\wscloud\backoffice\Application\Office\Common\function.php 第 229 行.
NOTIC: [8] Undefined index: openNew D:\wamp\www\wscloud\backoffice\Application\Office\Common\function.php 第 225 行.
NOTIC: [8] Undefined index: icon D:\wamp\www\wscloud\backoffice\Application\Office\Common\function.php 第 229 行.
NOTIC: [2] in_array() expects parameter 2 to be array, integer given D:\wamp\www\wscloud\backoffice\Application\Office\Common\function.php 第 212 行.
NOTIC: [8] Undefined index: openNew D:\wamp\www\wscloud\backoffice\Application\Office\Common\function.php 第 225 行.
NOTIC: [8] Undefined index: icon D:\wamp\www\wscloud\backoffice\Application\Office\Common\function.php 第 229 行.
NOTIC: [8] Undefined index: openNew D:\wamp\www\wscloud\backoffice\Application\Office\Common\function.php 第 225 行.
NOTIC: [8] Undefined index: icon D:\wamp\www\wscloud\backoffice\Application\Office\Common\function.php 第 229 行.
NOTIC: [2] in_array() expects parameter 2 to be array, integer given D:\wamp\www\wscloud\backoffice\Application\Office\Common\function.php 第 212 行.
NOTIC: [8] Undefined index: openNew D:\wamp\www\wscloud\backoffice\Application\Office\Common\function.php 第 225 行.
NOTIC: [8] Undefined index: icon D:\wamp\www\wscloud\backoffice\Application\Office\Common\function.php 第 229 行.
NOTIC: [8] Undefined index: openNew D:\wamp\www\wscloud\backoffice\Application\Office\Common\function.php 第 225 行.
NOTIC: [8] Undefined index: icon D:\wamp\www\wscloud\backoffice\Application\Office\Common\function.php 第 229 行.
NOTIC: [2] in_array() expects parameter 2 to be array, integer given D:\wamp\www\wscloud\backoffice\Application\Office\Common\function.php 第 212 行.
NOTIC: [8] Undefined index: openNew D:\wamp\www\wscloud\backoffice\Application\Office\Common\function.php 第 225 行.
NOTIC: [8] Undefined index: icon D:\wamp\www\wscloud\backoffice\Application\Office\Common\function.php 第 229 行.
NOTIC: [8] Undefined index: openNew D:\wamp\www\wscloud\backoffice\Application\Office\Common\function.php 第 225 行.
NOTIC: [8] Undefined index: icon D:\wamp\www\wscloud\backoffice\Application\Office\Common\function.php 第 229 行.
NOTIC: [8] Undefined index: openNew D:\wamp\www\wscloud\backoffice\Application\Office\Common\function.php 第 225 行.
NOTIC: [8] Undefined index: icon D:\wamp\www\wscloud\backoffice\Application\Office\Common\function.php 第 229 行.
NOTIC: [2] in_array() expects parameter 2 to be array, integer given D:\wamp\www\wscloud\backoffice\Application\Office\Common\function.php 第 212 行.
NOTIC: [8] Undefined index: openNew D:\wamp\www\wscloud\backoffice\Application\Office\Common\function.php 第 225 行.
NOTIC: [8] Undefined index: icon D:\wamp\www\wscloud\backoffice\Application\Office\Common\function.php 第 229 行.
NOTIC: [8] Undefined index: openNew D:\wamp\www\wscloud\backoffice\Application\Office\Common\function.php 第 225 行.
NOTIC: [8] Undefined index: icon D:\wamp\www\wscloud\backoffice\Application\Office\Common\function.php 第 229 行.
NOTIC: [2] in_array() expects parameter 2 to be array, integer given D:\wamp\www\wscloud\backoffice\Application\Office\Common\function.php 第 212 行.
NOTIC: [8] Undefined index: openNew D:\wamp\www\wscloud\backoffice\Application\Office\Common\function.php 第 225 行.
NOTIC: [8] Undefined index: icon D:\wamp\www\wscloud\backoffice\Application\Office\Common\function.php 第 229 行.
NOTIC: [8] Undefined index: icon D:\wamp\www\wscloud\backoffice\Application\Office\Common\function.php 第 226 行.
NOTIC: [8] Undefined property: stdClass::$id D:\wamp\www\wscloud\backoffice\Application\Lib\BaseManagementController.class.php 第 101 行.
NOTIC: [2] include_once(../log4php/logger.php): failed to open stream: No such file or directory D:\wamp\www\wscloud\backoffice\ThinkPHP\Library\Vendor\ApiGateway\RestClient.php 第 4 行.
NOTIC: [2] include_once(): Failed opening '../log4php/logger.php' for inclusion (include_path='.;C:\php\pear') D:\wamp\www\wscloud\backoffice\ThinkPHP\Library\Vendor\ApiGateway\RestClient.php 第 4 行.
NOTIC: [512] log4php: Configuration failed. File not found at [./Application/Office/Conf/log4php.xml]. Using default configuration. D:\wamp\www\wscloud\backoffice\ThinkPHP\Library\Vendor\log4php\configurators\LoggerConfiguratorDefault.php 第 475 行.
NOTIC: [512] log4php: [LoggerAppenderFile:default]: Required parameter 'file' not set. Closing appender. D:\wamp\www\wscloud\backoffice\ThinkPHP\Library\Vendor\log4php\LoggerAppender.php 第 283 行.
INFO: [ view_parse ] --START--
INFO: [ template_filter ] --START--
INFO: Run Behavior\ContentReplaceBehavior [ RunTime:0.000115s ]
INFO: [ template_filter ] --END-- [ RunTime:0.000301s ]
INFO: Run Behavior\ParseTemplateBehavior [ RunTime:0.023593s ]
INFO: [ view_parse ] --END-- [ RunTime:0.023814s ]
INFO: [ view_filter ] --START--
INFO: Run Behavior\WriteHtmlCacheBehavior [ RunTime:0.000912s ]
INFO: [ view_filter ] --END-- [ RunTime:0.001082s ]
INFO: [ app_end ] --START--
INFO: Run Behavior\ShowPageTraceBehavior [ RunTime:0.001119s ]
INFO: [ app_end ] --END-- [ RunTime:0.001299s ]

[ 2018-05-28T17:30:42+08:00 ] ::1 /Stat/showTiredNumber
INFO: [ app_init ] --START--
INFO: Run Behavior\BuildLiteBehavior [ RunTime:0.000023s ]
INFO: [ app_init ] --END-- [ RunTime:0.000412s ]
INFO: [ app_begin ] --START--
INFO: Run Behavior\ReadHtmlCacheBehavior [ RunTime:0.000558s ]
INFO: [ app_begin ] --END-- [ RunTime:0.000657s ]
NOTIC: [2] include_once(../log4php/logger.php): failed to open stream: No such file or directory D:\wamp\www\wscloud\backoffice\ThinkPHP\Library\Vendor\ApiGateway\RestClient.php 第 4 行.
NOTIC: [2] include_once(): Failed opening '../log4php/logger.php' for inclusion (include_path='.;C:\php\pear') D:\wamp\www\wscloud\backoffice\ThinkPHP\Library\Vendor\ApiGateway\RestClient.php 第 4 行.
NOTIC: [512] log4php: Configuration failed. File not found at [./Application/Office/Conf/log4php.xml]. Using default configuration. D:\wamp\www\wscloud\backoffice\ThinkPHP\Library\Vendor\log4php\configurators\LoggerConfiguratorDefault.php 第 475 行.
NOTIC: [512] log4php: [LoggerAppenderFile:default]: Required parameter 'file' not set. Closing appender. D:\wamp\www\wscloud\backoffice\ThinkPHP\Library\Vendor\log4php\LoggerAppender.php 第 283 行.

[ 2018-05-28T17:30:42+08:00 ] ::1 /Stat/showTiredType
INFO: [ app_init ] --START--
INFO: Run Behavior\BuildLiteBehavior [ RunTime:0.000037s ]
INFO: [ app_init ] --END-- [ RunTime:0.000618s ]
INFO: [ app_begin ] --START--
INFO: Run Behavior\ReadHtmlCacheBehavior [ RunTime:0.000802s ]
INFO: [ app_begin ] --END-- [ RunTime:0.000920s ]
NOTIC: [2] include_once(../log4php/logger.php): failed to open stream: No such file or directory D:\wamp\www\wscloud\backoffice\ThinkPHP\Library\Vendor\ApiGateway\RestClient.php 第 4 行.
NOTIC: [2] include_once(): Failed opening '../log4php/logger.php' for inclusion (include_path='.;C:\php\pear') D:\wamp\www\wscloud\backoffice\ThinkPHP\Library\Vendor\ApiGateway\RestClient.php 第 4 行.
NOTIC: [512] log4php: Configuration failed. File not found at [./Application/Office/Conf/log4php.xml]. Using default configuration. D:\wamp\www\wscloud\backoffice\ThinkPHP\Library\Vendor\log4php\configurators\LoggerConfiguratorDefault.php 第 475 行.
NOTIC: [512] log4php: [LoggerAppenderFile:default]: Required parameter 'file' not set. Closing appender. D:\wamp\www\wscloud\backoffice\ThinkPHP\Library\Vendor\log4php\LoggerAppender.php 第 283 行.
NOTIC: [8] Undefined index: data D:\wamp\www\wscloud\backoffice\Application\Office\Controller\StatController.class.php 第 69 行.

[ 2018-05-28T17:30:42+08:00 ] ::1 /Public/Js/office/monitoring/echarts.js.map
INFO: [ app_init ] --START--
INFO: Run Behavior\BuildLiteBehavior [ RunTime:0.000033s ]
INFO: [ app_init ] --END-- [ RunTime:0.000770s ]
INFO: [ app_begin ] --START--
INFO: Run Behavior\ReadHtmlCacheBehavior [ RunTime:0.000908s ]
INFO: [ app_begin ] --END-- [ RunTime:0.001070s ]
ERR: 无法加载控制器:Public

[ 2018-05-28T17:30:42+08:00 ] ::1 /Stat/statByTimeGroup
INFO: [ app_init ] --START--
INFO: Run Behavior\BuildLiteBehavior [ RunTime:0.000033s ]
INFO: [ app_init ] --END-- [ RunTime:0.000754s ]
INFO: [ app_begin ] --START--
INFO: Run Behavior\ReadHtmlCacheBehavior [ RunTime:0.000821s ]
INFO: [ app_begin ] --END-- [ RunTime:0.000981s ]
NOTIC: [2] include_once(../log4php/logger.php): failed to open stream: No such file or directory D:\wamp\www\wscloud\backoffice\ThinkPHP\Library\Vendor\ApiGateway\RestClient.php 第 4 行.
NOTIC: [2] include_once(): Failed opening '../log4php/logger.php' for inclusion (include_path='.;C:\php\pear') D:\wamp\www\wscloud\backoffice\ThinkPHP\Library\Vendor\ApiGateway\RestClient.php 第 4 行.
NOTIC: [512] log4php: Configuration failed. File not found at [./Application/Office/Conf/log4php.xml]. Using default configuration. D:\wamp\www\wscloud\backoffice\ThinkPHP\Library\Vendor\log4php\configurators\LoggerConfiguratorDefault.php 第 475 行.
NOTIC: [512] log4php: [LoggerAppenderFile:default]: Required parameter 'file' not set. Closing appender. D:\wamp\www\wscloud\backoffice\ThinkPHP\Library\Vendor\log4php\LoggerAppender.php 第 283 行.

[ 2018-05-28T17:48:35+08:00 ] ::1 /Monitor/showData
INFO: [ app_init ] --START--
INFO: Run Behavior\BuildLiteBehavior [ RunTime:0.000023s ]
INFO: [ app_init ] --END-- [ RunTime:0.000628s ]
INFO: [ app_begin ] --START--
INFO: Run Behavior\ReadHtmlCacheBehavior [ RunTime:0.001314s ]
INFO: [ app_begin ] --END-- [ RunTime:0.001565s ]
NOTIC: [8] Undefined index: login D:\wamp\www\wscloud\backoffice\Application\Lib\BaseManagementController.class.php 第 120 行.
NOTIC: [8] Trying to get property of non-object D:\wamp\www\wscloud\backoffice\Application\Lib\BaseManagementController.class.php 第 120 行.
NOTIC: [8] Undefined index: login D:\wamp\www\wscloud\backoffice\Application\Lib\BaseManagementController.class.php 第 121 行.
NOTIC: [8] Trying to get property of non-object D:\wamp\www\wscloud\backoffice\Application\Lib\BaseManagementController.class.php 第 121 行.
NOTIC: [2] in_array() expects parameter 2 to be array, integer given D:\wamp\www\wscloud\backoffice\Application\Office\Common\function.php 第 212 行.
NOTIC: [8] Undefined index: openNew D:\wamp\www\wscloud\backoffice\Application\Office\Common\function.php 第 225 行.
NOTIC: [8] Undefined index: icon D:\wamp\www\wscloud\backoffice\Application\Office\Common\function.php 第 229 行.
NOTIC: [8] Undefined index: openNew D:\wamp\www\wscloud\backoffice\Application\Office\Common\function.php 第 225 行.
NOTIC: [8] Undefined index: icon D:\wamp\www\wscloud\backoffice\Application\Office\Common\function.php 第 229 行.
NOTIC: [2] in_array() expects parameter 2 to be array, integer given D:\wamp\www\wscloud\backoffice\Application\Office\Common\function.php 第 212 行.
NOTIC: [8] Undefined index: openNew D:\wamp\www\wscloud\backoffice\Application\Office\Common\function.php 第 225 行.
NOTIC: [8] Undefined index: icon D:\wamp\www\wscloud\backoffice\Application\Office\Common\function.php 第 229 行.
NOTIC: [8] Undefined index: openNew D:\wamp\www\wscloud\backoffice\Application\Office\Common\function.php 第 225 行.
NOTIC: [8] Undefined index: icon D:\wamp\www\wscloud\backoffice\Application\Office\Common\function.php 第 229 行.
NOTIC: [2] in_array() expects parameter 2 to be array, integer given D:\wamp\www\wscloud\backoffice\Application\Office\Common\function.php 第 212 行.
NOTIC: [8] Undefined index: openNew D:\wamp\www\wscloud\backoffice\Application\Office\Common\function.php 第 225 行.
NOTIC: [8] Undefined index: icon D:\wamp\www\wscloud\backoffice\Application\Office\Common\function.php 第 229 行.
NOTIC: [8] Undefined index: openNew D:\wamp\www\wscloud\backoffice\Application\Office\Common\function.php 第 225 行.
NOTIC: [8] Undefined index: icon D:\wamp\www\wscloud\backoffice\Application\Office\Common\function.php 第 229 行.
NOTIC: [2] in_array() expects parameter 2 to be array, integer given D:\wamp\www\wscloud\backoffice\Application\Office\Common\function.php 第 212 行.
NOTIC: [8] Undefined index: openNew D:\wamp\www\wscloud\backoffice\Application\Office\Common\function.php 第 225 行.
NOTIC: [8] Undefined index: icon D:\wamp\www\wscloud\backoffice\Application\Office\Common\function.php 第 229 行.
NOTIC: [8] Undefined index: openNew D:\wamp\www\wscloud\backoffice\Application\Office\Common\function.php 第 225 行.
NOTIC: [8] Undefined index: icon D:\wamp\www\wscloud\backoffice\Application\Office\Common\function.php 第 229 行.
NOTIC: [8] Undefined index: openNew D:\wamp\www\wscloud\backoffice\Application\Office\Common\function.php 第 225 行.
NOTIC: [8] Undefined index: icon D:\wamp\www\wscloud\backoffice\Application\Office\Common\function.php 第 229 行.
NOTIC: [2] in_array() expects parameter 2 to be array, integer given D:\wamp\www\wscloud\backoffice\Application\Office\Common\function.php 第 212 行.
NOTIC: [8] Undefined index: openNew D:\wamp\www\wscloud\backoffice\Application\Office\Common\function.php 第 225 行.
NOTIC: [8] Undefined index: icon D:\wamp\www\wscloud\backoffice\Application\Office\Common\function.php 第 229 行.
NOTIC: [8] Undefined index: openNew D:\wamp\www\wscloud\backoffice\Application\Office\Common\function.php 第 225 行.
NOTIC: [8] Undefined index: icon D:\wamp\www\wscloud\backoffice\Application\Office\Common\function.php 第 229 行.
NOTIC: [2] in_array() expects parameter 2 to be array, integer given D:\wamp\www\wscloud\backoffice\Application\Office\Common\function.php 第 212 行.
NOTIC: [8] Undefined index: openNew D:\wamp\www\wscloud\backoffice\Application\Office\Common\function.php 第 225 行.
NOTIC: [8] Undefined index: icon D:\wamp\www\wscloud\backoffice\Application\Office\Common\function.php 第 229 行.
NOTIC: [8] Undefined index: icon D:\wamp\www\wscloud\backoffice\Application\Office\Common\function.php 第 226 行.
NOTIC: [8] Undefined property: stdClass::$id D:\wamp\www\wscloud\backoffice\Application\Lib\BaseManagementController.class.php 第 101 行.
NOTIC: [2] include_once(../log4php/logger.php): failed to open stream: No such file or directory D:\wamp\www\wscloud\backoffice\ThinkPHP\Library\Vendor\ApiGateway\RestClient.php 第 4 行.
NOTIC: [2] include_once(): Failed opening '../log4php/logger.php' for inclusion (include_path='.;C:\php\pear') D:\wamp\www\wscloud\backoffice\ThinkPHP\Library\Vendor\ApiGateway\RestClient.php 第 4 行.
NOTIC: [512] log4php: Configuration failed. File not found at [./Application/Office/Conf/log4php.xml]. Using default configuration. D:\wamp\www\wscloud\backoffice\ThinkPHP\Library\Vendor\log4php\configurators\LoggerConfiguratorDefault.php 第 475 行.
NOTIC: [512] log4php: [LoggerAppenderFile:default]: Required parameter 'file' not set. Closing appender. D:\wamp\www\wscloud\backoffice\ThinkPHP\Library\Vendor\log4php\LoggerAppender.php 第 283 行.
INFO: [ view_parse ] --START--
INFO: [ template_filter ] --START--
INFO: Run Behavior\ContentReplaceBehavior [ RunTime:0.000170s ]
INFO: [ template_filter ] --END-- [ RunTime:0.000428s ]
INFO: Run Behavior\ParseTemplateBehavior [ RunTime:0.020678s ]
INFO: [ view_parse ] --END-- [ RunTime:0.020904s ]
INFO: [ view_filter ] --START--
INFO: Run Behavior\WriteHtmlCacheBehavior [ RunTime:0.000987s ]
INFO: [ view_filter ] --END-- [ RunTime:0.001143s ]
INFO: [ app_end ] --START--
INFO: Run Behavior\ShowPageTraceBehavior [ RunTime:0.001171s ]
INFO: [ app_end ] --END-- [ RunTime:0.001328s ]

[ 2018-05-28T17:48:38+08:00 ] ::1 /Stat/showTiredNumber
INFO: [ app_init ] --START--
INFO: Run Behavior\BuildLiteBehavior [ RunTime:0.000024s ]
INFO: [ app_init ] --END-- [ RunTime:0.000427s ]
INFO: [ app_begin ] --START--
INFO: Run Behavior\ReadHtmlCacheBehavior [ RunTime:0.000616s ]
INFO: [ app_begin ] --END-- [ RunTime:0.000716s ]
NOTIC: [2] include_once(../log4php/logger.php): failed to open stream: No such file or directory D:\wamp\www\wscloud\backoffice\ThinkPHP\Library\Vendor\ApiGateway\RestClient.php 第 4 行.
NOTIC: [2] include_once(): Failed opening '../log4php/logger.php' for inclusion (include_path='.;C:\php\pear') D:\wamp\www\wscloud\backoffice\ThinkPHP\Library\Vendor\ApiGateway\RestClient.php 第 4 行.
NOTIC: [512] log4php: Configuration failed. File not found at [./Application/Office/Conf/log4php.xml]. Using default configuration. D:\wamp\www\wscloud\backoffice\ThinkPHP\Library\Vendor\log4php\configurators\LoggerConfiguratorDefault.php 第 475 行.
NOTIC: [512] log4php: [LoggerAppenderFile:default]: Required parameter 'file' not set. Closing appender. D:\wamp\www\wscloud\backoffice\ThinkPHP\Library\Vendor\log4php\LoggerAppender.php 第 283 行.

[ 2018-05-28T17:48:38+08:00 ] ::1 /Stat/showTiredType
INFO: [ app_init ] --START--
INFO: Run Behavior\BuildLiteBehavior [ RunTime:0.000039s ]
INFO: [ app_init ] --END-- [ RunTime:0.000502s ]
INFO: [ app_begin ] --START--
INFO: Run Behavior\ReadHtmlCacheBehavior [ RunTime:0.001029s ]
INFO: [ app_begin ] --END-- [ RunTime:0.001183s ]
NOTIC: [2] include_once(../log4php/logger.php): failed to open stream: No such file or directory D:\wamp\www\wscloud\backoffice\ThinkPHP\Library\Vendor\ApiGateway\RestClient.php 第 4 行.
NOTIC: [2] include_once(): Failed opening '../log4php/logger.php' for inclusion (include_path='.;C:\php\pear') D:\wamp\www\wscloud\backoffice\ThinkPHP\Library\Vendor\ApiGateway\RestClient.php 第 4 行.
NOTIC: [512] log4php: Configuration failed. File not found at [./Application/Office/Conf/log4php.xml]. Using default configuration. D:\wamp\www\wscloud\backoffice\ThinkPHP\Library\Vendor\log4php\configurators\LoggerConfiguratorDefault.php 第 475 行.
NOTIC: [512] log4php: [LoggerAppenderFile:default]: Required parameter 'file' not set. Closing appender. D:\wamp\www\wscloud\backoffice\ThinkPHP\Library\Vendor\log4php\LoggerAppender.php 第 283 行.
NOTIC: [8] Undefined index: data D:\wamp\www\wscloud\backoffice\Application\Office\Controller\StatController.class.php 第 69 行.

[ 2018-05-28T17:48:38+08:00 ] ::1 /Stat/statByTimeGroup
INFO: [ app_init ] --START--
INFO: Run Behavior\BuildLiteBehavior [ RunTime:0.000044s ]
INFO: [ app_init ] --END-- [ RunTime:0.000596s ]
INFO: [ app_begin ] --START--
INFO: Run Behavior\ReadHtmlCacheBehavior [ RunTime:0.000757s ]
INFO: [ app_begin ] --END-- [ RunTime:0.000905s ]
NOTIC: [2] include_once(../log4php/logger.php): failed to open stream: No such file or directory D:\wamp\www\wscloud\backoffice\ThinkPHP\Library\Vendor\ApiGateway\RestClient.php 第 4 行.
NOTIC: [2] include_once(): Failed opening '../log4php/logger.php' for inclusion (include_path='.;C:\php\pear') D:\wamp\www\wscloud\backoffice\ThinkPHP\Library\Vendor\ApiGateway\RestClient.php 第 4 行.
NOTIC: [512] log4php: Configuration failed. File not found at [./Application/Office/Conf/log4php.xml]. Using default configuration. D:\wamp\www\wscloud\backoffice\ThinkPHP\Library\Vendor\log4php\configurators\LoggerConfiguratorDefault.php 第 475 行.
NOTIC: [512] log4php: [LoggerAppenderFile:default]: Required parameter 'file' not set. Closing appender. D:\wamp\www\wscloud\backoffice\ThinkPHP\Library\Vendor\log4php\LoggerAppender.php 第 283 行.

[ 2018-05-28T17:48:38+08:00 ] ::1 /Public/Js/office/monitoring/echarts.js.map
INFO: [ app_init ] --START--
INFO: Run Behavior\BuildLiteBehavior [ RunTime:0.000037s ]
INFO: [ app_init ] --END-- [ RunTime:0.000636s ]
INFO: [ app_begin ] --START--
INFO: Run Behavior\ReadHtmlCacheBehavior [ RunTime:0.000886s ]
INFO: [ app_begin ] --END-- [ RunTime:0.001032s ]
ERR: 无法加载控制器:Public

[ 2018-05-28T17:48:39+08:00 ] ::1 /Driver/add
INFO: [ app_init ] --START--
INFO: Run Behavior\BuildLiteBehavior [ RunTime:0.000030s ]
INFO: [ app_init ] --END-- [ RunTime:0.000619s ]
INFO: [ app_begin ] --START--
INFO: Run Behavior\ReadHtmlCacheBehavior [ RunTime:0.001585s ]
INFO: [ app_begin ] --END-- [ RunTime:0.001772s ]
NOTIC: [8] Undefined index: login D:\wamp\www\wscloud\backoffice\Application\Lib\BaseManagementController.class.php 第 120 行.
NOTIC: [8] Trying to get property of non-object D:\wamp\www\wscloud\backoffice\Application\Lib\BaseManagementController.class.php 第 120 行.
NOTIC: [8] Undefined index: login D:\wamp\www\wscloud\backoffice\Application\Lib\BaseManagementController.class.php 第 121 行.
NOTIC: [8] Trying to get property of non-object D:\wamp\www\wscloud\backoffice\Application\Lib\BaseManagementController.class.php 第 121 行.
NOTIC: [2] in_array() expects parameter 2 to be array, integer given D:\wamp\www\wscloud\backoffice\Application\Office\Common\function.php 第 212 行.
NOTIC: [8] Undefined index: openNew D:\wamp\www\wscloud\backoffice\Application\Office\Common\function.php 第 225 行.
NOTIC: [8] Undefined index: icon D:\wamp\www\wscloud\backoffice\Application\Office\Common\function.php 第 229 行.
NOTIC: [8] Undefined index: openNew D:\wamp\www\wscloud\backoffice\Application\Office\Common\function.php 第 225 行.
NOTIC: [8] Undefined index: icon D:\wamp\www\wscloud\backoffice\Application\Office\Common\function.php 第 229 行.
NOTIC: [2] in_array() expects parameter 2 to be array, integer given D:\wamp\www\wscloud\backoffice\Application\Office\Common\function.php 第 212 行.
NOTIC: [8] Undefined index: openNew D:\wamp\www\wscloud\backoffice\Application\Office\Common\function.php 第 225 行.
NOTIC: [8] Undefined index: icon D:\wamp\www\wscloud\backoffice\Application\Office\Common\function.php 第 229 行.
NOTIC: [8] Undefined index: openNew D:\wamp\www\wscloud\backoffice\Application\Office\Common\function.php 第 225 行.
NOTIC: [8] Undefined index: icon D:\wamp\www\wscloud\backoffice\Application\Office\Common\function.php 第 229 行.
NOTIC: [2] in_array() expects parameter 2 to be array, integer given D:\wamp\www\wscloud\backoffice\Application\Office\Common\function.php 第 212 行.
NOTIC: [8] Undefined index: openNew D:\wamp\www\wscloud\backoffice\Application\Office\Common\function.php 第 225 行.
NOTIC: [8] Undefined index: icon D:\wamp\www\wscloud\backoffice\Application\Office\Common\function.php 第 229 行.
NOTIC: [8] Undefined index: openNew D:\wamp\www\wscloud\backoffice\Application\Office\Common\function.php 第 225 行.
NOTIC: [8] Undefined index: icon D:\wamp\www\wscloud\backoffice\Application\Office\Common\function.php 第 229 行.
NOTIC: [2] in_array() expects parameter 2 to be array, integer given D:\wamp\www\wscloud\backoffice\Application\Office\Common\function.php 第 212 行.
NOTIC: [8] Undefined index: openNew D:\wamp\www\wscloud\backoffice\Application\Office\Common\function.php 第 225 行.
NOTIC: [8] Undefined index: icon D:\wamp\www\wscloud\backoffice\Application\Office\Common\function.php 第 229 行.
NOTIC: [8] Undefined index: openNew D:\wamp\www\wscloud\backoffice\Application\Office\Common\function.php 第 225 行.
NOTIC: [8] Undefined index: icon D:\wamp\www\wscloud\backoffice\Application\Office\Common\function.php 第 229 行.
NOTIC: [8] Undefined index: openNew D:\wamp\www\wscloud\backoffice\Application\Office\Common\function.php 第 225 行.
NOTIC: [8] Undefined index: icon D:\wamp\www\wscloud\backoffice\Application\Office\Common\function.php 第 229 行.
NOTIC: [2] in_array() expects parameter 2 to be array, integer given D:\wamp\www\wscloud\backoffice\Application\Office\Common\function.php 第 212 行.
NOTIC: [8] Undefined index: openNew D:\wamp\www\wscloud\backoffice\Application\Office\Common\function.php 第 225 行.
NOTIC: [8] Undefined index: icon D:\wamp\www\wscloud\backoffice\Application\Office\Common\function.php 第 229 行.
NOTIC: [8] Undefined index: openNew D:\wamp\www\wscloud\backoffice\Application\Office\Common\function.php 第 225 行.
NOTIC: [8] Undefined index: icon D:\wamp\www\wscloud\backoffice\Application\Office\Common\function.php 第 229 行.
NOTIC: [2] in_array() expects parameter 2 to be array, integer given D:\wamp\www\wscloud\backoffice\Application\Office\Common\function.php 第 212 行.
NOTIC: [8] Undefined index: openNew D:\wamp\www\wscloud\backoffice\Application\Office\Common\function.php 第 225 行.
NOTIC: [8] Undefined index: icon D:\wamp\www\wscloud\backoffice\Application\Office\Common\function.php 第 229 行.
NOTIC: [8] Undefined index: icon D:\wamp\www\wscloud\backoffice\Application\Office\Common\function.php 第 226 行.
NOTIC: [8] Undefined property: stdClass::$id D:\wamp\www\wscloud\backoffice\Application\Lib\BaseManagementController.class.php 第 101 行.
NOTIC: [2] include_once(../log4php/logger.php): failed to open stream: No such file or directory D:\wamp\www\wscloud\backoffice\ThinkPHP\Library\Vendor\ApiGateway\RestClient.php 第 4 行.
NOTIC: [2] include_once(): Failed opening '../log4php/logger.php' for inclusion (include_path='.;C:\php\pear') D:\wamp\www\wscloud\backoffice\ThinkPHP\Library\Vendor\ApiGateway\RestClient.php 第 4 行.
NOTIC: [512] log4php: Configuration failed. File not found at [./Application/Office/Conf/log4php.xml]. Using default configuration. D:\wamp\www\wscloud\backoffice\ThinkPHP\Library\Vendor\log4php\configurators\LoggerConfiguratorDefault.php 第 475 行.
NOTIC: [512] log4php: [LoggerAppenderFile:default]: Required parameter 'file' not set. Closing appender. D:\wamp\www\wscloud\backoffice\ThinkPHP\Library\Vendor\log4php\LoggerAppender.php 第 283 行.
INFO: [ view_parse ] --START--
INFO: [ template_filter ] --START--
INFO: Run Behavior\ContentReplaceBehavior [ RunTime:0.000076s ]
INFO: [ template_filter ] --END-- [ RunTime:0.000173s ]
INFO: Run Behavior\ParseTemplateBehavior [ RunTime:0.038021s ]
INFO: [ view_parse ] --END-- [ RunTime:0.038128s ]
INFO: [ view_filter ] --START--
INFO: Run Behavior\WriteHtmlCacheBehavior [ RunTime:0.000444s ]
INFO: [ view_filter ] --END-- [ RunTime:0.000528s ]
INFO: [ app_end ] --START--
INFO: Run Behavior\ShowPageTraceBehavior [ RunTime:0.000757s ]
INFO: [ app_end ] --END-- [ RunTime:0.000862s ]

[ 2018-05-28T17:48:45+08:00 ] ::1 /Driver/behaviorLists
INFO: [ app_init ] --START--
INFO: Run Behavior\BuildLiteBehavior [ RunTime:0.000099s ]
INFO: [ app_init ] --END-- [ RunTime:0.000801s ]
INFO: [ app_begin ] --START--
INFO: Run Behavior\ReadHtmlCacheBehavior [ RunTime:0.001007s ]
INFO: [ app_begin ] --END-- [ RunTime:0.001205s ]
NOTIC: [8] Undefined index: login D:\wamp\www\wscloud\backoffice\Application\Lib\BaseManagementController.class.php 第 120 行.
NOTIC: [8] Trying to get property of non-object D:\wamp\www\wscloud\backoffice\Application\Lib\BaseManagementController.class.php 第 120 行.
NOTIC: [8] Undefined index: login D:\wamp\www\wscloud\backoffice\Application\Lib\BaseManagementController.class.php 第 121 行.
NOTIC: [8] Trying to get property of non-object D:\wamp\www\wscloud\backoffice\Application\Lib\BaseManagementController.class.php 第 121 行.
NOTIC: [2] in_array() expects parameter 2 to be array, integer given D:\wamp\www\wscloud\backoffice\Application\Office\Common\function.php 第 212 行.
NOTIC: [8] Undefined index: openNew D:\wamp\www\wscloud\backoffice\Application\Office\Common\function.php 第 225 行.
NOTIC: [8] Undefined index: icon D:\wamp\www\wscloud\backoffice\Application\Office\Common\function.php 第 229 行.
NOTIC: [8] Undefined index: openNew D:\wamp\www\wscloud\backoffice\Application\Office\Common\function.php 第 225 行.
NOTIC: [8] Undefined index: icon D:\wamp\www\wscloud\backoffice\Application\Office\Common\function.php 第 229 行.
NOTIC: [2] in_array() expects parameter 2 to be array, integer given D:\wamp\www\wscloud\backoffice\Application\Office\Common\function.php 第 212 行.
NOTIC: [8] Undefined index: openNew D:\wamp\www\wscloud\backoffice\Application\Office\Common\function.php 第 225 行.
NOTIC: [8] Undefined index: icon D:\wamp\www\wscloud\backoffice\Application\Office\Common\function.php 第 229 行.
NOTIC: [8] Undefined index: openNew D:\wamp\www\wscloud\backoffice\Application\Office\Common\function.php 第 225 行.
NOTIC: [8] Undefined index: icon D:\wamp\www\wscloud\backoffice\Application\Office\Common\function.php 第 229 行.
NOTIC: [2] in_array() expects parameter 2 to be array, integer given D:\wamp\www\wscloud\backoffice\Application\Office\Common\function.php 第 212 行.
NOTIC: [8] Undefined index: openNew D:\wamp\www\wscloud\backoffice\Application\Office\Common\function.php 第 225 行.
NOTIC: [8] Undefined index: icon D:\wamp\www\wscloud\backoffice\Application\Office\Common\function.php 第 229 行.
NOTIC: [8] Undefined index: openNew D:\wamp\www\wscloud\backoffice\Application\Office\Common\function.php 第 225 行.
NOTIC: [8] Undefined index: icon D:\wamp\www\wscloud\backoffice\Application\Office\Common\function.php 第 229 行.
NOTIC: [2] in_array() expects parameter 2 to be array, integer given D:\wamp\www\wscloud\backoffice\Application\Office\Common\function.php 第 212 行.
NOTIC: [8] Undefined index: openNew D:\wamp\www\wscloud\backoffice\Application\Office\Common\function.php 第 225 行.
NOTIC: [8] Undefined index: icon D:\wamp\www\wscloud\backoffice\Application\Office\Common\function.php 第 229 行.
NOTIC: [8] Undefined index: openNew D:\wamp\www\wscloud\backoffice\Application\Office\Common\function.php 第 225 行.
NOTIC: [8] Undefined index: icon D:\wamp\www\wscloud\backoffice\Application\Office\Common\function.php 第 229 行.
NOTIC: [8] Undefined index: openNew D:\wamp\www\wscloud\backoffice\Application\Office\Common\function.php 第 225 行.
NOTIC: [8] Undefined index: icon D:\wamp\www\wscloud\backoffice\Application\Office\Common\function.php 第 229 行.
NOTIC: [2] in_array() expects parameter 2 to be array, integer given D:\wamp\www\wscloud\backoffice\Application\Office\Common\function.php 第 212 行.
NOTIC: [8] Undefined index: openNew D:\wamp\www\wscloud\backoffice\Application\Office\Common\function.php 第 225 行.
NOTIC: [8] Undefined index: icon D:\wamp\www\wscloud\backoffice\Application\Office\Common\function.php 第 229 行.
NOTIC: [8] Undefined index: openNew D:\wamp\www\wscloud\backoffice\Application\Office\Common\function.php 第 225 行.
NOTIC: [8] Undefined index: icon D:\wamp\www\wscloud\backoffice\Application\Office\Common\function.php 第 229 行.
NOTIC: [2] in_array() expects parameter 2 to be array, integer given D:\wamp\www\wscloud\backoffice\Application\Office\Common\function.php 第 212 行.
NOTIC: [8] Undefined index: openNew D:\wamp\www\wscloud\backoffice\Application\Office\Common\function.php 第 225 行.
NOTIC: [8] Undefined index: icon D:\wamp\www\wscloud\backoffice\Application\Office\Common\function.php 第 229 行.
NOTIC: [8] Undefined index: icon D:\wamp\www\wscloud\backoffice\Application\Office\Common\function.php 第 226 行.
NOTIC: [8] Undefined property: stdClass::$id D:\wamp\www\wscloud\backoffice\Application\Lib\BaseManagementController.class.php 第 101 行.
NOTIC: [2] include_once(../log4php/logger.php): failed to open stream: No such file or directory D:\wamp\www\wscloud\backoffice\ThinkPHP\Library\Vendor\ApiGateway\RestClient.php 第 4 行.
NOTIC: [2] include_once(): Failed opening '../log4php/logger.php' for inclusion (include_path='.;C:\php\pear') D:\wamp\www\wscloud\backoffice\ThinkPHP\Library\Vendor\ApiGateway\RestClient.php 第 4 行.
NOTIC: [512] log4php: Configuration failed. File not found at [./Application/Office/Conf/log4php.xml]. Using default configuration. D:\wamp\www\wscloud\backoffice\ThinkPHP\Library\Vendor\log4php\configurators\LoggerConfiguratorDefault.php 第 475 行.
NOTIC: [512] log4php: [LoggerAppenderFile:default]: Required parameter 'file' not set. Closing appender. D:\wamp\www\wscloud\backoffice\ThinkPHP\Library\Vendor\log4php\LoggerAppender.php 第 283 行.
INFO: [ view_parse ] --START--
INFO: [ template_filter ] --START--
INFO: Run Behavior\ContentReplaceBehavior [ RunTime:0.000065s ]
INFO: [ template_filter ] --END-- [ RunTime:0.000157s ]
NOTIC: [8] Undefined variable: where_time D:\wamp\www\wscloud\backoffice\Application\Runtime\Cache\Office\51723310d7b2202e2e5c5fef5aec02e6.php 第 93 行.
NOTIC: [8] Undefined variable: where_name D:\wamp\www\wscloud\backoffice\Application\Runtime\Cache\Office\51723310d7b2202e2e5c5fef5aec02e6.php 第 100 行.
NOTIC: [8] Undefined variable: where_phone D:\wamp\www\wscloud\backoffice\Application\Runtime\Cache\Office\51723310d7b2202e2e5c5fef5aec02e6.php 第 106 行.
INFO: Run Behavior\ParseTemplateBehavior [ RunTime:0.067385s ]
INFO: [ view_parse ] --END-- [ RunTime:0.067565s ]
INFO: [ view_filter ] --START--
INFO: Run Behavior\WriteHtmlCacheBehavior [ RunTime:0.001469s ]
INFO: [ view_filter ] --END-- [ RunTime:0.001769s ]
INFO: [ app_end ] --START--
INFO: Run Behavior\ShowPageTraceBehavior [ RunTime:0.002092s ]
INFO: [ app_end ] --END-- [ RunTime:0.002440s ]

[ 2018-05-28T17:48:45+08:00 ] ::1 /Driver/ajaxGetBehaviorLists
INFO: [ app_init ] --START--
INFO: Run Behavior\BuildLiteBehavior [ RunTime:0.000038s ]
INFO: [ app_init ] --END-- [ RunTime:0.000760s ]
INFO: [ app_begin ] --START--
INFO: Run Behavior\ReadHtmlCacheBehavior [ RunTime:0.001042s ]
INFO: [ app_begin ] --END-- [ RunTime:0.001173s ]
NOTIC: [2] include_once(../log4php/logger.php): failed to open stream: No such file or directory D:\wamp\www\wscloud\backoffice\ThinkPHP\Library\Vendor\ApiGateway\RestClient.php 第 4 行.
NOTIC: [2] include_once(): Failed opening '../log4php/logger.php' for inclusion (include_path='.;C:\php\pear') D:\wamp\www\wscloud\backoffice\ThinkPHP\Library\Vendor\ApiGateway\RestClient.php 第 4 行.
NOTIC: [512] log4php: Configuration failed. File not found at [./Application/Office/Conf/log4php.xml]. Using default configuration. D:\wamp\www\wscloud\backoffice\ThinkPHP\Library\Vendor\log4php\configurators\LoggerConfiguratorDefault.php 第 475 行.
NOTIC: [512] log4php: [LoggerAppenderFile:default]: Required parameter 'file' not set. Closing appender. D:\wamp\www\wscloud\backoffice\ThinkPHP\Library\Vendor\log4php\LoggerAppender.php 第 283 行.

