[ 2018-08-06T09:07:09+08:00 ] ::1 /
INFO: [ app_init ] --START--
INFO: Run Behavior\BuildLiteBehavior [ RunTime:0.000020s ]
INFO: [ app_init ] --END-- [ RunTime:0.000386s ]
INFO: [ app_begin ] --START--
INFO: Run Behavior\ReadHtmlCacheBehavior [ RunTime:0.000547s ]
INFO: [ app_begin ] --END-- [ RunTime:0.000641s ]
NOTIC: [8] Trying to get property of non-object D:\wamp\www\wscloud\backoffice\Application\Lib\BaseManagementController.class.php 第 50 行.

[ 2018-08-06T09:07:25+08:00 ] ::1 /Office/ManagementLogin
INFO: [ app_init ] --START--
INFO: Run Behavior\BuildLiteBehavior [ RunTime:0.000030s ]
INFO: [ app_init ] --END-- [ RunTime:0.000572s ]
INFO: [ app_begin ] --START--
INFO: Run Behavior\ReadHtmlCacheBehavior [ RunTime:0.000771s ]
INFO: [ app_begin ] --END-- [ RunTime:0.000888s ]
NOTIC: [8] Undefined index: login D:\wamp\www\wscloud\backoffice\Application\Lib\BaseManagementController.class.php 第 124 行.
NOTIC: [8] Trying to get property of non-object D:\wamp\www\wscloud\backoffice\Application\Lib\BaseManagementController.class.php 第 124 行.
NOTIC: [8] Undefined index: login D:\wamp\www\wscloud\backoffice\Application\Lib\BaseManagementController.class.php 第 125 行.
NOTIC: [8] Trying to get property of non-object D:\wamp\www\wscloud\backoffice\Application\Lib\BaseManagementController.class.php 第 125 行.
NOTIC: [8] Trying to get property of non-object D:\wamp\www\wscloud\backoffice\Application\Lib\BaseManagementController.class.php 第 87 行.
NOTIC: [8] Trying to get property of non-object D:\wamp\www\wscloud\backoffice\Application\Lib\BaseManagementController.class.php 第 90 行.
NOTIC: [8] Undefined offset: -1 D:\wamp\www\wscloud\backoffice\Application\Office\Common\function.php 第 263 行.
NOTIC: [8] Trying to get property of non-object D:\wamp\www\wscloud\backoffice\Application\Lib\BaseManagementController.class.php 第 100 行.
NOTIC: [8] Trying to get property of non-object D:\wamp\www\wscloud\backoffice\Application\Lib\BaseManagementController.class.php 第 101 行.
NOTIC: [8] Trying to get property of non-object D:\wamp\www\wscloud\backoffice\Application\Lib\BaseManagementController.class.php 第 108 行.
NOTIC: [8] Trying to get property of non-object D:\wamp\www\wscloud\backoffice\Application\Lib\BaseManagementController.class.php 第 111 行.
NOTIC: [8] Trying to get property of non-object D:\wamp\www\wscloud\backoffice\Application\Office\Model\ApiModel.class.php 第 109 行.
NOTIC: [2] Illegal string offset 'value' D:\wamp\www\wscloud\backoffice\Application\Lib\BaseManagementController.class.php 第 112 行.
NOTIC: [8] Uninitialized string offset: 0 D:\wamp\www\wscloud\backoffice\Application\Lib\BaseManagementController.class.php 第 112 行.
NOTIC: [8] Trying to get property of non-object D:\wamp\www\wscloud\backoffice\Application\Office\Model\ApiModel.class.php 第 109 行.
INFO: [ view_parse ] --START--
INFO: [ template_filter ] --START--
INFO: Run Behavior\ContentReplaceBehavior [ RunTime:0.000309s ]
INFO: [ template_filter ] --END-- [ RunTime:0.000695s ]
INFO: Run Behavior\ParseTemplateBehavior [ RunTime:0.028286s ]
INFO: [ view_parse ] --END-- [ RunTime:0.028551s ]
INFO: [ view_filter ] --START--
INFO: Run Behavior\WriteHtmlCacheBehavior [ RunTime:0.000796s ]
INFO: [ view_filter ] --END-- [ RunTime:0.000944s ]
INFO: [ app_end ] --START--
INFO: Run Behavior\ShowPageTraceBehavior [ RunTime:0.001143s ]
INFO: [ app_end ] --END-- [ RunTime:0.001357s ]

[ 2018-08-06T09:08:37+08:00 ] ::1 /Office/ManagementLogin/loginCheck
INFO: [ app_init ] --START--
INFO: Run Behavior\BuildLiteBehavior [ RunTime:0.000049s ]
INFO: [ app_init ] --END-- [ RunTime:0.001064s ]
INFO: [ app_begin ] --START--
INFO: Run Behavior\ReadHtmlCacheBehavior [ RunTime:0.001471s ]
INFO: [ app_begin ] --END-- [ RunTime:0.001678s ]
NOTIC: [8] Trying to get property of non-object D:\wamp\www\wscloud\backoffice\Application\Office\Model\ApiModel.class.php 第 109 行.

[ 2018-08-06T09:08:37+08:00 ] ::1 /Office/Index/index
INFO: [ app_init ] --START--
INFO: Run Behavior\BuildLiteBehavior [ RunTime:0.000021s ]
INFO: [ app_init ] --END-- [ RunTime:0.000392s ]
INFO: [ app_begin ] --START--
INFO: Run Behavior\ReadHtmlCacheBehavior [ RunTime:0.000518s ]
INFO: [ app_begin ] --END-- [ RunTime:0.000621s ]
NOTIC: [8] Undefined index: login D:\wamp\www\wscloud\backoffice\Application\Lib\BaseManagementController.class.php 第 124 行.
NOTIC: [8] Trying to get property of non-object D:\wamp\www\wscloud\backoffice\Application\Lib\BaseManagementController.class.php 第 124 行.
NOTIC: [8] Undefined index: login D:\wamp\www\wscloud\backoffice\Application\Lib\BaseManagementController.class.php 第 125 行.
NOTIC: [8] Trying to get property of non-object D:\wamp\www\wscloud\backoffice\Application\Lib\BaseManagementController.class.php 第 125 行.
NOTIC: [8] Undefined offset: -1 D:\wamp\www\wscloud\backoffice\Application\Office\Common\function.php 第 263 行.
NOTIC: [8] Undefined offset: 0 D:\wamp\www\wscloud\backoffice\Application\Office\Common\function.php 第 213 行.
NOTIC: [2] in_array() expects parameter 2 to be array, null given D:\wamp\www\wscloud\backoffice\Application\Office\Common\function.php 第 213 行.
NOTIC: [8] Undefined index: openNew D:\wamp\www\wscloud\backoffice\Application\Office\Common\function.php 第 226 行.
NOTIC: [8] Undefined index: icon D:\wamp\www\wscloud\backoffice\Application\Office\Common\function.php 第 230 行.
NOTIC: [8] Undefined index: openNew D:\wamp\www\wscloud\backoffice\Application\Office\Common\function.php 第 226 行.
NOTIC: [8] Undefined index: icon D:\wamp\www\wscloud\backoffice\Application\Office\Common\function.php 第 230 行.
NOTIC: [8] Undefined offset: 0 D:\wamp\www\wscloud\backoffice\Application\Office\Common\function.php 第 213 行.
NOTIC: [2] in_array() expects parameter 2 to be array, null given D:\wamp\www\wscloud\backoffice\Application\Office\Common\function.php 第 213 行.
NOTIC: [8] Undefined index: openNew D:\wamp\www\wscloud\backoffice\Application\Office\Common\function.php 第 226 行.
NOTIC: [8] Undefined index: icon D:\wamp\www\wscloud\backoffice\Application\Office\Common\function.php 第 230 行.
NOTIC: [8] Undefined index: openNew D:\wamp\www\wscloud\backoffice\Application\Office\Common\function.php 第 226 行.
NOTIC: [8] Undefined index: icon D:\wamp\www\wscloud\backoffice\Application\Office\Common\function.php 第 230 行.
NOTIC: [8] Undefined offset: 0 D:\wamp\www\wscloud\backoffice\Application\Office\Common\function.php 第 213 行.
NOTIC: [2] in_array() expects parameter 2 to be array, null given D:\wamp\www\wscloud\backoffice\Application\Office\Common\function.php 第 213 行.
NOTIC: [8] Undefined index: openNew D:\wamp\www\wscloud\backoffice\Application\Office\Common\function.php 第 226 行.
NOTIC: [8] Undefined index: icon D:\wamp\www\wscloud\backoffice\Application\Office\Common\function.php 第 230 行.
NOTIC: [8] Undefined index: openNew D:\wamp\www\wscloud\backoffice\Application\Office\Common\function.php 第 226 行.
NOTIC: [8] Undefined index: icon D:\wamp\www\wscloud\backoffice\Application\Office\Common\function.php 第 230 行.
NOTIC: [8] Undefined offset: 0 D:\wamp\www\wscloud\backoffice\Application\Office\Common\function.php 第 213 行.
NOTIC: [2] in_array() expects parameter 2 to be array, null given D:\wamp\www\wscloud\backoffice\Application\Office\Common\function.php 第 213 行.
NOTIC: [8] Undefined index: openNew D:\wamp\www\wscloud\backoffice\Application\Office\Common\function.php 第 226 行.
NOTIC: [8] Undefined index: icon D:\wamp\www\wscloud\backoffice\Application\Office\Common\function.php 第 230 行.
NOTIC: [8] Undefined index: openNew D:\wamp\www\wscloud\backoffice\Application\Office\Common\function.php 第 226 行.
NOTIC: [8] Undefined index: icon D:\wamp\www\wscloud\backoffice\Application\Office\Common\function.php 第 230 行.
NOTIC: [8] Undefined index: openNew D:\wamp\www\wscloud\backoffice\Application\Office\Common\function.php 第 226 行.
NOTIC: [8] Undefined index: icon D:\wamp\www\wscloud\backoffice\Application\Office\Common\function.php 第 230 行.
NOTIC: [8] Undefined offset: 0 D:\wamp\www\wscloud\backoffice\Application\Office\Common\function.php 第 213 行.
NOTIC: [2] in_array() expects parameter 2 to be array, null given D:\wamp\www\wscloud\backoffice\Application\Office\Common\function.php 第 213 行.
NOTIC: [8] Undefined index: openNew D:\wamp\www\wscloud\backoffice\Application\Office\Common\function.php 第 226 行.
NOTIC: [8] Undefined index: icon D:\wamp\www\wscloud\backoffice\Application\Office\Common\function.php 第 230 行.
NOTIC: [8] Undefined index: openNew D:\wamp\www\wscloud\backoffice\Application\Office\Common\function.php 第 226 行.
NOTIC: [8] Undefined index: icon D:\wamp\www\wscloud\backoffice\Application\Office\Common\function.php 第 230 行.
NOTIC: [8] Undefined offset: 0 D:\wamp\www\wscloud\backoffice\Application\Office\Common\function.php 第 213 行.
NOTIC: [2] in_array() expects parameter 2 to be array, null given D:\wamp\www\wscloud\backoffice\Application\Office\Common\function.php 第 213 行.
NOTIC: [8] Undefined index: openNew D:\wamp\www\wscloud\backoffice\Application\Office\Common\function.php 第 226 行.
NOTIC: [8] Undefined index: icon D:\wamp\www\wscloud\backoffice\Application\Office\Common\function.php 第 230 行.
NOTIC: [8] Undefined index: icon D:\wamp\www\wscloud\backoffice\Application\Office\Common\function.php 第 227 行.
NOTIC: [8] Undefined offset: 0 D:\wamp\www\wscloud\backoffice\Application\Office\Common\function.php 第 213 行.
NOTIC: [2] in_array() expects parameter 2 to be array, null given D:\wamp\www\wscloud\backoffice\Application\Office\Common\function.php 第 213 行.
NOTIC: [8] Undefined index: openNew D:\wamp\www\wscloud\backoffice\Application\Office\Common\function.php 第 226 行.
NOTIC: [8] Undefined index: icon D:\wamp\www\wscloud\backoffice\Application\Office\Common\function.php 第 230 行.
NOTIC: [8] Undefined index: openNew D:\wamp\www\wscloud\backoffice\Application\Office\Common\function.php 第 226 行.
NOTIC: [8] Undefined index: icon D:\wamp\www\wscloud\backoffice\Application\Office\Common\function.php 第 230 行.
NOTIC: [8] Undefined index: openNew D:\wamp\www\wscloud\backoffice\Application\Office\Common\function.php 第 226 行.
NOTIC: [8] Undefined index: icon D:\wamp\www\wscloud\backoffice\Application\Office\Common\function.php 第 230 行.
NOTIC: [8] Undefined property: stdClass::$id D:\wamp\www\wscloud\backoffice\Application\Lib\BaseManagementController.class.php 第 101 行.
INFO: [ view_parse ] --START--
INFO: [ template_filter ] --START--
INFO: Run Behavior\ContentReplaceBehavior [ RunTime:0.000089s ]
INFO: [ template_filter ] --END-- [ RunTime:0.000228s ]
INFO: Run Behavior\ParseTemplateBehavior [ RunTime:0.014435s ]
INFO: [ view_parse ] --END-- [ RunTime:0.014557s ]
INFO: [ view_filter ] --START--
INFO: Run Behavior\WriteHtmlCacheBehavior [ RunTime:0.000598s ]
INFO: [ view_filter ] --END-- [ RunTime:0.000704s ]
INFO: [ app_end ] --START--
INFO: Run Behavior\ShowPageTraceBehavior [ RunTime:0.001034s ]
INFO: [ app_end ] --END-- [ RunTime:0.001190s ]

[ 2018-08-06T09:08:38+08:00 ] ::1 /Public/Js/office/monitoring/echarts.js.map
INFO: [ app_init ] --START--
INFO: Run Behavior\BuildLiteBehavior [ RunTime:0.000022s ]
INFO: [ app_init ] --END-- [ RunTime:0.000467s ]
INFO: [ app_begin ] --START--
INFO: Run Behavior\ReadHtmlCacheBehavior [ RunTime:0.000595s ]
INFO: [ app_begin ] --END-- [ RunTime:0.000697s ]
ERR: 无法加载控制器:Public

[ 2018-08-06T09:08:38+08:00 ] ::1 /Office/Stat/statByTimeGroup
INFO: [ app_init ] --START--
INFO: Run Behavior\BuildLiteBehavior [ RunTime:0.000034s ]
INFO: [ app_init ] --END-- [ RunTime:0.000651s ]
INFO: [ app_begin ] --START--
INFO: Run Behavior\ReadHtmlCacheBehavior [ RunTime:0.000927s ]
INFO: [ app_begin ] --END-- [ RunTime:0.001061s ]

[ 2018-08-06T09:15:00+08:00 ] ::1 /Office/RoadLine/historyLine
INFO: [ app_init ] --START--
INFO: Run Behavior\BuildLiteBehavior [ RunTime:0.000020s ]
INFO: [ app_init ] --END-- [ RunTime:0.000415s ]
INFO: [ app_begin ] --START--
INFO: Run Behavior\ReadHtmlCacheBehavior [ RunTime:0.000604s ]
INFO: [ app_begin ] --END-- [ RunTime:0.000703s ]
NOTIC: [8] Undefined index: login D:\wamp\www\wscloud\backoffice\Application\Lib\BaseManagementController.class.php 第 124 行.
NOTIC: [8] Trying to get property of non-object D:\wamp\www\wscloud\backoffice\Application\Lib\BaseManagementController.class.php 第 124 行.
NOTIC: [8] Undefined index: login D:\wamp\www\wscloud\backoffice\Application\Lib\BaseManagementController.class.php 第 125 行.
NOTIC: [8] Trying to get property of non-object D:\wamp\www\wscloud\backoffice\Application\Lib\BaseManagementController.class.php 第 125 行.
NOTIC: [2] in_array() expects parameter 2 to be array, integer given D:\wamp\www\wscloud\backoffice\Application\Office\Common\function.php 第 213 行.
NOTIC: [8] Undefined index: openNew D:\wamp\www\wscloud\backoffice\Application\Office\Common\function.php 第 226 行.
NOTIC: [8] Undefined index: icon D:\wamp\www\wscloud\backoffice\Application\Office\Common\function.php 第 230 行.
NOTIC: [8] Undefined index: openNew D:\wamp\www\wscloud\backoffice\Application\Office\Common\function.php 第 226 行.
NOTIC: [8] Undefined index: icon D:\wamp\www\wscloud\backoffice\Application\Office\Common\function.php 第 230 行.
NOTIC: [2] in_array() expects parameter 2 to be array, integer given D:\wamp\www\wscloud\backoffice\Application\Office\Common\function.php 第 213 行.
NOTIC: [8] Undefined index: openNew D:\wamp\www\wscloud\backoffice\Application\Office\Common\function.php 第 226 行.
NOTIC: [8] Undefined index: icon D:\wamp\www\wscloud\backoffice\Application\Office\Common\function.php 第 230 行.
NOTIC: [8] Undefined index: openNew D:\wamp\www\wscloud\backoffice\Application\Office\Common\function.php 第 226 行.
NOTIC: [8] Undefined index: icon D:\wamp\www\wscloud\backoffice\Application\Office\Common\function.php 第 230 行.
NOTIC: [2] in_array() expects parameter 2 to be array, integer given D:\wamp\www\wscloud\backoffice\Application\Office\Common\function.php 第 213 行.
NOTIC: [8] Undefined index: openNew D:\wamp\www\wscloud\backoffice\Application\Office\Common\function.php 第 226 行.
NOTIC: [8] Undefined index: icon D:\wamp\www\wscloud\backoffice\Application\Office\Common\function.php 第 230 行.
NOTIC: [8] Undefined index: openNew D:\wamp\www\wscloud\backoffice\Application\Office\Common\function.php 第 226 行.
NOTIC: [8] Undefined index: icon D:\wamp\www\wscloud\backoffice\Application\Office\Common\function.php 第 230 行.
NOTIC: [2] in_array() expects parameter 2 to be array, integer given D:\wamp\www\wscloud\backoffice\Application\Office\Common\function.php 第 213 行.
NOTIC: [8] Undefined index: openNew D:\wamp\www\wscloud\backoffice\Application\Office\Common\function.php 第 226 行.
NOTIC: [8] Undefined index: icon D:\wamp\www\wscloud\backoffice\Application\Office\Common\function.php 第 230 行.
NOTIC: [8] Undefined index: openNew D:\wamp\www\wscloud\backoffice\Application\Office\Common\function.php 第 226 行.
NOTIC: [8] Undefined index: icon D:\wamp\www\wscloud\backoffice\Application\Office\Common\function.php 第 230 行.
NOTIC: [8] Undefined index: openNew D:\wamp\www\wscloud\backoffice\Application\Office\Common\function.php 第 226 行.
NOTIC: [8] Undefined index: icon D:\wamp\www\wscloud\backoffice\Application\Office\Common\function.php 第 230 行.
NOTIC: [2] in_array() expects parameter 2 to be array, integer given D:\wamp\www\wscloud\backoffice\Application\Office\Common\function.php 第 213 行.
NOTIC: [8] Undefined index: openNew D:\wamp\www\wscloud\backoffice\Application\Office\Common\function.php 第 226 行.
NOTIC: [8] Undefined index: icon D:\wamp\www\wscloud\backoffice\Application\Office\Common\function.php 第 230 行.
NOTIC: [8] Undefined index: openNew D:\wamp\www\wscloud\backoffice\Application\Office\Common\function.php 第 226 行.
NOTIC: [8] Undefined index: icon D:\wamp\www\wscloud\backoffice\Application\Office\Common\function.php 第 230 行.
NOTIC: [2] in_array() expects parameter 2 to be array, integer given D:\wamp\www\wscloud\backoffice\Application\Office\Common\function.php 第 213 行.
NOTIC: [8] Undefined index: openNew D:\wamp\www\wscloud\backoffice\Application\Office\Common\function.php 第 226 行.
NOTIC: [8] Undefined index: icon D:\wamp\www\wscloud\backoffice\Application\Office\Common\function.php 第 230 行.
NOTIC: [8] Undefined index: icon D:\wamp\www\wscloud\backoffice\Application\Office\Common\function.php 第 227 行.
NOTIC: [2] in_array() expects parameter 2 to be array, integer given D:\wamp\www\wscloud\backoffice\Application\Office\Common\function.php 第 213 行.
NOTIC: [8] Undefined index: openNew D:\wamp\www\wscloud\backoffice\Application\Office\Common\function.php 第 226 行.
NOTIC: [8] Undefined index: icon D:\wamp\www\wscloud\backoffice\Application\Office\Common\function.php 第 230 行.
NOTIC: [8] Undefined index: openNew D:\wamp\www\wscloud\backoffice\Application\Office\Common\function.php 第 226 行.
NOTIC: [8] Undefined index: icon D:\wamp\www\wscloud\backoffice\Application\Office\Common\function.php 第 230 行.
NOTIC: [8] Undefined index: openNew D:\wamp\www\wscloud\backoffice\Application\Office\Common\function.php 第 226 行.
NOTIC: [8] Undefined index: icon D:\wamp\www\wscloud\backoffice\Application\Office\Common\function.php 第 230 行.
NOTIC: [8] Undefined property: stdClass::$id D:\wamp\www\wscloud\backoffice\Application\Lib\BaseManagementController.class.php 第 101 行.
INFO: [ view_parse ] --START--
INFO: [ template_filter ] --START--
INFO: Run Behavior\ContentReplaceBehavior [ RunTime:0.000065s ]
INFO: [ template_filter ] --END-- [ RunTime:0.000154s ]
INFO: Run Behavior\ParseTemplateBehavior [ RunTime:0.011509s ]
INFO: [ view_parse ] --END-- [ RunTime:0.011609s ]
INFO: [ view_filter ] --START--
INFO: Run Behavior\WriteHtmlCacheBehavior [ RunTime:0.000508s ]
INFO: [ view_filter ] --END-- [ RunTime:0.000591s ]
INFO: [ app_end ] --START--
INFO: Run Behavior\ShowPageTraceBehavior [ RunTime:0.000751s ]
INFO: [ app_end ] --END-- [ RunTime:0.000900s ]

[ 2018-08-06T09:17:15+08:00 ] ::1 /Office/RoadLine/roadLineMonitor
INFO: [ app_init ] --START--
INFO: Run Behavior\BuildLiteBehavior [ RunTime:0.000020s ]
INFO: [ app_init ] --END-- [ RunTime:0.000446s ]
INFO: [ app_begin ] --START--
INFO: Run Behavior\ReadHtmlCacheBehavior [ RunTime:0.000645s ]
INFO: [ app_begin ] --END-- [ RunTime:0.000740s ]
NOTIC: [8] Undefined index: login D:\wamp\www\wscloud\backoffice\Application\Lib\BaseManagementController.class.php 第 124 行.
NOTIC: [8] Trying to get property of non-object D:\wamp\www\wscloud\backoffice\Application\Lib\BaseManagementController.class.php 第 124 行.
NOTIC: [8] Undefined index: login D:\wamp\www\wscloud\backoffice\Application\Lib\BaseManagementController.class.php 第 125 行.
NOTIC: [8] Trying to get property of non-object D:\wamp\www\wscloud\backoffice\Application\Lib\BaseManagementController.class.php 第 125 行.
NOTIC: [2] in_array() expects parameter 2 to be array, integer given D:\wamp\www\wscloud\backoffice\Application\Office\Common\function.php 第 213 行.
NOTIC: [8] Undefined index: openNew D:\wamp\www\wscloud\backoffice\Application\Office\Common\function.php 第 226 行.
NOTIC: [8] Undefined index: icon D:\wamp\www\wscloud\backoffice\Application\Office\Common\function.php 第 230 行.
NOTIC: [8] Undefined index: openNew D:\wamp\www\wscloud\backoffice\Application\Office\Common\function.php 第 226 行.
NOTIC: [8] Undefined index: icon D:\wamp\www\wscloud\backoffice\Application\Office\Common\function.php 第 230 行.
NOTIC: [2] in_array() expects parameter 2 to be array, integer given D:\wamp\www\wscloud\backoffice\Application\Office\Common\function.php 第 213 行.
NOTIC: [8] Undefined index: openNew D:\wamp\www\wscloud\backoffice\Application\Office\Common\function.php 第 226 行.
NOTIC: [8] Undefined index: icon D:\wamp\www\wscloud\backoffice\Application\Office\Common\function.php 第 230 行.
NOTIC: [8] Undefined index: openNew D:\wamp\www\wscloud\backoffice\Application\Office\Common\function.php 第 226 行.
NOTIC: [8] Undefined index: icon D:\wamp\www\wscloud\backoffice\Application\Office\Common\function.php 第 230 行.
NOTIC: [2] in_array() expects parameter 2 to be array, integer given D:\wamp\www\wscloud\backoffice\Application\Office\Common\function.php 第 213 行.
NOTIC: [8] Undefined index: openNew D:\wamp\www\wscloud\backoffice\Application\Office\Common\function.php 第 226 行.
NOTIC: [8] Undefined index: icon D:\wamp\www\wscloud\backoffice\Application\Office\Common\function.php 第 230 行.
NOTIC: [8] Undefined index: openNew D:\wamp\www\wscloud\backoffice\Application\Office\Common\function.php 第 226 行.
NOTIC: [8] Undefined index: icon D:\wamp\www\wscloud\backoffice\Application\Office\Common\function.php 第 230 行.
NOTIC: [2] in_array() expects parameter 2 to be array, integer given D:\wamp\www\wscloud\backoffice\Application\Office\Common\function.php 第 213 行.
NOTIC: [8] Undefined index: openNew D:\wamp\www\wscloud\backoffice\Application\Office\Common\function.php 第 226 行.
NOTIC: [8] Undefined index: icon D:\wamp\www\wscloud\backoffice\Application\Office\Common\function.php 第 230 行.
NOTIC: [8] Undefined index: openNew D:\wamp\www\wscloud\backoffice\Application\Office\Common\function.php 第 226 行.
NOTIC: [8] Undefined index: icon D:\wamp\www\wscloud\backoffice\Application\Office\Common\function.php 第 230 行.
NOTIC: [8] Undefined index: openNew D:\wamp\www\wscloud\backoffice\Application\Office\Common\function.php 第 226 行.
NOTIC: [8] Undefined index: icon D:\wamp\www\wscloud\backoffice\Application\Office\Common\function.php 第 230 行.
NOTIC: [2] in_array() expects parameter 2 to be array, integer given D:\wamp\www\wscloud\backoffice\Application\Office\Common\function.php 第 213 行.
NOTIC: [8] Undefined index: openNew D:\wamp\www\wscloud\backoffice\Application\Office\Common\function.php 第 226 行.
NOTIC: [8] Undefined index: icon D:\wamp\www\wscloud\backoffice\Application\Office\Common\function.php 第 230 行.
NOTIC: [8] Undefined index: openNew D:\wamp\www\wscloud\backoffice\Application\Office\Common\function.php 第 226 行.
NOTIC: [8] Undefined index: icon D:\wamp\www\wscloud\backoffice\Application\Office\Common\function.php 第 230 行.
NOTIC: [2] in_array() expects parameter 2 to be array, integer given D:\wamp\www\wscloud\backoffice\Application\Office\Common\function.php 第 213 行.
NOTIC: [8] Undefined index: openNew D:\wamp\www\wscloud\backoffice\Application\Office\Common\function.php 第 226 行.
NOTIC: [8] Undefined index: icon D:\wamp\www\wscloud\backoffice\Application\Office\Common\function.php 第 230 行.
NOTIC: [8] Undefined index: icon D:\wamp\www\wscloud\backoffice\Application\Office\Common\function.php 第 227 行.
NOTIC: [2] in_array() expects parameter 2 to be array, integer given D:\wamp\www\wscloud\backoffice\Application\Office\Common\function.php 第 213 行.
NOTIC: [8] Undefined index: openNew D:\wamp\www\wscloud\backoffice\Application\Office\Common\function.php 第 226 行.
NOTIC: [8] Undefined index: icon D:\wamp\www\wscloud\backoffice\Application\Office\Common\function.php 第 230 行.
NOTIC: [8] Undefined index: openNew D:\wamp\www\wscloud\backoffice\Application\Office\Common\function.php 第 226 行.
NOTIC: [8] Undefined index: icon D:\wamp\www\wscloud\backoffice\Application\Office\Common\function.php 第 230 行.
NOTIC: [8] Undefined index: openNew D:\wamp\www\wscloud\backoffice\Application\Office\Common\function.php 第 226 行.
NOTIC: [8] Undefined index: icon D:\wamp\www\wscloud\backoffice\Application\Office\Common\function.php 第 230 行.
NOTIC: [8] Undefined property: stdClass::$id D:\wamp\www\wscloud\backoffice\Application\Lib\BaseManagementController.class.php 第 101 行.
INFO: [ view_parse ] --START--
INFO: [ template_filter ] --START--
INFO: Run Behavior\ContentReplaceBehavior [ RunTime:0.000065s ]
INFO: [ template_filter ] --END-- [ RunTime:0.000157s ]
INFO: Run Behavior\ParseTemplateBehavior [ RunTime:0.018505s ]
INFO: [ view_parse ] --END-- [ RunTime:0.018662s ]
INFO: [ view_filter ] --START--
INFO: Run Behavior\WriteHtmlCacheBehavior [ RunTime:0.000484s ]
INFO: [ view_filter ] --END-- [ RunTime:0.000592s ]
INFO: [ app_end ] --START--
INFO: Run Behavior\ShowPageTraceBehavior [ RunTime:0.000725s ]
INFO: [ app_end ] --END-- [ RunTime:0.000881s ]

[ 2018-08-06T09:17:17+08:00 ] ::1 /Office/RoadLine/add
INFO: [ app_init ] --START--
INFO: Run Behavior\BuildLiteBehavior [ RunTime:0.000021s ]
INFO: [ app_init ] --END-- [ RunTime:0.000540s ]
INFO: [ app_begin ] --START--
INFO: Run Behavior\ReadHtmlCacheBehavior [ RunTime:0.000774s ]
INFO: [ app_begin ] --END-- [ RunTime:0.000907s ]
NOTIC: [8] Undefined index: login D:\wamp\www\wscloud\backoffice\Application\Lib\BaseManagementController.class.php 第 124 行.
NOTIC: [8] Trying to get property of non-object D:\wamp\www\wscloud\backoffice\Application\Lib\BaseManagementController.class.php 第 124 行.
NOTIC: [8] Undefined index: login D:\wamp\www\wscloud\backoffice\Application\Lib\BaseManagementController.class.php 第 125 行.
NOTIC: [8] Trying to get property of non-object D:\wamp\www\wscloud\backoffice\Application\Lib\BaseManagementController.class.php 第 125 行.
NOTIC: [2] in_array() expects parameter 2 to be array, integer given D:\wamp\www\wscloud\backoffice\Application\Office\Common\function.php 第 213 行.
NOTIC: [8] Undefined index: openNew D:\wamp\www\wscloud\backoffice\Application\Office\Common\function.php 第 226 行.
NOTIC: [8] Undefined index: icon D:\wamp\www\wscloud\backoffice\Application\Office\Common\function.php 第 230 行.
NOTIC: [8] Undefined index: openNew D:\wamp\www\wscloud\backoffice\Application\Office\Common\function.php 第 226 行.
NOTIC: [8] Undefined index: icon D:\wamp\www\wscloud\backoffice\Application\Office\Common\function.php 第 230 行.
NOTIC: [2] in_array() expects parameter 2 to be array, integer given D:\wamp\www\wscloud\backoffice\Application\Office\Common\function.php 第 213 行.
NOTIC: [8] Undefined index: openNew D:\wamp\www\wscloud\backoffice\Application\Office\Common\function.php 第 226 行.
NOTIC: [8] Undefined index: icon D:\wamp\www\wscloud\backoffice\Application\Office\Common\function.php 第 230 行.
NOTIC: [8] Undefined index: openNew D:\wamp\www\wscloud\backoffice\Application\Office\Common\function.php 第 226 行.
NOTIC: [8] Undefined index: icon D:\wamp\www\wscloud\backoffice\Application\Office\Common\function.php 第 230 行.
NOTIC: [2] in_array() expects parameter 2 to be array, integer given D:\wamp\www\wscloud\backoffice\Application\Office\Common\function.php 第 213 行.
NOTIC: [8] Undefined index: openNew D:\wamp\www\wscloud\backoffice\Application\Office\Common\function.php 第 226 行.
NOTIC: [8] Undefined index: icon D:\wamp\www\wscloud\backoffice\Application\Office\Common\function.php 第 230 行.
NOTIC: [8] Undefined index: openNew D:\wamp\www\wscloud\backoffice\Application\Office\Common\function.php 第 226 行.
NOTIC: [8] Undefined index: icon D:\wamp\www\wscloud\backoffice\Application\Office\Common\function.php 第 230 行.
NOTIC: [2] in_array() expects parameter 2 to be array, integer given D:\wamp\www\wscloud\backoffice\Application\Office\Common\function.php 第 213 行.
NOTIC: [8] Undefined index: openNew D:\wamp\www\wscloud\backoffice\Application\Office\Common\function.php 第 226 行.
NOTIC: [8] Undefined index: icon D:\wamp\www\wscloud\backoffice\Application\Office\Common\function.php 第 230 行.
NOTIC: [8] Undefined index: openNew D:\wamp\www\wscloud\backoffice\Application\Office\Common\function.php 第 226 行.
NOTIC: [8] Undefined index: icon D:\wamp\www\wscloud\backoffice\Application\Office\Common\function.php 第 230 行.
NOTIC: [8] Undefined index: openNew D:\wamp\www\wscloud\backoffice\Application\Office\Common\function.php 第 226 行.
NOTIC: [8] Undefined index: icon D:\wamp\www\wscloud\backoffice\Application\Office\Common\function.php 第 230 行.
NOTIC: [2] in_array() expects parameter 2 to be array, integer given D:\wamp\www\wscloud\backoffice\Application\Office\Common\function.php 第 213 行.
NOTIC: [8] Undefined index: openNew D:\wamp\www\wscloud\backoffice\Application\Office\Common\function.php 第 226 行.
NOTIC: [8] Undefined index: icon D:\wamp\www\wscloud\backoffice\Application\Office\Common\function.php 第 230 行.
NOTIC: [8] Undefined index: openNew D:\wamp\www\wscloud\backoffice\Application\Office\Common\function.php 第 226 行.
NOTIC: [8] Undefined index: icon D:\wamp\www\wscloud\backoffice\Application\Office\Common\function.php 第 230 行.
NOTIC: [2] in_array() expects parameter 2 to be array, integer given D:\wamp\www\wscloud\backoffice\Application\Office\Common\function.php 第 213 行.
NOTIC: [8] Undefined index: openNew D:\wamp\www\wscloud\backoffice\Application\Office\Common\function.php 第 226 行.
NOTIC: [8] Undefined index: icon D:\wamp\www\wscloud\backoffice\Application\Office\Common\function.php 第 230 行.
NOTIC: [8] Undefined index: icon D:\wamp\www\wscloud\backoffice\Application\Office\Common\function.php 第 227 行.
NOTIC: [2] in_array() expects parameter 2 to be array, integer given D:\wamp\www\wscloud\backoffice\Application\Office\Common\function.php 第 213 行.
NOTIC: [8] Undefined index: openNew D:\wamp\www\wscloud\backoffice\Application\Office\Common\function.php 第 226 行.
NOTIC: [8] Undefined index: icon D:\wamp\www\wscloud\backoffice\Application\Office\Common\function.php 第 230 行.
NOTIC: [8] Undefined index: openNew D:\wamp\www\wscloud\backoffice\Application\Office\Common\function.php 第 226 行.
NOTIC: [8] Undefined index: icon D:\wamp\www\wscloud\backoffice\Application\Office\Common\function.php 第 230 行.
NOTIC: [8] Undefined index: openNew D:\wamp\www\wscloud\backoffice\Application\Office\Common\function.php 第 226 行.
NOTIC: [8] Undefined index: icon D:\wamp\www\wscloud\backoffice\Application\Office\Common\function.php 第 230 行.
NOTIC: [8] Undefined property: stdClass::$id D:\wamp\www\wscloud\backoffice\Application\Lib\BaseManagementController.class.php 第 101 行.
INFO: [ view_parse ] --START--
INFO: [ template_filter ] --START--
INFO: Run Behavior\ContentReplaceBehavior [ RunTime:0.000156s ]
INFO: [ template_filter ] --END-- [ RunTime:0.000388s ]
INFO: Run Behavior\ParseTemplateBehavior [ RunTime:0.036018s ]
INFO: [ view_parse ] --END-- [ RunTime:0.036192s ]
INFO: [ view_filter ] --START--
INFO: Run Behavior\WriteHtmlCacheBehavior [ RunTime:0.001103s ]
INFO: [ view_filter ] --END-- [ RunTime:0.001303s ]
INFO: [ app_end ] --START--
INFO: Run Behavior\ShowPageTraceBehavior [ RunTime:0.001474s ]
INFO: [ app_end ] --END-- [ RunTime:0.001788s ]

[ 2018-08-06T10:16:35+08:00 ] ::1 /Office/RoadLine/add
INFO: [ app_init ] --START--
INFO: Run Behavior\BuildLiteBehavior [ RunTime:0.000021s ]
INFO: [ app_init ] --END-- [ RunTime:0.000469s ]
INFO: [ app_begin ] --START--
INFO: Run Behavior\ReadHtmlCacheBehavior [ RunTime:0.000692s ]
INFO: [ app_begin ] --END-- [ RunTime:0.000797s ]
NOTIC: [8] Undefined index: login D:\wamp\www\wscloud\backoffice\Application\Lib\BaseManagementController.class.php 第 124 行.
NOTIC: [8] Trying to get property of non-object D:\wamp\www\wscloud\backoffice\Application\Lib\BaseManagementController.class.php 第 124 行.
NOTIC: [8] Undefined index: login D:\wamp\www\wscloud\backoffice\Application\Lib\BaseManagementController.class.php 第 125 行.
NOTIC: [8] Trying to get property of non-object D:\wamp\www\wscloud\backoffice\Application\Lib\BaseManagementController.class.php 第 125 行.
NOTIC: [2] in_array() expects parameter 2 to be array, integer given D:\wamp\www\wscloud\backoffice\Application\Office\Common\function.php 第 213 行.
NOTIC: [8] Undefined index: openNew D:\wamp\www\wscloud\backoffice\Application\Office\Common\function.php 第 226 行.
NOTIC: [8] Undefined index: icon D:\wamp\www\wscloud\backoffice\Application\Office\Common\function.php 第 230 行.
NOTIC: [8] Undefined index: openNew D:\wamp\www\wscloud\backoffice\Application\Office\Common\function.php 第 226 行.
NOTIC: [8] Undefined index: icon D:\wamp\www\wscloud\backoffice\Application\Office\Common\function.php 第 230 行.
NOTIC: [2] in_array() expects parameter 2 to be array, integer given D:\wamp\www\wscloud\backoffice\Application\Office\Common\function.php 第 213 行.
NOTIC: [8] Undefined index: openNew D:\wamp\www\wscloud\backoffice\Application\Office\Common\function.php 第 226 行.
NOTIC: [8] Undefined index: icon D:\wamp\www\wscloud\backoffice\Application\Office\Common\function.php 第 230 行.
NOTIC: [8] Undefined index: openNew D:\wamp\www\wscloud\backoffice\Application\Office\Common\function.php 第 226 行.
NOTIC: [8] Undefined index: icon D:\wamp\www\wscloud\backoffice\Application\Office\Common\function.php 第 230 行.
NOTIC: [2] in_array() expects parameter 2 to be array, integer given D:\wamp\www\wscloud\backoffice\Application\Office\Common\function.php 第 213 行.
NOTIC: [8] Undefined index: openNew D:\wamp\www\wscloud\backoffice\Application\Office\Common\function.php 第 226 行.
NOTIC: [8] Undefined index: icon D:\wamp\www\wscloud\backoffice\Application\Office\Common\function.php 第 230 行.
NOTIC: [8] Undefined index: openNew D:\wamp\www\wscloud\backoffice\Application\Office\Common\function.php 第 226 行.
NOTIC: [8] Undefined index: icon D:\wamp\www\wscloud\backoffice\Application\Office\Common\function.php 第 230 行.
NOTIC: [2] in_array() expects parameter 2 to be array, integer given D:\wamp\www\wscloud\backoffice\Application\Office\Common\function.php 第 213 行.
NOTIC: [8] Undefined index: openNew D:\wamp\www\wscloud\backoffice\Application\Office\Common\function.php 第 226 行.
NOTIC: [8] Undefined index: icon D:\wamp\www\wscloud\backoffice\Application\Office\Common\function.php 第 230 行.
NOTIC: [8] Undefined index: openNew D:\wamp\www\wscloud\backoffice\Application\Office\Common\function.php 第 226 行.
NOTIC: [8] Undefined index: icon D:\wamp\www\wscloud\backoffice\Application\Office\Common\function.php 第 230 行.
NOTIC: [8] Undefined index: openNew D:\wamp\www\wscloud\backoffice\Application\Office\Common\function.php 第 226 行.
NOTIC: [8] Undefined index: icon D:\wamp\www\wscloud\backoffice\Application\Office\Common\function.php 第 230 行.
NOTIC: [2] in_array() expects parameter 2 to be array, integer given D:\wamp\www\wscloud\backoffice\Application\Office\Common\function.php 第 213 行.
NOTIC: [8] Undefined index: openNew D:\wamp\www\wscloud\backoffice\Application\Office\Common\function.php 第 226 行.
NOTIC: [8] Undefined index: icon D:\wamp\www\wscloud\backoffice\Application\Office\Common\function.php 第 230 行.
NOTIC: [8] Undefined index: openNew D:\wamp\www\wscloud\backoffice\Application\Office\Common\function.php 第 226 行.
NOTIC: [8] Undefined index: icon D:\wamp\www\wscloud\backoffice\Application\Office\Common\function.php 第 230 行.
NOTIC: [2] in_array() expects parameter 2 to be array, integer given D:\wamp\www\wscloud\backoffice\Application\Office\Common\function.php 第 213 行.
NOTIC: [8] Undefined index: openNew D:\wamp\www\wscloud\backoffice\Application\Office\Common\function.php 第 226 行.
NOTIC: [8] Undefined index: icon D:\wamp\www\wscloud\backoffice\Application\Office\Common\function.php 第 230 行.
NOTIC: [8] Undefined index: icon D:\wamp\www\wscloud\backoffice\Application\Office\Common\function.php 第 227 行.
NOTIC: [2] in_array() expects parameter 2 to be array, integer given D:\wamp\www\wscloud\backoffice\Application\Office\Common\function.php 第 213 行.
NOTIC: [8] Undefined index: openNew D:\wamp\www\wscloud\backoffice\Application\Office\Common\function.php 第 226 行.
NOTIC: [8] Undefined index: icon D:\wamp\www\wscloud\backoffice\Application\Office\Common\function.php 第 230 行.
NOTIC: [8] Undefined index: openNew D:\wamp\www\wscloud\backoffice\Application\Office\Common\function.php 第 226 行.
NOTIC: [8] Undefined index: icon D:\wamp\www\wscloud\backoffice\Application\Office\Common\function.php 第 230 行.
NOTIC: [8] Undefined index: openNew D:\wamp\www\wscloud\backoffice\Application\Office\Common\function.php 第 226 行.
NOTIC: [8] Undefined index: icon D:\wamp\www\wscloud\backoffice\Application\Office\Common\function.php 第 230 行.
NOTIC: [8] Undefined property: stdClass::$id D:\wamp\www\wscloud\backoffice\Application\Lib\BaseManagementController.class.php 第 101 行.
INFO: [ view_parse ] --START--
INFO: [ template_filter ] --START--
INFO: Run Behavior\ContentReplaceBehavior [ RunTime:0.000095s ]
INFO: [ template_filter ] --END-- [ RunTime:0.000240s ]
INFO: Run Behavior\ParseTemplateBehavior [ RunTime:0.016506s ]
INFO: [ view_parse ] --END-- [ RunTime:0.016700s ]
INFO: [ view_filter ] --START--
INFO: Run Behavior\WriteHtmlCacheBehavior [ RunTime:0.000930s ]
INFO: [ view_filter ] --END-- [ RunTime:0.001100s ]
INFO: [ app_end ] --START--
INFO: Run Behavior\ShowPageTraceBehavior [ RunTime:0.001206s ]
INFO: [ app_end ] --END-- [ RunTime:0.001401s ]

