[ 2018-06-26T09:06:42+08:00 ] ::1 /
INFO: [ app_init ] --START--
INFO: Run Behavior\BuildLiteBehavior [ RunTime:0.000019s ]
INFO: [ app_init ] --END-- [ RunTime:0.000426s ]
INFO: [ app_begin ] --START--
INFO: Run Behavior\ReadHtmlCacheBehavior [ RunTime:0.000592s ]
INFO: [ app_begin ] --END-- [ RunTime:0.000687s ]
NOTIC: [8] Trying to get property of non-object D:\wamp\www\wscloud\backoffice\Application\Lib\BaseManagementController.class.php 第 50 行.

[ 2018-06-26T09:06:43+08:00 ] ::1 /ManagementLogin
INFO: [ app_init ] --START--
INFO: Run Behavior\BuildLiteBehavior [ RunTime:0.000034s ]
INFO: [ app_init ] --END-- [ RunTime:0.000668s ]
INFO: [ app_begin ] --START--
INFO: Run Behavior\ReadHtmlCacheBehavior [ RunTime:0.000808s ]
INFO: [ app_begin ] --END-- [ RunTime:0.000976s ]
NOTIC: [8] Undefined index: login D:\wamp\www\wscloud\backoffice\Application\Lib\BaseManagementController.class.php 第 124 行.
NOTIC: [8] Trying to get property of non-object D:\wamp\www\wscloud\backoffice\Application\Lib\BaseManagementController.class.php 第 124 行.
NOTIC: [8] Undefined index: login D:\wamp\www\wscloud\backoffice\Application\Lib\BaseManagementController.class.php 第 125 行.
NOTIC: [8] Trying to get property of non-object D:\wamp\www\wscloud\backoffice\Application\Lib\BaseManagementController.class.php 第 125 行.
NOTIC: [8] Trying to get property of non-object D:\wamp\www\wscloud\backoffice\Application\Lib\BaseManagementController.class.php 第 87 行.
NOTIC: [8] Trying to get property of non-object D:\wamp\www\wscloud\backoffice\Application\Lib\BaseManagementController.class.php 第 90 行.
NOTIC: [8] Undefined offset: -1 D:\wamp\www\wscloud\backoffice\Application\Office\Common\function.php 第 263 行.
NOTIC: [8] Trying to get property of non-object D:\wamp\www\wscloud\backoffice\Application\Lib\BaseManagementController.class.php 第 100 行.
NOTIC: [8] Trying to get property of non-object D:\wamp\www\wscloud\backoffice\Application\Lib\BaseManagementController.class.php 第 101 行.
NOTIC: [8] Trying to get property of non-object D:\wamp\www\wscloud\backoffice\Application\Lib\BaseManagementController.class.php 第 108 行.
NOTIC: [8] Trying to get property of non-object D:\wamp\www\wscloud\backoffice\Application\Lib\BaseManagementController.class.php 第 111 行.
NOTIC: [8] Trying to get property of non-object D:\wamp\www\wscloud\backoffice\Application\Office\Model\ApiModel.class.php 第 109 行.
NOTIC: [8] Trying to get property of non-object D:\wamp\www\wscloud\backoffice\Application\Office\Model\ApiModel.class.php 第 151 行.
NOTIC: [2] Illegal string offset 'value' D:\wamp\www\wscloud\backoffice\Application\Lib\BaseManagementController.class.php 第 112 行.
NOTIC: [8] Uninitialized string offset: 0 D:\wamp\www\wscloud\backoffice\Application\Lib\BaseManagementController.class.php 第 112 行.
NOTIC: [8] Trying to get property of non-object D:\wamp\www\wscloud\backoffice\Application\Office\Model\ApiModel.class.php 第 109 行.
NOTIC: [8] Trying to get property of non-object D:\wamp\www\wscloud\backoffice\Application\Office\Model\ApiModel.class.php 第 151 行.
INFO: [ view_parse ] --START--
INFO: [ template_filter ] --START--
INFO: Run Behavior\ContentReplaceBehavior [ RunTime:0.000203s ]
INFO: [ template_filter ] --END-- [ RunTime:0.000454s ]
INFO: Run Behavior\ParseTemplateBehavior [ RunTime:0.037342s ]
INFO: [ view_parse ] --END-- [ RunTime:0.037671s ]
INFO: [ view_filter ] --START--
INFO: Run Behavior\WriteHtmlCacheBehavior [ RunTime:0.001108s ]
INFO: [ view_filter ] --END-- [ RunTime:0.001339s ]
INFO: [ app_end ] --START--
INFO: Run Behavior\ShowPageTraceBehavior [ RunTime:0.001845s ]
INFO: [ app_end ] --END-- [ RunTime:0.002211s ]

[ 2018-06-26T09:07:25+08:00 ] ::1 /Driver/lists
INFO: [ app_init ] --START--
INFO: Run Behavior\BuildLiteBehavior [ RunTime:0.000021s ]
INFO: [ app_init ] --END-- [ RunTime:0.000495s ]
INFO: [ app_begin ] --START--
INFO: Run Behavior\ReadHtmlCacheBehavior [ RunTime:0.000764s ]
INFO: [ app_begin ] --END-- [ RunTime:0.000882s ]
NOTIC: [8] Undefined index: login D:\wamp\www\wscloud\backoffice\Application\Lib\BaseManagementController.class.php 第 124 行.
NOTIC: [8] Trying to get property of non-object D:\wamp\www\wscloud\backoffice\Application\Lib\BaseManagementController.class.php 第 124 行.
NOTIC: [8] Undefined index: login D:\wamp\www\wscloud\backoffice\Application\Lib\BaseManagementController.class.php 第 125 行.
NOTIC: [8] Trying to get property of non-object D:\wamp\www\wscloud\backoffice\Application\Lib\BaseManagementController.class.php 第 125 行.
NOTIC: [2] in_array() expects parameter 2 to be array, integer given D:\wamp\www\wscloud\backoffice\Application\Office\Common\function.php 第 213 行.
NOTIC: [8] Undefined index: openNew D:\wamp\www\wscloud\backoffice\Application\Office\Common\function.php 第 226 行.
NOTIC: [8] Undefined index: icon D:\wamp\www\wscloud\backoffice\Application\Office\Common\function.php 第 230 行.
NOTIC: [8] Undefined index: openNew D:\wamp\www\wscloud\backoffice\Application\Office\Common\function.php 第 226 行.
NOTIC: [8] Undefined index: icon D:\wamp\www\wscloud\backoffice\Application\Office\Common\function.php 第 230 行.
NOTIC: [2] in_array() expects parameter 2 to be array, integer given D:\wamp\www\wscloud\backoffice\Application\Office\Common\function.php 第 213 行.
NOTIC: [8] Undefined index: openNew D:\wamp\www\wscloud\backoffice\Application\Office\Common\function.php 第 226 行.
NOTIC: [8] Undefined index: icon D:\wamp\www\wscloud\backoffice\Application\Office\Common\function.php 第 230 行.
NOTIC: [8] Undefined index: openNew D:\wamp\www\wscloud\backoffice\Application\Office\Common\function.php 第 226 行.
NOTIC: [8] Undefined index: icon D:\wamp\www\wscloud\backoffice\Application\Office\Common\function.php 第 230 行.
NOTIC: [2] in_array() expects parameter 2 to be array, integer given D:\wamp\www\wscloud\backoffice\Application\Office\Common\function.php 第 213 行.
NOTIC: [8] Undefined index: openNew D:\wamp\www\wscloud\backoffice\Application\Office\Common\function.php 第 226 行.
NOTIC: [8] Undefined index: icon D:\wamp\www\wscloud\backoffice\Application\Office\Common\function.php 第 230 行.
NOTIC: [8] Undefined index: openNew D:\wamp\www\wscloud\backoffice\Application\Office\Common\function.php 第 226 行.
NOTIC: [8] Undefined index: icon D:\wamp\www\wscloud\backoffice\Application\Office\Common\function.php 第 230 行.
NOTIC: [2] in_array() expects parameter 2 to be array, integer given D:\wamp\www\wscloud\backoffice\Application\Office\Common\function.php 第 213 行.
NOTIC: [8] Undefined index: openNew D:\wamp\www\wscloud\backoffice\Application\Office\Common\function.php 第 226 行.
NOTIC: [8] Undefined index: icon D:\wamp\www\wscloud\backoffice\Application\Office\Common\function.php 第 230 行.
NOTIC: [8] Undefined index: openNew D:\wamp\www\wscloud\backoffice\Application\Office\Common\function.php 第 226 行.
NOTIC: [8] Undefined index: icon D:\wamp\www\wscloud\backoffice\Application\Office\Common\function.php 第 230 行.
NOTIC: [8] Undefined index: openNew D:\wamp\www\wscloud\backoffice\Application\Office\Common\function.php 第 226 行.
NOTIC: [8] Undefined index: icon D:\wamp\www\wscloud\backoffice\Application\Office\Common\function.php 第 230 行.
NOTIC: [2] in_array() expects parameter 2 to be array, integer given D:\wamp\www\wscloud\backoffice\Application\Office\Common\function.php 第 213 行.
NOTIC: [8] Undefined index: openNew D:\wamp\www\wscloud\backoffice\Application\Office\Common\function.php 第 226 行.
NOTIC: [8] Undefined index: icon D:\wamp\www\wscloud\backoffice\Application\Office\Common\function.php 第 230 行.
NOTIC: [8] Undefined index: openNew D:\wamp\www\wscloud\backoffice\Application\Office\Common\function.php 第 226 行.
NOTIC: [8] Undefined index: icon D:\wamp\www\wscloud\backoffice\Application\Office\Common\function.php 第 230 行.
NOTIC: [2] in_array() expects parameter 2 to be array, integer given D:\wamp\www\wscloud\backoffice\Application\Office\Common\function.php 第 213 行.
NOTIC: [8] Undefined index: openNew D:\wamp\www\wscloud\backoffice\Application\Office\Common\function.php 第 226 行.
NOTIC: [8] Undefined index: icon D:\wamp\www\wscloud\backoffice\Application\Office\Common\function.php 第 230 行.
NOTIC: [8] Undefined index: icon D:\wamp\www\wscloud\backoffice\Application\Office\Common\function.php 第 227 行.
NOTIC: [8] Undefined property: stdClass::$id D:\wamp\www\wscloud\backoffice\Application\Lib\BaseManagementController.class.php 第 101 行.
NOTIC: [8] Undefined property: stdClass::$company_id D:\wamp\www\wscloud\backoffice\Application\Lib\BaseManagementController.class.php 第 111 行.
NOTIC: [2] Illegal string offset 'value' D:\wamp\www\wscloud\backoffice\Application\Lib\BaseManagementController.class.php 第 112 行.
NOTIC: [8] Uninitialized string offset: 0 D:\wamp\www\wscloud\backoffice\Application\Lib\BaseManagementController.class.php 第 112 行.
INFO: [ view_parse ] --START--
INFO: [ template_filter ] --START--
INFO: Run Behavior\ContentReplaceBehavior [ RunTime:0.000217s ]
INFO: [ template_filter ] --END-- [ RunTime:0.000481s ]
INFO: Run Behavior\ParseTemplateBehavior [ RunTime:0.035649s ]
INFO: [ view_parse ] --END-- [ RunTime:0.035816s ]
INFO: [ view_filter ] --START--
INFO: Run Behavior\WriteHtmlCacheBehavior [ RunTime:0.000917s ]
INFO: [ view_filter ] --END-- [ RunTime:0.001062s ]
INFO: [ app_end ] --START--
INFO: Run Behavior\ShowPageTraceBehavior [ RunTime:0.001258s ]
INFO: [ app_end ] --END-- [ RunTime:0.001467s ]

[ 2018-06-26T09:07:25+08:00 ] ::1 /Driver/ajaxLists?page=1&limit=10&name=null&account=null&status=null&phone=null
INFO: [ app_init ] --START--
INFO: Run Behavior\BuildLiteBehavior [ RunTime:0.000022s ]
INFO: [ app_init ] --END-- [ RunTime:0.000469s ]
INFO: [ app_begin ] --START--
INFO: Run Behavior\ReadHtmlCacheBehavior [ RunTime:0.000990s ]
INFO: [ app_begin ] --END-- [ RunTime:0.001108s ]
NOTIC: [8] Trying to get property of non-object D:\wamp\www\wscloud\backoffice\Application\Lib\BaseManagementController.class.php 第 50 行.
NOTIC: [8] Array to string conversion D:\wamp\www\wscloud\backoffice\Application\Lib\BaseManagementController.class.php 第 53 行.

[ 2018-06-26T09:07:33+08:00 ] ::1 /Vehicle/lists
INFO: [ app_init ] --START--
INFO: Run Behavior\BuildLiteBehavior [ RunTime:0.000023s ]
INFO: [ app_init ] --END-- [ RunTime:0.000732s ]
INFO: [ app_begin ] --START--
INFO: Run Behavior\ReadHtmlCacheBehavior [ RunTime:0.000697s ]
INFO: [ app_begin ] --END-- [ RunTime:0.000795s ]
NOTIC: [8] Trying to get property of non-object D:\wamp\www\wscloud\backoffice\Application\Lib\BaseManagementController.class.php 第 50 行.

[ 2018-06-26T09:07:33+08:00 ] ::1 /ManagementLogin
INFO: [ app_init ] --START--
INFO: Run Behavior\BuildLiteBehavior [ RunTime:0.000056s ]
INFO: [ app_init ] --END-- [ RunTime:0.001220s ]
INFO: [ app_begin ] --START--
INFO: Run Behavior\ReadHtmlCacheBehavior [ RunTime:0.000811s ]
INFO: [ app_begin ] --END-- [ RunTime:0.000949s ]
NOTIC: [8] Undefined index: login D:\wamp\www\wscloud\backoffice\Application\Lib\BaseManagementController.class.php 第 124 行.
NOTIC: [8] Trying to get property of non-object D:\wamp\www\wscloud\backoffice\Application\Lib\BaseManagementController.class.php 第 124 行.
NOTIC: [8] Undefined index: login D:\wamp\www\wscloud\backoffice\Application\Lib\BaseManagementController.class.php 第 125 行.
NOTIC: [8] Trying to get property of non-object D:\wamp\www\wscloud\backoffice\Application\Lib\BaseManagementController.class.php 第 125 行.
NOTIC: [8] Trying to get property of non-object D:\wamp\www\wscloud\backoffice\Application\Lib\BaseManagementController.class.php 第 87 行.
NOTIC: [8] Trying to get property of non-object D:\wamp\www\wscloud\backoffice\Application\Lib\BaseManagementController.class.php 第 90 行.
NOTIC: [8] Undefined offset: -1 D:\wamp\www\wscloud\backoffice\Application\Office\Common\function.php 第 263 行.
NOTIC: [8] Trying to get property of non-object D:\wamp\www\wscloud\backoffice\Application\Lib\BaseManagementController.class.php 第 100 行.
NOTIC: [8] Trying to get property of non-object D:\wamp\www\wscloud\backoffice\Application\Lib\BaseManagementController.class.php 第 101 行.
NOTIC: [8] Trying to get property of non-object D:\wamp\www\wscloud\backoffice\Application\Lib\BaseManagementController.class.php 第 108 行.
NOTIC: [8] Trying to get property of non-object D:\wamp\www\wscloud\backoffice\Application\Lib\BaseManagementController.class.php 第 111 行.
NOTIC: [8] Trying to get property of non-object D:\wamp\www\wscloud\backoffice\Application\Office\Model\ApiModel.class.php 第 109 行.
NOTIC: [8] Trying to get property of non-object D:\wamp\www\wscloud\backoffice\Application\Office\Model\ApiModel.class.php 第 151 行.
NOTIC: [2] Illegal string offset 'value' D:\wamp\www\wscloud\backoffice\Application\Lib\BaseManagementController.class.php 第 112 行.
NOTIC: [8] Uninitialized string offset: 0 D:\wamp\www\wscloud\backoffice\Application\Lib\BaseManagementController.class.php 第 112 行.
NOTIC: [8] Trying to get property of non-object D:\wamp\www\wscloud\backoffice\Application\Office\Model\ApiModel.class.php 第 109 行.
NOTIC: [8] Trying to get property of non-object D:\wamp\www\wscloud\backoffice\Application\Office\Model\ApiModel.class.php 第 151 行.
INFO: [ view_parse ] --START--
INFO: [ template_filter ] --START--
INFO: Run Behavior\ContentReplaceBehavior [ RunTime:0.000189s ]
INFO: [ template_filter ] --END-- [ RunTime:0.000427s ]
INFO: Run Behavior\ParseTemplateBehavior [ RunTime:0.022422s ]
INFO: [ view_parse ] --END-- [ RunTime:0.022866s ]
INFO: [ view_filter ] --START--
INFO: Run Behavior\WriteHtmlCacheBehavior [ RunTime:0.001712s ]
INFO: [ view_filter ] --END-- [ RunTime:0.001977s ]
INFO: [ app_end ] --START--
INFO: Run Behavior\ShowPageTraceBehavior [ RunTime:0.002293s ]
INFO: [ app_end ] --END-- [ RunTime:0.002772s ]

[ 2018-06-26T09:07:46+08:00 ] ::1 /Office/ManagementLogin/loginCheck
INFO: [ app_init ] --START--
INFO: Run Behavior\BuildLiteBehavior [ RunTime:0.000061s ]
INFO: [ app_init ] --END-- [ RunTime:0.001172s ]
INFO: [ app_begin ] --START--
INFO: Run Behavior\ReadHtmlCacheBehavior [ RunTime:0.001000s ]
INFO: [ app_begin ] --END-- [ RunTime:0.001123s ]
NOTIC: [8] Trying to get property of non-object D:\wamp\www\wscloud\backoffice\Application\Office\Model\ApiModel.class.php 第 109 行.

[ 2018-06-26T09:08:00+08:00 ] ::1 /Office/Index/index
INFO: [ app_init ] --START--
INFO: Run Behavior\BuildLiteBehavior [ RunTime:0.000033s ]
INFO: [ app_init ] --END-- [ RunTime:0.000663s ]
INFO: [ app_begin ] --START--
INFO: Run Behavior\ReadHtmlCacheBehavior [ RunTime:0.000957s ]
INFO: [ app_begin ] --END-- [ RunTime:0.001200s ]
NOTIC: [8] Undefined index: login D:\wamp\www\wscloud\backoffice\Application\Lib\BaseManagementController.class.php 第 124 行.
NOTIC: [8] Trying to get property of non-object D:\wamp\www\wscloud\backoffice\Application\Lib\BaseManagementController.class.php 第 124 行.
NOTIC: [8] Undefined index: login D:\wamp\www\wscloud\backoffice\Application\Lib\BaseManagementController.class.php 第 125 行.
NOTIC: [8] Trying to get property of non-object D:\wamp\www\wscloud\backoffice\Application\Lib\BaseManagementController.class.php 第 125 行.
NOTIC: [8] Undefined offset: -1 D:\wamp\www\wscloud\backoffice\Application\Office\Common\function.php 第 263 行.
NOTIC: [8] Undefined offset: 0 D:\wamp\www\wscloud\backoffice\Application\Office\Common\function.php 第 213 行.
NOTIC: [2] in_array() expects parameter 2 to be array, null given D:\wamp\www\wscloud\backoffice\Application\Office\Common\function.php 第 213 行.
NOTIC: [8] Undefined index: openNew D:\wamp\www\wscloud\backoffice\Application\Office\Common\function.php 第 226 行.
NOTIC: [8] Undefined index: icon D:\wamp\www\wscloud\backoffice\Application\Office\Common\function.php 第 230 行.
NOTIC: [8] Undefined index: openNew D:\wamp\www\wscloud\backoffice\Application\Office\Common\function.php 第 226 行.
NOTIC: [8] Undefined index: icon D:\wamp\www\wscloud\backoffice\Application\Office\Common\function.php 第 230 行.
NOTIC: [8] Undefined offset: 0 D:\wamp\www\wscloud\backoffice\Application\Office\Common\function.php 第 213 行.
NOTIC: [2] in_array() expects parameter 2 to be array, null given D:\wamp\www\wscloud\backoffice\Application\Office\Common\function.php 第 213 行.
NOTIC: [8] Undefined index: openNew D:\wamp\www\wscloud\backoffice\Application\Office\Common\function.php 第 226 行.
NOTIC: [8] Undefined index: icon D:\wamp\www\wscloud\backoffice\Application\Office\Common\function.php 第 230 行.
NOTIC: [8] Undefined index: openNew D:\wamp\www\wscloud\backoffice\Application\Office\Common\function.php 第 226 行.
NOTIC: [8] Undefined index: icon D:\wamp\www\wscloud\backoffice\Application\Office\Common\function.php 第 230 行.
NOTIC: [8] Undefined offset: 0 D:\wamp\www\wscloud\backoffice\Application\Office\Common\function.php 第 213 行.
NOTIC: [2] in_array() expects parameter 2 to be array, null given D:\wamp\www\wscloud\backoffice\Application\Office\Common\function.php 第 213 行.
NOTIC: [8] Undefined index: openNew D:\wamp\www\wscloud\backoffice\Application\Office\Common\function.php 第 226 行.
NOTIC: [8] Undefined index: icon D:\wamp\www\wscloud\backoffice\Application\Office\Common\function.php 第 230 行.
NOTIC: [8] Undefined index: openNew D:\wamp\www\wscloud\backoffice\Application\Office\Common\function.php 第 226 行.
NOTIC: [8] Undefined index: icon D:\wamp\www\wscloud\backoffice\Application\Office\Common\function.php 第 230 行.
NOTIC: [8] Undefined offset: 0 D:\wamp\www\wscloud\backoffice\Application\Office\Common\function.php 第 213 行.
NOTIC: [2] in_array() expects parameter 2 to be array, null given D:\wamp\www\wscloud\backoffice\Application\Office\Common\function.php 第 213 行.
NOTIC: [8] Undefined index: openNew D:\wamp\www\wscloud\backoffice\Application\Office\Common\function.php 第 226 行.
NOTIC: [8] Undefined index: icon D:\wamp\www\wscloud\backoffice\Application\Office\Common\function.php 第 230 行.
NOTIC: [8] Undefined index: openNew D:\wamp\www\wscloud\backoffice\Application\Office\Common\function.php 第 226 行.
NOTIC: [8] Undefined index: icon D:\wamp\www\wscloud\backoffice\Application\Office\Common\function.php 第 230 行.
NOTIC: [8] Undefined index: openNew D:\wamp\www\wscloud\backoffice\Application\Office\Common\function.php 第 226 行.
NOTIC: [8] Undefined index: icon D:\wamp\www\wscloud\backoffice\Application\Office\Common\function.php 第 230 行.
NOTIC: [8] Undefined offset: 0 D:\wamp\www\wscloud\backoffice\Application\Office\Common\function.php 第 213 行.
NOTIC: [2] in_array() expects parameter 2 to be array, null given D:\wamp\www\wscloud\backoffice\Application\Office\Common\function.php 第 213 行.
NOTIC: [8] Undefined index: openNew D:\wamp\www\wscloud\backoffice\Application\Office\Common\function.php 第 226 行.
NOTIC: [8] Undefined index: icon D:\wamp\www\wscloud\backoffice\Application\Office\Common\function.php 第 230 行.
NOTIC: [8] Undefined index: openNew D:\wamp\www\wscloud\backoffice\Application\Office\Common\function.php 第 226 行.
NOTIC: [8] Undefined index: icon D:\wamp\www\wscloud\backoffice\Application\Office\Common\function.php 第 230 行.
NOTIC: [8] Undefined offset: 0 D:\wamp\www\wscloud\backoffice\Application\Office\Common\function.php 第 213 行.
NOTIC: [2] in_array() expects parameter 2 to be array, null given D:\wamp\www\wscloud\backoffice\Application\Office\Common\function.php 第 213 行.
NOTIC: [8] Undefined index: openNew D:\wamp\www\wscloud\backoffice\Application\Office\Common\function.php 第 226 行.
NOTIC: [8] Undefined index: icon D:\wamp\www\wscloud\backoffice\Application\Office\Common\function.php 第 230 行.
NOTIC: [8] Undefined index: icon D:\wamp\www\wscloud\backoffice\Application\Office\Common\function.php 第 227 行.
NOTIC: [8] Undefined property: stdClass::$id D:\wamp\www\wscloud\backoffice\Application\Lib\BaseManagementController.class.php 第 101 行.
INFO: [ view_parse ] --START--
INFO: [ template_filter ] --START--
INFO: Run Behavior\ContentReplaceBehavior [ RunTime:0.000105s ]
INFO: [ template_filter ] --END-- [ RunTime:0.000259s ]
INFO: Run Behavior\ParseTemplateBehavior [ RunTime:0.034712s ]
INFO: [ view_parse ] --END-- [ RunTime:0.034872s ]
INFO: [ view_filter ] --START--
INFO: Run Behavior\WriteHtmlCacheBehavior [ RunTime:0.000579s ]
INFO: [ view_filter ] --END-- [ RunTime:0.000687s ]
INFO: [ app_end ] --START--
INFO: Run Behavior\ShowPageTraceBehavior [ RunTime:0.000818s ]
INFO: [ app_end ] --END-- [ RunTime:0.000958s ]

[ 2018-06-26T09:08:02+08:00 ] ::1 /Stat/statByTimeGroup
INFO: [ app_init ] --START--
INFO: Run Behavior\BuildLiteBehavior [ RunTime:0.000036s ]
INFO: [ app_init ] --END-- [ RunTime:0.000752s ]
INFO: [ app_begin ] --START--
INFO: Run Behavior\ReadHtmlCacheBehavior [ RunTime:0.000905s ]
INFO: [ app_begin ] --END-- [ RunTime:0.001048s ]

[ 2018-06-26T09:08:02+08:00 ] ::1 /Public/Js/office/monitoring/echarts.js.map
INFO: [ app_init ] --START--
INFO: Run Behavior\BuildLiteBehavior [ RunTime:0.000032s ]
INFO: [ app_init ] --END-- [ RunTime:0.000655s ]
INFO: [ app_begin ] --START--
INFO: Run Behavior\ReadHtmlCacheBehavior [ RunTime:0.000849s ]
INFO: [ app_begin ] --END-- [ RunTime:0.001002s ]
ERR: 无法加载控制器:Public

[ 2018-06-26T09:08:04+08:00 ] ::1 /Driver/lists
INFO: [ app_init ] --START--
INFO: Run Behavior\BuildLiteBehavior [ RunTime:0.000035s ]
INFO: [ app_init ] --END-- [ RunTime:0.000688s ]
INFO: [ app_begin ] --START--
INFO: Run Behavior\ReadHtmlCacheBehavior [ RunTime:0.000646s ]
INFO: [ app_begin ] --END-- [ RunTime:0.000779s ]
NOTIC: [8] Undefined index: login D:\wamp\www\wscloud\backoffice\Application\Lib\BaseManagementController.class.php 第 124 行.
NOTIC: [8] Trying to get property of non-object D:\wamp\www\wscloud\backoffice\Application\Lib\BaseManagementController.class.php 第 124 行.
NOTIC: [8] Undefined index: login D:\wamp\www\wscloud\backoffice\Application\Lib\BaseManagementController.class.php 第 125 行.
NOTIC: [8] Trying to get property of non-object D:\wamp\www\wscloud\backoffice\Application\Lib\BaseManagementController.class.php 第 125 行.
NOTIC: [2] in_array() expects parameter 2 to be array, integer given D:\wamp\www\wscloud\backoffice\Application\Office\Common\function.php 第 213 行.
NOTIC: [8] Undefined index: openNew D:\wamp\www\wscloud\backoffice\Application\Office\Common\function.php 第 226 行.
NOTIC: [8] Undefined index: icon D:\wamp\www\wscloud\backoffice\Application\Office\Common\function.php 第 230 行.
NOTIC: [8] Undefined index: openNew D:\wamp\www\wscloud\backoffice\Application\Office\Common\function.php 第 226 行.
NOTIC: [8] Undefined index: icon D:\wamp\www\wscloud\backoffice\Application\Office\Common\function.php 第 230 行.
NOTIC: [2] in_array() expects parameter 2 to be array, integer given D:\wamp\www\wscloud\backoffice\Application\Office\Common\function.php 第 213 行.
NOTIC: [8] Undefined index: openNew D:\wamp\www\wscloud\backoffice\Application\Office\Common\function.php 第 226 行.
NOTIC: [8] Undefined index: icon D:\wamp\www\wscloud\backoffice\Application\Office\Common\function.php 第 230 行.
NOTIC: [8] Undefined index: openNew D:\wamp\www\wscloud\backoffice\Application\Office\Common\function.php 第 226 行.
NOTIC: [8] Undefined index: icon D:\wamp\www\wscloud\backoffice\Application\Office\Common\function.php 第 230 行.
NOTIC: [2] in_array() expects parameter 2 to be array, integer given D:\wamp\www\wscloud\backoffice\Application\Office\Common\function.php 第 213 行.
NOTIC: [8] Undefined index: openNew D:\wamp\www\wscloud\backoffice\Application\Office\Common\function.php 第 226 行.
NOTIC: [8] Undefined index: icon D:\wamp\www\wscloud\backoffice\Application\Office\Common\function.php 第 230 行.
NOTIC: [8] Undefined index: openNew D:\wamp\www\wscloud\backoffice\Application\Office\Common\function.php 第 226 行.
NOTIC: [8] Undefined index: icon D:\wamp\www\wscloud\backoffice\Application\Office\Common\function.php 第 230 行.
NOTIC: [2] in_array() expects parameter 2 to be array, integer given D:\wamp\www\wscloud\backoffice\Application\Office\Common\function.php 第 213 行.
NOTIC: [8] Undefined index: openNew D:\wamp\www\wscloud\backoffice\Application\Office\Common\function.php 第 226 行.
NOTIC: [8] Undefined index: icon D:\wamp\www\wscloud\backoffice\Application\Office\Common\function.php 第 230 行.
NOTIC: [8] Undefined index: openNew D:\wamp\www\wscloud\backoffice\Application\Office\Common\function.php 第 226 行.
NOTIC: [8] Undefined index: icon D:\wamp\www\wscloud\backoffice\Application\Office\Common\function.php 第 230 行.
NOTIC: [8] Undefined index: openNew D:\wamp\www\wscloud\backoffice\Application\Office\Common\function.php 第 226 行.
NOTIC: [8] Undefined index: icon D:\wamp\www\wscloud\backoffice\Application\Office\Common\function.php 第 230 行.
NOTIC: [2] in_array() expects parameter 2 to be array, integer given D:\wamp\www\wscloud\backoffice\Application\Office\Common\function.php 第 213 行.
NOTIC: [8] Undefined index: openNew D:\wamp\www\wscloud\backoffice\Application\Office\Common\function.php 第 226 行.
NOTIC: [8] Undefined index: icon D:\wamp\www\wscloud\backoffice\Application\Office\Common\function.php 第 230 行.
NOTIC: [8] Undefined index: openNew D:\wamp\www\wscloud\backoffice\Application\Office\Common\function.php 第 226 行.
NOTIC: [8] Undefined index: icon D:\wamp\www\wscloud\backoffice\Application\Office\Common\function.php 第 230 行.
NOTIC: [2] in_array() expects parameter 2 to be array, integer given D:\wamp\www\wscloud\backoffice\Application\Office\Common\function.php 第 213 行.
NOTIC: [8] Undefined index: openNew D:\wamp\www\wscloud\backoffice\Application\Office\Common\function.php 第 226 行.
NOTIC: [8] Undefined index: icon D:\wamp\www\wscloud\backoffice\Application\Office\Common\function.php 第 230 行.
NOTIC: [8] Undefined index: icon D:\wamp\www\wscloud\backoffice\Application\Office\Common\function.php 第 227 行.
NOTIC: [8] Undefined property: stdClass::$id D:\wamp\www\wscloud\backoffice\Application\Lib\BaseManagementController.class.php 第 101 行.
INFO: [ view_parse ] --START--
INFO: [ template_filter ] --START--
INFO: Run Behavior\ContentReplaceBehavior [ RunTime:0.000109s ]
INFO: [ template_filter ] --END-- [ RunTime:0.000229s ]
INFO: Run Behavior\ParseTemplateBehavior [ RunTime:0.016437s ]
INFO: [ view_parse ] --END-- [ RunTime:0.016569s ]
INFO: [ view_filter ] --START--
INFO: Run Behavior\WriteHtmlCacheBehavior [ RunTime:0.000813s ]
INFO: [ view_filter ] --END-- [ RunTime:0.000985s ]
INFO: [ app_end ] --START--
INFO: Run Behavior\ShowPageTraceBehavior [ RunTime:0.001049s ]
INFO: [ app_end ] --END-- [ RunTime:0.001259s ]

[ 2018-06-26T09:08:04+08:00 ] ::1 /Driver/ajaxLists?page=1&limit=10&name=null&account=null&status=null&phone=null
INFO: [ app_init ] --START--
INFO: Run Behavior\BuildLiteBehavior [ RunTime:0.000042s ]
INFO: [ app_init ] --END-- [ RunTime:0.000748s ]
INFO: [ app_begin ] --START--
INFO: Run Behavior\ReadHtmlCacheBehavior [ RunTime:0.000597s ]
INFO: [ app_begin ] --END-- [ RunTime:0.000712s ]
NOTIC: [8] Undefined index: draw D:\wamp\www\wscloud\backoffice\Application\Lib\ListManagementController.class.php 第 103 行.

[ 2018-06-26T09:08:10+08:00 ] ::1 /Logout
INFO: [ app_init ] --START--
INFO: Run Behavior\BuildLiteBehavior [ RunTime:0.000034s ]
INFO: [ app_init ] --END-- [ RunTime:0.000655s ]
INFO: [ app_begin ] --START--
INFO: Run Behavior\ReadHtmlCacheBehavior [ RunTime:0.000815s ]
INFO: [ app_begin ] --END-- [ RunTime:0.001057s ]
NOTIC: [8] Undefined index: session_key D:\wamp\www\wscloud\backoffice\Application\Lib\Context.class.php 第 39 行.
NOTIC: [8] Trying to get property of non-object D:\wamp\www\wscloud\backoffice\Application\Office\Model\ApiModel.class.php 第 109 行.
NOTIC: [8] Trying to get property of non-object D:\wamp\www\wscloud\backoffice\Application\Office\Model\ApiModel.class.php 第 151 行.
NOTIC: [8] Undefined index: session_key D:\wamp\www\wscloud\backoffice\Application\Lib\Context.class.php 第 84 行.

[ 2018-06-26T09:08:11+08:00 ] ::1 /Office/ManagementLogin
INFO: [ app_init ] --START--
INFO: Run Behavior\BuildLiteBehavior [ RunTime:0.000021s ]
INFO: [ app_init ] --END-- [ RunTime:0.000398s ]
INFO: [ app_begin ] --START--
INFO: Run Behavior\ReadHtmlCacheBehavior [ RunTime:0.000502s ]
INFO: [ app_begin ] --END-- [ RunTime:0.000601s ]
NOTIC: [8] Undefined index: login D:\wamp\www\wscloud\backoffice\Application\Lib\BaseManagementController.class.php 第 124 行.
NOTIC: [8] Trying to get property of non-object D:\wamp\www\wscloud\backoffice\Application\Lib\BaseManagementController.class.php 第 124 行.
NOTIC: [8] Undefined index: login D:\wamp\www\wscloud\backoffice\Application\Lib\BaseManagementController.class.php 第 125 行.
NOTIC: [8] Trying to get property of non-object D:\wamp\www\wscloud\backoffice\Application\Lib\BaseManagementController.class.php 第 125 行.
NOTIC: [8] Trying to get property of non-object D:\wamp\www\wscloud\backoffice\Application\Lib\BaseManagementController.class.php 第 87 行.
NOTIC: [8] Trying to get property of non-object D:\wamp\www\wscloud\backoffice\Application\Lib\BaseManagementController.class.php 第 90 行.
NOTIC: [8] Undefined offset: -1 D:\wamp\www\wscloud\backoffice\Application\Office\Common\function.php 第 263 行.
NOTIC: [8] Trying to get property of non-object D:\wamp\www\wscloud\backoffice\Application\Lib\BaseManagementController.class.php 第 100 行.
NOTIC: [8] Trying to get property of non-object D:\wamp\www\wscloud\backoffice\Application\Lib\BaseManagementController.class.php 第 101 行.
NOTIC: [8] Trying to get property of non-object D:\wamp\www\wscloud\backoffice\Application\Lib\BaseManagementController.class.php 第 108 行.
NOTIC: [8] Trying to get property of non-object D:\wamp\www\wscloud\backoffice\Application\Lib\BaseManagementController.class.php 第 111 行.
NOTIC: [8] Trying to get property of non-object D:\wamp\www\wscloud\backoffice\Application\Office\Model\ApiModel.class.php 第 109 行.
NOTIC: [8] Trying to get property of non-object D:\wamp\www\wscloud\backoffice\Application\Office\Model\ApiModel.class.php 第 151 行.
NOTIC: [2] Illegal string offset 'value' D:\wamp\www\wscloud\backoffice\Application\Lib\BaseManagementController.class.php 第 112 行.
NOTIC: [8] Uninitialized string offset: 0 D:\wamp\www\wscloud\backoffice\Application\Lib\BaseManagementController.class.php 第 112 行.
NOTIC: [8] Trying to get property of non-object D:\wamp\www\wscloud\backoffice\Application\Office\Model\ApiModel.class.php 第 109 行.
NOTIC: [8] Trying to get property of non-object D:\wamp\www\wscloud\backoffice\Application\Office\Model\ApiModel.class.php 第 151 行.
INFO: [ view_parse ] --START--
INFO: [ template_filter ] --START--
INFO: Run Behavior\ContentReplaceBehavior [ RunTime:0.000084s ]
INFO: [ template_filter ] --END-- [ RunTime:0.000184s ]
INFO: Run Behavior\ParseTemplateBehavior [ RunTime:0.009038s ]
INFO: [ view_parse ] --END-- [ RunTime:0.009180s ]
INFO: [ view_filter ] --START--
INFO: Run Behavior\WriteHtmlCacheBehavior [ RunTime:0.000462s ]
INFO: [ view_filter ] --END-- [ RunTime:0.000572s ]
INFO: [ app_end ] --START--
INFO: Run Behavior\ShowPageTraceBehavior [ RunTime:0.000878s ]
INFO: [ app_end ] --END-- [ RunTime:0.000983s ]

[ 2018-06-26T09:08:32+08:00 ] ::1 /favicon.ico
INFO: [ app_init ] --START--
INFO: Run Behavior\BuildLiteBehavior [ RunTime:0.000028s ]
INFO: [ app_init ] --END-- [ RunTime:0.000609s ]

[ 2018-06-26T09:08:37+08:00 ] ::1 /Device/lists
INFO: [ app_init ] --START--
INFO: Run Behavior\BuildLiteBehavior [ RunTime:0.000020s ]
INFO: [ app_init ] --END-- [ RunTime:0.000410s ]
INFO: [ app_begin ] --START--
INFO: Run Behavior\ReadHtmlCacheBehavior [ RunTime:0.000643s ]
INFO: [ app_begin ] --END-- [ RunTime:0.000808s ]
NOTIC: [8] Undefined property: stdClass::$company_id D:\wamp\www\wscloud\backoffice\Application\Office\Controller\DeviceController.class.php 第 73 行.
NOTIC: [8] Undefined index: login D:\wamp\www\wscloud\backoffice\Application\Lib\BaseManagementController.class.php 第 124 行.
NOTIC: [8] Trying to get property of non-object D:\wamp\www\wscloud\backoffice\Application\Lib\BaseManagementController.class.php 第 124 行.
NOTIC: [8] Undefined index: login D:\wamp\www\wscloud\backoffice\Application\Lib\BaseManagementController.class.php 第 125 行.
NOTIC: [8] Trying to get property of non-object D:\wamp\www\wscloud\backoffice\Application\Lib\BaseManagementController.class.php 第 125 行.
NOTIC: [2] in_array() expects parameter 2 to be array, integer given D:\wamp\www\wscloud\backoffice\Application\Office\Common\function.php 第 213 行.
NOTIC: [8] Undefined index: openNew D:\wamp\www\wscloud\backoffice\Application\Office\Common\function.php 第 226 行.
NOTIC: [8] Undefined index: icon D:\wamp\www\wscloud\backoffice\Application\Office\Common\function.php 第 230 行.
NOTIC: [8] Undefined index: openNew D:\wamp\www\wscloud\backoffice\Application\Office\Common\function.php 第 226 行.
NOTIC: [8] Undefined index: icon D:\wamp\www\wscloud\backoffice\Application\Office\Common\function.php 第 230 行.
NOTIC: [2] in_array() expects parameter 2 to be array, integer given D:\wamp\www\wscloud\backoffice\Application\Office\Common\function.php 第 213 行.
NOTIC: [8] Undefined index: openNew D:\wamp\www\wscloud\backoffice\Application\Office\Common\function.php 第 226 行.
NOTIC: [8] Undefined index: icon D:\wamp\www\wscloud\backoffice\Application\Office\Common\function.php 第 230 行.
NOTIC: [8] Undefined index: openNew D:\wamp\www\wscloud\backoffice\Application\Office\Common\function.php 第 226 行.
NOTIC: [8] Undefined index: icon D:\wamp\www\wscloud\backoffice\Application\Office\Common\function.php 第 230 行.
NOTIC: [2] in_array() expects parameter 2 to be array, integer given D:\wamp\www\wscloud\backoffice\Application\Office\Common\function.php 第 213 行.
NOTIC: [8] Undefined index: openNew D:\wamp\www\wscloud\backoffice\Application\Office\Common\function.php 第 226 行.
NOTIC: [8] Undefined index: icon D:\wamp\www\wscloud\backoffice\Application\Office\Common\function.php 第 230 行.
NOTIC: [8] Undefined index: openNew D:\wamp\www\wscloud\backoffice\Application\Office\Common\function.php 第 226 行.
NOTIC: [8] Undefined index: icon D:\wamp\www\wscloud\backoffice\Application\Office\Common\function.php 第 230 行.
NOTIC: [2] in_array() expects parameter 2 to be array, integer given D:\wamp\www\wscloud\backoffice\Application\Office\Common\function.php 第 213 行.
NOTIC: [8] Undefined index: openNew D:\wamp\www\wscloud\backoffice\Application\Office\Common\function.php 第 226 行.
NOTIC: [8] Undefined index: icon D:\wamp\www\wscloud\backoffice\Application\Office\Common\function.php 第 230 行.
NOTIC: [8] Undefined index: openNew D:\wamp\www\wscloud\backoffice\Application\Office\Common\function.php 第 226 行.
NOTIC: [8] Undefined index: icon D:\wamp\www\wscloud\backoffice\Application\Office\Common\function.php 第 230 行.
NOTIC: [8] Undefined index: openNew D:\wamp\www\wscloud\backoffice\Application\Office\Common\function.php 第 226 行.
NOTIC: [8] Undefined index: icon D:\wamp\www\wscloud\backoffice\Application\Office\Common\function.php 第 230 行.
NOTIC: [2] in_array() expects parameter 2 to be array, integer given D:\wamp\www\wscloud\backoffice\Application\Office\Common\function.php 第 213 行.
NOTIC: [8] Undefined index: openNew D:\wamp\www\wscloud\backoffice\Application\Office\Common\function.php 第 226 行.
NOTIC: [8] Undefined index: icon D:\wamp\www\wscloud\backoffice\Application\Office\Common\function.php 第 230 行.
NOTIC: [8] Undefined index: openNew D:\wamp\www\wscloud\backoffice\Application\Office\Common\function.php 第 226 行.
NOTIC: [8] Undefined index: icon D:\wamp\www\wscloud\backoffice\Application\Office\Common\function.php 第 230 行.
NOTIC: [2] in_array() expects parameter 2 to be array, integer given D:\wamp\www\wscloud\backoffice\Application\Office\Common\function.php 第 213 行.
NOTIC: [8] Undefined index: openNew D:\wamp\www\wscloud\backoffice\Application\Office\Common\function.php 第 226 行.
NOTIC: [8] Undefined index: icon D:\wamp\www\wscloud\backoffice\Application\Office\Common\function.php 第 230 行.
NOTIC: [8] Undefined index: icon D:\wamp\www\wscloud\backoffice\Application\Office\Common\function.php 第 227 行.
NOTIC: [8] Undefined property: stdClass::$id D:\wamp\www\wscloud\backoffice\Application\Lib\BaseManagementController.class.php 第 101 行.
NOTIC: [8] Undefined property: stdClass::$company_id D:\wamp\www\wscloud\backoffice\Application\Lib\BaseManagementController.class.php 第 111 行.
NOTIC: [2] Illegal string offset 'value' D:\wamp\www\wscloud\backoffice\Application\Lib\BaseManagementController.class.php 第 112 行.
NOTIC: [8] Uninitialized string offset: 0 D:\wamp\www\wscloud\backoffice\Application\Lib\BaseManagementController.class.php 第 112 行.
INFO: [ view_parse ] --START--
INFO: [ template_filter ] --START--
INFO: Run Behavior\ContentReplaceBehavior [ RunTime:0.000064s ]
INFO: [ template_filter ] --END-- [ RunTime:0.000154s ]
NOTIC: [8] Undefined variable: where_phone D:\wamp\www\wscloud\backoffice\Application\Runtime\Cache\Office\41cc02da897a6bb9f2d013dd07f00aa2.php 第 96 行.
INFO: Run Behavior\ParseTemplateBehavior [ RunTime:0.030755s ]
INFO: [ view_parse ] --END-- [ RunTime:0.030848s ]
INFO: [ view_filter ] --START--
INFO: Run Behavior\WriteHtmlCacheBehavior [ RunTime:0.000518s ]
INFO: [ view_filter ] --END-- [ RunTime:0.000601s ]
INFO: [ app_end ] --START--
INFO: Run Behavior\ShowPageTraceBehavior [ RunTime:0.000680s ]
INFO: [ app_end ] --END-- [ RunTime:0.000797s ]

[ 2018-06-26T09:08:37+08:00 ] ::1 /Device/search?page=1&limit=10&name=null&serialNo=null&companyId=
INFO: [ app_init ] --START--
INFO: Run Behavior\BuildLiteBehavior [ RunTime:0.000037s ]
INFO: [ app_init ] --END-- [ RunTime:0.000958s ]
INFO: [ app_begin ] --START--
INFO: Run Behavior\ReadHtmlCacheBehavior [ RunTime:0.000657s ]
INFO: [ app_begin ] --END-- [ RunTime:0.000769s ]
NOTIC: [8] Trying to get property of non-object D:\wamp\www\wscloud\backoffice\Application\Lib\BaseManagementController.class.php 第 50 行.
NOTIC: [8] Array to string conversion D:\wamp\www\wscloud\backoffice\Application\Lib\BaseManagementController.class.php 第 53 行.

[ 2018-06-26T15:44:04+08:00 ] ::1 /Public/Js/admin/company/companyLists.js?version=0.01
INFO: [ app_init ] --START--
INFO: Run Behavior\BuildLiteBehavior [ RunTime:0.000033s ]
INFO: [ app_init ] --END-- [ RunTime:0.000600s ]
INFO: [ app_begin ] --START--
INFO: Run Behavior\ReadHtmlCacheBehavior [ RunTime:0.000585s ]
INFO: [ app_begin ] --END-- [ RunTime:0.000695s ]
ERR: 无法加载控制器:Public

