[ 2018-10-08T18:24:28+08:00 ] ::1 /
INFO: [ app_init ] --START--
INFO: Run Behavior\BuildLiteBehavior [ RunTime:0.000086s ]
INFO: [ app_init ] --END-- [ RunTime:0.008592s ]
INFO: [ app_begin ] --START--
INFO: Run Behavior\ReadHtmlCacheBehavior [ RunTime:0.010475s ]
INFO: [ app_begin ] --END-- [ RunTime:0.010909s ]
NOTIC: [8] Trying to get property of non-object D:\wamp\www\wscloud\backoffice\Application\Lib\BaseManagementController.class.php 第 50 行.

[ 2018-10-08T18:24:30+08:00 ] ::1 /Office/ManagementLogin
INFO: [ app_init ] --START--
INFO: Run Behavior\BuildLiteBehavior [ RunTime:0.000076s ]
INFO: [ app_init ] --END-- [ RunTime:0.001511s ]
INFO: [ app_begin ] --START--
INFO: Run Behavior\ReadHtmlCacheBehavior [ RunTime:0.000994s ]
INFO: [ app_begin ] --END-- [ RunTime:0.001207s ]
NOTIC: [8] Undefined index: login D:\wamp\www\wscloud\backoffice\Application\Lib\BaseManagementController.class.php 第 124 行.
NOTIC: [8] Trying to get property of non-object D:\wamp\www\wscloud\backoffice\Application\Lib\BaseManagementController.class.php 第 124 行.
NOTIC: [8] Undefined index: login D:\wamp\www\wscloud\backoffice\Application\Lib\BaseManagementController.class.php 第 125 行.
NOTIC: [8] Trying to get property of non-object D:\wamp\www\wscloud\backoffice\Application\Lib\BaseManagementController.class.php 第 125 行.
NOTIC: [8] Trying to get property of non-object D:\wamp\www\wscloud\backoffice\Application\Lib\BaseManagementController.class.php 第 87 行.
NOTIC: [8] Trying to get property of non-object D:\wamp\www\wscloud\backoffice\Application\Lib\BaseManagementController.class.php 第 90 行.
NOTIC: [8] Undefined offset: -1 D:\wamp\www\wscloud\backoffice\Application\Office\Common\function.php 第 263 行.
NOTIC: [8] Trying to get property of non-object D:\wamp\www\wscloud\backoffice\Application\Lib\BaseManagementController.class.php 第 100 行.
NOTIC: [8] Trying to get property of non-object D:\wamp\www\wscloud\backoffice\Application\Lib\BaseManagementController.class.php 第 101 行.
NOTIC: [8] Trying to get property of non-object D:\wamp\www\wscloud\backoffice\Application\Lib\BaseManagementController.class.php 第 108 行.
NOTIC: [8] Trying to get property of non-object D:\wamp\www\wscloud\backoffice\Application\Lib\BaseManagementController.class.php 第 111 行.
NOTIC: [8] Trying to get property of non-object D:\wamp\www\wscloud\backoffice\Application\Office\Model\ApiModel.class.php 第 109 行.
NOTIC: [8] Trying to get property of non-object D:\wamp\www\wscloud\backoffice\Application\Office\Model\ApiModel.class.php 第 151 行.
NOTIC: [2] Illegal string offset 'value' D:\wamp\www\wscloud\backoffice\Application\Lib\BaseManagementController.class.php 第 112 行.
NOTIC: [8] Uninitialized string offset: 0 D:\wamp\www\wscloud\backoffice\Application\Lib\BaseManagementController.class.php 第 112 行.
NOTIC: [8] Trying to get property of non-object D:\wamp\www\wscloud\backoffice\Application\Office\Model\ApiModel.class.php 第 109 行.
NOTIC: [8] Trying to get property of non-object D:\wamp\www\wscloud\backoffice\Application\Office\Model\ApiModel.class.php 第 151 行.
INFO: [ view_parse ] --START--
INFO: [ template_filter ] --START--
INFO: Run Behavior\ContentReplaceBehavior [ RunTime:0.000327s ]
INFO: [ template_filter ] --END-- [ RunTime:0.000822s ]
INFO: Run Behavior\ParseTemplateBehavior [ RunTime:0.073812s ]
INFO: [ view_parse ] --END-- [ RunTime:0.074224s ]
INFO: [ view_filter ] --START--
INFO: Run Behavior\WriteHtmlCacheBehavior [ RunTime:0.009348s ]
INFO: [ view_filter ] --END-- [ RunTime:0.010137s ]
INFO: [ app_end ] --START--
INFO: Run Behavior\ShowPageTraceBehavior [ RunTime:0.015639s ]
INFO: [ app_end ] --END-- [ RunTime:0.016188s ]

[ 2018-10-08T18:29:27+08:00 ] ::1 /
INFO: [ app_init ] --START--
INFO: Run Behavior\BuildLiteBehavior [ RunTime:0.000020s ]
INFO: [ app_init ] --END-- [ RunTime:0.000393s ]
INFO: [ app_begin ] --START--
INFO: Run Behavior\ReadHtmlCacheBehavior [ RunTime:0.000548s ]
INFO: [ app_begin ] --END-- [ RunTime:0.000648s ]
NOTIC: [8] Trying to get property of non-object D:\wamp\www\wscloud\backoffice\Application\Lib\BaseManagementController.class.php 第 50 行.

[ 2018-10-08T18:29:28+08:00 ] ::1 /Office/ManagementLogin
INFO: [ app_init ] --START--
INFO: Run Behavior\BuildLiteBehavior [ RunTime:0.000022s ]
INFO: [ app_init ] --END-- [ RunTime:0.000387s ]
INFO: [ app_begin ] --START--
INFO: Run Behavior\ReadHtmlCacheBehavior [ RunTime:0.000479s ]
INFO: [ app_begin ] --END-- [ RunTime:0.000580s ]
NOTIC: [8] Undefined index: login D:\wamp\www\wscloud\backoffice\Application\Lib\BaseManagementController.class.php 第 124 行.
NOTIC: [8] Trying to get property of non-object D:\wamp\www\wscloud\backoffice\Application\Lib\BaseManagementController.class.php 第 124 行.
NOTIC: [8] Undefined index: login D:\wamp\www\wscloud\backoffice\Application\Lib\BaseManagementController.class.php 第 125 行.
NOTIC: [8] Trying to get property of non-object D:\wamp\www\wscloud\backoffice\Application\Lib\BaseManagementController.class.php 第 125 行.
NOTIC: [8] Trying to get property of non-object D:\wamp\www\wscloud\backoffice\Application\Lib\BaseManagementController.class.php 第 87 行.
NOTIC: [8] Trying to get property of non-object D:\wamp\www\wscloud\backoffice\Application\Lib\BaseManagementController.class.php 第 90 行.
NOTIC: [8] Undefined offset: -1 D:\wamp\www\wscloud\backoffice\Application\Office\Common\function.php 第 263 行.
NOTIC: [8] Trying to get property of non-object D:\wamp\www\wscloud\backoffice\Application\Lib\BaseManagementController.class.php 第 100 行.
NOTIC: [8] Trying to get property of non-object D:\wamp\www\wscloud\backoffice\Application\Lib\BaseManagementController.class.php 第 101 行.
NOTIC: [8] Trying to get property of non-object D:\wamp\www\wscloud\backoffice\Application\Lib\BaseManagementController.class.php 第 108 行.
NOTIC: [8] Trying to get property of non-object D:\wamp\www\wscloud\backoffice\Application\Lib\BaseManagementController.class.php 第 111 行.
NOTIC: [8] Trying to get property of non-object D:\wamp\www\wscloud\backoffice\Application\Office\Model\ApiModel.class.php 第 109 行.
NOTIC: [8] Trying to get property of non-object D:\wamp\www\wscloud\backoffice\Application\Office\Model\ApiModel.class.php 第 151 行.
NOTIC: [2] Illegal string offset 'value' D:\wamp\www\wscloud\backoffice\Application\Lib\BaseManagementController.class.php 第 112 行.
NOTIC: [8] Uninitialized string offset: 0 D:\wamp\www\wscloud\backoffice\Application\Lib\BaseManagementController.class.php 第 112 行.
NOTIC: [8] Trying to get property of non-object D:\wamp\www\wscloud\backoffice\Application\Office\Model\ApiModel.class.php 第 109 行.
NOTIC: [8] Trying to get property of non-object D:\wamp\www\wscloud\backoffice\Application\Office\Model\ApiModel.class.php 第 151 行.
INFO: [ view_parse ] --START--
INFO: [ template_filter ] --START--
INFO: Run Behavior\ContentReplaceBehavior [ RunTime:0.000072s ]
INFO: [ template_filter ] --END-- [ RunTime:0.000169s ]
INFO: Run Behavior\ParseTemplateBehavior [ RunTime:0.007412s ]
INFO: [ view_parse ] --END-- [ RunTime:0.007512s ]
INFO: [ view_filter ] --START--
INFO: Run Behavior\WriteHtmlCacheBehavior [ RunTime:0.000543s ]
INFO: [ view_filter ] --END-- [ RunTime:0.000626s ]
INFO: [ app_end ] --START--
INFO: Run Behavior\ShowPageTraceBehavior [ RunTime:0.000655s ]
INFO: [ app_end ] --END-- [ RunTime:0.000764s ]

