[ 2018-10-25T16:26:08+08:00 ] ::1 /
INFO: [ app_init ] --START--
INFO: Run Behavior\BuildLiteBehavior [ RunTime:0.000029s ]
INFO: [ app_init ] --END-- [ RunTime:0.008209s ]
INFO: [ app_begin ] --START--
INFO: Run Behavior\ReadHtmlCacheBehavior [ RunTime:0.011913s ]
INFO: [ app_begin ] --END-- [ RunTime:0.012053s ]
NOTIC: [8] Trying to get property of non-object D:\wamp\www\wscloud\backoffice\Application\Lib\BaseManagementController.class.php 第 50 行.

[ 2018-10-25T16:26:09+08:00 ] ::1 /Office/ManagementLogin
INFO: [ app_init ] --START--
INFO: Run Behavior\BuildLiteBehavior [ RunTime:0.000028s ]
INFO: [ app_init ] --END-- [ RunTime:0.000584s ]
INFO: [ app_begin ] --START--
INFO: Run Behavior\ReadHtmlCacheBehavior [ RunTime:0.001578s ]
INFO: [ app_begin ] --END-- [ RunTime:0.001721s ]
NOTIC: [8] Undefined index: login D:\wamp\www\wscloud\backoffice\Application\Lib\BaseManagementController.class.php 第 124 行.
NOTIC: [8] Trying to get property of non-object D:\wamp\www\wscloud\backoffice\Application\Lib\BaseManagementController.class.php 第 124 行.
NOTIC: [8] Undefined index: login D:\wamp\www\wscloud\backoffice\Application\Lib\BaseManagementController.class.php 第 125 行.
NOTIC: [8] Trying to get property of non-object D:\wamp\www\wscloud\backoffice\Application\Lib\BaseManagementController.class.php 第 125 行.
NOTIC: [8] Trying to get property of non-object D:\wamp\www\wscloud\backoffice\Application\Lib\BaseManagementController.class.php 第 87 行.
NOTIC: [8] Trying to get property of non-object D:\wamp\www\wscloud\backoffice\Application\Lib\BaseManagementController.class.php 第 90 行.
NOTIC: [8] Undefined offset: -1 D:\wamp\www\wscloud\backoffice\Application\Office\Common\function.php 第 263 行.
NOTIC: [8] Trying to get property of non-object D:\wamp\www\wscloud\backoffice\Application\Lib\BaseManagementController.class.php 第 100 行.
NOTIC: [8] Trying to get property of non-object D:\wamp\www\wscloud\backoffice\Application\Lib\BaseManagementController.class.php 第 101 行.
NOTIC: [8] Trying to get property of non-object D:\wamp\www\wscloud\backoffice\Application\Lib\BaseManagementController.class.php 第 108 行.
NOTIC: [8] Trying to get property of non-object D:\wamp\www\wscloud\backoffice\Application\Lib\BaseManagementController.class.php 第 111 行.
NOTIC: [8] Trying to get property of non-object D:\wamp\www\wscloud\backoffice\Application\Office\Model\ApiModel.class.php 第 109 行.
NOTIC: [8] Trying to get property of non-object D:\wamp\www\wscloud\backoffice\Application\Office\Model\ApiModel.class.php 第 151 行.
NOTIC: [2] Illegal string offset 'value' D:\wamp\www\wscloud\backoffice\Application\Lib\BaseManagementController.class.php 第 112 行.
NOTIC: [8] Uninitialized string offset: 0 D:\wamp\www\wscloud\backoffice\Application\Lib\BaseManagementController.class.php 第 112 行.
NOTIC: [8] Trying to get property of non-object D:\wamp\www\wscloud\backoffice\Application\Office\Model\ApiModel.class.php 第 109 行.
NOTIC: [8] Trying to get property of non-object D:\wamp\www\wscloud\backoffice\Application\Office\Model\ApiModel.class.php 第 151 行.
INFO: [ view_parse ] --START--
INFO: [ template_filter ] --START--
INFO: Run Behavior\ContentReplaceBehavior [ RunTime:0.000075s ]
INFO: [ template_filter ] --END-- [ RunTime:0.000179s ]
INFO: Run Behavior\ParseTemplateBehavior [ RunTime:0.053232s ]
INFO: [ view_parse ] --END-- [ RunTime:0.053344s ]
INFO: [ view_filter ] --START--
INFO: Run Behavior\WriteHtmlCacheBehavior [ RunTime:0.014822s ]
INFO: [ view_filter ] --END-- [ RunTime:0.014915s ]
INFO: [ app_end ] --START--
INFO: Run Behavior\ShowPageTraceBehavior [ RunTime:0.001067s ]
INFO: [ app_end ] --END-- [ RunTime:0.001196s ]

[ 2018-10-25T16:26:29+08:00 ] ::1 /Office/ManagementLogin/loginCheck
INFO: [ app_init ] --START--
INFO: Run Behavior\BuildLiteBehavior [ RunTime:0.000030s ]
INFO: [ app_init ] --END-- [ RunTime:0.000560s ]
INFO: [ app_begin ] --START--
INFO: Run Behavior\ReadHtmlCacheBehavior [ RunTime:0.000724s ]
INFO: [ app_begin ] --END-- [ RunTime:0.000808s ]
NOTIC: [8] Trying to get property of non-object D:\wamp\www\wscloud\backoffice\Application\Office\Model\ApiModel.class.php 第 109 行.

[ 2018-10-25T16:26:44+08:00 ] ::1 /Office/ManagementLogin/loginCheck
INFO: [ app_init ] --START--
INFO: Run Behavior\BuildLiteBehavior [ RunTime:0.000051s ]
INFO: [ app_init ] --END-- [ RunTime:0.001185s ]
INFO: [ app_begin ] --START--
INFO: Run Behavior\ReadHtmlCacheBehavior [ RunTime:0.000889s ]
INFO: [ app_begin ] --END-- [ RunTime:0.000995s ]
NOTIC: [8] Trying to get property of non-object D:\wamp\www\wscloud\backoffice\Application\Office\Model\ApiModel.class.php 第 109 行.

[ 2018-10-25T16:26:45+08:00 ] ::1 /Office/Index/index
INFO: [ app_init ] --START--
INFO: Run Behavior\BuildLiteBehavior [ RunTime:0.000021s ]
INFO: [ app_init ] --END-- [ RunTime:0.000479s ]
INFO: [ app_begin ] --START--
INFO: Run Behavior\ReadHtmlCacheBehavior [ RunTime:0.000690s ]
INFO: [ app_begin ] --END-- [ RunTime:0.000810s ]
NOTIC: [8] Undefined index: login D:\wamp\www\wscloud\backoffice\Application\Lib\BaseManagementController.class.php 第 124 行.
NOTIC: [8] Trying to get property of non-object D:\wamp\www\wscloud\backoffice\Application\Lib\BaseManagementController.class.php 第 124 行.
NOTIC: [8] Undefined index: login D:\wamp\www\wscloud\backoffice\Application\Lib\BaseManagementController.class.php 第 125 行.
NOTIC: [8] Trying to get property of non-object D:\wamp\www\wscloud\backoffice\Application\Lib\BaseManagementController.class.php 第 125 行.
NOTIC: [8] Undefined offset: -1 D:\wamp\www\wscloud\backoffice\Application\Office\Common\function.php 第 263 行.
NOTIC: [8] Undefined offset: 0 D:\wamp\www\wscloud\backoffice\Application\Office\Common\function.php 第 213 行.
NOTIC: [2] in_array() expects parameter 2 to be array, null given D:\wamp\www\wscloud\backoffice\Application\Office\Common\function.php 第 213 行.
NOTIC: [8] Undefined index: openNew D:\wamp\www\wscloud\backoffice\Application\Office\Common\function.php 第 226 行.
NOTIC: [8] Undefined index: icon D:\wamp\www\wscloud\backoffice\Application\Office\Common\function.php 第 230 行.
NOTIC: [8] Undefined index: openNew D:\wamp\www\wscloud\backoffice\Application\Office\Common\function.php 第 226 行.
NOTIC: [8] Undefined index: icon D:\wamp\www\wscloud\backoffice\Application\Office\Common\function.php 第 230 行.
NOTIC: [8] Undefined offset: 0 D:\wamp\www\wscloud\backoffice\Application\Office\Common\function.php 第 213 行.
NOTIC: [2] in_array() expects parameter 2 to be array, null given D:\wamp\www\wscloud\backoffice\Application\Office\Common\function.php 第 213 行.
NOTIC: [8] Undefined index: openNew D:\wamp\www\wscloud\backoffice\Application\Office\Common\function.php 第 226 行.
NOTIC: [8] Undefined index: icon D:\wamp\www\wscloud\backoffice\Application\Office\Common\function.php 第 230 行.
NOTIC: [8] Undefined index: openNew D:\wamp\www\wscloud\backoffice\Application\Office\Common\function.php 第 226 行.
NOTIC: [8] Undefined index: icon D:\wamp\www\wscloud\backoffice\Application\Office\Common\function.php 第 230 行.
NOTIC: [8] Undefined offset: 0 D:\wamp\www\wscloud\backoffice\Application\Office\Common\function.php 第 213 行.
NOTIC: [2] in_array() expects parameter 2 to be array, null given D:\wamp\www\wscloud\backoffice\Application\Office\Common\function.php 第 213 行.
NOTIC: [8] Undefined index: openNew D:\wamp\www\wscloud\backoffice\Application\Office\Common\function.php 第 226 行.
NOTIC: [8] Undefined index: icon D:\wamp\www\wscloud\backoffice\Application\Office\Common\function.php 第 230 行.
NOTIC: [8] Undefined index: openNew D:\wamp\www\wscloud\backoffice\Application\Office\Common\function.php 第 226 行.
NOTIC: [8] Undefined index: icon D:\wamp\www\wscloud\backoffice\Application\Office\Common\function.php 第 230 行.
NOTIC: [8] Undefined offset: 0 D:\wamp\www\wscloud\backoffice\Application\Office\Common\function.php 第 213 行.
NOTIC: [2] in_array() expects parameter 2 to be array, null given D:\wamp\www\wscloud\backoffice\Application\Office\Common\function.php 第 213 行.
NOTIC: [8] Undefined index: openNew D:\wamp\www\wscloud\backoffice\Application\Office\Common\function.php 第 226 行.
NOTIC: [8] Undefined index: icon D:\wamp\www\wscloud\backoffice\Application\Office\Common\function.php 第 230 行.
NOTIC: [8] Undefined index: openNew D:\wamp\www\wscloud\backoffice\Application\Office\Common\function.php 第 226 行.
NOTIC: [8] Undefined index: icon D:\wamp\www\wscloud\backoffice\Application\Office\Common\function.php 第 230 行.
NOTIC: [8] Undefined index: openNew D:\wamp\www\wscloud\backoffice\Application\Office\Common\function.php 第 226 行.
NOTIC: [8] Undefined index: icon D:\wamp\www\wscloud\backoffice\Application\Office\Common\function.php 第 230 行.
NOTIC: [8] Undefined offset: 0 D:\wamp\www\wscloud\backoffice\Application\Office\Common\function.php 第 213 行.
NOTIC: [2] in_array() expects parameter 2 to be array, null given D:\wamp\www\wscloud\backoffice\Application\Office\Common\function.php 第 213 行.
NOTIC: [8] Undefined index: openNew D:\wamp\www\wscloud\backoffice\Application\Office\Common\function.php 第 226 行.
NOTIC: [8] Undefined index: icon D:\wamp\www\wscloud\backoffice\Application\Office\Common\function.php 第 230 行.
NOTIC: [8] Undefined index: openNew D:\wamp\www\wscloud\backoffice\Application\Office\Common\function.php 第 226 行.
NOTIC: [8] Undefined index: icon D:\wamp\www\wscloud\backoffice\Application\Office\Common\function.php 第 230 行.
NOTIC: [8] Undefined offset: 0 D:\wamp\www\wscloud\backoffice\Application\Office\Common\function.php 第 213 行.
NOTIC: [2] in_array() expects parameter 2 to be array, null given D:\wamp\www\wscloud\backoffice\Application\Office\Common\function.php 第 213 行.
NOTIC: [8] Undefined index: openNew D:\wamp\www\wscloud\backoffice\Application\Office\Common\function.php 第 226 行.
NOTIC: [8] Undefined index: icon D:\wamp\www\wscloud\backoffice\Application\Office\Common\function.php 第 230 行.
NOTIC: [8] Undefined index: icon D:\wamp\www\wscloud\backoffice\Application\Office\Common\function.php 第 227 行.
NOTIC: [8] Undefined offset: 0 D:\wamp\www\wscloud\backoffice\Application\Office\Common\function.php 第 213 行.
NOTIC: [2] in_array() expects parameter 2 to be array, null given D:\wamp\www\wscloud\backoffice\Application\Office\Common\function.php 第 213 行.
NOTIC: [8] Undefined index: openNew D:\wamp\www\wscloud\backoffice\Application\Office\Common\function.php 第 226 行.
NOTIC: [8] Undefined index: icon D:\wamp\www\wscloud\backoffice\Application\Office\Common\function.php 第 230 行.
NOTIC: [8] Undefined index: openNew D:\wamp\www\wscloud\backoffice\Application\Office\Common\function.php 第 226 行.
NOTIC: [8] Undefined index: icon D:\wamp\www\wscloud\backoffice\Application\Office\Common\function.php 第 230 行.
NOTIC: [8] Undefined index: openNew D:\wamp\www\wscloud\backoffice\Application\Office\Common\function.php 第 226 行.
NOTIC: [8] Undefined index: icon D:\wamp\www\wscloud\backoffice\Application\Office\Common\function.php 第 230 行.
NOTIC: [8] Undefined property: stdClass::$id D:\wamp\www\wscloud\backoffice\Application\Lib\BaseManagementController.class.php 第 101 行.
INFO: [ view_parse ] --START--
INFO: [ template_filter ] --START--
INFO: Run Behavior\ContentReplaceBehavior [ RunTime:0.000167s ]
INFO: [ template_filter ] --END-- [ RunTime:0.000410s ]
INFO: Run Behavior\ParseTemplateBehavior [ RunTime:0.062768s ]
INFO: [ view_parse ] --END-- [ RunTime:0.062905s ]
INFO: [ view_filter ] --START--
INFO: Run Behavior\WriteHtmlCacheBehavior [ RunTime:0.001263s ]
INFO: [ view_filter ] --END-- [ RunTime:0.001420s ]
INFO: [ app_end ] --START--
INFO: Run Behavior\ShowPageTraceBehavior [ RunTime:0.001361s ]
INFO: [ app_end ] --END-- [ RunTime:0.001595s ]

[ 2018-10-25T16:26:45+08:00 ] ::1 /Office/Stat/statByTimeGroup
INFO: [ app_init ] --START--
INFO: Run Behavior\BuildLiteBehavior [ RunTime:0.000031s ]
INFO: [ app_init ] --END-- [ RunTime:0.000735s ]
INFO: [ app_begin ] --START--
INFO: Run Behavior\ReadHtmlCacheBehavior [ RunTime:0.001061s ]
INFO: [ app_begin ] --END-- [ RunTime:0.001276s ]

[ 2018-10-25T16:26:47+08:00 ] ::1 /Public/Js/office/monitoring/echarts.js.map
INFO: [ app_init ] --START--
INFO: Run Behavior\BuildLiteBehavior [ RunTime:0.000021s ]
INFO: [ app_init ] --END-- [ RunTime:0.000420s ]
INFO: [ app_begin ] --START--
INFO: Run Behavior\ReadHtmlCacheBehavior [ RunTime:0.000693s ]
INFO: [ app_begin ] --END-- [ RunTime:0.000800s ]
ERR: 无法加载控制器:Public

[ 2018-10-25T16:27:13+08:00 ] ::1 /Office/Admin/lists
INFO: [ app_init ] --START--
INFO: Run Behavior\BuildLiteBehavior [ RunTime:0.000021s ]
INFO: [ app_init ] --END-- [ RunTime:0.000433s ]
INFO: [ app_begin ] --START--
INFO: Run Behavior\ReadHtmlCacheBehavior [ RunTime:0.000686s ]
INFO: [ app_begin ] --END-- [ RunTime:0.000793s ]
NOTIC: [8] Undefined index: login D:\wamp\www\wscloud\backoffice\Application\Lib\BaseManagementController.class.php 第 124 行.
NOTIC: [8] Trying to get property of non-object D:\wamp\www\wscloud\backoffice\Application\Lib\BaseManagementController.class.php 第 124 行.
NOTIC: [8] Undefined index: login D:\wamp\www\wscloud\backoffice\Application\Lib\BaseManagementController.class.php 第 125 行.
NOTIC: [8] Trying to get property of non-object D:\wamp\www\wscloud\backoffice\Application\Lib\BaseManagementController.class.php 第 125 行.
NOTIC: [2] in_array() expects parameter 2 to be array, integer given D:\wamp\www\wscloud\backoffice\Application\Office\Common\function.php 第 213 行.
NOTIC: [8] Undefined index: openNew D:\wamp\www\wscloud\backoffice\Application\Office\Common\function.php 第 226 行.
NOTIC: [8] Undefined index: icon D:\wamp\www\wscloud\backoffice\Application\Office\Common\function.php 第 230 行.
NOTIC: [8] Undefined index: openNew D:\wamp\www\wscloud\backoffice\Application\Office\Common\function.php 第 226 行.
NOTIC: [8] Undefined index: icon D:\wamp\www\wscloud\backoffice\Application\Office\Common\function.php 第 230 行.
NOTIC: [2] in_array() expects parameter 2 to be array, integer given D:\wamp\www\wscloud\backoffice\Application\Office\Common\function.php 第 213 行.
NOTIC: [8] Undefined index: openNew D:\wamp\www\wscloud\backoffice\Application\Office\Common\function.php 第 226 行.
NOTIC: [8] Undefined index: icon D:\wamp\www\wscloud\backoffice\Application\Office\Common\function.php 第 230 行.
NOTIC: [8] Undefined index: openNew D:\wamp\www\wscloud\backoffice\Application\Office\Common\function.php 第 226 行.
NOTIC: [8] Undefined index: icon D:\wamp\www\wscloud\backoffice\Application\Office\Common\function.php 第 230 行.
NOTIC: [2] in_array() expects parameter 2 to be array, integer given D:\wamp\www\wscloud\backoffice\Application\Office\Common\function.php 第 213 行.
NOTIC: [8] Undefined index: openNew D:\wamp\www\wscloud\backoffice\Application\Office\Common\function.php 第 226 行.
NOTIC: [8] Undefined index: icon D:\wamp\www\wscloud\backoffice\Application\Office\Common\function.php 第 230 行.
NOTIC: [8] Undefined index: openNew D:\wamp\www\wscloud\backoffice\Application\Office\Common\function.php 第 226 行.
NOTIC: [8] Undefined index: icon D:\wamp\www\wscloud\backoffice\Application\Office\Common\function.php 第 230 行.
NOTIC: [2] in_array() expects parameter 2 to be array, integer given D:\wamp\www\wscloud\backoffice\Application\Office\Common\function.php 第 213 行.
NOTIC: [8] Undefined index: openNew D:\wamp\www\wscloud\backoffice\Application\Office\Common\function.php 第 226 行.
NOTIC: [8] Undefined index: icon D:\wamp\www\wscloud\backoffice\Application\Office\Common\function.php 第 230 行.
NOTIC: [8] Undefined index: openNew D:\wamp\www\wscloud\backoffice\Application\Office\Common\function.php 第 226 行.
NOTIC: [8] Undefined index: icon D:\wamp\www\wscloud\backoffice\Application\Office\Common\function.php 第 230 行.
NOTIC: [8] Undefined index: openNew D:\wamp\www\wscloud\backoffice\Application\Office\Common\function.php 第 226 行.
NOTIC: [8] Undefined index: icon D:\wamp\www\wscloud\backoffice\Application\Office\Common\function.php 第 230 行.
NOTIC: [2] in_array() expects parameter 2 to be array, integer given D:\wamp\www\wscloud\backoffice\Application\Office\Common\function.php 第 213 行.
NOTIC: [8] Undefined index: openNew D:\wamp\www\wscloud\backoffice\Application\Office\Common\function.php 第 226 行.
NOTIC: [8] Undefined index: icon D:\wamp\www\wscloud\backoffice\Application\Office\Common\function.php 第 230 行.
NOTIC: [8] Undefined index: openNew D:\wamp\www\wscloud\backoffice\Application\Office\Common\function.php 第 226 行.
NOTIC: [8] Undefined index: icon D:\wamp\www\wscloud\backoffice\Application\Office\Common\function.php 第 230 行.
NOTIC: [2] in_array() expects parameter 2 to be array, integer given D:\wamp\www\wscloud\backoffice\Application\Office\Common\function.php 第 213 行.
NOTIC: [8] Undefined index: openNew D:\wamp\www\wscloud\backoffice\Application\Office\Common\function.php 第 226 行.
NOTIC: [8] Undefined index: icon D:\wamp\www\wscloud\backoffice\Application\Office\Common\function.php 第 230 行.
NOTIC: [8] Undefined index: icon D:\wamp\www\wscloud\backoffice\Application\Office\Common\function.php 第 227 行.
NOTIC: [2] in_array() expects parameter 2 to be array, integer given D:\wamp\www\wscloud\backoffice\Application\Office\Common\function.php 第 213 行.
NOTIC: [8] Undefined index: openNew D:\wamp\www\wscloud\backoffice\Application\Office\Common\function.php 第 226 行.
NOTIC: [8] Undefined index: icon D:\wamp\www\wscloud\backoffice\Application\Office\Common\function.php 第 230 行.
NOTIC: [8] Undefined index: openNew D:\wamp\www\wscloud\backoffice\Application\Office\Common\function.php 第 226 行.
NOTIC: [8] Undefined index: icon D:\wamp\www\wscloud\backoffice\Application\Office\Common\function.php 第 230 行.
NOTIC: [8] Undefined index: openNew D:\wamp\www\wscloud\backoffice\Application\Office\Common\function.php 第 226 行.
NOTIC: [8] Undefined index: icon D:\wamp\www\wscloud\backoffice\Application\Office\Common\function.php 第 230 行.
NOTIC: [8] Undefined property: stdClass::$id D:\wamp\www\wscloud\backoffice\Application\Lib\BaseManagementController.class.php 第 101 行.
INFO: [ view_parse ] --START--
INFO: [ template_filter ] --START--
INFO: Run Behavior\ContentReplaceBehavior [ RunTime:0.000066s ]
INFO: [ template_filter ] --END-- [ RunTime:0.000158s ]
INFO: Run Behavior\ParseTemplateBehavior [ RunTime:0.030026s ]
INFO: [ view_parse ] --END-- [ RunTime:0.030137s ]
INFO: [ view_filter ] --START--
INFO: Run Behavior\WriteHtmlCacheBehavior [ RunTime:0.000637s ]
INFO: [ view_filter ] --END-- [ RunTime:0.000721s ]
INFO: [ app_end ] --START--
INFO: Run Behavior\ShowPageTraceBehavior [ RunTime:0.000757s ]
INFO: [ app_end ] --END-- [ RunTime:0.000884s ]

[ 2018-10-25T16:27:14+08:00 ] ::1 /Office/Admin/search?page=1&limit=10&name=null&account=null&status=null&companyId=1447247968
INFO: [ app_init ] --START--
INFO: Run Behavior\BuildLiteBehavior [ RunTime:0.000035s ]
INFO: [ app_init ] --END-- [ RunTime:0.000733s ]
INFO: [ app_begin ] --START--
INFO: Run Behavior\ReadHtmlCacheBehavior [ RunTime:0.000709s ]
INFO: [ app_begin ] --END-- [ RunTime:0.000805s ]
NOTIC: [8] Undefined property: stdClass::$action D:\wamp\www\wscloud\backoffice\Application\Office\Controller\AdminController.class.php 第 104 行.
NOTIC: [8] Undefined property: stdClass::$action D:\wamp\www\wscloud\backoffice\Application\Office\Controller\AdminController.class.php 第 104 行.
NOTIC: [8] Undefined property: stdClass::$action D:\wamp\www\wscloud\backoffice\Application\Office\Controller\AdminController.class.php 第 104 行.
NOTIC: [8] Undefined property: stdClass::$action D:\wamp\www\wscloud\backoffice\Application\Office\Controller\AdminController.class.php 第 104 行.
NOTIC: [8] Undefined property: stdClass::$action D:\wamp\www\wscloud\backoffice\Application\Office\Controller\AdminController.class.php 第 104 行.
NOTIC: [8] Undefined property: stdClass::$action D:\wamp\www\wscloud\backoffice\Application\Office\Controller\AdminController.class.php 第 104 行.
NOTIC: [8] Undefined index: draw D:\wamp\www\wscloud\backoffice\Application\Lib\ListManagementController.class.php 第 101 行.

[ 2018-10-25T16:28:05+08:00 ] ::1 /Office/Admin/lists
INFO: [ app_init ] --START--
INFO: Run Behavior\BuildLiteBehavior [ RunTime:0.000031s ]
INFO: [ app_init ] --END-- [ RunTime:0.000724s ]
INFO: [ app_begin ] --START--
INFO: Run Behavior\ReadHtmlCacheBehavior [ RunTime:0.000759s ]
INFO: [ app_begin ] --END-- [ RunTime:0.000879s ]
NOTIC: [8] Undefined index: login D:\wamp\www\wscloud\backoffice\Application\Lib\BaseManagementController.class.php 第 124 行.
NOTIC: [8] Trying to get property of non-object D:\wamp\www\wscloud\backoffice\Application\Lib\BaseManagementController.class.php 第 124 行.
NOTIC: [8] Undefined index: login D:\wamp\www\wscloud\backoffice\Application\Lib\BaseManagementController.class.php 第 125 行.
NOTIC: [8] Trying to get property of non-object D:\wamp\www\wscloud\backoffice\Application\Lib\BaseManagementController.class.php 第 125 行.
NOTIC: [2] in_array() expects parameter 2 to be array, integer given D:\wamp\www\wscloud\backoffice\Application\Office\Common\function.php 第 213 行.
NOTIC: [8] Undefined index: openNew D:\wamp\www\wscloud\backoffice\Application\Office\Common\function.php 第 226 行.
NOTIC: [8] Undefined index: icon D:\wamp\www\wscloud\backoffice\Application\Office\Common\function.php 第 230 行.
NOTIC: [8] Undefined index: openNew D:\wamp\www\wscloud\backoffice\Application\Office\Common\function.php 第 226 行.
NOTIC: [8] Undefined index: icon D:\wamp\www\wscloud\backoffice\Application\Office\Common\function.php 第 230 行.
NOTIC: [2] in_array() expects parameter 2 to be array, integer given D:\wamp\www\wscloud\backoffice\Application\Office\Common\function.php 第 213 行.
NOTIC: [8] Undefined index: openNew D:\wamp\www\wscloud\backoffice\Application\Office\Common\function.php 第 226 行.
NOTIC: [8] Undefined index: icon D:\wamp\www\wscloud\backoffice\Application\Office\Common\function.php 第 230 行.
NOTIC: [8] Undefined index: openNew D:\wamp\www\wscloud\backoffice\Application\Office\Common\function.php 第 226 行.
NOTIC: [8] Undefined index: icon D:\wamp\www\wscloud\backoffice\Application\Office\Common\function.php 第 230 行.
NOTIC: [2] in_array() expects parameter 2 to be array, integer given D:\wamp\www\wscloud\backoffice\Application\Office\Common\function.php 第 213 行.
NOTIC: [8] Undefined index: openNew D:\wamp\www\wscloud\backoffice\Application\Office\Common\function.php 第 226 行.
NOTIC: [8] Undefined index: icon D:\wamp\www\wscloud\backoffice\Application\Office\Common\function.php 第 230 行.
NOTIC: [8] Undefined index: openNew D:\wamp\www\wscloud\backoffice\Application\Office\Common\function.php 第 226 行.
NOTIC: [8] Undefined index: icon D:\wamp\www\wscloud\backoffice\Application\Office\Common\function.php 第 230 行.
NOTIC: [2] in_array() expects parameter 2 to be array, integer given D:\wamp\www\wscloud\backoffice\Application\Office\Common\function.php 第 213 行.
NOTIC: [8] Undefined index: openNew D:\wamp\www\wscloud\backoffice\Application\Office\Common\function.php 第 226 行.
NOTIC: [8] Undefined index: icon D:\wamp\www\wscloud\backoffice\Application\Office\Common\function.php 第 230 行.
NOTIC: [8] Undefined index: openNew D:\wamp\www\wscloud\backoffice\Application\Office\Common\function.php 第 226 行.
NOTIC: [8] Undefined index: icon D:\wamp\www\wscloud\backoffice\Application\Office\Common\function.php 第 230 行.
NOTIC: [8] Undefined index: openNew D:\wamp\www\wscloud\backoffice\Application\Office\Common\function.php 第 226 行.
NOTIC: [8] Undefined index: icon D:\wamp\www\wscloud\backoffice\Application\Office\Common\function.php 第 230 行.
NOTIC: [2] in_array() expects parameter 2 to be array, integer given D:\wamp\www\wscloud\backoffice\Application\Office\Common\function.php 第 213 行.
NOTIC: [8] Undefined index: openNew D:\wamp\www\wscloud\backoffice\Application\Office\Common\function.php 第 226 行.
NOTIC: [8] Undefined index: icon D:\wamp\www\wscloud\backoffice\Application\Office\Common\function.php 第 230 行.
NOTIC: [8] Undefined index: openNew D:\wamp\www\wscloud\backoffice\Application\Office\Common\function.php 第 226 行.
NOTIC: [8] Undefined index: icon D:\wamp\www\wscloud\backoffice\Application\Office\Common\function.php 第 230 行.
NOTIC: [2] in_array() expects parameter 2 to be array, integer given D:\wamp\www\wscloud\backoffice\Application\Office\Common\function.php 第 213 行.
NOTIC: [8] Undefined index: openNew D:\wamp\www\wscloud\backoffice\Application\Office\Common\function.php 第 226 行.
NOTIC: [8] Undefined index: icon D:\wamp\www\wscloud\backoffice\Application\Office\Common\function.php 第 230 行.
NOTIC: [8] Undefined index: icon D:\wamp\www\wscloud\backoffice\Application\Office\Common\function.php 第 227 行.
NOTIC: [2] in_array() expects parameter 2 to be array, integer given D:\wamp\www\wscloud\backoffice\Application\Office\Common\function.php 第 213 行.
NOTIC: [8] Undefined index: openNew D:\wamp\www\wscloud\backoffice\Application\Office\Common\function.php 第 226 行.
NOTIC: [8] Undefined index: icon D:\wamp\www\wscloud\backoffice\Application\Office\Common\function.php 第 230 行.
NOTIC: [8] Undefined index: openNew D:\wamp\www\wscloud\backoffice\Application\Office\Common\function.php 第 226 行.
NOTIC: [8] Undefined index: icon D:\wamp\www\wscloud\backoffice\Application\Office\Common\function.php 第 230 行.
NOTIC: [8] Undefined index: openNew D:\wamp\www\wscloud\backoffice\Application\Office\Common\function.php 第 226 行.
NOTIC: [8] Undefined index: icon D:\wamp\www\wscloud\backoffice\Application\Office\Common\function.php 第 230 行.
NOTIC: [8] Undefined property: stdClass::$id D:\wamp\www\wscloud\backoffice\Application\Lib\BaseManagementController.class.php 第 101 行.
INFO: [ view_parse ] --START--
INFO: [ template_filter ] --START--
INFO: Run Behavior\ContentReplaceBehavior [ RunTime:0.000069s ]
INFO: [ template_filter ] --END-- [ RunTime:0.000173s ]
INFO: Run Behavior\ParseTemplateBehavior [ RunTime:0.011798s ]
INFO: [ view_parse ] --END-- [ RunTime:0.011899s ]
INFO: [ view_filter ] --START--
INFO: Run Behavior\WriteHtmlCacheBehavior [ RunTime:0.000625s ]
INFO: [ view_filter ] --END-- [ RunTime:0.000709s ]
INFO: [ app_end ] --START--
INFO: Run Behavior\ShowPageTraceBehavior [ RunTime:0.001009s ]
INFO: [ app_end ] --END-- [ RunTime:0.001146s ]

[ 2018-10-25T16:28:06+08:00 ] ::1 /Office/Admin/search?page=1&limit=10&name=null&account=null&status=null&companyId=1447247968
INFO: [ app_init ] --START--
INFO: Run Behavior\BuildLiteBehavior [ RunTime:0.000031s ]
INFO: [ app_init ] --END-- [ RunTime:0.000543s ]
INFO: [ app_begin ] --START--
INFO: Run Behavior\ReadHtmlCacheBehavior [ RunTime:0.000735s ]
INFO: [ app_begin ] --END-- [ RunTime:0.000852s ]
NOTIC: [8] Undefined property: stdClass::$action D:\wamp\www\wscloud\backoffice\Application\Office\Controller\AdminController.class.php 第 104 行.
NOTIC: [8] Undefined property: stdClass::$action D:\wamp\www\wscloud\backoffice\Application\Office\Controller\AdminController.class.php 第 104 行.
NOTIC: [8] Undefined property: stdClass::$action D:\wamp\www\wscloud\backoffice\Application\Office\Controller\AdminController.class.php 第 104 行.
NOTIC: [8] Undefined property: stdClass::$action D:\wamp\www\wscloud\backoffice\Application\Office\Controller\AdminController.class.php 第 104 行.
NOTIC: [8] Undefined property: stdClass::$action D:\wamp\www\wscloud\backoffice\Application\Office\Controller\AdminController.class.php 第 104 行.
NOTIC: [8] Undefined property: stdClass::$action D:\wamp\www\wscloud\backoffice\Application\Office\Controller\AdminController.class.php 第 104 行.
NOTIC: [8] Undefined index: draw D:\wamp\www\wscloud\backoffice\Application\Lib\ListManagementController.class.php 第 101 行.

[ 2018-10-25T16:29:09+08:00 ] ::1 /Office/Admin/lists
INFO: [ app_init ] --START--
INFO: Run Behavior\BuildLiteBehavior [ RunTime:0.000035s ]
INFO: [ app_init ] --END-- [ RunTime:0.000661s ]
INFO: [ app_begin ] --START--
INFO: Run Behavior\ReadHtmlCacheBehavior [ RunTime:0.001159s ]
INFO: [ app_begin ] --END-- [ RunTime:0.001355s ]
NOTIC: [8] Undefined index: login D:\wamp\www\wscloud\backoffice\Application\Lib\BaseManagementController.class.php 第 124 行.
NOTIC: [8] Trying to get property of non-object D:\wamp\www\wscloud\backoffice\Application\Lib\BaseManagementController.class.php 第 124 行.
NOTIC: [8] Undefined index: login D:\wamp\www\wscloud\backoffice\Application\Lib\BaseManagementController.class.php 第 125 行.
NOTIC: [8] Trying to get property of non-object D:\wamp\www\wscloud\backoffice\Application\Lib\BaseManagementController.class.php 第 125 行.
NOTIC: [2] in_array() expects parameter 2 to be array, integer given D:\wamp\www\wscloud\backoffice\Application\Office\Common\function.php 第 213 行.
NOTIC: [8] Undefined index: openNew D:\wamp\www\wscloud\backoffice\Application\Office\Common\function.php 第 226 行.
NOTIC: [8] Undefined index: icon D:\wamp\www\wscloud\backoffice\Application\Office\Common\function.php 第 230 行.
NOTIC: [8] Undefined index: openNew D:\wamp\www\wscloud\backoffice\Application\Office\Common\function.php 第 226 行.
NOTIC: [8] Undefined index: icon D:\wamp\www\wscloud\backoffice\Application\Office\Common\function.php 第 230 行.
NOTIC: [2] in_array() expects parameter 2 to be array, integer given D:\wamp\www\wscloud\backoffice\Application\Office\Common\function.php 第 213 行.
NOTIC: [8] Undefined index: openNew D:\wamp\www\wscloud\backoffice\Application\Office\Common\function.php 第 226 行.
NOTIC: [8] Undefined index: icon D:\wamp\www\wscloud\backoffice\Application\Office\Common\function.php 第 230 行.
NOTIC: [8] Undefined index: openNew D:\wamp\www\wscloud\backoffice\Application\Office\Common\function.php 第 226 行.
NOTIC: [8] Undefined index: icon D:\wamp\www\wscloud\backoffice\Application\Office\Common\function.php 第 230 行.
NOTIC: [2] in_array() expects parameter 2 to be array, integer given D:\wamp\www\wscloud\backoffice\Application\Office\Common\function.php 第 213 行.
NOTIC: [8] Undefined index: openNew D:\wamp\www\wscloud\backoffice\Application\Office\Common\function.php 第 226 行.
NOTIC: [8] Undefined index: icon D:\wamp\www\wscloud\backoffice\Application\Office\Common\function.php 第 230 行.
NOTIC: [8] Undefined index: openNew D:\wamp\www\wscloud\backoffice\Application\Office\Common\function.php 第 226 行.
NOTIC: [8] Undefined index: icon D:\wamp\www\wscloud\backoffice\Application\Office\Common\function.php 第 230 行.
NOTIC: [2] in_array() expects parameter 2 to be array, integer given D:\wamp\www\wscloud\backoffice\Application\Office\Common\function.php 第 213 行.
NOTIC: [8] Undefined index: openNew D:\wamp\www\wscloud\backoffice\Application\Office\Common\function.php 第 226 行.
NOTIC: [8] Undefined index: icon D:\wamp\www\wscloud\backoffice\Application\Office\Common\function.php 第 230 行.
NOTIC: [8] Undefined index: openNew D:\wamp\www\wscloud\backoffice\Application\Office\Common\function.php 第 226 行.
NOTIC: [8] Undefined index: icon D:\wamp\www\wscloud\backoffice\Application\Office\Common\function.php 第 230 行.
NOTIC: [8] Undefined index: openNew D:\wamp\www\wscloud\backoffice\Application\Office\Common\function.php 第 226 行.
NOTIC: [8] Undefined index: icon D:\wamp\www\wscloud\backoffice\Application\Office\Common\function.php 第 230 行.
NOTIC: [2] in_array() expects parameter 2 to be array, integer given D:\wamp\www\wscloud\backoffice\Application\Office\Common\function.php 第 213 行.
NOTIC: [8] Undefined index: openNew D:\wamp\www\wscloud\backoffice\Application\Office\Common\function.php 第 226 行.
NOTIC: [8] Undefined index: icon D:\wamp\www\wscloud\backoffice\Application\Office\Common\function.php 第 230 行.
NOTIC: [8] Undefined index: openNew D:\wamp\www\wscloud\backoffice\Application\Office\Common\function.php 第 226 行.
NOTIC: [8] Undefined index: icon D:\wamp\www\wscloud\backoffice\Application\Office\Common\function.php 第 230 行.
NOTIC: [2] in_array() expects parameter 2 to be array, integer given D:\wamp\www\wscloud\backoffice\Application\Office\Common\function.php 第 213 行.
NOTIC: [8] Undefined index: openNew D:\wamp\www\wscloud\backoffice\Application\Office\Common\function.php 第 226 行.
NOTIC: [8] Undefined index: icon D:\wamp\www\wscloud\backoffice\Application\Office\Common\function.php 第 230 行.
NOTIC: [8] Undefined index: icon D:\wamp\www\wscloud\backoffice\Application\Office\Common\function.php 第 227 行.
NOTIC: [2] in_array() expects parameter 2 to be array, integer given D:\wamp\www\wscloud\backoffice\Application\Office\Common\function.php 第 213 行.
NOTIC: [8] Undefined index: openNew D:\wamp\www\wscloud\backoffice\Application\Office\Common\function.php 第 226 行.
NOTIC: [8] Undefined index: icon D:\wamp\www\wscloud\backoffice\Application\Office\Common\function.php 第 230 行.
NOTIC: [8] Undefined index: openNew D:\wamp\www\wscloud\backoffice\Application\Office\Common\function.php 第 226 行.
NOTIC: [8] Undefined index: icon D:\wamp\www\wscloud\backoffice\Application\Office\Common\function.php 第 230 行.
NOTIC: [8] Undefined index: openNew D:\wamp\www\wscloud\backoffice\Application\Office\Common\function.php 第 226 行.
NOTIC: [8] Undefined index: icon D:\wamp\www\wscloud\backoffice\Application\Office\Common\function.php 第 230 行.
NOTIC: [8] Undefined property: stdClass::$id D:\wamp\www\wscloud\backoffice\Application\Lib\BaseManagementController.class.php 第 101 行.
INFO: [ view_parse ] --START--
INFO: [ template_filter ] --START--
INFO: Run Behavior\ContentReplaceBehavior [ RunTime:0.000070s ]
INFO: [ template_filter ] --END-- [ RunTime:0.000168s ]
INFO: Run Behavior\ParseTemplateBehavior [ RunTime:0.012235s ]
INFO: [ view_parse ] --END-- [ RunTime:0.012339s ]
INFO: [ view_filter ] --START--
INFO: Run Behavior\WriteHtmlCacheBehavior [ RunTime:0.000658s ]
INFO: [ view_filter ] --END-- [ RunTime:0.000748s ]
INFO: [ app_end ] --START--
INFO: Run Behavior\ShowPageTraceBehavior [ RunTime:0.000752s ]
INFO: [ app_end ] --END-- [ RunTime:0.000876s ]

[ 2018-10-25T16:29:09+08:00 ] ::1 /Office/Admin/search?page=1&limit=10&name=null&account=null&status=null&companyId=1447247968
INFO: [ app_init ] --START--
INFO: Run Behavior\BuildLiteBehavior [ RunTime:0.000022s ]
INFO: [ app_init ] --END-- [ RunTime:0.000435s ]
INFO: [ app_begin ] --START--
INFO: Run Behavior\ReadHtmlCacheBehavior [ RunTime:0.000798s ]
INFO: [ app_begin ] --END-- [ RunTime:0.000914s ]
NOTIC: [8] Undefined property: stdClass::$action D:\wamp\www\wscloud\backoffice\Application\Office\Controller\AdminController.class.php 第 104 行.
NOTIC: [8] Undefined property: stdClass::$action D:\wamp\www\wscloud\backoffice\Application\Office\Controller\AdminController.class.php 第 104 行.
NOTIC: [8] Undefined property: stdClass::$action D:\wamp\www\wscloud\backoffice\Application\Office\Controller\AdminController.class.php 第 104 行.
NOTIC: [8] Undefined property: stdClass::$action D:\wamp\www\wscloud\backoffice\Application\Office\Controller\AdminController.class.php 第 104 行.
NOTIC: [8] Undefined property: stdClass::$action D:\wamp\www\wscloud\backoffice\Application\Office\Controller\AdminController.class.php 第 104 行.
NOTIC: [8] Undefined property: stdClass::$action D:\wamp\www\wscloud\backoffice\Application\Office\Controller\AdminController.class.php 第 104 行.
NOTIC: [8] Undefined index: draw D:\wamp\www\wscloud\backoffice\Application\Lib\ListManagementController.class.php 第 101 行.

[ 2018-10-25T16:29:16+08:00 ] ::1 /Office/Device/lists
INFO: [ app_init ] --START--
INFO: Run Behavior\BuildLiteBehavior [ RunTime:0.000036s ]
INFO: [ app_init ] --END-- [ RunTime:0.000939s ]
INFO: [ app_begin ] --START--
INFO: Run Behavior\ReadHtmlCacheBehavior [ RunTime:0.000710s ]
INFO: [ app_begin ] --END-- [ RunTime:0.000819s ]
NOTIC: [8] Undefined index: login D:\wamp\www\wscloud\backoffice\Application\Lib\BaseManagementController.class.php 第 124 行.
NOTIC: [8] Trying to get property of non-object D:\wamp\www\wscloud\backoffice\Application\Lib\BaseManagementController.class.php 第 124 行.
NOTIC: [8] Undefined index: login D:\wamp\www\wscloud\backoffice\Application\Lib\BaseManagementController.class.php 第 125 行.
NOTIC: [8] Trying to get property of non-object D:\wamp\www\wscloud\backoffice\Application\Lib\BaseManagementController.class.php 第 125 行.
NOTIC: [2] in_array() expects parameter 2 to be array, integer given D:\wamp\www\wscloud\backoffice\Application\Office\Common\function.php 第 213 行.
NOTIC: [8] Undefined index: openNew D:\wamp\www\wscloud\backoffice\Application\Office\Common\function.php 第 226 行.
NOTIC: [8] Undefined index: icon D:\wamp\www\wscloud\backoffice\Application\Office\Common\function.php 第 230 行.
NOTIC: [8] Undefined index: openNew D:\wamp\www\wscloud\backoffice\Application\Office\Common\function.php 第 226 行.
NOTIC: [8] Undefined index: icon D:\wamp\www\wscloud\backoffice\Application\Office\Common\function.php 第 230 行.
NOTIC: [2] in_array() expects parameter 2 to be array, integer given D:\wamp\www\wscloud\backoffice\Application\Office\Common\function.php 第 213 行.
NOTIC: [8] Undefined index: openNew D:\wamp\www\wscloud\backoffice\Application\Office\Common\function.php 第 226 行.
NOTIC: [8] Undefined index: icon D:\wamp\www\wscloud\backoffice\Application\Office\Common\function.php 第 230 行.
NOTIC: [8] Undefined index: openNew D:\wamp\www\wscloud\backoffice\Application\Office\Common\function.php 第 226 行.
NOTIC: [8] Undefined index: icon D:\wamp\www\wscloud\backoffice\Application\Office\Common\function.php 第 230 行.
NOTIC: [2] in_array() expects parameter 2 to be array, integer given D:\wamp\www\wscloud\backoffice\Application\Office\Common\function.php 第 213 行.
NOTIC: [8] Undefined index: openNew D:\wamp\www\wscloud\backoffice\Application\Office\Common\function.php 第 226 行.
NOTIC: [8] Undefined index: icon D:\wamp\www\wscloud\backoffice\Application\Office\Common\function.php 第 230 行.
NOTIC: [8] Undefined index: openNew D:\wamp\www\wscloud\backoffice\Application\Office\Common\function.php 第 226 行.
NOTIC: [8] Undefined index: icon D:\wamp\www\wscloud\backoffice\Application\Office\Common\function.php 第 230 行.
NOTIC: [2] in_array() expects parameter 2 to be array, integer given D:\wamp\www\wscloud\backoffice\Application\Office\Common\function.php 第 213 行.
NOTIC: [8] Undefined index: openNew D:\wamp\www\wscloud\backoffice\Application\Office\Common\function.php 第 226 行.
NOTIC: [8] Undefined index: icon D:\wamp\www\wscloud\backoffice\Application\Office\Common\function.php 第 230 行.
NOTIC: [8] Undefined index: openNew D:\wamp\www\wscloud\backoffice\Application\Office\Common\function.php 第 226 行.
NOTIC: [8] Undefined index: icon D:\wamp\www\wscloud\backoffice\Application\Office\Common\function.php 第 230 行.
NOTIC: [8] Undefined index: openNew D:\wamp\www\wscloud\backoffice\Application\Office\Common\function.php 第 226 行.
NOTIC: [8] Undefined index: icon D:\wamp\www\wscloud\backoffice\Application\Office\Common\function.php 第 230 行.
NOTIC: [2] in_array() expects parameter 2 to be array, integer given D:\wamp\www\wscloud\backoffice\Application\Office\Common\function.php 第 213 行.
NOTIC: [8] Undefined index: openNew D:\wamp\www\wscloud\backoffice\Application\Office\Common\function.php 第 226 行.
NOTIC: [8] Undefined index: icon D:\wamp\www\wscloud\backoffice\Application\Office\Common\function.php 第 230 行.
NOTIC: [8] Undefined index: openNew D:\wamp\www\wscloud\backoffice\Application\Office\Common\function.php 第 226 行.
NOTIC: [8] Undefined index: icon D:\wamp\www\wscloud\backoffice\Application\Office\Common\function.php 第 230 行.
NOTIC: [2] in_array() expects parameter 2 to be array, integer given D:\wamp\www\wscloud\backoffice\Application\Office\Common\function.php 第 213 行.
NOTIC: [8] Undefined index: openNew D:\wamp\www\wscloud\backoffice\Application\Office\Common\function.php 第 226 行.
NOTIC: [8] Undefined index: icon D:\wamp\www\wscloud\backoffice\Application\Office\Common\function.php 第 230 行.
NOTIC: [8] Undefined index: icon D:\wamp\www\wscloud\backoffice\Application\Office\Common\function.php 第 227 行.
NOTIC: [2] in_array() expects parameter 2 to be array, integer given D:\wamp\www\wscloud\backoffice\Application\Office\Common\function.php 第 213 行.
NOTIC: [8] Undefined index: openNew D:\wamp\www\wscloud\backoffice\Application\Office\Common\function.php 第 226 行.
NOTIC: [8] Undefined index: icon D:\wamp\www\wscloud\backoffice\Application\Office\Common\function.php 第 230 行.
NOTIC: [8] Undefined index: openNew D:\wamp\www\wscloud\backoffice\Application\Office\Common\function.php 第 226 行.
NOTIC: [8] Undefined index: icon D:\wamp\www\wscloud\backoffice\Application\Office\Common\function.php 第 230 行.
NOTIC: [8] Undefined index: openNew D:\wamp\www\wscloud\backoffice\Application\Office\Common\function.php 第 226 行.
NOTIC: [8] Undefined index: icon D:\wamp\www\wscloud\backoffice\Application\Office\Common\function.php 第 230 行.
NOTIC: [8] Undefined property: stdClass::$id D:\wamp\www\wscloud\backoffice\Application\Lib\BaseManagementController.class.php 第 101 行.
INFO: [ view_parse ] --START--
INFO: [ template_filter ] --START--
INFO: Run Behavior\ContentReplaceBehavior [ RunTime:0.000065s ]
INFO: [ template_filter ] --END-- [ RunTime:0.000155s ]
NOTIC: [8] Undefined variable: where_phone D:\wamp\www\wscloud\backoffice\Application\Runtime\Cache\Office\41cc02da897a6bb9f2d013dd07f00aa2.php 第 97 行.
INFO: Run Behavior\ParseTemplateBehavior [ RunTime:0.054817s ]
INFO: [ view_parse ] --END-- [ RunTime:0.055029s ]
INFO: [ view_filter ] --START--
INFO: Run Behavior\WriteHtmlCacheBehavior [ RunTime:0.000633s ]
INFO: [ view_filter ] --END-- [ RunTime:0.000728s ]
INFO: [ app_end ] --START--
INFO: Run Behavior\ShowPageTraceBehavior [ RunTime:0.001052s ]
INFO: [ app_end ] --END-- [ RunTime:0.001219s ]

[ 2018-10-25T16:29:16+08:00 ] ::1 /Office/Device/search?page=1&limit=10&name=null&serialNo=null&companyId=1447247968
INFO: [ app_init ] --START--
INFO: Run Behavior\BuildLiteBehavior [ RunTime:0.000036s ]
INFO: [ app_init ] --END-- [ RunTime:0.000795s ]
INFO: [ app_begin ] --START--
INFO: Run Behavior\ReadHtmlCacheBehavior [ RunTime:0.000716s ]
INFO: [ app_begin ] --END-- [ RunTime:0.000813s ]
NOTIC: [8] Undefined property: stdClass::$action D:\wamp\www\wscloud\backoffice\Application\Office\Controller\DeviceController.class.php 第 99 行.
NOTIC: [8] Undefined property: stdClass::$action D:\wamp\www\wscloud\backoffice\Application\Office\Controller\DeviceController.class.php 第 99 行.
NOTIC: [8] Undefined property: stdClass::$action D:\wamp\www\wscloud\backoffice\Application\Office\Controller\DeviceController.class.php 第 99 行.
NOTIC: [8] Undefined property: stdClass::$action D:\wamp\www\wscloud\backoffice\Application\Office\Controller\DeviceController.class.php 第 99 行.
NOTIC: [8] Undefined property: stdClass::$action D:\wamp\www\wscloud\backoffice\Application\Office\Controller\DeviceController.class.php 第 99 行.
NOTIC: [8] Undefined property: stdClass::$action D:\wamp\www\wscloud\backoffice\Application\Office\Controller\DeviceController.class.php 第 99 行.
NOTIC: [8] Undefined index: draw D:\wamp\www\wscloud\backoffice\Application\Lib\ListManagementController.class.php 第 101 行.

[ 2018-10-25T16:29:44+08:00 ] ::1 /Office/Device/lists
INFO: [ app_init ] --START--
INFO: Run Behavior\BuildLiteBehavior [ RunTime:0.000024s ]
INFO: [ app_init ] --END-- [ RunTime:0.000616s ]
INFO: [ app_begin ] --START--
INFO: Run Behavior\ReadHtmlCacheBehavior [ RunTime:0.001032s ]
INFO: [ app_begin ] --END-- [ RunTime:0.001193s ]
NOTIC: [8] Undefined index: login D:\wamp\www\wscloud\backoffice\Application\Lib\BaseManagementController.class.php 第 124 行.
NOTIC: [8] Trying to get property of non-object D:\wamp\www\wscloud\backoffice\Application\Lib\BaseManagementController.class.php 第 124 行.
NOTIC: [8] Undefined index: login D:\wamp\www\wscloud\backoffice\Application\Lib\BaseManagementController.class.php 第 125 行.
NOTIC: [8] Trying to get property of non-object D:\wamp\www\wscloud\backoffice\Application\Lib\BaseManagementController.class.php 第 125 行.
NOTIC: [2] in_array() expects parameter 2 to be array, integer given D:\wamp\www\wscloud\backoffice\Application\Office\Common\function.php 第 213 行.
NOTIC: [8] Undefined index: openNew D:\wamp\www\wscloud\backoffice\Application\Office\Common\function.php 第 226 行.
NOTIC: [8] Undefined index: icon D:\wamp\www\wscloud\backoffice\Application\Office\Common\function.php 第 230 行.
NOTIC: [8] Undefined index: openNew D:\wamp\www\wscloud\backoffice\Application\Office\Common\function.php 第 226 行.
NOTIC: [8] Undefined index: icon D:\wamp\www\wscloud\backoffice\Application\Office\Common\function.php 第 230 行.
NOTIC: [2] in_array() expects parameter 2 to be array, integer given D:\wamp\www\wscloud\backoffice\Application\Office\Common\function.php 第 213 行.
NOTIC: [8] Undefined index: openNew D:\wamp\www\wscloud\backoffice\Application\Office\Common\function.php 第 226 行.
NOTIC: [8] Undefined index: icon D:\wamp\www\wscloud\backoffice\Application\Office\Common\function.php 第 230 行.
NOTIC: [8] Undefined index: openNew D:\wamp\www\wscloud\backoffice\Application\Office\Common\function.php 第 226 行.
NOTIC: [8] Undefined index: icon D:\wamp\www\wscloud\backoffice\Application\Office\Common\function.php 第 230 行.
NOTIC: [2] in_array() expects parameter 2 to be array, integer given D:\wamp\www\wscloud\backoffice\Application\Office\Common\function.php 第 213 行.
NOTIC: [8] Undefined index: openNew D:\wamp\www\wscloud\backoffice\Application\Office\Common\function.php 第 226 行.
NOTIC: [8] Undefined index: icon D:\wamp\www\wscloud\backoffice\Application\Office\Common\function.php 第 230 行.
NOTIC: [8] Undefined index: openNew D:\wamp\www\wscloud\backoffice\Application\Office\Common\function.php 第 226 行.
NOTIC: [8] Undefined index: icon D:\wamp\www\wscloud\backoffice\Application\Office\Common\function.php 第 230 行.
NOTIC: [2] in_array() expects parameter 2 to be array, integer given D:\wamp\www\wscloud\backoffice\Application\Office\Common\function.php 第 213 行.
NOTIC: [8] Undefined index: openNew D:\wamp\www\wscloud\backoffice\Application\Office\Common\function.php 第 226 行.
NOTIC: [8] Undefined index: icon D:\wamp\www\wscloud\backoffice\Application\Office\Common\function.php 第 230 行.
NOTIC: [8] Undefined index: openNew D:\wamp\www\wscloud\backoffice\Application\Office\Common\function.php 第 226 行.
NOTIC: [8] Undefined index: icon D:\wamp\www\wscloud\backoffice\Application\Office\Common\function.php 第 230 行.
NOTIC: [8] Undefined index: openNew D:\wamp\www\wscloud\backoffice\Application\Office\Common\function.php 第 226 行.
NOTIC: [8] Undefined index: icon D:\wamp\www\wscloud\backoffice\Application\Office\Common\function.php 第 230 行.
NOTIC: [2] in_array() expects parameter 2 to be array, integer given D:\wamp\www\wscloud\backoffice\Application\Office\Common\function.php 第 213 行.
NOTIC: [8] Undefined index: openNew D:\wamp\www\wscloud\backoffice\Application\Office\Common\function.php 第 226 行.
NOTIC: [8] Undefined index: icon D:\wamp\www\wscloud\backoffice\Application\Office\Common\function.php 第 230 行.
NOTIC: [8] Undefined index: openNew D:\wamp\www\wscloud\backoffice\Application\Office\Common\function.php 第 226 行.
NOTIC: [8] Undefined index: icon D:\wamp\www\wscloud\backoffice\Application\Office\Common\function.php 第 230 行.
NOTIC: [2] in_array() expects parameter 2 to be array, integer given D:\wamp\www\wscloud\backoffice\Application\Office\Common\function.php 第 213 行.
NOTIC: [8] Undefined index: openNew D:\wamp\www\wscloud\backoffice\Application\Office\Common\function.php 第 226 行.
NOTIC: [8] Undefined index: icon D:\wamp\www\wscloud\backoffice\Application\Office\Common\function.php 第 230 行.
NOTIC: [8] Undefined index: icon D:\wamp\www\wscloud\backoffice\Application\Office\Common\function.php 第 227 行.
NOTIC: [2] in_array() expects parameter 2 to be array, integer given D:\wamp\www\wscloud\backoffice\Application\Office\Common\function.php 第 213 行.
NOTIC: [8] Undefined index: openNew D:\wamp\www\wscloud\backoffice\Application\Office\Common\function.php 第 226 行.
NOTIC: [8] Undefined index: icon D:\wamp\www\wscloud\backoffice\Application\Office\Common\function.php 第 230 行.
NOTIC: [8] Undefined index: openNew D:\wamp\www\wscloud\backoffice\Application\Office\Common\function.php 第 226 行.
NOTIC: [8] Undefined index: icon D:\wamp\www\wscloud\backoffice\Application\Office\Common\function.php 第 230 行.
NOTIC: [8] Undefined index: openNew D:\wamp\www\wscloud\backoffice\Application\Office\Common\function.php 第 226 行.
NOTIC: [8] Undefined index: icon D:\wamp\www\wscloud\backoffice\Application\Office\Common\function.php 第 230 行.
NOTIC: [8] Undefined property: stdClass::$id D:\wamp\www\wscloud\backoffice\Application\Lib\BaseManagementController.class.php 第 101 行.

[ 2018-10-25T16:29:44+08:00 ] ::1 /favicon.ico
INFO: [ app_init ] --START--
INFO: Run Behavior\BuildLiteBehavior [ RunTime:0.000034s ]
INFO: [ app_init ] --END-- [ RunTime:0.000779s ]

[ 2018-10-25T16:30:22+08:00 ] ::1 /Office/Device/lists
INFO: [ app_init ] --START--
INFO: Run Behavior\BuildLiteBehavior [ RunTime:0.000022s ]
INFO: [ app_init ] --END-- [ RunTime:0.000454s ]
INFO: [ app_begin ] --START--
INFO: Run Behavior\ReadHtmlCacheBehavior [ RunTime:0.000659s ]
INFO: [ app_begin ] --END-- [ RunTime:0.000761s ]
NOTIC: [8] Undefined index: login D:\wamp\www\wscloud\backoffice\Application\Lib\BaseManagementController.class.php 第 124 行.
NOTIC: [8] Trying to get property of non-object D:\wamp\www\wscloud\backoffice\Application\Lib\BaseManagementController.class.php 第 124 行.
NOTIC: [8] Undefined index: login D:\wamp\www\wscloud\backoffice\Application\Lib\BaseManagementController.class.php 第 125 行.
NOTIC: [8] Trying to get property of non-object D:\wamp\www\wscloud\backoffice\Application\Lib\BaseManagementController.class.php 第 125 行.
NOTIC: [2] in_array() expects parameter 2 to be array, integer given D:\wamp\www\wscloud\backoffice\Application\Office\Common\function.php 第 213 行.
NOTIC: [8] Undefined index: openNew D:\wamp\www\wscloud\backoffice\Application\Office\Common\function.php 第 226 行.
NOTIC: [8] Undefined index: icon D:\wamp\www\wscloud\backoffice\Application\Office\Common\function.php 第 230 行.
NOTIC: [8] Undefined index: openNew D:\wamp\www\wscloud\backoffice\Application\Office\Common\function.php 第 226 行.
NOTIC: [8] Undefined index: icon D:\wamp\www\wscloud\backoffice\Application\Office\Common\function.php 第 230 行.
NOTIC: [2] in_array() expects parameter 2 to be array, integer given D:\wamp\www\wscloud\backoffice\Application\Office\Common\function.php 第 213 行.
NOTIC: [8] Undefined index: openNew D:\wamp\www\wscloud\backoffice\Application\Office\Common\function.php 第 226 行.
NOTIC: [8] Undefined index: icon D:\wamp\www\wscloud\backoffice\Application\Office\Common\function.php 第 230 行.
NOTIC: [8] Undefined index: openNew D:\wamp\www\wscloud\backoffice\Application\Office\Common\function.php 第 226 行.
NOTIC: [8] Undefined index: icon D:\wamp\www\wscloud\backoffice\Application\Office\Common\function.php 第 230 行.
NOTIC: [2] in_array() expects parameter 2 to be array, integer given D:\wamp\www\wscloud\backoffice\Application\Office\Common\function.php 第 213 行.
NOTIC: [8] Undefined index: openNew D:\wamp\www\wscloud\backoffice\Application\Office\Common\function.php 第 226 行.
NOTIC: [8] Undefined index: icon D:\wamp\www\wscloud\backoffice\Application\Office\Common\function.php 第 230 行.
NOTIC: [8] Undefined index: openNew D:\wamp\www\wscloud\backoffice\Application\Office\Common\function.php 第 226 行.
NOTIC: [8] Undefined index: icon D:\wamp\www\wscloud\backoffice\Application\Office\Common\function.php 第 230 行.
NOTIC: [2] in_array() expects parameter 2 to be array, integer given D:\wamp\www\wscloud\backoffice\Application\Office\Common\function.php 第 213 行.
NOTIC: [8] Undefined index: openNew D:\wamp\www\wscloud\backoffice\Application\Office\Common\function.php 第 226 行.
NOTIC: [8] Undefined index: icon D:\wamp\www\wscloud\backoffice\Application\Office\Common\function.php 第 230 行.
NOTIC: [8] Undefined index: openNew D:\wamp\www\wscloud\backoffice\Application\Office\Common\function.php 第 226 行.
NOTIC: [8] Undefined index: icon D:\wamp\www\wscloud\backoffice\Application\Office\Common\function.php 第 230 行.
NOTIC: [8] Undefined index: openNew D:\wamp\www\wscloud\backoffice\Application\Office\Common\function.php 第 226 行.
NOTIC: [8] Undefined index: icon D:\wamp\www\wscloud\backoffice\Application\Office\Common\function.php 第 230 行.
NOTIC: [2] in_array() expects parameter 2 to be array, integer given D:\wamp\www\wscloud\backoffice\Application\Office\Common\function.php 第 213 行.
NOTIC: [8] Undefined index: openNew D:\wamp\www\wscloud\backoffice\Application\Office\Common\function.php 第 226 行.
NOTIC: [8] Undefined index: icon D:\wamp\www\wscloud\backoffice\Application\Office\Common\function.php 第 230 行.
NOTIC: [8] Undefined index: openNew D:\wamp\www\wscloud\backoffice\Application\Office\Common\function.php 第 226 行.
NOTIC: [8] Undefined index: icon D:\wamp\www\wscloud\backoffice\Application\Office\Common\function.php 第 230 行.
NOTIC: [2] in_array() expects parameter 2 to be array, integer given D:\wamp\www\wscloud\backoffice\Application\Office\Common\function.php 第 213 行.
NOTIC: [8] Undefined index: openNew D:\wamp\www\wscloud\backoffice\Application\Office\Common\function.php 第 226 行.
NOTIC: [8] Undefined index: icon D:\wamp\www\wscloud\backoffice\Application\Office\Common\function.php 第 230 行.
NOTIC: [8] Undefined index: icon D:\wamp\www\wscloud\backoffice\Application\Office\Common\function.php 第 227 行.
NOTIC: [2] in_array() expects parameter 2 to be array, integer given D:\wamp\www\wscloud\backoffice\Application\Office\Common\function.php 第 213 行.
NOTIC: [8] Undefined index: openNew D:\wamp\www\wscloud\backoffice\Application\Office\Common\function.php 第 226 行.
NOTIC: [8] Undefined index: icon D:\wamp\www\wscloud\backoffice\Application\Office\Common\function.php 第 230 行.
NOTIC: [8] Undefined index: openNew D:\wamp\www\wscloud\backoffice\Application\Office\Common\function.php 第 226 行.
NOTIC: [8] Undefined index: icon D:\wamp\www\wscloud\backoffice\Application\Office\Common\function.php 第 230 行.
NOTIC: [8] Undefined index: openNew D:\wamp\www\wscloud\backoffice\Application\Office\Common\function.php 第 226 行.
NOTIC: [8] Undefined index: icon D:\wamp\www\wscloud\backoffice\Application\Office\Common\function.php 第 230 行.
NOTIC: [8] Undefined property: stdClass::$id D:\wamp\www\wscloud\backoffice\Application\Lib\BaseManagementController.class.php 第 101 行.

[ 2018-10-25T16:30:47+08:00 ] ::1 /Office/Device/lists
INFO: [ app_init ] --START--
INFO: Run Behavior\BuildLiteBehavior [ RunTime:0.000033s ]
INFO: [ app_init ] --END-- [ RunTime:0.000714s ]
INFO: [ app_begin ] --START--
INFO: Run Behavior\ReadHtmlCacheBehavior [ RunTime:0.001099s ]
INFO: [ app_begin ] --END-- [ RunTime:0.001283s ]
NOTIC: [8] Undefined index: login D:\wamp\www\wscloud\backoffice\Application\Lib\BaseManagementController.class.php 第 124 行.
NOTIC: [8] Trying to get property of non-object D:\wamp\www\wscloud\backoffice\Application\Lib\BaseManagementController.class.php 第 124 行.
NOTIC: [8] Undefined index: login D:\wamp\www\wscloud\backoffice\Application\Lib\BaseManagementController.class.php 第 125 行.
NOTIC: [8] Trying to get property of non-object D:\wamp\www\wscloud\backoffice\Application\Lib\BaseManagementController.class.php 第 125 行.
NOTIC: [2] in_array() expects parameter 2 to be array, integer given D:\wamp\www\wscloud\backoffice\Application\Office\Common\function.php 第 213 行.
NOTIC: [8] Undefined index: openNew D:\wamp\www\wscloud\backoffice\Application\Office\Common\function.php 第 226 行.
NOTIC: [8] Undefined index: icon D:\wamp\www\wscloud\backoffice\Application\Office\Common\function.php 第 230 行.
NOTIC: [8] Undefined index: openNew D:\wamp\www\wscloud\backoffice\Application\Office\Common\function.php 第 226 行.
NOTIC: [8] Undefined index: icon D:\wamp\www\wscloud\backoffice\Application\Office\Common\function.php 第 230 行.
NOTIC: [2] in_array() expects parameter 2 to be array, integer given D:\wamp\www\wscloud\backoffice\Application\Office\Common\function.php 第 213 行.
NOTIC: [8] Undefined index: openNew D:\wamp\www\wscloud\backoffice\Application\Office\Common\function.php 第 226 行.
NOTIC: [8] Undefined index: icon D:\wamp\www\wscloud\backoffice\Application\Office\Common\function.php 第 230 行.
NOTIC: [8] Undefined index: openNew D:\wamp\www\wscloud\backoffice\Application\Office\Common\function.php 第 226 行.
NOTIC: [8] Undefined index: icon D:\wamp\www\wscloud\backoffice\Application\Office\Common\function.php 第 230 行.
NOTIC: [2] in_array() expects parameter 2 to be array, integer given D:\wamp\www\wscloud\backoffice\Application\Office\Common\function.php 第 213 行.
NOTIC: [8] Undefined index: openNew D:\wamp\www\wscloud\backoffice\Application\Office\Common\function.php 第 226 行.
NOTIC: [8] Undefined index: icon D:\wamp\www\wscloud\backoffice\Application\Office\Common\function.php 第 230 行.
NOTIC: [8] Undefined index: openNew D:\wamp\www\wscloud\backoffice\Application\Office\Common\function.php 第 226 行.
NOTIC: [8] Undefined index: icon D:\wamp\www\wscloud\backoffice\Application\Office\Common\function.php 第 230 行.
NOTIC: [2] in_array() expects parameter 2 to be array, integer given D:\wamp\www\wscloud\backoffice\Application\Office\Common\function.php 第 213 行.
NOTIC: [8] Undefined index: openNew D:\wamp\www\wscloud\backoffice\Application\Office\Common\function.php 第 226 行.
NOTIC: [8] Undefined index: icon D:\wamp\www\wscloud\backoffice\Application\Office\Common\function.php 第 230 行.
NOTIC: [8] Undefined index: openNew D:\wamp\www\wscloud\backoffice\Application\Office\Common\function.php 第 226 行.
NOTIC: [8] Undefined index: icon D:\wamp\www\wscloud\backoffice\Application\Office\Common\function.php 第 230 行.
NOTIC: [8] Undefined index: openNew D:\wamp\www\wscloud\backoffice\Application\Office\Common\function.php 第 226 行.
NOTIC: [8] Undefined index: icon D:\wamp\www\wscloud\backoffice\Application\Office\Common\function.php 第 230 行.
NOTIC: [2] in_array() expects parameter 2 to be array, integer given D:\wamp\www\wscloud\backoffice\Application\Office\Common\function.php 第 213 行.
NOTIC: [8] Undefined index: openNew D:\wamp\www\wscloud\backoffice\Application\Office\Common\function.php 第 226 行.
NOTIC: [8] Undefined index: icon D:\wamp\www\wscloud\backoffice\Application\Office\Common\function.php 第 230 行.
NOTIC: [8] Undefined index: openNew D:\wamp\www\wscloud\backoffice\Application\Office\Common\function.php 第 226 行.
NOTIC: [8] Undefined index: icon D:\wamp\www\wscloud\backoffice\Application\Office\Common\function.php 第 230 行.
NOTIC: [2] in_array() expects parameter 2 to be array, integer given D:\wamp\www\wscloud\backoffice\Application\Office\Common\function.php 第 213 行.
NOTIC: [8] Undefined index: openNew D:\wamp\www\wscloud\backoffice\Application\Office\Common\function.php 第 226 行.
NOTIC: [8] Undefined index: icon D:\wamp\www\wscloud\backoffice\Application\Office\Common\function.php 第 230 行.
NOTIC: [8] Undefined index: icon D:\wamp\www\wscloud\backoffice\Application\Office\Common\function.php 第 227 行.
NOTIC: [2] in_array() expects parameter 2 to be array, integer given D:\wamp\www\wscloud\backoffice\Application\Office\Common\function.php 第 213 行.
NOTIC: [8] Undefined index: openNew D:\wamp\www\wscloud\backoffice\Application\Office\Common\function.php 第 226 行.
NOTIC: [8] Undefined index: icon D:\wamp\www\wscloud\backoffice\Application\Office\Common\function.php 第 230 行.
NOTIC: [8] Undefined index: openNew D:\wamp\www\wscloud\backoffice\Application\Office\Common\function.php 第 226 行.
NOTIC: [8] Undefined index: icon D:\wamp\www\wscloud\backoffice\Application\Office\Common\function.php 第 230 行.
NOTIC: [8] Undefined index: openNew D:\wamp\www\wscloud\backoffice\Application\Office\Common\function.php 第 226 行.
NOTIC: [8] Undefined index: icon D:\wamp\www\wscloud\backoffice\Application\Office\Common\function.php 第 230 行.
NOTIC: [8] Undefined property: stdClass::$id D:\wamp\www\wscloud\backoffice\Application\Lib\BaseManagementController.class.php 第 101 行.

[ 2018-10-25T16:31:17+08:00 ] ::1 /Office/Device/lists
INFO: [ app_init ] --START--
INFO: Run Behavior\BuildLiteBehavior [ RunTime:0.000034s ]
INFO: [ app_init ] --END-- [ RunTime:0.000749s ]
INFO: [ app_begin ] --START--
INFO: Run Behavior\ReadHtmlCacheBehavior [ RunTime:0.000841s ]
INFO: [ app_begin ] --END-- [ RunTime:0.000957s ]
NOTIC: [8] Undefined index: login D:\wamp\www\wscloud\backoffice\Application\Lib\BaseManagementController.class.php 第 124 行.
NOTIC: [8] Trying to get property of non-object D:\wamp\www\wscloud\backoffice\Application\Lib\BaseManagementController.class.php 第 124 行.
NOTIC: [8] Undefined index: login D:\wamp\www\wscloud\backoffice\Application\Lib\BaseManagementController.class.php 第 125 行.
NOTIC: [8] Trying to get property of non-object D:\wamp\www\wscloud\backoffice\Application\Lib\BaseManagementController.class.php 第 125 行.
NOTIC: [2] in_array() expects parameter 2 to be array, integer given D:\wamp\www\wscloud\backoffice\Application\Office\Common\function.php 第 213 行.
NOTIC: [8] Undefined index: openNew D:\wamp\www\wscloud\backoffice\Application\Office\Common\function.php 第 226 行.
NOTIC: [8] Undefined index: icon D:\wamp\www\wscloud\backoffice\Application\Office\Common\function.php 第 230 行.
NOTIC: [8] Undefined index: openNew D:\wamp\www\wscloud\backoffice\Application\Office\Common\function.php 第 226 行.
NOTIC: [8] Undefined index: icon D:\wamp\www\wscloud\backoffice\Application\Office\Common\function.php 第 230 行.
NOTIC: [2] in_array() expects parameter 2 to be array, integer given D:\wamp\www\wscloud\backoffice\Application\Office\Common\function.php 第 213 行.
NOTIC: [8] Undefined index: openNew D:\wamp\www\wscloud\backoffice\Application\Office\Common\function.php 第 226 行.
NOTIC: [8] Undefined index: icon D:\wamp\www\wscloud\backoffice\Application\Office\Common\function.php 第 230 行.
NOTIC: [8] Undefined index: openNew D:\wamp\www\wscloud\backoffice\Application\Office\Common\function.php 第 226 行.
NOTIC: [8] Undefined index: icon D:\wamp\www\wscloud\backoffice\Application\Office\Common\function.php 第 230 行.
NOTIC: [2] in_array() expects parameter 2 to be array, integer given D:\wamp\www\wscloud\backoffice\Application\Office\Common\function.php 第 213 行.
NOTIC: [8] Undefined index: openNew D:\wamp\www\wscloud\backoffice\Application\Office\Common\function.php 第 226 行.
NOTIC: [8] Undefined index: icon D:\wamp\www\wscloud\backoffice\Application\Office\Common\function.php 第 230 行.
NOTIC: [8] Undefined index: openNew D:\wamp\www\wscloud\backoffice\Application\Office\Common\function.php 第 226 行.
NOTIC: [8] Undefined index: icon D:\wamp\www\wscloud\backoffice\Application\Office\Common\function.php 第 230 行.
NOTIC: [2] in_array() expects parameter 2 to be array, integer given D:\wamp\www\wscloud\backoffice\Application\Office\Common\function.php 第 213 行.
NOTIC: [8] Undefined index: openNew D:\wamp\www\wscloud\backoffice\Application\Office\Common\function.php 第 226 行.
NOTIC: [8] Undefined index: icon D:\wamp\www\wscloud\backoffice\Application\Office\Common\function.php 第 230 行.
NOTIC: [8] Undefined index: openNew D:\wamp\www\wscloud\backoffice\Application\Office\Common\function.php 第 226 行.
NOTIC: [8] Undefined index: icon D:\wamp\www\wscloud\backoffice\Application\Office\Common\function.php 第 230 行.
NOTIC: [8] Undefined index: openNew D:\wamp\www\wscloud\backoffice\Application\Office\Common\function.php 第 226 行.
NOTIC: [8] Undefined index: icon D:\wamp\www\wscloud\backoffice\Application\Office\Common\function.php 第 230 行.
NOTIC: [2] in_array() expects parameter 2 to be array, integer given D:\wamp\www\wscloud\backoffice\Application\Office\Common\function.php 第 213 行.
NOTIC: [8] Undefined index: openNew D:\wamp\www\wscloud\backoffice\Application\Office\Common\function.php 第 226 行.
NOTIC: [8] Undefined index: icon D:\wamp\www\wscloud\backoffice\Application\Office\Common\function.php 第 230 行.
NOTIC: [8] Undefined index: openNew D:\wamp\www\wscloud\backoffice\Application\Office\Common\function.php 第 226 行.
NOTIC: [8] Undefined index: icon D:\wamp\www\wscloud\backoffice\Application\Office\Common\function.php 第 230 行.
NOTIC: [2] in_array() expects parameter 2 to be array, integer given D:\wamp\www\wscloud\backoffice\Application\Office\Common\function.php 第 213 行.
NOTIC: [8] Undefined index: openNew D:\wamp\www\wscloud\backoffice\Application\Office\Common\function.php 第 226 行.
NOTIC: [8] Undefined index: icon D:\wamp\www\wscloud\backoffice\Application\Office\Common\function.php 第 230 行.
NOTIC: [8] Undefined index: icon D:\wamp\www\wscloud\backoffice\Application\Office\Common\function.php 第 227 行.
NOTIC: [2] in_array() expects parameter 2 to be array, integer given D:\wamp\www\wscloud\backoffice\Application\Office\Common\function.php 第 213 行.
NOTIC: [8] Undefined index: openNew D:\wamp\www\wscloud\backoffice\Application\Office\Common\function.php 第 226 行.
NOTIC: [8] Undefined index: icon D:\wamp\www\wscloud\backoffice\Application\Office\Common\function.php 第 230 行.
NOTIC: [8] Undefined index: openNew D:\wamp\www\wscloud\backoffice\Application\Office\Common\function.php 第 226 行.
NOTIC: [8] Undefined index: icon D:\wamp\www\wscloud\backoffice\Application\Office\Common\function.php 第 230 行.
NOTIC: [8] Undefined index: openNew D:\wamp\www\wscloud\backoffice\Application\Office\Common\function.php 第 226 行.
NOTIC: [8] Undefined index: icon D:\wamp\www\wscloud\backoffice\Application\Office\Common\function.php 第 230 行.
NOTIC: [8] Undefined property: stdClass::$id D:\wamp\www\wscloud\backoffice\Application\Lib\BaseManagementController.class.php 第 101 行.

[ 2018-10-25T16:31:34+08:00 ] ::1 /Office/Device/lists
INFO: [ app_init ] --START--
INFO: Run Behavior\BuildLiteBehavior [ RunTime:0.000023s ]
INFO: [ app_init ] --END-- [ RunTime:0.000504s ]
INFO: [ app_begin ] --START--
INFO: Run Behavior\ReadHtmlCacheBehavior [ RunTime:0.000970s ]
INFO: [ app_begin ] --END-- [ RunTime:0.001142s ]
NOTIC: [8] Undefined index: login D:\wamp\www\wscloud\backoffice\Application\Lib\BaseManagementController.class.php 第 124 行.
NOTIC: [8] Trying to get property of non-object D:\wamp\www\wscloud\backoffice\Application\Lib\BaseManagementController.class.php 第 124 行.
NOTIC: [8] Undefined index: login D:\wamp\www\wscloud\backoffice\Application\Lib\BaseManagementController.class.php 第 125 行.
NOTIC: [8] Trying to get property of non-object D:\wamp\www\wscloud\backoffice\Application\Lib\BaseManagementController.class.php 第 125 行.
NOTIC: [2] in_array() expects parameter 2 to be array, integer given D:\wamp\www\wscloud\backoffice\Application\Office\Common\function.php 第 213 行.
NOTIC: [8] Undefined index: openNew D:\wamp\www\wscloud\backoffice\Application\Office\Common\function.php 第 226 行.
NOTIC: [8] Undefined index: icon D:\wamp\www\wscloud\backoffice\Application\Office\Common\function.php 第 230 行.
NOTIC: [8] Undefined index: openNew D:\wamp\www\wscloud\backoffice\Application\Office\Common\function.php 第 226 行.
NOTIC: [8] Undefined index: icon D:\wamp\www\wscloud\backoffice\Application\Office\Common\function.php 第 230 行.
NOTIC: [2] in_array() expects parameter 2 to be array, integer given D:\wamp\www\wscloud\backoffice\Application\Office\Common\function.php 第 213 行.
NOTIC: [8] Undefined index: openNew D:\wamp\www\wscloud\backoffice\Application\Office\Common\function.php 第 226 行.
NOTIC: [8] Undefined index: icon D:\wamp\www\wscloud\backoffice\Application\Office\Common\function.php 第 230 行.
NOTIC: [8] Undefined index: openNew D:\wamp\www\wscloud\backoffice\Application\Office\Common\function.php 第 226 行.
NOTIC: [8] Undefined index: icon D:\wamp\www\wscloud\backoffice\Application\Office\Common\function.php 第 230 行.
NOTIC: [2] in_array() expects parameter 2 to be array, integer given D:\wamp\www\wscloud\backoffice\Application\Office\Common\function.php 第 213 行.
NOTIC: [8] Undefined index: openNew D:\wamp\www\wscloud\backoffice\Application\Office\Common\function.php 第 226 行.
NOTIC: [8] Undefined index: icon D:\wamp\www\wscloud\backoffice\Application\Office\Common\function.php 第 230 行.
NOTIC: [8] Undefined index: openNew D:\wamp\www\wscloud\backoffice\Application\Office\Common\function.php 第 226 行.
NOTIC: [8] Undefined index: icon D:\wamp\www\wscloud\backoffice\Application\Office\Common\function.php 第 230 行.
NOTIC: [2] in_array() expects parameter 2 to be array, integer given D:\wamp\www\wscloud\backoffice\Application\Office\Common\function.php 第 213 行.
NOTIC: [8] Undefined index: openNew D:\wamp\www\wscloud\backoffice\Application\Office\Common\function.php 第 226 行.
NOTIC: [8] Undefined index: icon D:\wamp\www\wscloud\backoffice\Application\Office\Common\function.php 第 230 行.
NOTIC: [8] Undefined index: openNew D:\wamp\www\wscloud\backoffice\Application\Office\Common\function.php 第 226 行.
NOTIC: [8] Undefined index: icon D:\wamp\www\wscloud\backoffice\Application\Office\Common\function.php 第 230 行.
NOTIC: [8] Undefined index: openNew D:\wamp\www\wscloud\backoffice\Application\Office\Common\function.php 第 226 行.
NOTIC: [8] Undefined index: icon D:\wamp\www\wscloud\backoffice\Application\Office\Common\function.php 第 230 行.
NOTIC: [2] in_array() expects parameter 2 to be array, integer given D:\wamp\www\wscloud\backoffice\Application\Office\Common\function.php 第 213 行.
NOTIC: [8] Undefined index: openNew D:\wamp\www\wscloud\backoffice\Application\Office\Common\function.php 第 226 行.
NOTIC: [8] Undefined index: icon D:\wamp\www\wscloud\backoffice\Application\Office\Common\function.php 第 230 行.
NOTIC: [8] Undefined index: openNew D:\wamp\www\wscloud\backoffice\Application\Office\Common\function.php 第 226 行.
NOTIC: [8] Undefined index: icon D:\wamp\www\wscloud\backoffice\Application\Office\Common\function.php 第 230 行.
NOTIC: [2] in_array() expects parameter 2 to be array, integer given D:\wamp\www\wscloud\backoffice\Application\Office\Common\function.php 第 213 行.
NOTIC: [8] Undefined index: openNew D:\wamp\www\wscloud\backoffice\Application\Office\Common\function.php 第 226 行.
NOTIC: [8] Undefined index: icon D:\wamp\www\wscloud\backoffice\Application\Office\Common\function.php 第 230 行.
NOTIC: [8] Undefined index: icon D:\wamp\www\wscloud\backoffice\Application\Office\Common\function.php 第 227 行.
NOTIC: [2] in_array() expects parameter 2 to be array, integer given D:\wamp\www\wscloud\backoffice\Application\Office\Common\function.php 第 213 行.
NOTIC: [8] Undefined index: openNew D:\wamp\www\wscloud\backoffice\Application\Office\Common\function.php 第 226 行.
NOTIC: [8] Undefined index: icon D:\wamp\www\wscloud\backoffice\Application\Office\Common\function.php 第 230 行.
NOTIC: [8] Undefined index: openNew D:\wamp\www\wscloud\backoffice\Application\Office\Common\function.php 第 226 行.
NOTIC: [8] Undefined index: icon D:\wamp\www\wscloud\backoffice\Application\Office\Common\function.php 第 230 行.
NOTIC: [8] Undefined index: openNew D:\wamp\www\wscloud\backoffice\Application\Office\Common\function.php 第 226 行.
NOTIC: [8] Undefined index: icon D:\wamp\www\wscloud\backoffice\Application\Office\Common\function.php 第 230 行.
NOTIC: [8] Undefined property: stdClass::$id D:\wamp\www\wscloud\backoffice\Application\Lib\BaseManagementController.class.php 第 101 行.

[ 2018-10-25T16:33:17+08:00 ] ::1 /Office/Device/lists
INFO: [ app_init ] --START--
INFO: Run Behavior\BuildLiteBehavior [ RunTime:0.000035s ]
INFO: [ app_init ] --END-- [ RunTime:0.000818s ]
INFO: [ app_begin ] --START--
INFO: Run Behavior\ReadHtmlCacheBehavior [ RunTime:0.000885s ]
INFO: [ app_begin ] --END-- [ RunTime:0.001020s ]
NOTIC: [8] Undefined index: login D:\wamp\www\wscloud\backoffice\Application\Lib\BaseManagementController.class.php 第 124 行.
NOTIC: [8] Trying to get property of non-object D:\wamp\www\wscloud\backoffice\Application\Lib\BaseManagementController.class.php 第 124 行.
NOTIC: [8] Undefined index: login D:\wamp\www\wscloud\backoffice\Application\Lib\BaseManagementController.class.php 第 125 行.
NOTIC: [8] Trying to get property of non-object D:\wamp\www\wscloud\backoffice\Application\Lib\BaseManagementController.class.php 第 125 行.
NOTIC: [2] in_array() expects parameter 2 to be array, integer given D:\wamp\www\wscloud\backoffice\Application\Office\Common\function.php 第 213 行.
NOTIC: [8] Undefined index: openNew D:\wamp\www\wscloud\backoffice\Application\Office\Common\function.php 第 226 行.
NOTIC: [8] Undefined index: icon D:\wamp\www\wscloud\backoffice\Application\Office\Common\function.php 第 230 行.
NOTIC: [8] Undefined index: openNew D:\wamp\www\wscloud\backoffice\Application\Office\Common\function.php 第 226 行.
NOTIC: [8] Undefined index: icon D:\wamp\www\wscloud\backoffice\Application\Office\Common\function.php 第 230 行.
NOTIC: [2] in_array() expects parameter 2 to be array, integer given D:\wamp\www\wscloud\backoffice\Application\Office\Common\function.php 第 213 行.
NOTIC: [8] Undefined index: openNew D:\wamp\www\wscloud\backoffice\Application\Office\Common\function.php 第 226 行.
NOTIC: [8] Undefined index: icon D:\wamp\www\wscloud\backoffice\Application\Office\Common\function.php 第 230 行.
NOTIC: [8] Undefined index: openNew D:\wamp\www\wscloud\backoffice\Application\Office\Common\function.php 第 226 行.
NOTIC: [8] Undefined index: icon D:\wamp\www\wscloud\backoffice\Application\Office\Common\function.php 第 230 行.
NOTIC: [2] in_array() expects parameter 2 to be array, integer given D:\wamp\www\wscloud\backoffice\Application\Office\Common\function.php 第 213 行.
NOTIC: [8] Undefined index: openNew D:\wamp\www\wscloud\backoffice\Application\Office\Common\function.php 第 226 行.
NOTIC: [8] Undefined index: icon D:\wamp\www\wscloud\backoffice\Application\Office\Common\function.php 第 230 行.
NOTIC: [8] Undefined index: openNew D:\wamp\www\wscloud\backoffice\Application\Office\Common\function.php 第 226 行.
NOTIC: [8] Undefined index: icon D:\wamp\www\wscloud\backoffice\Application\Office\Common\function.php 第 230 行.
NOTIC: [2] in_array() expects parameter 2 to be array, integer given D:\wamp\www\wscloud\backoffice\Application\Office\Common\function.php 第 213 行.
NOTIC: [8] Undefined index: openNew D:\wamp\www\wscloud\backoffice\Application\Office\Common\function.php 第 226 行.
NOTIC: [8] Undefined index: icon D:\wamp\www\wscloud\backoffice\Application\Office\Common\function.php 第 230 行.
NOTIC: [8] Undefined index: openNew D:\wamp\www\wscloud\backoffice\Application\Office\Common\function.php 第 226 行.
NOTIC: [8] Undefined index: icon D:\wamp\www\wscloud\backoffice\Application\Office\Common\function.php 第 230 行.
NOTIC: [8] Undefined index: openNew D:\wamp\www\wscloud\backoffice\Application\Office\Common\function.php 第 226 行.
NOTIC: [8] Undefined index: icon D:\wamp\www\wscloud\backoffice\Application\Office\Common\function.php 第 230 行.
NOTIC: [2] in_array() expects parameter 2 to be array, integer given D:\wamp\www\wscloud\backoffice\Application\Office\Common\function.php 第 213 行.
NOTIC: [8] Undefined index: openNew D:\wamp\www\wscloud\backoffice\Application\Office\Common\function.php 第 226 行.
NOTIC: [8] Undefined index: icon D:\wamp\www\wscloud\backoffice\Application\Office\Common\function.php 第 230 行.
NOTIC: [8] Undefined index: openNew D:\wamp\www\wscloud\backoffice\Application\Office\Common\function.php 第 226 行.
NOTIC: [8] Undefined index: icon D:\wamp\www\wscloud\backoffice\Application\Office\Common\function.php 第 230 行.
NOTIC: [2] in_array() expects parameter 2 to be array, integer given D:\wamp\www\wscloud\backoffice\Application\Office\Common\function.php 第 213 行.
NOTIC: [8] Undefined index: openNew D:\wamp\www\wscloud\backoffice\Application\Office\Common\function.php 第 226 行.
NOTIC: [8] Undefined index: icon D:\wamp\www\wscloud\backoffice\Application\Office\Common\function.php 第 230 行.
NOTIC: [8] Undefined index: icon D:\wamp\www\wscloud\backoffice\Application\Office\Common\function.php 第 227 行.
NOTIC: [2] in_array() expects parameter 2 to be array, integer given D:\wamp\www\wscloud\backoffice\Application\Office\Common\function.php 第 213 行.
NOTIC: [8] Undefined index: openNew D:\wamp\www\wscloud\backoffice\Application\Office\Common\function.php 第 226 行.
NOTIC: [8] Undefined index: icon D:\wamp\www\wscloud\backoffice\Application\Office\Common\function.php 第 230 行.
NOTIC: [8] Undefined index: openNew D:\wamp\www\wscloud\backoffice\Application\Office\Common\function.php 第 226 行.
NOTIC: [8] Undefined index: icon D:\wamp\www\wscloud\backoffice\Application\Office\Common\function.php 第 230 行.
NOTIC: [8] Undefined index: openNew D:\wamp\www\wscloud\backoffice\Application\Office\Common\function.php 第 226 行.
NOTIC: [8] Undefined index: icon D:\wamp\www\wscloud\backoffice\Application\Office\Common\function.php 第 230 行.
NOTIC: [8] Undefined property: stdClass::$id D:\wamp\www\wscloud\backoffice\Application\Lib\BaseManagementController.class.php 第 101 行.

[ 2018-10-25T17:07:32+08:00 ] ::1 /Office/Device/lists
INFO: [ app_init ] --START--
INFO: Run Behavior\BuildLiteBehavior [ RunTime:0.000032s ]
INFO: [ app_init ] --END-- [ RunTime:0.000722s ]
INFO: [ app_begin ] --START--
INFO: Run Behavior\ReadHtmlCacheBehavior [ RunTime:0.001156s ]
INFO: [ app_begin ] --END-- [ RunTime:0.001321s ]
NOTIC: [8] Undefined index: login D:\wamp\www\wscloud\backoffice\Application\Lib\BaseManagementController.class.php 第 124 行.
NOTIC: [8] Trying to get property of non-object D:\wamp\www\wscloud\backoffice\Application\Lib\BaseManagementController.class.php 第 124 行.
NOTIC: [8] Undefined index: login D:\wamp\www\wscloud\backoffice\Application\Lib\BaseManagementController.class.php 第 125 行.
NOTIC: [8] Trying to get property of non-object D:\wamp\www\wscloud\backoffice\Application\Lib\BaseManagementController.class.php 第 125 行.
NOTIC: [2] in_array() expects parameter 2 to be array, integer given D:\wamp\www\wscloud\backoffice\Application\Office\Common\function.php 第 213 行.
NOTIC: [8] Undefined index: openNew D:\wamp\www\wscloud\backoffice\Application\Office\Common\function.php 第 226 行.
NOTIC: [8] Undefined index: icon D:\wamp\www\wscloud\backoffice\Application\Office\Common\function.php 第 230 行.
NOTIC: [8] Undefined index: openNew D:\wamp\www\wscloud\backoffice\Application\Office\Common\function.php 第 226 行.
NOTIC: [8] Undefined index: icon D:\wamp\www\wscloud\backoffice\Application\Office\Common\function.php 第 230 行.
NOTIC: [2] in_array() expects parameter 2 to be array, integer given D:\wamp\www\wscloud\backoffice\Application\Office\Common\function.php 第 213 行.
NOTIC: [8] Undefined index: openNew D:\wamp\www\wscloud\backoffice\Application\Office\Common\function.php 第 226 行.
NOTIC: [8] Undefined index: icon D:\wamp\www\wscloud\backoffice\Application\Office\Common\function.php 第 230 行.
NOTIC: [8] Undefined index: openNew D:\wamp\www\wscloud\backoffice\Application\Office\Common\function.php 第 226 行.
NOTIC: [8] Undefined index: icon D:\wamp\www\wscloud\backoffice\Application\Office\Common\function.php 第 230 行.
NOTIC: [2] in_array() expects parameter 2 to be array, integer given D:\wamp\www\wscloud\backoffice\Application\Office\Common\function.php 第 213 行.
NOTIC: [8] Undefined index: openNew D:\wamp\www\wscloud\backoffice\Application\Office\Common\function.php 第 226 行.
NOTIC: [8] Undefined index: icon D:\wamp\www\wscloud\backoffice\Application\Office\Common\function.php 第 230 行.
NOTIC: [8] Undefined index: openNew D:\wamp\www\wscloud\backoffice\Application\Office\Common\function.php 第 226 行.
NOTIC: [8] Undefined index: icon D:\wamp\www\wscloud\backoffice\Application\Office\Common\function.php 第 230 行.
NOTIC: [2] in_array() expects parameter 2 to be array, integer given D:\wamp\www\wscloud\backoffice\Application\Office\Common\function.php 第 213 行.
NOTIC: [8] Undefined index: openNew D:\wamp\www\wscloud\backoffice\Application\Office\Common\function.php 第 226 行.
NOTIC: [8] Undefined index: icon D:\wamp\www\wscloud\backoffice\Application\Office\Common\function.php 第 230 行.
NOTIC: [8] Undefined index: openNew D:\wamp\www\wscloud\backoffice\Application\Office\Common\function.php 第 226 行.
NOTIC: [8] Undefined index: icon D:\wamp\www\wscloud\backoffice\Application\Office\Common\function.php 第 230 行.
NOTIC: [8] Undefined index: openNew D:\wamp\www\wscloud\backoffice\Application\Office\Common\function.php 第 226 行.
NOTIC: [8] Undefined index: icon D:\wamp\www\wscloud\backoffice\Application\Office\Common\function.php 第 230 行.
NOTIC: [2] in_array() expects parameter 2 to be array, integer given D:\wamp\www\wscloud\backoffice\Application\Office\Common\function.php 第 213 行.
NOTIC: [8] Undefined index: openNew D:\wamp\www\wscloud\backoffice\Application\Office\Common\function.php 第 226 行.
NOTIC: [8] Undefined index: icon D:\wamp\www\wscloud\backoffice\Application\Office\Common\function.php 第 230 行.
NOTIC: [8] Undefined index: openNew D:\wamp\www\wscloud\backoffice\Application\Office\Common\function.php 第 226 行.
NOTIC: [8] Undefined index: icon D:\wamp\www\wscloud\backoffice\Application\Office\Common\function.php 第 230 行.
NOTIC: [2] in_array() expects parameter 2 to be array, integer given D:\wamp\www\wscloud\backoffice\Application\Office\Common\function.php 第 213 行.
NOTIC: [8] Undefined index: openNew D:\wamp\www\wscloud\backoffice\Application\Office\Common\function.php 第 226 行.
NOTIC: [8] Undefined index: icon D:\wamp\www\wscloud\backoffice\Application\Office\Common\function.php 第 230 行.
NOTIC: [8] Undefined index: icon D:\wamp\www\wscloud\backoffice\Application\Office\Common\function.php 第 227 行.
NOTIC: [2] in_array() expects parameter 2 to be array, integer given D:\wamp\www\wscloud\backoffice\Application\Office\Common\function.php 第 213 行.
NOTIC: [8] Undefined index: openNew D:\wamp\www\wscloud\backoffice\Application\Office\Common\function.php 第 226 行.
NOTIC: [8] Undefined index: icon D:\wamp\www\wscloud\backoffice\Application\Office\Common\function.php 第 230 行.
NOTIC: [8] Undefined index: openNew D:\wamp\www\wscloud\backoffice\Application\Office\Common\function.php 第 226 行.
NOTIC: [8] Undefined index: icon D:\wamp\www\wscloud\backoffice\Application\Office\Common\function.php 第 230 行.
NOTIC: [8] Undefined index: openNew D:\wamp\www\wscloud\backoffice\Application\Office\Common\function.php 第 226 行.
NOTIC: [8] Undefined index: icon D:\wamp\www\wscloud\backoffice\Application\Office\Common\function.php 第 230 行.
NOTIC: [8] Undefined property: stdClass::$id D:\wamp\www\wscloud\backoffice\Application\Lib\BaseManagementController.class.php 第 101 行.
INFO: [ view_parse ] --START--
INFO: [ template_filter ] --START--
INFO: Run Behavior\ContentReplaceBehavior [ RunTime:0.000066s ]
INFO: [ template_filter ] --END-- [ RunTime:0.000157s ]
NOTIC: [8] Undefined variable: where_phone D:\wamp\www\wscloud\backoffice\Application\Runtime\Cache\Office\41cc02da897a6bb9f2d013dd07f00aa2.php 第 97 行.
INFO: Run Behavior\ParseTemplateBehavior [ RunTime:0.012015s ]
INFO: [ view_parse ] --END-- [ RunTime:0.012108s ]
INFO: [ view_filter ] --START--
INFO: Run Behavior\WriteHtmlCacheBehavior [ RunTime:0.000606s ]
INFO: [ view_filter ] --END-- [ RunTime:0.000699s ]
INFO: [ app_end ] --START--
INFO: Run Behavior\ShowPageTraceBehavior [ RunTime:0.001637s ]
INFO: [ app_end ] --END-- [ RunTime:0.001794s ]

[ 2018-10-25T17:07:33+08:00 ] ::1 /Office/Device/search?page=1&limit=10&name=null&serialNo=null&companyId=1447247968
INFO: [ app_init ] --START--
INFO: Run Behavior\BuildLiteBehavior [ RunTime:0.000022s ]
INFO: [ app_init ] --END-- [ RunTime:0.000507s ]
INFO: [ app_begin ] --START--
INFO: Run Behavior\ReadHtmlCacheBehavior [ RunTime:0.000665s ]
INFO: [ app_begin ] --END-- [ RunTime:0.000771s ]
NOTIC: [8] Undefined property: stdClass::$action D:\wamp\www\wscloud\backoffice\Application\Office\Controller\DeviceController.class.php 第 99 行.
NOTIC: [8] Undefined property: stdClass::$action D:\wamp\www\wscloud\backoffice\Application\Office\Controller\DeviceController.class.php 第 99 行.
NOTIC: [8] Undefined property: stdClass::$action D:\wamp\www\wscloud\backoffice\Application\Office\Controller\DeviceController.class.php 第 99 行.
NOTIC: [8] Undefined property: stdClass::$action D:\wamp\www\wscloud\backoffice\Application\Office\Controller\DeviceController.class.php 第 99 行.
NOTIC: [8] Undefined property: stdClass::$action D:\wamp\www\wscloud\backoffice\Application\Office\Controller\DeviceController.class.php 第 99 行.
NOTIC: [8] Undefined property: stdClass::$action D:\wamp\www\wscloud\backoffice\Application\Office\Controller\DeviceController.class.php 第 99 行.
NOTIC: [8] Undefined index: draw D:\wamp\www\wscloud\backoffice\Application\Lib\ListManagementController.class.php 第 101 行.

