[ 2019-01-10T09:33:20+08:00 ] ::1 /
INFO: [ app_init ] --START--
INFO: Run Behavior\BuildLiteBehavior [ RunTime:0.000031s ]
INFO: [ app_init ] --END-- [ RunTime:0.008264s ]
INFO: [ app_begin ] --START--
INFO: Run Behavior\ReadHtmlCacheBehavior [ RunTime:0.011958s ]
INFO: [ app_begin ] --END-- [ RunTime:0.012114s ]
NOTIC: [8] Trying to get property of non-object D:\wamp\www\wscloud\backoffice\Application\Lib\BaseManagementController.class.php 第 50 行.

[ 2019-01-10T09:33:24+08:00 ] ::1 /Office/ManagementLogin
INFO: [ app_init ] --START--
INFO: Run Behavior\BuildLiteBehavior [ RunTime:0.000042s ]
INFO: [ app_init ] --END-- [ RunTime:0.001156s ]
INFO: [ app_begin ] --START--
INFO: Run Behavior\ReadHtmlCacheBehavior [ RunTime:0.001156s ]
INFO: [ app_begin ] --END-- [ RunTime:0.001349s ]
NOTIC: [8] Undefined index: login D:\wamp\www\wscloud\backoffice\Application\Lib\BaseManagementController.class.php 第 126 行.
NOTIC: [8] Trying to get property of non-object D:\wamp\www\wscloud\backoffice\Application\Lib\BaseManagementController.class.php 第 126 行.
NOTIC: [8] Undefined index: login D:\wamp\www\wscloud\backoffice\Application\Lib\BaseManagementController.class.php 第 127 行.
NOTIC: [8] Trying to get property of non-object D:\wamp\www\wscloud\backoffice\Application\Lib\BaseManagementController.class.php 第 127 行.
NOTIC: [8] Trying to get property of non-object D:\wamp\www\wscloud\backoffice\Application\Lib\BaseManagementController.class.php 第 87 行.
NOTIC: [8] Trying to get property of non-object D:\wamp\www\wscloud\backoffice\Application\Lib\BaseManagementController.class.php 第 90 行.
NOTIC: [8] Undefined offset: -1 D:\wamp\www\wscloud\backoffice\Application\Office\Common\function.php 第 263 行.
NOTIC: [8] Trying to get property of non-object D:\wamp\www\wscloud\backoffice\Application\Lib\BaseManagementController.class.php 第 100 行.
NOTIC: [8] Trying to get property of non-object D:\wamp\www\wscloud\backoffice\Application\Lib\BaseManagementController.class.php 第 101 行.
NOTIC: [8] Trying to get property of non-object D:\wamp\www\wscloud\backoffice\Application\Lib\BaseManagementController.class.php 第 102 行.
NOTIC: [8] Trying to get property of non-object D:\wamp\www\wscloud\backoffice\Application\Lib\BaseManagementController.class.php 第 108 行.
NOTIC: [8] Trying to get property of non-object D:\wamp\www\wscloud\backoffice\Application\Lib\BaseManagementController.class.php 第 111 行.
NOTIC: [8] Trying to get property of non-object D:\wamp\www\wscloud\backoffice\Application\Office\Model\ApiModel.class.php 第 109 行.
NOTIC: [2] Illegal string offset 'value' D:\wamp\www\wscloud\backoffice\Application\Lib\BaseManagementController.class.php 第 112 行.
NOTIC: [8] Uninitialized string offset: 0 D:\wamp\www\wscloud\backoffice\Application\Lib\BaseManagementController.class.php 第 112 行.
NOTIC: [8] Trying to get property of non-object D:\wamp\www\wscloud\backoffice\Application\Office\Model\ApiModel.class.php 第 109 行.
INFO: [ view_parse ] --START--
INFO: [ template_filter ] --START--
INFO: Run Behavior\ContentReplaceBehavior [ RunTime:0.000392s ]
INFO: [ template_filter ] --END-- [ RunTime:0.000779s ]
INFO: Run Behavior\ParseTemplateBehavior [ RunTime:0.087299s ]
INFO: [ view_parse ] --END-- [ RunTime:0.087709s ]
INFO: [ view_filter ] --START--
INFO: Run Behavior\WriteHtmlCacheBehavior [ RunTime:0.006498s ]
INFO: [ view_filter ] --END-- [ RunTime:0.006890s ]
INFO: [ app_end ] --START--
INFO: Run Behavior\ShowPageTraceBehavior [ RunTime:0.012439s ]
INFO: [ app_end ] --END-- [ RunTime:0.013694s ]

