[2019-06-11 16:09:25,699] [14472] RunTime: 0.0000 s
 - INFO 
 - Home\Controller\ManagerController.delManager(D:\wamp\www\wscloud\api\Application\Home\Controller\ManagerController.class.php:265)
 - {"message":"\u66f4\u65b0\u6210\u529f","data":"{\"id\":[\"EQ\",\"9824215016\"]}","topic":""}
[2019-06-11 17:24:17,334] [14472] RunTime: 0.0000 s
 - INFO 
 - RestClient.doGet(D:\wamp\www\wscloud\api\ThinkPHP\Library\Vendor\ApiGateway\RestClient.php:49)
 - {"message":"rest client","data":"{\"request_host\":\"http:\\\/\\\/localhost:1001\",\"request_path\":\"\\\/UserBehaviorService\\\/getBehaviorList\\\/safeCompanyId\\\/null\\\/pageNo\\\/1\\\/pageSize\\\/10\\\/startTime\\\/null\\\/endTime\\\/null\\\/name\\\/null\\\/phone\\\/null\\\/code\\\/null\\\/serialNo\\\/null\\\/vehicleNo\\\/null\\\/token\\\/d704453305d0caae84678dd69a6d2daf\",\"request_method\":\"GET\",\"request_bodys\":[],\"response_code\":0,\"response_body\":null,\"response_errorMessage\":null}","topic":""}
[2019-06-11 18:01:30,306] [14472] RunTime: 0.0000 s
 - INFO 
 - RestClient.doGet(D:\wamp\www\wscloud\api\ThinkPHP\Library\Vendor\ApiGateway\RestClient.php:49)
 - {"message":"rest client","data":"{\"request_host\":\"http:\\\/\\\/localhost:1001\",\"request_path\":\"\\\/UserBehaviorService\\\/getBehaviorList\\\/safeCompanyId\\\/null\\\/pageNo\\\/1\\\/pageSize\\\/10\\\/startTime\\\/null\\\/endTime\\\/null\\\/name\\\/null\\\/phone\\\/null\\\/code\\\/null\\\/serialNo\\\/null\\\/vehicleNo\\\/null\\\/token\\\/d704453305d0caae84678dd69a6d2daf\",\"request_method\":\"GET\",\"request_bodys\":[],\"response_code\":0,\"response_body\":null,\"response_errorMessage\":null}","topic":""}
[2019-06-11 18:01:34,230] [14472] RunTime: 0.0000 s
 - INFO 
 - RestClient.doGet(D:\wamp\www\wscloud\api\ThinkPHP\Library\Vendor\ApiGateway\RestClient.php:49)
 - {"message":"rest client","data":"{\"request_host\":\"http:\\\/\\\/localhost:1001\",\"request_path\":\"\\\/UserBehaviorService\\\/getBehaviorList\\\/safeCompanyId\\\/null\\\/pageNo\\\/1\\\/pageSize\\\/10\\\/startTime\\\/null\\\/endTime\\\/null\\\/name\\\/null\\\/phone\\\/null\\\/code\\\/null\\\/serialNo\\\/null\\\/vehicleNo\\\/null\\\/token\\\/d704453305d0caae84678dd69a6d2daf\",\"request_method\":\"GET\",\"request_bodys\":[],\"response_code\":0,\"response_body\":null,\"response_errorMessage\":null}","topic":""}
[2019-06-11 18:03:03,662] [14472] RunTime: 0.0000 s
 - INFO 
 - RestClient.doGet(D:\wamp\www\wscloud\api\ThinkPHP\Library\Vendor\ApiGateway\RestClient.php:49)
 - {"message":"rest client","data":"{\"request_host\":\"http:\\\/\\\/localhost:1001\",\"request_path\":\"\\\/UserBehaviorService\\\/getBehaviorList\\\/safeCompanyId\\\/null\\\/pageNo\\\/1\\\/pageSize\\\/10\\\/startTime\\\/null\\\/endTime\\\/null\\\/name\\\/null\\\/phone\\\/null\\\/code\\\/null\\\/serialNo\\\/null\\\/vehicleNo\\\/null\\\/token\\\/d704453305d0caae84678dd69a6d2daf\",\"request_method\":\"GET\",\"request_bodys\":[],\"response_code\":0,\"response_body\":null,\"response_errorMessage\":null}","topic":""}
[2019-06-11 18:05:26,566] [14472] RunTime: 0.0000 s
 - INFO 
 - RestClient.doGet(D:\wamp\www\wscloud\api\ThinkPHP\Library\Vendor\ApiGateway\RestClient.php:49)
 - {"message":"rest client","data":"{\"request_host\":\"http:\\\/\\\/localhost:1001\",\"request_path\":\"\\\/UserBehaviorService\\\/getBehaviorList\\\/safeCompanyId\\\/null\\\/pageNo\\\/1\\\/pageSize\\\/10\\\/startTime\\\/1561046400\\\/endTime\\\/1563292800\\\/name\\\/null\\\/phone\\\/null\\\/code\\\/null\\\/serialNo\\\/null\\\/vehicleNo\\\/null\\\/token\\\/d704453305d0caae84678dd69a6d2daf\",\"request_method\":\"GET\",\"request_bodys\":[],\"response_code\":0,\"response_body\":null,\"response_errorMessage\":null}","topic":""}
[2019-06-11 18:05:49,968] [14472] RunTime: 0.0000 s
 - INFO 
 - RestClient.doGet(D:\wamp\www\wscloud\api\ThinkPHP\Library\Vendor\ApiGateway\RestClient.php:49)
 - {"message":"rest client","data":"{\"request_host\":\"http:\\\/\\\/localhost:1001\",\"request_path\":\"\\\/UserBehaviorService\\\/getBehaviorList\\\/safeCompanyId\\\/null\\\/pageNo\\\/1\\\/pageSize\\\/10\\\/startTime\\\/1561046400\\\/endTime\\\/1563292800\\\/name\\\/null\\\/phone\\\/null\\\/code\\\/null\\\/serialNo\\\/null\\\/vehicleNo\\\/null\\\/token\\\/d704453305d0caae84678dd69a6d2daf\",\"request_method\":\"GET\",\"request_bodys\":[],\"response_code\":0,\"response_body\":null,\"response_errorMessage\":null}","topic":""}
[2019-06-11 18:05:55,628] [14472] RunTime: 0.0000 s
 - INFO 
 - RestClient.doGet(D:\wamp\www\wscloud\api\ThinkPHP\Library\Vendor\ApiGateway\RestClient.php:49)
 - {"message":"rest client","data":"{\"request_host\":\"http:\\\/\\\/localhost:1001\",\"request_path\":\"\\\/UserBehaviorService\\\/getBehaviorList\\\/safeCompanyId\\\/null\\\/pageNo\\\/1\\\/pageSize\\\/10\\\/startTime\\\/1561046400\\\/endTime\\\/1563292800\\\/name\\\/null\\\/phone\\\/null\\\/code\\\/null\\\/serialNo\\\/null\\\/vehicleNo\\\/null\\\/token\\\/d704453305d0caae84678dd69a6d2daf\",\"request_method\":\"GET\",\"request_bodys\":[],\"response_code\":0,\"response_body\":null,\"response_errorMessage\":null}","topic":""}
[2019-06-11 18:06:00,845] [14472] RunTime: 0.0000 s
 - INFO 
 - RestClient.doGet(D:\wamp\www\wscloud\api\ThinkPHP\Library\Vendor\ApiGateway\RestClient.php:49)
 - {"message":"rest client","data":"{\"request_host\":\"http:\\\/\\\/localhost:1001\",\"request_path\":\"\\\/UserBehaviorService\\\/getBehaviorList\\\/safeCompanyId\\\/null\\\/pageNo\\\/1\\\/pageSize\\\/10\\\/startTime\\\/1561046400\\\/endTime\\\/1563292800\\\/name\\\/null\\\/phone\\\/null\\\/code\\\/null\\\/serialNo\\\/null\\\/vehicleNo\\\/null\\\/token\\\/d704453305d0caae84678dd69a6d2daf\",\"request_method\":\"GET\",\"request_bodys\":[],\"response_code\":0,\"response_body\":null,\"response_errorMessage\":null}","topic":""}
[2019-06-11 18:08:16,992] [14472] RunTime: 0.0000 s
 - INFO 
 - RestClient.doGet(D:\wamp\www\wscloud\api\ThinkPHP\Library\Vendor\ApiGateway\RestClient.php:49)
 - {"message":"rest client","data":"{\"request_host\":\"http:\\\/\\\/localhost:1001\",\"request_path\":\"\\\/UserBehaviorService\\\/getBehaviorList\\\/safeCompanyId\\\/null\\\/pageNo\\\/1\\\/pageSize\\\/10\\\/startTime\\\/1561046400\\\/endTime\\\/1563292800\\\/name\\\/null\\\/phone\\\/null\\\/code\\\/null\\\/serialNo\\\/null\\\/vehicleNo\\\/null\\\/token\\\/d704453305d0caae84678dd69a6d2daf\",\"request_method\":\"GET\",\"request_bodys\":[],\"response_code\":0,\"response_body\":null,\"response_errorMessage\":null}","topic":""}
[2019-06-11 18:08:29,347] [14472] RunTime: 0.0000 s
 - INFO 
 - RestClient.doGet(D:\wamp\www\wscloud\api\ThinkPHP\Library\Vendor\ApiGateway\RestClient.php:49)
 - {"message":"rest client","data":"{\"request_host\":\"http:\\\/\\\/localhost:1001\",\"request_path\":\"\\\/UserBehaviorService\\\/getBehaviorList\\\/safeCompanyId\\\/null\\\/pageNo\\\/1\\\/pageSize\\\/10\\\/startTime\\\/1561046400\\\/endTime\\\/1563292800\\\/name\\\/null\\\/phone\\\/null\\\/code\\\/null\\\/serialNo\\\/null\\\/vehicleNo\\\/null\\\/token\\\/d704453305d0caae84678dd69a6d2daf\",\"request_method\":\"GET\",\"request_bodys\":[],\"response_code\":0,\"response_body\":null,\"response_errorMessage\":null}","topic":""}
[2019-06-11 18:08:41,216] [14472] RunTime: 0.0000 s
 - INFO 
 - RestClient.doGet(D:\wamp\www\wscloud\api\ThinkPHP\Library\Vendor\ApiGateway\RestClient.php:49)
 - {"message":"rest client","data":"{\"request_host\":\"http:\\\/\\\/localhost:1001\",\"request_path\":\"\\\/UserBehaviorService\\\/getBehaviorList\\\/safeCompanyId\\\/null\\\/pageNo\\\/1\\\/pageSize\\\/10\\\/startTime\\\/1561046400\\\/endTime\\\/1563292800\\\/name\\\/null\\\/phone\\\/null\\\/code\\\/null\\\/serialNo\\\/null\\\/vehicleNo\\\/null\\\/token\\\/d704453305d0caae84678dd69a6d2daf\",\"request_method\":\"GET\",\"request_bodys\":[],\"response_code\":0,\"response_body\":null,\"response_errorMessage\":null}","topic":""}
[2019-06-11 18:08:44,094] [14472] RunTime: 0.0000 s
 - INFO 
 - RestClient.doGet(D:\wamp\www\wscloud\api\ThinkPHP\Library\Vendor\ApiGateway\RestClient.php:49)
 - {"message":"rest client","data":"{\"request_host\":\"http:\\\/\\\/localhost:1001\",\"request_path\":\"\\\/UserBehaviorService\\\/getBehaviorList\\\/safeCompanyId\\\/null\\\/pageNo\\\/1\\\/pageSize\\\/10\\\/startTime\\\/1561046400\\\/endTime\\\/1563292800\\\/name\\\/null\\\/phone\\\/null\\\/code\\\/null\\\/serialNo\\\/null\\\/vehicleNo\\\/null\\\/token\\\/d704453305d0caae84678dd69a6d2daf\",\"request_method\":\"GET\",\"request_bodys\":[],\"response_code\":0,\"response_body\":null,\"response_errorMessage\":null}","topic":""}
[2019-06-11 18:09:13,638] [14472] RunTime: 0.0000 s
 - INFO 
 - RestClient.doGet(D:\wamp\www\wscloud\api\ThinkPHP\Library\Vendor\ApiGateway\RestClient.php:49)
 - {"message":"rest client","data":"{\"request_host\":\"http:\\\/\\\/localhost:1001\",\"request_path\":\"\\\/UserBehaviorService\\\/getBehaviorList\\\/safeCompanyId\\\/null\\\/pageNo\\\/1\\\/pageSize\\\/10\\\/startTime\\\/1561046400\\\/endTime\\\/1563292800\\\/name\\\/null\\\/phone\\\/null\\\/code\\\/null\\\/serialNo\\\/null\\\/vehicleNo\\\/null\\\/token\\\/d704453305d0caae84678dd69a6d2daf\",\"request_method\":\"GET\",\"request_bodys\":[],\"response_code\":0,\"response_body\":null,\"response_errorMessage\":null}","topic":""}
[2019-06-11 18:09:35,700] [14472] RunTime: 0.0000 s
 - INFO 
 - RestClient.doGet(D:\wamp\www\wscloud\api\ThinkPHP\Library\Vendor\ApiGateway\RestClient.php:49)
 - {"message":"rest client","data":"{\"request_host\":\"http:\\\/\\\/localhost:1001\",\"request_path\":\"\\\/UserBehaviorService\\\/getBehaviorList\\\/safeCompanyId\\\/null\\\/pageNo\\\/1\\\/pageSize\\\/10\\\/startTime\\\/1561046400\\\/endTime\\\/1563292800\\\/name\\\/null\\\/phone\\\/null\\\/code\\\/null\\\/serialNo\\\/null\\\/vehicleNo\\\/null\\\/token\\\/d704453305d0caae84678dd69a6d2daf\",\"request_method\":\"GET\",\"request_bodys\":[],\"response_code\":0,\"response_body\":null,\"response_errorMessage\":null}","topic":""}
[2019-06-11 18:14:02,898] [14472] RunTime: 0.0000 s
 - INFO 
 - RestClient.doGet(D:\wamp\www\wscloud\api\ThinkPHP\Library\Vendor\ApiGateway\RestClient.php:49)
 - {"message":"rest client","data":"{\"request_host\":\"http:\\\/\\\/localhost:1001\",\"request_path\":\"\\\/UserBehaviorService\\\/getBehaviorList\\\/safeCompanyId\\\/null\\\/pageNo\\\/1\\\/pageSize\\\/10\\\/startTime\\\/null\\\/endTime\\\/null\\\/name\\\/null\\\/phone\\\/null\\\/code\\\/null\\\/serialNo\\\/null\\\/vehicleNo\\\/null\\\/token\\\/d704453305d0caae84678dd69a6d2daf\",\"request_method\":\"GET\",\"request_bodys\":[],\"response_code\":0,\"response_body\":null,\"response_errorMessage\":null}","topic":""}
[2019-06-11 18:14:07,542] [14472] RunTime: 0.0000 s
 - INFO 
 - RestClient.doGet(D:\wamp\www\wscloud\api\ThinkPHP\Library\Vendor\ApiGateway\RestClient.php:49)
 - {"message":"rest client","data":"{\"request_host\":\"http:\\\/\\\/localhost:1001\",\"request_path\":\"\\\/UserBehaviorService\\\/getBehaviorList\\\/safeCompanyId\\\/null\\\/pageNo\\\/1\\\/pageSize\\\/10\\\/startTime\\\/1560268800\\\/endTime\\\/1563120000\\\/name\\\/null\\\/phone\\\/null\\\/code\\\/null\\\/serialNo\\\/null\\\/vehicleNo\\\/null\\\/token\\\/d704453305d0caae84678dd69a6d2daf\",\"request_method\":\"GET\",\"request_bodys\":[],\"response_code\":0,\"response_body\":null,\"response_errorMessage\":null}","topic":""}
[2019-06-11 18:15:24,654] [14472] RunTime: 0.0000 s
 - INFO 
 - RestClient.doGet(D:\wamp\www\wscloud\api\ThinkPHP\Library\Vendor\ApiGateway\RestClient.php:49)
 - {"message":"rest client","data":"{\"request_host\":\"http:\\\/\\\/localhost:1001\",\"request_path\":\"\\\/UserBehaviorService\\\/getBehaviorList\\\/safeCompanyId\\\/null\\\/pageNo\\\/1\\\/pageSize\\\/10\\\/startTime\\\/1560268800\\\/endTime\\\/1563120000\\\/name\\\/null\\\/phone\\\/null\\\/code\\\/null\\\/serialNo\\\/null\\\/vehicleNo\\\/null\\\/token\\\/d704453305d0caae84678dd69a6d2daf\",\"request_method\":\"GET\",\"request_bodys\":[],\"response_code\":0,\"response_body\":null,\"response_errorMessage\":null}","topic":""}
[2019-06-11 18:24:39,875] [14472] RunTime: 0.0000 s
 - INFO 
 - RestClient.doGet(D:\wamp\www\wscloud\api\ThinkPHP\Library\Vendor\ApiGateway\RestClient.php:49)
 - {"message":"rest client","data":"{\"request_host\":\"http:\\\/\\\/localhost:1001\",\"request_path\":\"\\\/UserBehaviorService\\\/getBehaviorList\\\/safeCompanyId\\\/null\\\/pageNo\\\/1\\\/pageSize\\\/10\\\/startTime\\\/1561046400\\\/endTime\\\/1563292800\\\/name\\\/null\\\/phone\\\/null\\\/code\\\/null\\\/serialNo\\\/null\\\/vehicleNo\\\/null\\\/token\\\/d704453305d0caae84678dd69a6d2daf\",\"request_method\":\"GET\",\"request_bodys\":[],\"response_code\":0,\"response_body\":null,\"response_errorMessage\":null}","topic":""}
[2019-06-11 18:26:01,434] [14472] RunTime: 0.0000 s
 - INFO 
 - RestClient.doGet(D:\wamp\www\wscloud\api\ThinkPHP\Library\Vendor\ApiGateway\RestClient.php:49)
 - {"message":"rest client","data":"{\"request_host\":\"http:\\\/\\\/localhost:1001\",\"request_path\":\"\\\/UserBehaviorService\\\/getBehaviorList\\\/safeCompanyId\\\/null\\\/pageNo\\\/1\\\/pageSize\\\/10\\\/startTime\\\/1561046400\\\/endTime\\\/1563292800\\\/name\\\/null\\\/phone\\\/null\\\/code\\\/null\\\/serialNo\\\/null\\\/vehicleNo\\\/null\\\/token\\\/d704453305d0caae84678dd69a6d2daf\",\"request_method\":\"GET\",\"request_bodys\":[],\"response_code\":0,\"response_body\":null,\"response_errorMessage\":null}","topic":""}
[2019-06-11 18:26:06,795] [14472] RunTime: 0.0000 s
 - INFO 
 - RestClient.doGet(D:\wamp\www\wscloud\api\ThinkPHP\Library\Vendor\ApiGateway\RestClient.php:49)
 - {"message":"rest client","data":"{\"request_host\":\"http:\\\/\\\/localhost:1001\",\"request_path\":\"\\\/UserBehaviorService\\\/getBehaviorList\\\/safeCompanyId\\\/null\\\/pageNo\\\/1\\\/pageSize\\\/10\\\/startTime\\\/1561046400\\\/endTime\\\/1563292800\\\/name\\\/null\\\/phone\\\/null\\\/code\\\/null\\\/serialNo\\\/null\\\/vehicleNo\\\/null\\\/token\\\/d704453305d0caae84678dd69a6d2daf\",\"request_method\":\"GET\",\"request_bodys\":[],\"response_code\":0,\"response_body\":null,\"response_errorMessage\":null}","topic":""}
[2019-06-11 18:26:41,201] [14472] RunTime: 0.0000 s
 - INFO 
 - RestClient.doGet(D:\wamp\www\wscloud\api\ThinkPHP\Library\Vendor\ApiGateway\RestClient.php:49)
 - {"message":"rest client","data":"{\"request_host\":\"http:\\\/\\\/localhost:1001\",\"request_path\":\"\\\/UserBehaviorService\\\/getBehaviorList\\\/safeCompanyId\\\/null\\\/pageNo\\\/1\\\/pageSize\\\/10\\\/startTime\\\/1561046400\\\/endTime\\\/1563292800\\\/name\\\/null\\\/phone\\\/null\\\/code\\\/null\\\/serialNo\\\/null\\\/vehicleNo\\\/null\\\/token\\\/d704453305d0caae84678dd69a6d2daf\",\"request_method\":\"GET\",\"request_bodys\":[],\"response_code\":0,\"response_body\":null,\"response_errorMessage\":null}","topic":""}
[2019-06-11 18:29:15,910] [14472] RunTime: 0.0000 s
 - INFO 
 - RestClient.doGet(D:\wamp\www\wscloud\api\ThinkPHP\Library\Vendor\ApiGateway\RestClient.php:49)
 - {"message":"rest client","data":"{\"request_host\":\"http:\\\/\\\/localhost:1001\",\"request_path\":\"\\\/UserBehaviorService\\\/getBehaviorList\\\/safeCompanyId\\\/null\\\/pageNo\\\/1\\\/pageSize\\\/10\\\/startTime\\\/1561046400\\\/endTime\\\/1563292800\\\/name\\\/null\\\/phone\\\/null\\\/code\\\/null\\\/serialNo\\\/null\\\/vehicleNo\\\/null\\\/token\\\/d704453305d0caae84678dd69a6d2daf\",\"request_method\":\"GET\",\"request_bodys\":[],\"response_code\":0,\"response_body\":null,\"response_errorMessage\":null}","topic":""}
[2019-06-11 18:29:53,278] [14472] RunTime: 0.0000 s
 - INFO 
 - RestClient.doGet(D:\wamp\www\wscloud\api\ThinkPHP\Library\Vendor\ApiGateway\RestClient.php:49)
 - {"message":"rest client","data":"{\"request_host\":\"http:\\\/\\\/localhost:1001\",\"request_path\":\"\\\/UserBehaviorService\\\/getBehaviorList\\\/safeCompanyId\\\/null\\\/pageNo\\\/1\\\/pageSize\\\/10\\\/startTime\\\/1561046400\\\/endTime\\\/1563292800\\\/name\\\/null\\\/phone\\\/null\\\/code\\\/null\\\/serialNo\\\/null\\\/vehicleNo\\\/null\\\/token\\\/d704453305d0caae84678dd69a6d2daf\",\"request_method\":\"GET\",\"request_bodys\":[],\"response_code\":0,\"response_body\":null,\"response_errorMessage\":null}","topic":""}
[2019-06-11 18:30:03,935] [14472] RunTime: 0.0000 s
 - INFO 
 - RestClient.doGet(D:\wamp\www\wscloud\api\ThinkPHP\Library\Vendor\ApiGateway\RestClient.php:49)
 - {"message":"rest client","data":"{\"request_host\":\"http:\\\/\\\/localhost:1001\",\"request_path\":\"\\\/UserBehaviorService\\\/getBehaviorList\\\/safeCompanyId\\\/null\\\/pageNo\\\/1\\\/pageSize\\\/10\\\/startTime\\\/1561046400\\\/endTime\\\/1563292800\\\/name\\\/null\\\/phone\\\/null\\\/code\\\/null\\\/serialNo\\\/null\\\/vehicleNo\\\/null\\\/token\\\/d704453305d0caae84678dd69a6d2daf\",\"request_method\":\"GET\",\"request_bodys\":[],\"response_code\":0,\"response_body\":null,\"response_errorMessage\":null}","topic":""}
[2019-06-11 18:30:27,901] [14472] RunTime: 0.0000 s
 - INFO 
 - RestClient.doGet(D:\wamp\www\wscloud\api\ThinkPHP\Library\Vendor\ApiGateway\RestClient.php:49)
 - {"message":"rest client","data":"{\"request_host\":\"http:\\\/\\\/localhost:1001\",\"request_path\":\"\\\/UserBehaviorService\\\/getBehaviorList\\\/safeCompanyId\\\/null\\\/pageNo\\\/1\\\/pageSize\\\/10\\\/startTime\\\/1561046400\\\/endTime\\\/1563292800\\\/name\\\/null\\\/phone\\\/null\\\/code\\\/null\\\/serialNo\\\/null\\\/vehicleNo\\\/null\\\/token\\\/d704453305d0caae84678dd69a6d2daf\",\"request_method\":\"GET\",\"request_bodys\":[],\"response_code\":0,\"response_body\":null,\"response_errorMessage\":null}","topic":""}
[2019-06-11 18:30:33,087] [14472] RunTime: 0.0000 s
 - INFO 
 - RestClient.doGet(D:\wamp\www\wscloud\api\ThinkPHP\Library\Vendor\ApiGateway\RestClient.php:49)
 - {"message":"rest client","data":"{\"request_host\":\"http:\\\/\\\/localhost:1001\",\"request_path\":\"\\\/UserBehaviorService\\\/getBehaviorList\\\/safeCompanyId\\\/null\\\/pageNo\\\/1\\\/pageSize\\\/10\\\/startTime\\\/1561046400\\\/endTime\\\/1563292800\\\/name\\\/null\\\/phone\\\/null\\\/code\\\/null\\\/serialNo\\\/null\\\/vehicleNo\\\/null\\\/token\\\/d704453305d0caae84678dd69a6d2daf\",\"request_method\":\"GET\",\"request_bodys\":[],\"response_code\":0,\"response_body\":null,\"response_errorMessage\":null}","topic":""}
[2019-06-11 18:33:52,609] [14472] RunTime: 0.0000 s
 - INFO 
 - RestClient.doGet(D:\wamp\www\wscloud\api\ThinkPHP\Library\Vendor\ApiGateway\RestClient.php:49)
 - {"message":"rest client","data":"{\"request_host\":\"http:\\\/\\\/localhost:1001\",\"request_path\":\"\\\/UserBehaviorService\\\/getBehaviorList\\\/safeCompanyId\\\/null\\\/pageNo\\\/1\\\/pageSize\\\/10\\\/startTime\\\/1561046400\\\/endTime\\\/1563292800\\\/name\\\/null\\\/phone\\\/null\\\/code\\\/null\\\/serialNo\\\/null\\\/vehicleNo\\\/null\\\/token\\\/d704453305d0caae84678dd69a6d2daf\",\"request_method\":\"GET\",\"request_bodys\":[],\"response_code\":0,\"response_body\":null,\"response_errorMessage\":null}","topic":""}
[2019-06-11 18:33:58,397] [14472] RunTime: 0.0000 s
 - INFO 
 - RestClient.doGet(D:\wamp\www\wscloud\api\ThinkPHP\Library\Vendor\ApiGateway\RestClient.php:49)
 - {"message":"rest client","data":"{\"request_host\":\"http:\\\/\\\/localhost:1001\",\"request_path\":\"\\\/UserBehaviorService\\\/getBehaviorList\\\/safeCompanyId\\\/null\\\/pageNo\\\/1\\\/pageSize\\\/10\\\/startTime\\\/null\\\/endTime\\\/null\\\/name\\\/null\\\/phone\\\/null\\\/code\\\/null\\\/serialNo\\\/null\\\/vehicleNo\\\/null\\\/token\\\/d704453305d0caae84678dd69a6d2daf\",\"request_method\":\"GET\",\"request_bodys\":[],\"response_code\":0,\"response_body\":null,\"response_errorMessage\":null}","topic":""}
[2019-06-11 18:34:06,143] [14472] RunTime: 0.0000 s
 - INFO 
 - RestClient.doGet(D:\wamp\www\wscloud\api\ThinkPHP\Library\Vendor\ApiGateway\RestClient.php:49)
 - {"message":"rest client","data":"{\"request_host\":\"http:\\\/\\\/localhost:1001\",\"request_path\":\"\\\/UserBehaviorService\\\/getBehaviorList\\\/safeCompanyId\\\/null\\\/pageNo\\\/1\\\/pageSize\\\/10\\\/startTime\\\/null\\\/endTime\\\/null\\\/name\\\/null\\\/phone\\\/null\\\/code\\\/null\\\/serialNo\\\/null\\\/vehicleNo\\\/null\\\/token\\\/d704453305d0caae84678dd69a6d2daf\",\"request_method\":\"GET\",\"request_bodys\":[],\"response_code\":0,\"response_body\":null,\"response_errorMessage\":null}","topic":""}
[2019-06-11 18:34:09,257] [14472] RunTime: 0.0000 s
 - INFO 
 - RestClient.doGet(D:\wamp\www\wscloud\api\ThinkPHP\Library\Vendor\ApiGateway\RestClient.php:49)
 - {"message":"rest client","data":"{\"request_host\":\"http:\\\/\\\/localhost:1001\",\"request_path\":\"\\\/UserBehaviorService\\\/getBehaviorList\\\/safeCompanyId\\\/null\\\/pageNo\\\/1\\\/pageSize\\\/10\\\/startTime\\\/null\\\/endTime\\\/null\\\/name\\\/null\\\/phone\\\/null\\\/code\\\/null\\\/serialNo\\\/null\\\/vehicleNo\\\/null\\\/token\\\/d704453305d0caae84678dd69a6d2daf\",\"request_method\":\"GET\",\"request_bodys\":[],\"response_code\":0,\"response_body\":null,\"response_errorMessage\":null}","topic":""}
[2019-06-11 18:37:58,903] [14472] RunTime: 0.0000 s
 - INFO 
 - RestClient.doGet(D:\wamp\www\wscloud\api\ThinkPHP\Library\Vendor\ApiGateway\RestClient.php:49)
 - {"message":"rest client","data":"{\"request_host\":\"http:\\\/\\\/localhost:1001\",\"request_path\":\"\\\/UserBehaviorService\\\/getBehaviorList\\\/safeCompanyId\\\/null\\\/pageNo\\\/1\\\/pageSize\\\/10\\\/startTime\\\/null\\\/endTime\\\/null\\\/name\\\/null\\\/phone\\\/null\\\/code\\\/null\\\/serialNo\\\/null\\\/vehicleNo\\\/null\\\/token\\\/d704453305d0caae84678dd69a6d2daf\",\"request_method\":\"GET\",\"request_bodys\":[],\"response_code\":0,\"response_body\":null,\"response_errorMessage\":null}","topic":""}
[2019-06-11 18:38:03,774] [14472] RunTime: 0.0000 s
 - INFO 
 - RestClient.doGet(D:\wamp\www\wscloud\api\ThinkPHP\Library\Vendor\ApiGateway\RestClient.php:49)
 - {"message":"rest client","data":"{\"request_host\":\"http:\\\/\\\/localhost:1001\",\"request_path\":\"\\\/UserBehaviorService\\\/getBehaviorList\\\/safeCompanyId\\\/null\\\/pageNo\\\/1\\\/pageSize\\\/10\\\/startTime\\\/null\\\/endTime\\\/null\\\/name\\\/null\\\/phone\\\/null\\\/code\\\/null\\\/serialNo\\\/null\\\/vehicleNo\\\/null\\\/token\\\/d704453305d0caae84678dd69a6d2daf\",\"request_method\":\"GET\",\"request_bodys\":[],\"response_code\":0,\"response_body\":null,\"response_errorMessage\":null}","topic":""}
